======================================================================
训练基于VAE蒸馏的IK模型
======================================================================
核心特性:
  1. VAE编码目标位姿和历史关节角到潜在空间
  2. 从潜在空间解码重建关节角度
  3. 无需直接输入目标角度信息
  4. 潜在空间维度: 64

加载数据集...
加载窗口化数据集: /data0/wwb_data/ygx_data/data_ygx_pose+dof/ACCAD_CMU_merged_training_data.npz
  样本数: 3614699
  窗口大小: 10
  输入维度（机器人角度）: 7
  输出维度（人位姿+机器人角度）: 14
加载窗口化数据集: /data0/wwb_data/ygx_data/data_ygx_pose+dof/ACCAD_CMU_merged_training_data.npz
  样本数: 3614699
  窗口大小: 10
  输入维度（机器人角度）: 7
  输出维度（人位姿+机器人角度）: 14
训练集样本数: 3253229
验证集样本数: 361470
训练集数据增强: False
验证集数据增强: False（始终关闭）

创建模型: distillation_vae_ik
模型参数量: 0.13M

模型结构:
  编码器: 7+7 -> [256, 128] -> 64*2
  解码器: 64+7 -> [128, 256, 128] -> 7

加载GPU FK模型（用于计算末端位姿）...
✓ 成功加载GPU FK模型
  左臂关节 ID: [16, 17, 18, 19, 20, 21, 22]

开始训练（300 epochs）...
Epoch [0/300] | Train Loss: 0.101574 | Val Loss: 0.089249 | Train R²: 0.971125 | Val R²: 0.983436 | Recon: 0.0099 | KL: 11.897998 | FK: 0.139934 | GAP: 0.0098 | LR: 0.000999 | Time: 121.6s
======================================================================
训练基于VAE蒸馏的IK模型
======================================================================
核心特性:
  1. VAE编码目标位姿和历史关节角到潜在空间
  2. 从潜在空间解码重建关节角度
  3. 无需直接输入目标角度信息
  4. 潜在空间维度: 64

加载数据集...
加载窗口化数据集: /data0/wwb_data/ygx_data/data_ygx_pose+dof/ACCAD_CMU_merged_training_data.npz
  样本数: 3614699
  窗口大小: 10
  输入维度（机器人角度）: 7
  输出维度（人位姿+机器人角度）: 14
加载窗口化数据集: /data0/wwb_data/ygx_data/data_ygx_pose+dof/ACCAD_CMU_merged_training_data.npz
  样本数: 3614699
  窗口大小: 10
  输入维度（机器人角度）: 7
  输出维度（人位姿+机器人角度）: 14
训练集样本数: 3253229
验证集样本数: 361470
训练集数据增强: False
验证集数据增强: False（始终关闭）

创建模型: distillation_vae_ik
模型参数量: 0.13M

模型结构:
  编码器: 7+7 -> [256, 128] -> 64*2
  解码器: 64+7 -> [128, 256, 128] -> 7

加载GPU FK模型（用于计算末端位姿）...
✓ 成功加载GPU FK模型
  左臂关节 ID: [16, 17, 18, 19, 20, 21, 22]

开始训练（300 epochs）...
Epoch [0/300] | Train Loss: 0.101574 | Val Loss: 0.089249 | Train R²: 0.971125 | Val R²: 0.983436 | Recon: 0.0099 | KL: 11.897998 | FK: 0.139934 | GAP: 0.0098 | LR: 0.000999 | Time: 123.7s
  >>> 保存最优模型（验证损失：0.089249）
Epoch [1/300] | Train Loss: 0.090255 | Val Loss: 0.088918 | Train R²: 0.980732 | Val R²: 0.984282 | Recon: 0.0066 | KL: 7.449351 | FK: 0.139316 | GAP: 0.0065 | LR: 0.000998 | Time: 124.8s
  >>> 保存最优模型（验证损失：0.088918）
Epoch [2/300] | Train Loss: 0.089144 | Val Loss: 0.087141 | Train R²: 0.981513 | Val R²: 0.984013 | Recon: 0.0064 | KL: 6.869694 | FK: 0.139305 | GAP: 0.0063 | LR: 0.000995 | Time: 123.4s
  >>> 保存最优模型（验证损失：0.087141）
Epoch [3/300] | Train Loss: 0.088559 | Val Loss: 0.087026 | Train R²: 0.981930 | Val R²: 0.984675 | Recon: 0.0062 | KL: 6.569035 | FK: 0.139298 | GAP: 0.0061 | LR: 0.000992 | Time: 126.7s
  >>> 保存最优模型（验证损失：0.087026）
Epoch [4/300] | Train Loss: 0.088165 | Val Loss: 0.086738 | Train R²: 0.982234 | Val R²: 0.984660 | Recon: 0.0061 | KL: 6.385660 | FK: 0.139286 | GAP: 0.0060 | LR: 0.000987 | Time: 129.3s
  >>> 保存最优模型（验证损失：0.086738）
Epoch [5/300] | Train Loss: 0.087922 | Val Loss: 0.086710 | Train R²: 0.982418 | Val R²: 0.983844 | Recon: 0.0060 | KL: 6.267745 | FK: 0.139283 | GAP: 0.0060 | LR: 0.000982 | Time: 124.4s
  >>> 保存最优模型（验证损失：0.086710）
Epoch [6/300] | Train Loss: 0.087729 | Val Loss: 0.086283 | Train R²: 0.982570 | Val R²: 0.983791 | Recon: 0.0060 | KL: 6.179091 | FK: 0.139277 | GAP: 0.0059 | LR: 0.000976 | Time: 120.4s
  >>> 保存最优模型（验证损失：0.086283）
Epoch [7/300] | Train Loss: 0.087544 | Val Loss: 0.086133 | Train R²: 0.982725 | Val R²: 0.985013 | Recon: 0.0059 | KL: 6.104013 | FK: 0.139270 | GAP: 0.0059 | LR: 0.000968 | Time: 118.8s
  >>> 保存最优模型（验证损失：0.086133）
Epoch [8/300] | Train Loss: 0.087416 | Val Loss: 0.085963 | Train R²: 0.982826 | Val R²: 0.984859 | Recon: 0.0059 | KL: 6.045469 | FK: 0.139264 | GAP: 0.0058 | LR: 0.000960 | Time: 120.3s
  >>> 保存最优模型（验证损失：0.085963）
Epoch [9/300] | Train Loss: 0.087320 | Val Loss: 0.086002 | Train R²: 0.982893 | Val R²: 0.985091 | Recon: 0.0059 | KL: 5.995796 | FK: 0.139262 | GAP: 0.0058 | LR: 0.000951 | Time: 122.0s
Epoch [10/300] | Train Loss: 0.087252 | Val Loss: 0.085888 | Train R²: 0.982938 | Val R²: 0.984802 | Recon: 0.0059 | KL: 5.954568 | FK: 0.139266 | GAP: 0.0058 | LR: 0.000940 | Time: 119.4s
  >>> 保存最优模型（验证损失：0.085888）
Epoch [11/300] | Train Loss: 0.087149 | Val Loss: 0.085967 | Train R²: 0.983026 | Val R²: 0.984964 | Recon: 0.0058 | KL: 5.914496 | FK: 0.139261 | GAP: 0.0058 | LR: 0.000929 | Time: 122.4s
======================================================================
训练基于VAE蒸馏的IK模型
======================================================================
核心特性:
  1. VAE编码目标位姿和历史关节角到潜在空间
  2. 从潜在空间解码重建关节角度
  3. 无需直接输入目标角度信息
  4. 潜在空间维度: 64

加载数据集...
加载窗口化数据集: /data0/wwb_data/ygx_data/data_ygx_pose+dof/ACCAD_CMU_merged_training_data.npz
======================================================================
训练基于VAE蒸馏的IK模型
======================================================================
核心特性:
  1. VAE编码目标位姿和历史关节角到潜在空间
  2. 从潜在空间解码重建关节角度
  3. 无需直接输入目标角度信息
  4. 潜在空间维度: 64

加载数据集...
加载窗口化数据集: /data0/wwb_data/ygx_data/data_ygx_pose+dof/ACCAD_CMU_merged_training_data.npz
  样本数: 3614699
  窗口大小: 10
  输入维度（机器人角度）: 7
  输出维度（人位姿+机器人角度）: 14
加载窗口化数据集: /data0/wwb_data/ygx_data/data_ygx_pose+dof/ACCAD_CMU_merged_training_data.npz
  样本数: 3614699
  窗口大小: 10
  输入维度（机器人角度）: 7
  输出维度（人位姿+机器人角度）: 14
训练集样本数: 3253229
验证集样本数: 361470
训练集数据增强: False
验证集数据增强: False（始终关闭）

创建模型: distillation_vae_ik
模型参数量: 0.13M

模型结构:
  编码器: 7+7 -> [256, 128] -> 64*2
  解码器: 64+7 -> [128, 256, 128] -> 7

加载GPU FK模型（用于计算末端位姿）...
✓ 成功加载GPU FK模型
  左臂关节 ID: [16, 17, 18, 19, 20, 21, 22]

开始训练（77 epochs）...
Epoch [0/77] | Train Loss: 0.101574 | Val Loss: 0.089249 | Train R²: 0.971125 | Val R²: 0.983436 | Recon: 0.0099 | KL: 11.897998 | FK: 0.139934 | GAP: 0.0098 | LR: 0.000999 | Time: 123.6s
  >>> 保存最优模型（验证损失：0.089249）
======================================================================
训练基于VAE蒸馏的IK模型
======================================================================
核心特性:
  1. VAE编码目标位姿和历史关节角到潜在空间
  2. 从潜在空间解码重建关节角度
  3. 无需直接输入目标角度信息
  4. 潜在空间维度: 64

加载数据集...
加载窗口化数据集: /data0/wwb_data/ygx_data/data_ygx_pose+dof/ACCAD_CMU_merged_training_data.npz
  样本数: 3614699
  窗口大小: 10
  输入维度（机器人角度）: 7
  输出维度（人位姿+机器人角度）: 14
加载窗口化数据集: /data0/wwb_data/ygx_data/data_ygx_pose+dof/ACCAD_CMU_merged_training_data.npz
  样本数: 3614699
  窗口大小: 10
  输入维度（机器人角度）: 7
  输出维度（人位姿+机器人角度）: 14
训练集样本数: 3253229
验证集样本数: 361470
训练集数据增强: False
验证集数据增强: False（始终关闭）

创建模型: distillation_vae_ik
模型参数量: 0.13M

模型结构:
  编码器: 7+7 -> [256, 128] -> 64*2
  解码器: 64+7 -> [128, 256, 128] -> 7

加载GPU FK模型（用于计算末端位姿）...
✓ 成功加载GPU FK模型
  左臂关节 ID: [16, 17, 18, 19, 20, 21, 22]
加载断点...
从第1 epoch继续

开始训练（77 epochs）...
======================================================================
训练基于VAE蒸馏的IK模型
======================================================================
核心特性:
  1. VAE编码目标位姿和历史关节角到潜在空间
  2. 从潜在空间解码重建关节角度
  3. 无需直接输入目标角度信息
  4. 潜在空间维度: 64

加载数据集...
加载窗口化数据集: /data0/wwb_data/ygx_data/data_ygx_pose+dof/ACCAD_CMU_merged_training_data.npz
  样本数: 3614699
  窗口大小: 10
  输入维度（机器人角度）: 7
  输出维度（人位姿+机器人角度）: 14
加载窗口化数据集: /data0/wwb_data/ygx_data/data_ygx_pose+dof/ACCAD_CMU_merged_training_data.npz
  样本数: 3614699
  窗口大小: 10
  输入维度（机器人角度）: 7
  输出维度（人位姿+机器人角度）: 14
训练集样本数: 3253229
验证集样本数: 361470
训练集数据增强: False
验证集数据增强: False（始终关闭）

创建模型: distillation_vae_ik
模型参数量: 0.13M

模型结构:
  编码器: 7+7 -> [256, 128] -> 64*2
  解码器: 64+7 -> [128, 256, 128] -> 7

加载GPU FK模型（用于计算末端位姿）...
✓ 成功加载GPU FK模型
  左臂关节 ID: [16, 17, 18, 19, 20, 21, 22]

开始训练（77 epochs）...
Epoch [0/77] | Train Loss: 0.101574 | Val Loss: 0.089249 | Train R²: 0.971125 | Val R²: 0.983436 | Recon: 0.0099 | KL: 11.897998 | FK: 0.139934 | GAP: 0.0098 | LR: 0.000999 | Time: 123.6s
  >>> 保存最优模型（验证损失：0.089249）
Epoch [1/77] | Train Loss: 0.090255 | Val Loss: 0.088918 | Train R²: 0.980732 | Val R²: 0.984282 | Recon: 0.0066 | KL: 7.449351 | FK: 0.139316 | GAP: 0.0065 | LR: 0.000998 | Time: 120.7s
  >>> 保存最优模型（验证损失：0.088918）
Epoch [2/77] | Train Loss: 0.089144 | Val Loss: 0.087141 | Train R²: 0.981513 | Val R²: 0.984013 | Recon: 0.0064 | KL: 6.869694 | FK: 0.139305 | GAP: 0.0063 | LR: 0.000995 | Time: 105.4s
  >>> 保存最优模型（验证损失：0.087141）
Epoch [3/77] | Train Loss: 0.088559 | Val Loss: 0.087026 | Train R²: 0.981930 | Val R²: 0.984675 | Recon: 0.0062 | KL: 6.569035 | FK: 0.139298 | GAP: 0.0061 | LR: 0.000992 | Time: 110.3s
  >>> 保存最优模型（验证损失：0.087026）
Epoch [4/77] | Train Loss: 0.088165 | Val Loss: 0.086738 | Train R²: 0.982234 | Val R²: 0.984660 | Recon: 0.0061 | KL: 6.385660 | FK: 0.139286 | GAP: 0.0060 | LR: 0.000987 | Time: 112.6s
  >>> 保存最优模型（验证损失：0.086738）
Epoch [5/77] | Train Loss: 0.087922 | Val Loss: 0.086710 | Train R²: 0.982418 | Val R²: 0.983844 | Recon: 0.0060 | KL: 6.267745 | FK: 0.139283 | GAP: 0.0060 | LR: 0.000982 | Time: 121.6s
  >>> 保存最优模型（验证损失：0.086710）
======================================================================
训练基于VAE蒸馏的IK模型
======================================================================
核心特性:
  1. VAE编码目标位姿和历史关节角到潜在空间
  2. 从潜在空间解码重建关节角度
  3. 无需直接输入目标角度信息
  4. 潜在空间维度: 64

加载数据集...
加载窗口化数据集: /data0/wwb_data/ygx_data/data_ygx_pose+dof/ACCAD_CMU_merged_training_data.npz
  样本数: 3614699
  窗口大小: 10
  输入维度（机器人角度）: 7
  输出维度（人位姿+机器人角度）: 14
加载窗口化数据集: /data0/wwb_data/ygx_data/data_ygx_pose+dof/ACCAD_CMU_merged_training_data.npz
  样本数: 3614699
  窗口大小: 10
  输入维度（机器人角度）: 7
  输出维度（人位姿+机器人角度）: 14
训练集样本数: 3253229
验证集样本数: 361470
训练集数据增强: False
验证集数据增强: False（始终关闭）

创建模型: distillation_vae_ik
模型参数量: 0.13M

模型结构:
  编码器: 7+7 -> [256, 128] -> 64*2
  解码器: 64+7 -> [128, 256, 128] -> 7

加载GPU FK模型（用于计算末端位姿）...
✓ 成功加载GPU FK模型
  左臂关节 ID: [16, 17, 18, 19, 20, 21, 22]

开始训练（77 epochs）...
Epoch [0/77] | Train Loss: 0.101574 | Val Loss: 0.089249 | Train R²: 0.971125 | Val R²: 0.983436 | Recon: 0.0099 | KL: 11.897998 | FK: 0.139934 | GAP: 0.0098 | LR: 0.000999 | Time: 112.7s
  >>> 保存最优模型（验证损失：0.089249）
Epoch [1/77] | Train Loss: 0.090255 | Val Loss: 0.088918 | Train R²: 0.980732 | Val R²: 0.984282 | Recon: 0.0066 | KL: 7.449351 | FK: 0.139316 | GAP: 0.0065 | LR: 0.000998 | Time: 100.6s
  >>> 保存最优模型（验证损失：0.088918）
======================================================================
训练基于VAE蒸馏的IK模型
======================================================================
核心特性:
  1. VAE编码目标位姿和历史关节角到潜在空间
  2. 从潜在空间解码重建关节角度
  3. 无需直接输入目标角度信息
  4. 潜在空间维度: 64

加载数据集...
加载窗口化数据集: /data0/wwb_data/ygx_data/data_ygx_pose+dof/ACCAD_CMU_merged_training_data.npz
  样本数: 3614699
  窗口大小: 10
  输入维度（机器人角度）: 7
  输出维度（人位姿+机器人角度）: 14
加载窗口化数据集: /data0/wwb_data/ygx_data/data_ygx_pose+dof/ACCAD_CMU_merged_training_data.npz
======================================================================
训练基于VAE蒸馏的IK模型
======================================================================
核心特性:
  1. VAE编码目标位姿和历史关节角到潜在空间
  2. 从潜在空间解码重建关节角度
  3. 无需直接输入目标角度信息
  4. 潜在空间维度: 64

加载数据集...
加载窗口化数据集: /data0/wwb_data/ygx_data/data_ygx_pose+dof/ACCAD_CMU_merged_training_data.npz
  样本数: 3614699
  窗口大小: 10
  输入维度（机器人角度）: 7
  输出维度（人位姿+机器人角度）: 14
加载窗口化数据集: /data0/wwb_data/ygx_data/data_ygx_pose+dof/ACCAD_CMU_merged_training_data.npz
  样本数: 3614699
  窗口大小: 10
  输入维度（机器人角度）: 7
  输出维度（人位姿+机器人角度）: 14
训练集样本数: 3253229
验证集样本数: 361470
训练集数据增强: False
验证集数据增强: False（始终关闭）

创建模型: distillation_vae_ik
模型参数量: 0.13M

模型结构:
  编码器: 7+7 -> [256, 128] -> 64*2
  解码器: 64+7 -> [128, 256, 128] -> 7

加载GPU FK模型（用于计算末端位姿）...
✓ 成功加载GPU FK模型
  左臂关节 ID: [16, 17, 18, 19, 20, 21, 22]

开始训练（77 epochs）...
Epoch [0/77] | Train Loss: 0.101574 | Val Loss: 0.089249 | Train R²: 0.971125 | Val R²: 0.983436 | Recon: 0.0099 | KL: 11.897998 | FK: 0.139934 | GAP: 0.0098 | LR: 0.000999 | Time: 110.8s
  >>> 保存最优模型（验证损失：0.089249）
======================================================================
训练基于VAE蒸馏的IK模型
======================================================================
核心特性:
  1. VAE编码目标位姿和历史关节角到潜在空间
  2. 从潜在空间解码重建关节角度
  3. 无需直接输入目标角度信息
  4. 潜在空间维度: 64

加载数据集...
加载窗口化数据集: /data0/wwb_data/ygx_data/data_ygx_pose+dof/ACCAD_CMU_merged_training_data.npz
  样本数: 3614699
  窗口大小: 10
  输入维度（机器人角度）: 7
  输出维度（人位姿+机器人角度）: 14
加载窗口化数据集: /data0/wwb_data/ygx_data/data_ygx_pose+dof/ACCAD_CMU_merged_training_data.npz
  样本数: 3614699
  窗口大小: 10
  输入维度（机器人角度）: 7
  输出维度（人位姿+机器人角度）: 14
训练集样本数: 3253229
验证集样本数: 361470
训练集数据增强: False
验证集数据增强: False（始终关闭）

创建模型: distillation_vae_ik
模型参数量: 0.13M

模型结构:
  编码器: 7+7 -> [256, 128] -> 64*2
  解码器: 64+7 -> [128, 256, 128] -> 7

加载Pinocchio FK模型...
✓ Pinocchio模型加载成功
  URDF: /home/bonuli/xr_teleoperate/assets/g1/g1_body29_hand14.urdf
  关节数: 7
  腕部frame: left_wrist_yaw_link (ID: 56)

开始训练（77 epochs）...
Epoch [0/77] | Train Loss: 0.025507 | Val Loss: 0.013655 | Train R²: 0.980170 | Val R²: 0.991862 | Recon: 0.0068 | KL: 11.862556 | FK: 0.000305 | GAP: 0.0067 | LR: 0.000999 | Time: 238.2s
======================================================================
训练基于VAE蒸馏的IK模型
======================================================================
核心特性:
  1. VAE编码目标位姿和历史关节角到潜在空间
  2. 从潜在空间解码重建关节角度
  3. 无需直接输入目标角度信息
  4. 潜在空间维度: 64

加载数据集...
加载窗口化数据集: /data0/wwb_data/ygx_data/data_ygx_pose+dof/ACCAD_CMU_merged_training_data.npz
======================================================================
训练基于VAE蒸馏的IK模型
======================================================================
核心特性:
  1. VAE编码目标位姿和历史关节角到潜在空间
  2. 从潜在空间解码重建关节角度
  3. 无需直接输入目标角度信息
  4. 潜在空间维度: 64

加载数据集...
加载窗口化数据集: /data0/wwb_data/ygx_data/data_ygx_pose+dof/ACCAD_CMU_merged_training_data.npz
  样本数: 3614699
  窗口大小: 10
  输入维度（机器人角度）: 7
  输出维度（人位姿+机器人角度）: 14
加载窗口化数据集: /data0/wwb_data/ygx_data/data_ygx_pose+dof/ACCAD_CMU_merged_training_data.npz
  样本数: 3614699
  窗口大小: 10
  输入维度（机器人角度）: 7
  输出维度（人位姿+机器人角度）: 14
训练集样本数: 3253229
验证集样本数: 361470
训练集数据增强: False
验证集数据增强: False（始终关闭）

创建模型: distillation_vae_ik
模型参数量: 0.13M

模型结构:
  编码器: 7+7 -> [256, 128] -> 64*2
  解码器: 64+7 -> [128, 256, 128] -> 7

加载Pinocchio FK模型...
✓ Pinocchio模型加载成功
  URDF: /home/bonuli/xr_teleoperate/assets/g1/g1_body29_hand14.urdf
  关节数: 7
  腕部frame: left_wrist_yaw_link (ID: 56)

开始训练（77 epochs）...
Epoch [0/77] | Train Loss: 0.028085 | Val Loss: 0.014746 | Train R²: 0.978089 | Val R²: 0.990927 | Recon: 0.0075 | KL: 13.008098 | FK: 0.000328 | GAP: 0.0074 | LR: 0.000999 | Time: 210.6s
  >>> 保存最优模型（验证损失：0.014746）
Epoch [1/77] | Train Loss: 0.014157 | Val Loss: 0.012527 | Train R²: 0.990646 | Val R²: 0.992328 | Recon: 0.0032 | KL: 7.753793 | FK: 0.000158 | GAP: 0.0031 | LR: 0.000998 | Time: 213.1s
  >>> 保存最优模型（验证损失：0.012527）
Epoch [2/77] | Train Loss: 0.012922 | Val Loss: 0.011692 | Train R²: 0.991366 | Val R²: 0.992828 | Recon: 0.0030 | KL: 7.003324 | FK: 0.000150 | GAP: 0.0029 | LR: 0.000995 | Time: 204.6s
  >>> 保存最优模型（验证损失：0.011692）
Epoch [3/77] | Train Loss: 0.012293 | Val Loss: 0.011076 | Train R²: 0.991769 | Val R²: 0.993382 | Recon: 0.0028 | KL: 6.646289 | FK: 0.000144 | GAP: 0.0027 | LR: 0.000992 | Time: 201.2s
  >>> 保存最优模型（验证损失：0.011076）
Epoch [4/77] | Train Loss: 0.011906 | Val Loss: 0.010841 | Train R²: 0.992037 | Val R²: 0.993421 | Recon: 0.0027 | KL: 6.439999 | FK: 0.000140 | GAP: 0.0027 | LR: 0.000987 | Time: 179.4s
  >>> 保存最优模型（验证损失：0.010841）
Epoch [5/77] | Train Loss: 0.011632 | Val Loss: 0.010649 | Train R²: 0.992235 | Val R²: 0.993538 | Recon: 0.0027 | KL: 6.301202 | FK: 0.000137 | GAP: 0.0026 | LR: 0.000982 | Time: 179.8s
  >>> 保存最优模型（验证损失：0.010649）
Epoch [6/77] | Train Loss: 0.011423 | Val Loss: 0.010298 | Train R²: 0.992394 | Val R²: 0.993834 | Recon: 0.0026 | KL: 6.198401 | FK: 0.000135 | GAP: 0.0025 | LR: 0.000976 | Time: 179.3s
  >>> 保存最优模型（验证损失：0.010298）
Epoch [7/77] | Train Loss: 0.011227 | Val Loss: 0.010055 | Train R²: 0.992558 | Val R²: 0.994218 | Recon: 0.0026 | KL: 6.114055 | FK: 0.000133 | GAP: 0.0025 | LR: 0.000968 | Time: 166.8s
  >>> 保存最优模型（验证损失：0.010055）
Epoch [8/77] | Train Loss: 0.011101 | Val Loss: 0.010098 | Train R²: 0.992647 | Val R²: 0.994055 | Recon: 0.0025 | KL: 6.048746 | FK: 0.000131 | GAP: 0.0025 | LR: 0.000960 | Time: 159.6s
Epoch [9/77] | Train Loss: 0.010967 | Val Loss: 0.010158 | Train R²: 0.992760 | Val R²: 0.993822 | Recon: 0.0025 | KL: 5.991386 | FK: 0.000130 | GAP: 0.0024 | LR: 0.000951 | Time: 172.1s
Epoch [10/77] | Train Loss: 0.010894 | Val Loss: 0.010000 | Train R²: 0.992804 | Val R²: 0.994009 | Recon: 0.0025 | KL: 5.947549 | FK: 0.000129 | GAP: 0.0024 | LR: 0.000940 | Time: 144.1s
  >>> 保存最优模型（验证损失：0.010000）
Epoch [11/77] | Train Loss: 0.010786 | Val Loss: 0.009842 | Train R²: 0.992906 | Val R²: 0.994220 | Recon: 0.0024 | KL: 5.909609 | FK: 0.000128 | GAP: 0.0024 | LR: 0.000929 | Time: 156.7s
  >>> 保存最优模型（验证损失：0.009842）
Epoch [12/77] | Train Loss: 0.010708 | Val Loss: 0.009608 | Train R²: 0.992968 | Val R²: 0.994443 | Recon: 0.0024 | KL: 5.873003 | FK: 0.000127 | GAP: 0.0024 | LR: 0.000917 | Time: 172.7s
  >>> 保存最优模型（验证损失：0.009608）
Epoch [13/77] | Train Loss: 0.010651 | Val Loss: 0.009716 | Train R²: 0.993004 | Val R²: 0.994399 | Recon: 0.0024 | KL: 5.839880 | FK: 0.000127 | GAP: 0.0023 | LR: 0.000905 | Time: 167.5s
Epoch [14/77] | Train Loss: 0.010567 | Val Loss: 0.009550 | Train R²: 0.993085 | Val R²: 0.994479 | Recon: 0.0024 | KL: 5.811257 | FK: 0.000126 | GAP: 0.0023 | LR: 0.000891 | Time: 142.6s
  >>> 保存最优模型（验证损失：0.009550）
Epoch [15/77] | Train Loss: 0.010523 | Val Loss: 0.009652 | Train R²: 0.993120 | Val R²: 0.994315 | Recon: 0.0024 | KL: 5.790517 | FK: 0.000125 | GAP: 0.0023 | LR: 0.000877 | Time: 158.7s
Epoch [16/77] | Train Loss: 0.010479 | Val Loss: 0.009651 | Train R²: 0.993147 | Val R²: 0.994279 | Recon: 0.0024 | KL: 5.764994 | FK: 0.000125 | GAP: 0.0023 | LR: 0.000862 | Time: 165.9s
Epoch [17/77] | Train Loss: 0.010417 | Val Loss: 0.009563 | Train R²: 0.993209 | Val R²: 0.994420 | Recon: 0.0023 | KL: 5.744718 | FK: 0.000124 | GAP: 0.0023 | LR: 0.000846 | Time: 162.5s
Epoch [18/77] | Train Loss: 0.010385 | Val Loss: 0.009445 | Train R²: 0.993225 | Val R²: 0.994523 | Recon: 0.0023 | KL: 5.724018 | FK: 0.000124 | GAP: 0.0023 | LR: 0.000829 | Time: 176.0s
  >>> 保存最优模型（验证损失：0.009445）
Epoch [19/77] | Train Loss: 0.010339 | Val Loss: 0.009414 | Train R²: 0.993267 | Val R²: 0.994495 | Recon: 0.0023 | KL: 5.706006 | FK: 0.000123 | GAP: 0.0023 | LR: 0.000812 | Time: 162.5s
  >>> 保存最优模型（验证损失：0.009414）
Epoch [20/77] | Train Loss: 0.010330 | Val Loss: 0.009391 | Train R²: 0.993257 | Val R²: 0.994548 | Recon: 0.0023 | KL: 5.689996 | FK: 0.000123 | GAP: 0.0023 | LR: 0.000794 | Time: 157.3s
  >>> 保存最优模型（验证损失：0.009391）
Epoch [21/77] | Train Loss: 0.010276 | Val Loss: 0.009412 | Train R²: 0.993311 | Val R²: 0.994456 | Recon: 0.0023 | KL: 5.672377 | FK: 0.000122 | GAP: 0.0022 | LR: 0.000776 | Time: 166.3s
Epoch [22/77] | Train Loss: 0.010225 | Val Loss: 0.009363 | Train R²: 0.993365 | Val R²: 0.994591 | Recon: 0.0023 | KL: 5.659093 | FK: 0.000122 | GAP: 0.0022 | LR: 0.000757 | Time: 166.4s
  >>> 保存最优模型（验证损失：0.009363）
Epoch [23/77] | Train Loss: 0.010213 | Val Loss: 0.009219 | Train R²: 0.993365 | Val R²: 0.994729 | Recon: 0.0023 | KL: 5.645543 | FK: 0.000122 | GAP: 0.0022 | LR: 0.000737 | Time: 167.6s
  >>> 保存最优模型（验证损失：0.009219）
Epoch [24/77] | Train Loss: 0.010179 | Val Loss: 0.009232 | Train R²: 0.993391 | Val R²: 0.994741 | Recon: 0.0023 | KL: 5.629709 | FK: 0.000121 | GAP: 0.0022 | LR: 0.000717 | Time: 165.5s
Epoch [25/77] | Train Loss: 0.010143 | Val Loss: 0.009327 | Train R²: 0.993428 | Val R²: 0.994600 | Recon: 0.0023 | KL: 5.619926 | FK: 0.000121 | GAP: 0.0022 | LR: 0.000697 | Time: 183.5s
Epoch [26/77] | Train Loss: 0.010110 | Val Loss: 0.009204 | Train R²: 0.993456 | Val R²: 0.994722 | Recon: 0.0022 | KL: 5.605225 | FK: 0.000120 | GAP: 0.0022 | LR: 0.000676 | Time: 171.8s
  >>> 保存最优模型（验证损失：0.009204）
Epoch [27/77] | Train Loss: 0.010094 | Val Loss: 0.009216 | Train R²: 0.993467 | Val R²: 0.994732 | Recon: 0.0022 | KL: 5.595304 | FK: 0.000121 | GAP: 0.0022 | LR: 0.000655 | Time: 174.7s
Epoch [28/77] | Train Loss: 0.010070 | Val Loss: 0.009130 | Train R²: 0.993484 | Val R²: 0.994771 | Recon: 0.0022 | KL: 5.583917 | FK: 0.000120 | GAP: 0.0022 | LR: 0.000633 | Time: 164.8s
  >>> 保存最优模型（验证损失：0.009130）
Epoch [29/77] | Train Loss: 0.010049 | Val Loss: 0.009112 | Train R²: 0.993501 | Val R²: 0.994797 | Recon: 0.0022 | KL: 5.574656 | FK: 0.000120 | GAP: 0.0022 | LR: 0.000612 | Time: 176.2s
  >>> 保存最优模型（验证损失：0.009112）
Epoch [30/77] | Train Loss: 0.010013 | Val Loss: 0.009078 | Train R²: 0.993544 | Val R²: 0.994886 | Recon: 0.0022 | KL: 5.567481 | FK: 0.000119 | GAP: 0.0022 | LR: 0.000590 | Time: 164.2s
  >>> 保存最优模型（验证损失：0.009078）
Epoch [31/77] | Train Loss: 0.009994 | Val Loss: 0.009156 | Train R²: 0.993555 | Val R²: 0.994729 | Recon: 0.0022 | KL: 5.555114 | FK: 0.000119 | GAP: 0.0022 | LR: 0.000568 | Time: 177.8s
Epoch [32/77] | Train Loss: 0.009960 | Val Loss: 0.009135 | Train R²: 0.993590 | Val R²: 0.994737 | Recon: 0.0022 | KL: 5.546181 | FK: 0.000118 | GAP: 0.0022 | LR: 0.000545 | Time: 182.1s
Epoch [33/77] | Train Loss: 0.009943 | Val Loss: 0.009070 | Train R²: 0.993604 | Val R²: 0.994795 | Recon: 0.0022 | KL: 5.539126 | FK: 0.000118 | GAP: 0.0021 | LR: 0.000523 | Time: 176.5s
  >>> 保存最优模型（验证损失：0.009070）
Epoch [34/77] | Train Loss: 0.009927 | Val Loss: 0.009031 | Train R²: 0.993615 | Val R²: 0.994900 | Recon: 0.0022 | KL: 5.530677 | FK: 0.000118 | GAP: 0.0021 | LR: 0.000501 | Time: 139.6s
  >>> 保存最优模型（验证损失：0.009031）
Epoch [35/77] | Train Loss: 0.009912 | Val Loss: 0.009012 | Train R²: 0.993632 | Val R²: 0.994922 | Recon: 0.0022 | KL: 5.526878 | FK: 0.000118 | GAP: 0.0021 | LR: 0.000478 | Time: 152.9s
  >>> 保存最优模型（验证损失：0.009012）
Epoch [36/77] | Train Loss: 0.009900 | Val Loss: 0.009010 | Train R²: 0.993637 | Val R²: 0.994789 | Recon: 0.0022 | KL: 5.516291 | FK: 0.000118 | GAP: 0.0021 | LR: 0.000456 | Time: 179.2s
  >>> 保存最优模型（验证损失：0.009010）
Epoch [37/77] | Train Loss: 0.009874 | Val Loss: 0.009004 | Train R²: 0.993660 | Val R²: 0.994865 | Recon: 0.0022 | KL: 5.507954 | FK: 0.000118 | GAP: 0.0021 | LR: 0.000433 | Time: 174.1s
  >>> 保存最优模型（验证损失：0.009004）
Epoch [38/77] | Train Loss: 0.009833 | Val Loss: 0.009059 | Train R²: 0.993713 | Val R²: 0.994781 | Recon: 0.0022 | KL: 5.503004 | FK: 0.000117 | GAP: 0.0021 | LR: 0.000411 | Time: 167.7s
Epoch [39/77] | Train Loss: 0.009815 | Val Loss: 0.008935 | Train R²: 0.993729 | Val R²: 0.994963 | Recon: 0.0022 | KL: 5.496350 | FK: 0.000117 | GAP: 0.0021 | LR: 0.000389 | Time: 168.5s
  >>> 保存最优模型（验证损失：0.008935）
Epoch [40/77] | Train Loss: 0.009811 | Val Loss: 0.009022 | Train R²: 0.993725 | Val R²: 0.994861 | Recon: 0.0022 | KL: 5.488241 | FK: 0.000117 | GAP: 0.0021 | LR: 0.000368 | Time: 174.9s
Epoch [41/77] | Train Loss: 0.009791 | Val Loss: 0.008943 | Train R²: 0.993744 | Val R²: 0.994954 | Recon: 0.0021 | KL: 5.482452 | FK: 0.000117 | GAP: 0.0021 | LR: 0.000346 | Time: 174.3s
Epoch [42/77] | Train Loss: 0.009774 | Val Loss: 0.008996 | Train R²: 0.993758 | Val R²: 0.994872 | Recon: 0.0021 | KL: 5.473849 | FK: 0.000116 | GAP: 0.0021 | LR: 0.000325 | Time: 156.8s
Epoch [43/77] | Train Loss: 0.009759 | Val Loss: 0.008857 | Train R²: 0.993776 | Val R²: 0.995057 | Recon: 0.0021 | KL: 5.471677 | FK: 0.000116 | GAP: 0.0021 | LR: 0.000304 | Time: 173.0s
  >>> 保存最优模型（验证损失：0.008857）
Epoch [44/77] | Train Loss: 0.009727 | Val Loss: 0.008944 | Train R²: 0.993815 | Val R²: 0.994920 | Recon: 0.0021 | KL: 5.466646 | FK: 0.000116 | GAP: 0.0021 | LR: 0.000284 | Time: 180.5s
Epoch [45/77] | Train Loss: 0.009736 | Val Loss: 0.008889 | Train R²: 0.993798 | Val R²: 0.994959 | Recon: 0.0021 | KL: 5.463291 | FK: 0.000116 | GAP: 0.0021 | LR: 0.000264 | Time: 178.1s
Epoch [46/77] | Train Loss: 0.009697 | Val Loss: 0.008854 | Train R²: 0.993842 | Val R²: 0.995031 | Recon: 0.0021 | KL: 5.454377 | FK: 0.000115 | GAP: 0.0021 | LR: 0.000244 | Time: 182.3s
  >>> 保存最优模型（验证损失：0.008854）
Epoch [47/77] | Train Loss: 0.009690 | Val Loss: 0.008855 | Train R²: 0.993846 | Val R²: 0.994972 | Recon: 0.0021 | KL: 5.450148 | FK: 0.000115 | GAP: 0.0021 | LR: 0.000225 | Time: 172.7s
Epoch [48/77] | Train Loss: 0.009669 | Val Loss: 0.008873 | Train R²: 0.993871 | Val R²: 0.994971 | Recon: 0.0021 | KL: 5.446501 | FK: 0.000115 | GAP: 0.0021 | LR: 0.000207 | Time: 174.8s
Epoch [49/77] | Train Loss: 0.009671 | Val Loss: 0.008809 | Train R²: 0.993863 | Val R²: 0.995054 | Recon: 0.0021 | KL: 5.441983 | FK: 0.000115 | GAP: 0.0021 | LR: 0.000189 | Time: 170.9s
  >>> 保存最优模型（验证损失：0.008809）
Epoch [50/77] | Train Loss: 0.009657 | Val Loss: 0.008839 | Train R²: 0.993876 | Val R²: 0.995040 | Recon: 0.0021 | KL: 5.438338 | FK: 0.000115 | GAP: 0.0021 | LR: 0.000172 | Time: 188.1s
Epoch [51/77] | Train Loss: 0.009624 | Val Loss: 0.008844 | Train R²: 0.993919 | Val R²: 0.995014 | Recon: 0.0021 | KL: 5.434373 | FK: 0.000114 | GAP: 0.0020 | LR: 0.000155 | Time: 162.6s
Epoch [52/77] | Train Loss: 0.009622 | Val Loss: 0.008811 | Train R²: 0.993919 | Val R²: 0.994983 | Recon: 0.0021 | KL: 5.432194 | FK: 0.000114 | GAP: 0.0020 | LR: 0.000139 | Time: 196.3s
Epoch [53/77] | Train Loss: 0.009609 | Val Loss: 0.008795 | Train R²: 0.993932 | Val R²: 0.995033 | Recon: 0.0021 | KL: 5.428043 | FK: 0.000114 | GAP: 0.0020 | LR: 0.000124 | Time: 178.8s
  >>> 保存最优模型（验证损失：0.008795）
Epoch [54/77] | Train Loss: 0.009603 | Val Loss: 0.008775 | Train R²: 0.993934 | Val R²: 0.995071 | Recon: 0.0021 | KL: 5.424601 | FK: 0.000114 | GAP: 0.0020 | LR: 0.000110 | Time: 221.0s
  >>> 保存最优模型（验证损失：0.008775）
Epoch [55/77] | Train Loss: 0.009588 | Val Loss: 0.008781 | Train R²: 0.993955 | Val R²: 0.995079 | Recon: 0.0021 | KL: 5.424044 | FK: 0.000114 | GAP: 0.0020 | LR: 0.000096 | Time: 212.7s
Epoch [56/77] | Train Loss: 0.009571 | Val Loss: 0.008756 | Train R²: 0.993977 | Val R²: 0.995080 | Recon: 0.0021 | KL: 5.420943 | FK: 0.000113 | GAP: 0.0020 | LR: 0.000084 | Time: 187.2s
  >>> 保存最优模型（验证损失：0.008756）
Epoch [57/77] | Train Loss: 0.009566 | Val Loss: 0.008709 | Train R²: 0.993979 | Val R²: 0.995155 | Recon: 0.0021 | KL: 5.418411 | FK: 0.000113 | GAP: 0.0020 | LR: 0.000072 | Time: 167.7s
  >>> 保存最优模型（验证损失：0.008709）
Epoch [58/77] | Train Loss: 0.009556 | Val Loss: 0.008759 | Train R²: 0.993997 | Val R²: 0.995120 | Recon: 0.0021 | KL: 5.419551 | FK: 0.000113 | GAP: 0.0020 | LR: 0.000061 | Time: 165.6s
Epoch [59/77] | Train Loss: 0.009558 | Val Loss: 0.008736 | Train R²: 0.993989 | Val R²: 0.995121 | Recon: 0.0021 | KL: 5.416331 | FK: 0.000113 | GAP: 0.0020 | LR: 0.000050 | Time: 162.5s
Epoch [60/77] | Train Loss: 0.009549 | Val Loss: 0.008737 | Train R²: 0.993995 | Val R²: 0.995079 | Recon: 0.0021 | KL: 5.411925 | FK: 0.000113 | GAP: 0.0020 | LR: 0.000041 | Time: 155.4s
Epoch [61/77] | Train Loss: 0.009518 | Val Loss: 0.008709 | Train R²: 0.994037 | Val R²: 0.995119 | Recon: 0.0020 | KL: 5.409639 | FK: 0.000112 | GAP: 0.0020 | LR: 0.000033 | Time: 165.4s
  >>> 保存最优模型（验证损失：0.008709）
Epoch [62/77] | Train Loss: 0.009527 | Val Loss: 0.008745 | Train R²: 0.994028 | Val R²: 0.995109 | Recon: 0.0021 | KL: 5.411771 | FK: 0.000113 | GAP: 0.0020 | LR: 0.000025 | Time: 177.1s
Epoch [63/77] | Train Loss: 0.009520 | Val Loss: 0.008700 | Train R²: 0.994036 | Val R²: 0.995177 | Recon: 0.0020 | KL: 5.410357 | FK: 0.000112 | GAP: 0.0020 | LR: 0.000019 | Time: 165.8s
  >>> 保存最优模型（验证损失：0.008700）
Epoch [64/77] | Train Loss: 0.009523 | Val Loss: 0.008720 | Train R²: 0.994033 | Val R²: 0.995165 | Recon: 0.0021 | KL: 5.410449 | FK: 0.000112 | GAP: 0.0020 | LR: 0.000014 | Time: 174.1s
Epoch [65/77] | Train Loss: 0.009515 | Val Loss: 0.008694 | Train R²: 0.994043 | Val R²: 0.995167 | Recon: 0.0020 | KL: 5.409991 | FK: 0.000112 | GAP: 0.0020 | LR: 0.000009 | Time: 161.0s
  >>> 保存最优模型（验证损失：0.008694）
Epoch [66/77] | Train Loss: 0.009505 | Val Loss: 0.008732 | Train R²: 0.994057 | Val R²: 0.995148 | Recon: 0.0020 | KL: 5.409057 | FK: 0.000112 | GAP: 0.0020 | LR: 0.000006 | Time: 178.0s
Epoch [67/77] | Train Loss: 0.009526 | Val Loss: 0.008731 | Train R²: 0.994020 | Val R²: 0.995123 | Recon: 0.0021 | KL: 5.404932 | FK: 0.000113 | GAP: 0.0020 | LR: 0.000003 | Time: 166.5s
Epoch [68/77] | Train Loss: 0.009519 | Val Loss: 0.008819 | Train R²: 0.994032 | Val R²: 0.994964 | Recon: 0.0021 | KL: 5.406421 | FK: 0.000112 | GAP: 0.0020 | LR: 0.000002 | Time: 166.4s
Epoch [69/77] | Train Loss: 0.009509 | Val Loss: 0.008713 | Train R²: 0.994047 | Val R²: 0.995182 | Recon: 0.0020 | KL: 5.406729 | FK: 0.000112 | GAP: 0.0020 | LR: 0.001000 | Time: 169.2s
Epoch [70/77] | Train Loss: 0.010075 | Val Loss: 0.009181 | Train R²: 0.993339 | Val R²: 0.994559 | Recon: 0.0023 | KL: 5.484365 | FK: 0.000123 | GAP: 0.0022 | LR: 0.001000 | Time: 182.7s
Epoch [71/77] | Train Loss: 0.010058 | Val Loss: 0.009395 | Train R²: 0.993367 | Val R²: 0.994373 | Recon: 0.0023 | KL: 5.487167 | FK: 0.000122 | GAP: 0.0022 | LR: 0.000999 | Time: 168.9s
Epoch [72/77] | Train Loss: 0.010048 | Val Loss: 0.009205 | Train R²: 0.993381 | Val R²: 0.994645 | Recon: 0.0023 | KL: 5.486466 | FK: 0.000122 | GAP: 0.0022 | LR: 0.000999 | Time: 166.7s
Epoch [73/77] | Train Loss: 0.010037 | Val Loss: 0.009111 | Train R²: 0.993392 | Val R²: 0.994688 | Recon: 0.0023 | KL: 5.484511 | FK: 0.000122 | GAP: 0.0022 | LR: 0.000998 | Time: 175.5s
Epoch [74/77] | Train Loss: 0.010020 | Val Loss: 0.009203 | Train R²: 0.993404 | Val R²: 0.994475 | Recon: 0.0023 | KL: 5.475941 | FK: 0.000121 | GAP: 0.0022 | LR: 0.000997 | Time: 171.4s
Epoch [75/77] | Train Loss: 0.010001 | Val Loss: 0.009169 | Train R²: 0.993432 | Val R²: 0.994554 | Recon: 0.0023 | KL: 5.475713 | FK: 0.000121 | GAP: 0.0022 | LR: 0.000995 | Time: 158.8s
Epoch [76/77] | Train Loss: 0.010003 | Val Loss: 0.009252 | Train R²: 0.993424 | Val R²: 0.994589 | Recon: 0.0023 | KL: 5.472206 | FK: 0.000121 | GAP: 0.0022 | LR: 0.000994 | Time: 153.2s

训练完成！
最优验证损失: 0.008694
