======================================================================
训练显式耦合IK模型
======================================================================
核心特点:
  1. 纯位姿输入，无需历史
  2. 显式耦合图建模关节关系
  3. 可解释的耦合强度

加载数据集...
加载窗口化数据集: /data0/wwb_data/ygx_data/data_ygx_pose+dof/ACCAD_CMU_merged_training_data.npz
  样本数: 3614699
  窗口大小: 10
  输入维度（机器人角度）: 7
  输出维度（人位姿+机器人角度）: 14
加载窗口化数据集: /data0/wwb_data/ygx_data/data_ygx_pose+dof/ACCAD_CMU_merged_training_data.npz
  样本数: 3614699
  窗口大小: 10
  输入维度（机器人角度）: 7
  输出维度（人位姿+机器人角度）: 14
训练集样本数: 3253229
验证集样本数: 361470
训练集数据增强: False
验证集数据增强: False（始终关闭）

创建模型: explicit_coupling_ik
模型参数量: 1.47M

加载GPU FK模型...

开始训练（200 epochs）...
----------------------------------------------------------------------
======================================================================
训练显式耦合IK模型
======================================================================
核心特点:
  1. 纯位姿输入，无需历史
  2. 显式耦合图建模关节关系
  3. 可解释的耦合强度

加载数据集...
加载窗口化数据集: /data0/wwb_data/ygx_data/data_ygx_pose+dof/ACCAD_CMU_merged_training_data.npz
  样本数: 3614699
  窗口大小: 10
  输入维度（机器人角度）: 7
  输出维度（人位姿+机器人角度）: 14
加载窗口化数据集: /data0/wwb_data/ygx_data/data_ygx_pose+dof/ACCAD_CMU_merged_training_data.npz
  样本数: 3614699
  窗口大小: 10
  输入维度（机器人角度）: 7
  输出维度（人位姿+机器人角度）: 14
训练集样本数: 3253229
验证集样本数: 361470
训练集数据增强: False
验证集数据增强: False（始终关闭）

创建模型: explicit_coupling_ik
模型参数量: 1.47M

加载GPU FK模型...

开始训练（200 epochs）...
----------------------------------------------------------------------
======================================================================
训练显式耦合IK模型
======================================================================
核心特点:
  1. 纯位姿输入，无需历史
  2. 显式耦合图建模关节关系
  3. 可解释的耦合强度

加载数据集...
加载窗口化数据集: /data0/wwb_data/ygx_data/data_ygx_pose+dof/ACCAD_CMU_merged_training_data.npz
  样本数: 3614699
  窗口大小: 10
  输入维度（机器人角度）: 7
  输出维度（人位姿+机器人角度）: 14
加载窗口化数据集: /data0/wwb_data/ygx_data/data_ygx_pose+dof/ACCAD_CMU_merged_training_data.npz
  样本数: 3614699
  窗口大小: 10
  输入维度（机器人角度）: 7
  输出维度（人位姿+机器人角度）: 14
训练集样本数: 3253229
验证集样本数: 361470
训练集数据增强: False
验证集数据增强: False（始终关闭）

创建模型: explicit_coupling_ik
模型参数量: 1.47M

加载GPU FK模型...

开始训练（200 epochs）...
----------------------------------------------------------------------
Epoch [0/200] | Val Loss: 0.131227 | IK: 0.073011 | FK: 0.116432 | Coupling: elbow_shoulder: 0.437 | forearm_elbow: 0.538 | wrist_forearm: 0.574 | LR: 0.000999
  >>> 保存最优模型（验证损失：0.131227）
======================================================================
训练显式耦合IK模型
======================================================================
核心特点:
  1. 纯位姿输入，无需历史
  2. 显式耦合图建模关节关系
  3. 可解释的耦合强度

加载数据集...
加载窗口化数据集: /data0/wwb_data/ygx_data/data_ygx_pose+dof/ACCAD_CMU_merged_training_data.npz
  样本数: 3614699
  窗口大小: 10
  输入维度（机器人角度）: 7
  输出维度（人位姿+机器人角度）: 14
加载窗口化数据集: /data0/wwb_data/ygx_data/data_ygx_pose+dof/ACCAD_CMU_merged_training_data.npz
  样本数: 3614699
  窗口大小: 10
  输入维度（机器人角度）: 7
  输出维度（人位姿+机器人角度）: 14
训练集样本数: 3253229
验证集样本数: 361470
训练集数据增强: False
验证集数据增强: False（始终关闭）

创建模型: explicit_coupling_ik
模型参数量: 1.47M

加载GPU FK模型...

开始训练（200 epochs）...
----------------------------------------------------------------------
