======================================================================
训练显式耦合IK模型 (GPU优化版)
======================================================================
优化策略:
  1. 混合精度(AMP): True
  2. Batch Size: 2048 x 2 = 4096
  3. torch.compile: True
  4. DataLoader workers: 8
  5. GPU: NVIDIA H20-3e
  6. GPU Memory: 139.7 GB
  ✓ PyTorch支持torch.compile

加载数据集...
加载窗口化数据集: /data0/wwb_data/ygx_data/data_ygx_pose+dof/ACCAD_CMU_merged_training_data.npz
  样本数: 3614699
  窗口大小: 10
  输入维度（机器人角度）: 7
  输出维度（人位姿+机器人角度）: 14
加载窗口化数据集: /data0/wwb_data/ygx_data/data_ygx_pose+dof/ACCAD_CMU_merged_training_data.npz
  样本数: 3614699
  窗口大小: 10
  输入维度（机器人角度）: 7
  输出维度（人位姿+机器人角度）: 14
训练集样本数: 3253229
验证集样本数: 361470
训练集数据增强: False
验证集数据增强: False（始终关闭）

创建模型: explicit_coupling_ik_optimized
应用torch.compile优化...
✓ torch.compile应用成功
模型参数量: 1.47M

加载GPU FK模型...

开始训练（200 epochs）...
----------------------------------------------------------------------
======================================================================
训练显式耦合IK模型 (GPU优化版)
======================================================================
优化策略:
  1. 混合精度(AMP): True
  2. Batch Size: 2048 x 2 = 4096
  3. torch.compile: True
  4. DataLoader workers: 8
  5. GPU: NVIDIA H20-3e
  6. GPU Memory: 139.7 GB
  ✓ PyTorch支持torch.compile

加载数据集...
加载窗口化数据集: /data0/wwb_data/ygx_data/data_ygx_pose+dof/ACCAD_CMU_merged_training_data.npz
  样本数: 3614699
  窗口大小: 10
  输入维度（机器人角度）: 7
  输出维度（人位姿+机器人角度）: 14
加载窗口化数据集: /data0/wwb_data/ygx_data/data_ygx_pose+dof/ACCAD_CMU_merged_training_data.npz
  样本数: 3614699
  窗口大小: 10
  输入维度（机器人角度）: 7
  输出维度（人位姿+机器人角度）: 14
训练集样本数: 3253229
验证集样本数: 361470
训练集数据增强: False
验证集数据增强: False（始终关闭）

创建模型: explicit_coupling_ik_optimized
应用torch.compile优化...
✓ torch.compile应用成功
模型参数量: 1.47M

加载GPU FK模型...

开始训练（200 epochs）...
----------------------------------------------------------------------
======================================================================
训练显式耦合IK模型 (GPU优化版)
======================================================================
优化策略:
  1. 混合精度(AMP): True
  2. Batch Size: 2048 x 2 = 4096
  3. torch.compile: True
  4. DataLoader workers: 8
  5. GPU: NVIDIA H20-3e
  6. GPU Memory: 139.7 GB
  ✓ PyTorch支持torch.compile

加载数据集...
加载窗口化数据集: /data0/wwb_data/ygx_data/data_ygx_pose+dof/ACCAD_CMU_merged_training_data.npz
  样本数: 3614699
  窗口大小: 10
  输入维度（机器人角度）: 7
  输出维度（人位姿+机器人角度）: 14
加载窗口化数据集: /data0/wwb_data/ygx_data/data_ygx_pose+dof/ACCAD_CMU_merged_training_data.npz
  样本数: 3614699
  窗口大小: 10
  输入维度（机器人角度）: 7
  输出维度（人位姿+机器人角度）: 14
训练集样本数: 3253229
验证集样本数: 361470
训练集数据增强: False
验证集数据增强: False（始终关闭）

创建模型: explicit_coupling_ik_optimized
应用torch.compile优化...
✓ torch.compile应用成功
模型参数量: 1.47M

加载GPU FK模型...

开始训练（200 epochs）...
----------------------------------------------------------------------
Epoch [0/200] | Val Loss: 0.145652 | IK: 0.088829 | FK: 0.113648 | Coupling: elbow_shoulder: 0.504 | forearm_elbow: 0.502 | wrist_forearm: 0.504 | Time: 92.4s | GPU: 0% 0.1GB | LR: 0.000092
  >>> 保存最优模型（验证损失：0.145652）
Epoch [1/200] | Val Loss: 0.136164 | IK: 0.078358 | FK: 0.115612 | Coupling: elbow_shoulder: 0.505 | forearm_elbow: 0.502 | wrist_forearm: 0.503 | Time: 74.6s | GPU: 0% 0.1GB | LR: 0.000127
  >>> 保存最优模型（验证损失：0.136164）
Epoch [2/200] | Val Loss: 0.131269 | IK: 0.074511 | FK: 0.113515 | Coupling: elbow_shoulder: 0.501 | forearm_elbow: 0.501 | wrist_forearm: 0.502 | Time: 75.1s | GPU: 0% 0.1GB | LR: 0.000185
  >>> 保存最优模型（验证损失：0.131269）
Epoch [3/200] | Val Loss: 0.127585 | IK: 0.069500 | FK: 0.116171 | Coupling: elbow_shoulder: 0.498 | forearm_elbow: 0.501 | wrist_forearm: 0.503 | Time: 76.3s | GPU: 0% 0.1GB | LR: 0.000263
  >>> 保存最优模型（验证损失：0.127585）
Epoch [4/200] | Val Loss: 0.124692 | IK: 0.066285 | FK: 0.116814 | Coupling: elbow_shoulder: 0.500 | forearm_elbow: 0.503 | wrist_forearm: 0.504 | Time: 74.4s | GPU: 0% 0.1GB | LR: 0.000361
  >>> 保存最优模型（验证损失：0.124692）
Epoch [5/200] | Val Loss: 0.124504 | IK: 0.067238 | FK: 0.114532 | Coupling: elbow_shoulder: 0.500 | forearm_elbow: 0.503 | wrist_forearm: 0.503 | Time: 75.5s | GPU: 0% 0.1GB | LR: 0.000476
  >>> 保存最优模型（验证损失：0.124504）
Epoch [6/200] | Val Loss: 0.120671 | IK: 0.063055 | FK: 0.115234 | Coupling: elbow_shoulder: 0.498 | forearm_elbow: 0.501 | wrist_forearm: 0.504 | Time: 77.4s | GPU: 0% 0.1GB | LR: 0.000604
  >>> 保存最优模型（验证损失：0.120671）
Epoch [7/200] | Val Loss: 0.118225 | IK: 0.061473 | FK: 0.113503 | Coupling: elbow_shoulder: 0.496 | forearm_elbow: 0.502 | wrist_forearm: 0.501 | Time: 75.3s | GPU: 0% 0.1GB | LR: 0.000743
  >>> 保存最优模型（验证损失：0.118225）
Epoch [8/200] | Val Loss: 0.118663 | IK: 0.062242 | FK: 0.112842 | Coupling: elbow_shoulder: 0.497 | forearm_elbow: 0.504 | wrist_forearm: 0.503 | Time: 75.3s | GPU: 0% 0.1GB | LR: 0.000890
Epoch [9/200] | Val Loss: 0.117022 | IK: 0.058395 | FK: 0.117254 | Coupling: elbow_shoulder: 0.497 | forearm_elbow: 0.500 | wrist_forearm: 0.502 | Time: 74.4s | GPU: 0% 0.1GB | LR: 0.001040
  >>> 保存最优模型（验证损失：0.117022）
Epoch [10/200] | Val Loss: 0.113948 | IK: 0.056343 | FK: 0.115209 | Coupling: elbow_shoulder: 0.499 | forearm_elbow: 0.500 | wrist_forearm: 0.503 | Time: 76.5s | GPU: 0% 0.1GB | LR: 0.001190
  >>> 保存最优模型（验证损失：0.113948）
Epoch [11/200] | Val Loss: 0.112808 | IK: 0.055716 | FK: 0.114185 | Coupling: elbow_shoulder: 0.496 | forearm_elbow: 0.503 | wrist_forearm: 0.502 | Time: 76.2s | GPU: 0% 0.1GB | LR: 0.001337
  >>> 保存最优模型（验证损失：0.112808）
Epoch [12/200] | Val Loss: 0.112005 | IK: 0.051772 | FK: 0.120466 | Coupling: elbow_shoulder: 0.500 | forearm_elbow: 0.500 | wrist_forearm: 0.501 | Time: 76.0s | GPU: 0% 0.1GB | LR: 0.001476
  >>> 保存最优模型（验证损失：0.112005）
Epoch [13/200] | Val Loss: 0.109309 | IK: 0.051864 | FK: 0.114891 | Coupling: elbow_shoulder: 0.497 | forearm_elbow: 0.503 | wrist_forearm: 0.500 | Time: 72.4s | GPU: 0% 0.1GB | LR: 0.001604
  >>> 保存最优模型（验证损失：0.109309）
Epoch [14/200] | Val Loss: 0.107683 | IK: 0.051287 | FK: 0.112791 | Coupling: elbow_shoulder: 0.497 | forearm_elbow: 0.501 | wrist_forearm: 0.500 | Time: 75.1s | GPU: 0% 0.1GB | LR: 0.001719
  >>> 保存最优模型（验证损失：0.107683）
Epoch [15/200] | Val Loss: 0.107008 | IK: 0.050372 | FK: 0.113270 | Coupling: elbow_shoulder: 0.495 | forearm_elbow: 0.501 | wrist_forearm: 0.503 | Time: 76.4s | GPU: 0% 0.1GB | LR: 0.001817
  >>> 保存最优模型（验证损失：0.107008）
Epoch [16/200] | Val Loss: 0.105711 | IK: 0.046353 | FK: 0.118716 | Coupling: elbow_shoulder: 0.499 | forearm_elbow: 0.501 | wrist_forearm: 0.500 | Time: 77.5s | GPU: 0% 0.1GB | LR: 0.001895
  >>> 保存最优模型（验证损失：0.105711）
Epoch [17/200] | Val Loss: 0.104172 | IK: 0.046852 | FK: 0.114639 | Coupling: elbow_shoulder: 0.498 | forearm_elbow: 0.504 | wrist_forearm: 0.501 | Time: 76.1s | GPU: 0% 0.1GB | LR: 0.001953
  >>> 保存最优模型（验证损失：0.104172）
======================================================================
训练显式耦合IK模型 (GPU优化版)
======================================================================
优化策略:
  1. 混合精度(AMP): True
  2. Batch Size: 2048 x 2 = 4096
  3. torch.compile: True
  4. DataLoader workers: 8
  5. GPU: NVIDIA H20-3e
  6. GPU Memory: 139.7 GB
  ✓ PyTorch支持torch.compile

加载数据集...
加载窗口化数据集: /data0/wwb_data/ygx_data/data_ygx_pose+dof/ACCAD_CMU_merged_training_data.npz
  样本数: 3614699
  窗口大小: 10
  输入维度（机器人角度）: 7
  输出维度（人位姿+机器人角度）: 14
加载窗口化数据集: /data0/wwb_data/ygx_data/data_ygx_pose+dof/ACCAD_CMU_merged_training_data.npz
  样本数: 3614699
  窗口大小: 10
  输入维度（机器人角度）: 7
  输出维度（人位姿+机器人角度）: 14
训练集样本数: 3253229
验证集样本数: 361470
训练集数据增强: False
验证集数据增强: False（始终关闭）

创建模型: explicit_coupling_ik_optimized
应用torch.compile优化...
✓ torch.compile应用成功
模型参数量: 1.47M

加载GPU FK模型...

开始训练（200 epochs）...
----------------------------------------------------------------------
Epoch [0/200] | Val Loss: 0.083638 | IK: 0.076208 | FK: 0.014860 | Coupling: elbow_shoulder: 0.507 | forearm_elbow: 0.500 | wrist_forearm: 0.505 | Time: 86.6s | GPU: 0% 0.1GB | LR: 0.000092
  >>> 保存最优模型（验证损失：0.083638）
Epoch [1/200] | Val Loss: 0.073296 | IK: 0.066702 | FK: 0.013188 | Coupling: elbow_shoulder: 0.503 | forearm_elbow: 0.500 | wrist_forearm: 0.503 | Time: 79.7s | GPU: 0% 0.1GB | LR: 0.000127
  >>> 保存最优模型（验证损失：0.073296）
Epoch [2/200] | Val Loss: 0.068150 | IK: 0.061883 | FK: 0.012533 | Coupling: elbow_shoulder: 0.500 | forearm_elbow: 0.501 | wrist_forearm: 0.503 | Time: 79.4s | GPU: 0% 0.1GB | LR: 0.000185
  >>> 保存最优模型（验证损失：0.068150）
Epoch [3/200] | Val Loss: 0.063900 | IK: 0.057952 | FK: 0.011896 | Coupling: elbow_shoulder: 0.496 | forearm_elbow: 0.501 | wrist_forearm: 0.502 | Time: 79.1s | GPU: 0% 0.1GB | LR: 0.000263
  >>> 保存最优模型（验证损失：0.063900）
Epoch [4/200] | Val Loss: 0.060504 | IK: 0.054991 | FK: 0.011027 | Coupling: elbow_shoulder: 0.496 | forearm_elbow: 0.502 | wrist_forearm: 0.505 | Time: 80.2s | GPU: 0% 0.1GB | LR: 0.000361
  >>> 保存最优模型（验证损失：0.060504）
Epoch [5/200] | Val Loss: 0.059975 | IK: 0.054516 | FK: 0.010919 | Coupling: elbow_shoulder: 0.498 | forearm_elbow: 0.502 | wrist_forearm: 0.503 | Time: 81.3s | GPU: 0% 0.1GB | LR: 0.000476
  >>> 保存最优模型（验证损失：0.059975）
Epoch [6/200] | Val Loss: 0.057087 | IK: 0.051815 | FK: 0.010544 | Coupling: elbow_shoulder: 0.497 | forearm_elbow: 0.503 | wrist_forearm: 0.502 | Time: 83.1s | GPU: 0% 0.1GB | LR: 0.000604
  >>> 保存最优模型（验证损失：0.057087）
Epoch [7/200] | Val Loss: 0.054722 | IK: 0.049576 | FK: 0.010291 | Coupling: elbow_shoulder: 0.498 | forearm_elbow: 0.502 | wrist_forearm: 0.500 | Time: 79.5s | GPU: 0% 0.1GB | LR: 0.000743
  >>> 保存最优模型（验证损失：0.054722）
Epoch [8/200] | Val Loss: 0.053181 | IK: 0.048293 | FK: 0.009774 | Coupling: elbow_shoulder: 0.497 | forearm_elbow: 0.501 | wrist_forearm: 0.507 | Time: 80.4s | GPU: 0% 0.1GB | LR: 0.000890
  >>> 保存最优模型（验证损失：0.053181）
Epoch [9/200] | Val Loss: 0.052054 | IK: 0.047054 | FK: 0.010000 | Coupling: elbow_shoulder: 0.499 | forearm_elbow: 0.503 | wrist_forearm: 0.503 | Time: 79.7s | GPU: 0% 0.1GB | LR: 0.001040
  >>> 保存最优模型（验证损失：0.052054）
Epoch [10/200] | Val Loss: 0.049473 | IK: 0.044753 | FK: 0.009439 | Coupling: elbow_shoulder: 0.497 | forearm_elbow: 0.499 | wrist_forearm: 0.503 | Time: 81.3s | GPU: 0% 0.1GB | LR: 0.001190
  >>> 保存最优模型（验证损失：0.049473）
Epoch [11/200] | Val Loss: 0.049312 | IK: 0.044678 | FK: 0.009268 | Coupling: elbow_shoulder: 0.496 | forearm_elbow: 0.503 | wrist_forearm: 0.501 | Time: 82.0s | GPU: 0% 0.1GB | LR: 0.001337
  >>> 保存最优模型（验证损失：0.049312）
Epoch [12/200] | Val Loss: 0.047174 | IK: 0.042709 | FK: 0.008929 | Coupling: elbow_shoulder: 0.493 | forearm_elbow: 0.501 | wrist_forearm: 0.500 | Time: 82.6s | GPU: 0% 0.1GB | LR: 0.001476
  >>> 保存最优模型（验证损失：0.047174）
Epoch [13/200] | Val Loss: 0.045270 | IK: 0.041011 | FK: 0.008518 | Coupling: elbow_shoulder: 0.500 | forearm_elbow: 0.503 | wrist_forearm: 0.503 | Time: 80.9s | GPU: 0% 0.1GB | LR: 0.001604
  >>> 保存最优模型（验证损失：0.045270）
Epoch [14/200] | Val Loss: 0.041792 | IK: 0.037758 | FK: 0.008069 | Coupling: elbow_shoulder: 0.498 | forearm_elbow: 0.501 | wrist_forearm: 0.499 | Time: 82.2s | GPU: 0% 0.1GB | LR: 0.001719
  >>> 保存最优模型（验证损失：0.041792）
Epoch [15/200] | Val Loss: 0.041191 | IK: 0.037186 | FK: 0.008010 | Coupling: elbow_shoulder: 0.501 | forearm_elbow: 0.499 | wrist_forearm: 0.503 | Time: 80.3s | GPU: 0% 0.1GB | LR: 0.001817
  >>> 保存最优模型（验证损失：0.041191）
Epoch [16/200] | Val Loss: 0.040802 | IK: 0.036879 | FK: 0.007846 | Coupling: elbow_shoulder: 0.498 | forearm_elbow: 0.499 | wrist_forearm: 0.502 | Time: 80.8s | GPU: 0% 0.1GB | LR: 0.001895
  >>> 保存最优模型（验证损失：0.040802）
Epoch [17/200] | Val Loss: 0.037617 | IK: 0.033965 | FK: 0.007303 | Coupling: elbow_shoulder: 0.495 | forearm_elbow: 0.503 | wrist_forearm: 0.502 | Time: 81.5s | GPU: 0% 0.1GB | LR: 0.001953
  >>> 保存最优模型（验证损失：0.037617）
Epoch [18/200] | Val Loss: 0.039346 | IK: 0.035511 | FK: 0.007670 | Coupling: elbow_shoulder: 0.501 | forearm_elbow: 0.501 | wrist_forearm: 0.502 | Time: 80.4s | GPU: 0% 0.1GB | LR: 0.001988
Epoch [19/200] | Val Loss: 0.036567 | IK: 0.032964 | FK: 0.007207 | Coupling: elbow_shoulder: 0.496 | forearm_elbow: 0.501 | wrist_forearm: 0.505 | Time: 80.6s | GPU: 0% 0.1GB | LR: 0.002000
  >>> 保存最优模型（验证损失：0.036567）
Epoch [20/200] | Val Loss: 0.033644 | IK: 0.030279 | FK: 0.006729 | Coupling: elbow_shoulder: 0.497 | forearm_elbow: 0.504 | wrist_forearm: 0.504 | Time: 80.8s | GPU: 0% 0.1GB | LR: 0.002000
  >>> 保存最优模型（验证损失：0.033644）
Epoch [21/200] | Val Loss: 0.032383 | IK: 0.029132 | FK: 0.006503 | Coupling: elbow_shoulder: 0.495 | forearm_elbow: 0.506 | wrist_forearm: 0.499 | Time: 83.2s | GPU: 0% 0.1GB | LR: 0.001999
  >>> 保存最优模型（验证损失：0.032383）
Epoch [22/200] | Val Loss: 0.031581 | IK: 0.028421 | FK: 0.006320 | Coupling: elbow_shoulder: 0.496 | forearm_elbow: 0.502 | wrist_forearm: 0.504 | Time: 81.2s | GPU: 0% 0.1GB | LR: 0.001999
  >>> 保存最优模型（验证损失：0.031581）
Epoch [23/200] | Val Loss: 0.031686 | IK: 0.028506 | FK: 0.006359 | Coupling: elbow_shoulder: 0.494 | forearm_elbow: 0.507 | wrist_forearm: 0.503 | Time: 81.2s | GPU: 0% 0.1GB | LR: 0.001998
Epoch [24/200] | Val Loss: 0.029497 | IK: 0.026516 | FK: 0.005962 | Coupling: elbow_shoulder: 0.496 | forearm_elbow: 0.502 | wrist_forearm: 0.500 | Time: 81.5s | GPU: 0% 0.1GB | LR: 0.001996
  >>> 保存最优模型（验证损失：0.029497）
Epoch [25/200] | Val Loss: 0.028405 | IK: 0.025515 | FK: 0.005780 | Coupling: elbow_shoulder: 0.497 | forearm_elbow: 0.504 | wrist_forearm: 0.498 | Time: 82.2s | GPU: 0% 0.1GB | LR: 0.001995
  >>> 保存最优模型（验证损失：0.028405）
Epoch [26/200] | Val Loss: 0.029375 | IK: 0.026408 | FK: 0.005936 | Coupling: elbow_shoulder: 0.498 | forearm_elbow: 0.504 | wrist_forearm: 0.503 | Time: 81.7s | GPU: 0% 0.1GB | LR: 0.001993
Epoch [27/200] | Val Loss: 0.029250 | IK: 0.026291 | FK: 0.005919 | Coupling: elbow_shoulder: 0.497 | forearm_elbow: 0.503 | wrist_forearm: 0.499 | Time: 80.8s | GPU: 0% 0.1GB | LR: 0.001990
Epoch [28/200] | Val Loss: 0.027099 | IK: 0.024351 | FK: 0.005496 | Coupling: elbow_shoulder: 0.497 | forearm_elbow: 0.502 | wrist_forearm: 0.499 | Time: 79.8s | GPU: 0% 0.1GB | LR: 0.001988
  >>> 保存最优模型（验证损失：0.027099）
Epoch [29/200] | Val Loss: 0.026052 | IK: 0.023397 | FK: 0.005310 | Coupling: elbow_shoulder: 0.497 | forearm_elbow: 0.506 | wrist_forearm: 0.503 | Time: 80.0s | GPU: 0% 0.1GB | LR: 0.001985
  >>> 保存最优模型（验证损失：0.026052）
Epoch [30/200] | Val Loss: 0.027349 | IK: 0.024549 | FK: 0.005600 | Coupling: elbow_shoulder: 0.496 | forearm_elbow: 0.505 | wrist_forearm: 0.503 | Time: 80.8s | GPU: 0% 0.1GB | LR: 0.001982
Epoch [31/200] | Val Loss: 0.025893 | IK: 0.023250 | FK: 0.005287 | Coupling: elbow_shoulder: 0.498 | forearm_elbow: 0.501 | wrist_forearm: 0.500 | Time: 80.7s | GPU: 0% 0.1GB | LR: 0.001978
  >>> 保存最优模型（验证损失：0.025893）
Epoch [32/200] | Val Loss: 0.025494 | IK: 0.022929 | FK: 0.005131 | Coupling: elbow_shoulder: 0.497 | forearm_elbow: 0.503 | wrist_forearm: 0.504 | Time: 80.0s | GPU: 0% 0.1GB | LR: 0.001974
  >>> 保存最优模型（验证损失：0.025494）
Epoch [33/200] | Val Loss: 0.024406 | IK: 0.021917 | FK: 0.004977 | Coupling: elbow_shoulder: 0.497 | forearm_elbow: 0.502 | wrist_forearm: 0.501 | Time: 81.4s | GPU: 0% 0.1GB | LR: 0.001970
  >>> 保存最优模型（验证损失：0.024406）
Epoch [34/200] | Val Loss: 0.024187 | IK: 0.021714 | FK: 0.004947 | Coupling: elbow_shoulder: 0.497 | forearm_elbow: 0.502 | wrist_forearm: 0.503 | Time: 80.8s | GPU: 0% 0.1GB | LR: 0.001966
  >>> 保存最优模型（验证损失：0.024187）
Epoch [35/200] | Val Loss: 0.023059 | IK: 0.020684 | FK: 0.004752 | Coupling: elbow_shoulder: 0.496 | forearm_elbow: 0.505 | wrist_forearm: 0.500 | Time: 82.5s | GPU: 0% 0.1GB | LR: 0.001961
  >>> 保存最优模型（验证损失：0.023059）
Epoch [36/200] | Val Loss: 0.022818 | IK: 0.020476 | FK: 0.004685 | Coupling: elbow_shoulder: 0.496 | forearm_elbow: 0.502 | wrist_forearm: 0.502 | Time: 80.9s | GPU: 0% 0.1GB | LR: 0.001956
  >>> 保存最优模型（验证损失：0.022818）
Epoch [37/200] | Val Loss: 0.023670 | IK: 0.021210 | FK: 0.004919 | Coupling: elbow_shoulder: 0.497 | forearm_elbow: 0.503 | wrist_forearm: 0.502 | Time: 81.1s | GPU: 0% 0.1GB | LR: 0.001951
Epoch [38/200] | Val Loss: 0.022456 | IK: 0.020127 | FK: 0.004659 | Coupling: elbow_shoulder: 0.498 | forearm_elbow: 0.504 | wrist_forearm: 0.501 | Time: 81.5s | GPU: 0% 0.1GB | LR: 0.001946
  >>> 保存最优模型（验证损失：0.022456）
Epoch [39/200] | Val Loss: 0.021593 | IK: 0.019349 | FK: 0.004488 | Coupling: elbow_shoulder: 0.496 | forearm_elbow: 0.504 | wrist_forearm: 0.503 | Time: 79.0s | GPU: 0% 0.1GB | LR: 0.001940
  >>> 保存最优模型（验证损失：0.021593）
Epoch [40/200] | Val Loss: 0.021818 | IK: 0.019570 | FK: 0.004497 | Coupling: elbow_shoulder: 0.497 | forearm_elbow: 0.504 | wrist_forearm: 0.501 | Time: 81.6s | GPU: 0% 0.1GB | LR: 0.001934
Epoch [41/200] | Val Loss: 0.020847 | IK: 0.018691 | FK: 0.004312 | Coupling: elbow_shoulder: 0.499 | forearm_elbow: 0.504 | wrist_forearm: 0.501 | Time: 79.6s | GPU: 0% 0.1GB | LR: 0.001927
  >>> 保存最优模型（验证损失：0.020847）
Epoch [42/200] | Val Loss: 0.020889 | IK: 0.018718 | FK: 0.004341 | Coupling: elbow_shoulder: 0.498 | forearm_elbow: 0.505 | wrist_forearm: 0.500 | Time: 79.2s | GPU: 0% 0.1GB | LR: 0.001920
Epoch [43/200] | Val Loss: 0.020951 | IK: 0.018766 | FK: 0.004370 | Coupling: elbow_shoulder: 0.496 | forearm_elbow: 0.504 | wrist_forearm: 0.502 | Time: 80.2s | GPU: 0% 0.1GB | LR: 0.001914
Epoch [44/200] | Val Loss: 0.020901 | IK: 0.018733 | FK: 0.004336 | Coupling: elbow_shoulder: 0.497 | forearm_elbow: 0.503 | wrist_forearm: 0.502 | Time: 80.6s | GPU: 0% 0.1GB | LR: 0.001906
Epoch [45/200] | Val Loss: 0.020527 | IK: 0.018400 | FK: 0.004254 | Coupling: elbow_shoulder: 0.498 | forearm_elbow: 0.504 | wrist_forearm: 0.503 | Time: 81.2s | GPU: 0% 0.1GB | LR: 0.001899
  >>> 保存最优模型（验证损失：0.020527）
Epoch [46/200] | Val Loss: 0.019870 | IK: 0.017807 | FK: 0.004125 | Coupling: elbow_shoulder: 0.500 | forearm_elbow: 0.504 | wrist_forearm: 0.502 | Time: 79.8s | GPU: 0% 0.1GB | LR: 0.001891
  >>> 保存最优模型（验证损失：0.019870）
Epoch [47/200] | Val Loss: 0.020672 | IK: 0.018525 | FK: 0.004293 | Coupling: elbow_shoulder: 0.499 | forearm_elbow: 0.506 | wrist_forearm: 0.504 | Time: 79.7s | GPU: 0% 0.1GB | LR: 0.001883
Epoch [48/200] | Val Loss: 0.019316 | IK: 0.017301 | FK: 0.004030 | Coupling: elbow_shoulder: 0.498 | forearm_elbow: 0.502 | wrist_forearm: 0.502 | Time: 81.1s | GPU: 0% 0.1GB | LR: 0.001875
  >>> 保存最优模型（验证损失：0.019316）
Epoch [49/200] | Val Loss: 0.018945 | IK: 0.016990 | FK: 0.003911 | Coupling: elbow_shoulder: 0.499 | forearm_elbow: 0.503 | wrist_forearm: 0.501 | Time: 79.8s | GPU: 0% 0.1GB | LR: 0.001866
  >>> 保存最优模型（验证损失：0.018945）
Epoch [50/200] | Val Loss: 0.018786 | IK: 0.016827 | FK: 0.003917 | Coupling: elbow_shoulder: 0.496 | forearm_elbow: 0.504 | wrist_forearm: 0.502 | Time: 80.0s | GPU: 0% 0.1GB | LR: 0.001857
  >>> 保存最优模型（验证损失：0.018786）
Epoch [51/200] | Val Loss: 0.018930 | IK: 0.016961 | FK: 0.003938 | Coupling: elbow_shoulder: 0.498 | forearm_elbow: 0.503 | wrist_forearm: 0.502 | Time: 81.4s | GPU: 0% 0.1GB | LR: 0.001848
Epoch [52/200] | Val Loss: 0.018429 | IK: 0.016498 | FK: 0.003861 | Coupling: elbow_shoulder: 0.501 | forearm_elbow: 0.506 | wrist_forearm: 0.500 | Time: 80.9s | GPU: 0% 0.1GB | LR: 0.001839
  >>> 保存最优模型（验证损失：0.018429）
Epoch [53/200] | Val Loss: 0.018170 | IK: 0.016257 | FK: 0.003828 | Coupling: elbow_shoulder: 0.499 | forearm_elbow: 0.503 | wrist_forearm: 0.501 | Time: 81.7s | GPU: 0% 0.1GB | LR: 0.001829
  >>> 保存最优模型（验证损失：0.018170）
Epoch [54/200] | Val Loss: 0.017278 | IK: 0.015462 | FK: 0.003632 | Coupling: elbow_shoulder: 0.499 | forearm_elbow: 0.503 | wrist_forearm: 0.503 | Time: 82.1s | GPU: 0% 0.1GB | LR: 0.001819
  >>> 保存最优模型（验证损失：0.017278）
Epoch [55/200] | Val Loss: 0.018072 | IK: 0.016183 | FK: 0.003777 | Coupling: elbow_shoulder: 0.501 | forearm_elbow: 0.500 | wrist_forearm: 0.502 | Time: 82.5s | GPU: 0% 0.1GB | LR: 0.001809
Epoch [56/200] | Val Loss: 0.017914 | IK: 0.016027 | FK: 0.003773 | Coupling: elbow_shoulder: 0.500 | forearm_elbow: 0.503 | wrist_forearm: 0.501 | Time: 81.1s | GPU: 0% 0.1GB | LR: 0.001799
Epoch [57/200] | Val Loss: 0.017224 | IK: 0.015408 | FK: 0.003632 | Coupling: elbow_shoulder: 0.499 | forearm_elbow: 0.502 | wrist_forearm: 0.501 | Time: 84.1s | GPU: 0% 0.1GB | LR: 0.001788
  >>> 保存最优模型（验证损失：0.017224）
Epoch [58/200] | Val Loss: 0.017471 | IK: 0.015648 | FK: 0.003647 | Coupling: elbow_shoulder: 0.500 | forearm_elbow: 0.503 | wrist_forearm: 0.501 | Time: 80.7s | GPU: 0% 0.1GB | LR: 0.001777
Epoch [59/200] | Val Loss: 0.017027 | IK: 0.015236 | FK: 0.003583 | Coupling: elbow_shoulder: 0.498 | forearm_elbow: 0.503 | wrist_forearm: 0.503 | Time: 79.6s | GPU: 0% 0.1GB | LR: 0.001766
  >>> 保存最优模型（验证损失：0.017027）
Epoch [60/200] | Val Loss: 0.016957 | IK: 0.015169 | FK: 0.003576 | Coupling: elbow_shoulder: 0.500 | forearm_elbow: 0.504 | wrist_forearm: 0.499 | Time: 81.3s | GPU: 0% 0.1GB | LR: 0.001755
  >>> 保存最优模型（验证损失：0.016957）
Epoch [61/200] | Val Loss: 0.016585 | IK: 0.014845 | FK: 0.003479 | Coupling: elbow_shoulder: 0.498 | forearm_elbow: 0.501 | wrist_forearm: 0.500 | Time: 80.3s | GPU: 0% 0.1GB | LR: 0.001743
  >>> 保存最优模型（验证损失：0.016585）
Epoch [62/200] | Val Loss: 0.016886 | IK: 0.015089 | FK: 0.003595 | Coupling: elbow_shoulder: 0.499 | forearm_elbow: 0.503 | wrist_forearm: 0.501 | Time: 80.7s | GPU: 0% 0.1GB | LR: 0.001731
Epoch [63/200] | Val Loss: 0.016324 | IK: 0.014606 | FK: 0.003435 | Coupling: elbow_shoulder: 0.502 | forearm_elbow: 0.500 | wrist_forearm: 0.501 | Time: 81.5s | GPU: 0% 0.1GB | LR: 0.001719
  >>> 保存最优模型（验证损失：0.016324）
Epoch [64/200] | Val Loss: 0.016041 | IK: 0.014345 | FK: 0.003392 | Coupling: elbow_shoulder: 0.501 | forearm_elbow: 0.503 | wrist_forearm: 0.500 | Time: 80.1s | GPU: 0% 0.1GB | LR: 0.001707
  >>> 保存最优模型（验证损失：0.016041）
Epoch [65/200] | Val Loss: 0.015945 | IK: 0.014254 | FK: 0.003381 | Coupling: elbow_shoulder: 0.499 | forearm_elbow: 0.503 | wrist_forearm: 0.502 | Time: 80.5s | GPU: 0% 0.1GB | LR: 0.001695
  >>> 保存最优模型（验证损失：0.015945）
Epoch [66/200] | Val Loss: 0.016654 | IK: 0.014908 | FK: 0.003491 | Coupling: elbow_shoulder: 0.501 | forearm_elbow: 0.505 | wrist_forearm: 0.504 | Time: 80.9s | GPU: 0% 0.1GB | LR: 0.001682
Epoch [67/200] | Val Loss: 0.016588 | IK: 0.014836 | FK: 0.003504 | Coupling: elbow_shoulder: 0.500 | forearm_elbow: 0.502 | wrist_forearm: 0.503 | Time: 82.2s | GPU: 0% 0.1GB | LR: 0.001669
Epoch [68/200] | Val Loss: 0.015851 | IK: 0.014169 | FK: 0.003363 | Coupling: elbow_shoulder: 0.501 | forearm_elbow: 0.504 | wrist_forearm: 0.501 | Time: 80.5s | GPU: 0% 0.1GB | LR: 0.001656
  >>> 保存最优模型（验证损失：0.015851）
Epoch [69/200] | Val Loss: 0.015611 | IK: 0.013971 | FK: 0.003280 | Coupling: elbow_shoulder: 0.500 | forearm_elbow: 0.502 | wrist_forearm: 0.500 | Time: 80.3s | GPU: 0% 0.1GB | LR: 0.001643
  >>> 保存最优模型（验证损失：0.015611）
Epoch [70/200] | Val Loss: 0.015867 | IK: 0.014186 | FK: 0.003362 | Coupling: elbow_shoulder: 0.500 | forearm_elbow: 0.501 | wrist_forearm: 0.501 | Time: 80.8s | GPU: 0% 0.1GB | LR: 0.001629
Epoch [71/200] | Val Loss: 0.015159 | IK: 0.013562 | FK: 0.003196 | Coupling: elbow_shoulder: 0.500 | forearm_elbow: 0.504 | wrist_forearm: 0.501 | Time: 80.9s | GPU: 0% 0.1GB | LR: 0.001616
  >>> 保存最优模型（验证损失：0.015159）
Epoch [72/200] | Val Loss: 0.015667 | IK: 0.014008 | FK: 0.003317 | Coupling: elbow_shoulder: 0.500 | forearm_elbow: 0.502 | wrist_forearm: 0.501 | Time: 76.9s | GPU: 0% 0.1GB | LR: 0.001602
Epoch [73/200] | Val Loss: 0.015807 | IK: 0.014133 | FK: 0.003349 | Coupling: elbow_shoulder: 0.499 | forearm_elbow: 0.503 | wrist_forearm: 0.499 | Time: 80.9s | GPU: 0% 0.1GB | LR: 0.001588
Epoch [74/200] | Val Loss: 0.015601 | IK: 0.013942 | FK: 0.003318 | Coupling: elbow_shoulder: 0.502 | forearm_elbow: 0.505 | wrist_forearm: 0.502 | Time: 80.9s | GPU: 0% 0.1GB | LR: 0.001574
Epoch [75/200] | Val Loss: 0.015167 | IK: 0.013571 | FK: 0.003191 | Coupling: elbow_shoulder: 0.500 | forearm_elbow: 0.502 | wrist_forearm: 0.502 | Time: 80.0s | GPU: 0% 0.1GB | LR: 0.001559
Epoch [76/200] | Val Loss: 0.014350 | IK: 0.012835 | FK: 0.003030 | Coupling: elbow_shoulder: 0.500 | forearm_elbow: 0.502 | wrist_forearm: 0.501 | Time: 80.5s | GPU: 0% 0.1GB | LR: 0.001545
  >>> 保存最优模型（验证损失：0.014350）
Epoch [77/200] | Val Loss: 0.014403 | IK: 0.012874 | FK: 0.003058 | Coupling: elbow_shoulder: 0.499 | forearm_elbow: 0.503 | wrist_forearm: 0.502 | Time: 83.0s | GPU: 0% 0.1GB | LR: 0.001530
Epoch [78/200] | Val Loss: 0.014831 | IK: 0.013270 | FK: 0.003123 | Coupling: elbow_shoulder: 0.502 | forearm_elbow: 0.504 | wrist_forearm: 0.501 | Time: 84.0s | GPU: 0% 0.1GB | LR: 0.001515
Epoch [79/200] | Val Loss: 0.014804 | IK: 0.013232 | FK: 0.003143 | Coupling: elbow_shoulder: 0.501 | forearm_elbow: 0.503 | wrist_forearm: 0.502 | Time: 81.4s | GPU: 0% 0.1GB | LR: 0.001500
Epoch [80/200] | Val Loss: 0.013863 | IK: 0.012400 | FK: 0.002925 | Coupling: elbow_shoulder: 0.502 | forearm_elbow: 0.502 | wrist_forearm: 0.500 | Time: 83.8s | GPU: 0% 0.1GB | LR: 0.001485
  >>> 保存最优模型（验证损失：0.013863）
Epoch [81/200] | Val Loss: 0.014923 | IK: 0.013350 | FK: 0.003145 | Coupling: elbow_shoulder: 0.501 | forearm_elbow: 0.503 | wrist_forearm: 0.503 | Time: 80.7s | GPU: 0% 0.1GB | LR: 0.001469
Epoch [82/200] | Val Loss: 0.014793 | IK: 0.013230 | FK: 0.003127 | Coupling: elbow_shoulder: 0.498 | forearm_elbow: 0.503 | wrist_forearm: 0.503 | Time: 81.8s | GPU: 0% 0.1GB | LR: 0.001454
Epoch [83/200] | Val Loss: 0.013606 | IK: 0.012173 | FK: 0.002864 | Coupling: elbow_shoulder: 0.500 | forearm_elbow: 0.502 | wrist_forearm: 0.501 | Time: 81.3s | GPU: 0% 0.1GB | LR: 0.001438
  >>> 保存最优模型（验证损失：0.013606）
Epoch [84/200] | Val Loss: 0.013799 | IK: 0.012348 | FK: 0.002903 | Coupling: elbow_shoulder: 0.501 | forearm_elbow: 0.503 | wrist_forearm: 0.500 | Time: 81.0s | GPU: 0% 0.1GB | LR: 0.001423
Epoch [85/200] | Val Loss: 0.013476 | IK: 0.012052 | FK: 0.002848 | Coupling: elbow_shoulder: 0.501 | forearm_elbow: 0.504 | wrist_forearm: 0.501 | Time: 80.5s | GPU: 0% 0.1GB | LR: 0.001407
  >>> 保存最优模型（验证损失：0.013476）
Epoch [86/200] | Val Loss: 0.013675 | IK: 0.012228 | FK: 0.002895 | Coupling: elbow_shoulder: 0.500 | forearm_elbow: 0.502 | wrist_forearm: 0.501 | Time: 79.3s | GPU: 0% 0.1GB | LR: 0.001391
Epoch [87/200] | Val Loss: 0.013772 | IK: 0.012311 | FK: 0.002923 | Coupling: elbow_shoulder: 0.501 | forearm_elbow: 0.503 | wrist_forearm: 0.503 | Time: 82.0s | GPU: 0% 0.1GB | LR: 0.001375
Epoch [88/200] | Val Loss: 0.013606 | IK: 0.012172 | FK: 0.002868 | Coupling: elbow_shoulder: 0.500 | forearm_elbow: 0.501 | wrist_forearm: 0.501 | Time: 81.3s | GPU: 0% 0.1GB | LR: 0.001358
Epoch [89/200] | Val Loss: 0.013748 | IK: 0.012300 | FK: 0.002896 | Coupling: elbow_shoulder: 0.499 | forearm_elbow: 0.502 | wrist_forearm: 0.502 | Time: 80.4s | GPU: 0% 0.1GB | LR: 0.001342
Epoch [90/200] | Val Loss: 0.013500 | IK: 0.012073 | FK: 0.002855 | Coupling: elbow_shoulder: 0.500 | forearm_elbow: 0.502 | wrist_forearm: 0.503 | Time: 80.8s | GPU: 0% 0.1GB | LR: 0.001326
Epoch [91/200] | Val Loss: 0.012894 | IK: 0.011519 | FK: 0.002749 | Coupling: elbow_shoulder: 0.501 | forearm_elbow: 0.502 | wrist_forearm: 0.502 | Time: 81.6s | GPU: 0% 0.1GB | LR: 0.001309
  >>> 保存最优模型（验证损失：0.012894）
Epoch [92/200] | Val Loss: 0.013212 | IK: 0.011819 | FK: 0.002787 | Coupling: elbow_shoulder: 0.500 | forearm_elbow: 0.502 | wrist_forearm: 0.501 | Time: 78.7s | GPU: 0% 0.1GB | LR: 0.001292
Epoch [93/200] | Val Loss: 0.013172 | IK: 0.011775 | FK: 0.002794 | Coupling: elbow_shoulder: 0.501 | forearm_elbow: 0.502 | wrist_forearm: 0.501 | Time: 81.6s | GPU: 0% 0.1GB | LR: 0.001276
Epoch [94/200] | Val Loss: 0.013083 | IK: 0.011706 | FK: 0.002754 | Coupling: elbow_shoulder: 0.500 | forearm_elbow: 0.504 | wrist_forearm: 0.503 | Time: 80.5s | GPU: 0% 0.1GB | LR: 0.001259
Epoch [95/200] | Val Loss: 0.012421 | IK: 0.011100 | FK: 0.002641 | Coupling: elbow_shoulder: 0.501 | forearm_elbow: 0.502 | wrist_forearm: 0.502 | Time: 81.3s | GPU: 0% 0.1GB | LR: 0.001242
  >>> 保存最优模型（验证损失：0.012421）
Epoch [96/200] | Val Loss: 0.012679 | IK: 0.011333 | FK: 0.002692 | Coupling: elbow_shoulder: 0.500 | forearm_elbow: 0.502 | wrist_forearm: 0.502 | Time: 80.0s | GPU: 0% 0.1GB | LR: 0.001225
Epoch [97/200] | Val Loss: 0.012440 | IK: 0.011128 | FK: 0.002624 | Coupling: elbow_shoulder: 0.500 | forearm_elbow: 0.501 | wrist_forearm: 0.501 | Time: 80.2s | GPU: 0% 0.1GB | LR: 0.001208
Epoch [98/200] | Val Loss: 0.013324 | IK: 0.011914 | FK: 0.002820 | Coupling: elbow_shoulder: 0.500 | forearm_elbow: 0.502 | wrist_forearm: 0.500 | Time: 82.8s | GPU: 0% 0.1GB | LR: 0.001191
Epoch [99/200] | Val Loss: 0.012696 | IK: 0.011355 | FK: 0.002682 | Coupling: elbow_shoulder: 0.501 | forearm_elbow: 0.502 | wrist_forearm: 0.502 | Time: 81.1s | GPU: 0% 0.1GB | LR: 0.001174
Epoch [100/200] | Val Loss: 0.012185 | IK: 0.010901 | FK: 0.002570 | Coupling: elbow_shoulder: 0.501 | forearm_elbow: 0.502 | wrist_forearm: 0.501 | Time: 79.6s | GPU: 0% 0.1GB | LR: 0.001156
  >>> 保存最优模型（验证损失：0.012185）
Epoch [101/200] | Val Loss: 0.012012 | IK: 0.010732 | FK: 0.002559 | Coupling: elbow_shoulder: 0.499 | forearm_elbow: 0.501 | wrist_forearm: 0.501 | Time: 83.1s | GPU: 0% 0.1GB | LR: 0.001139
  >>> 保存最优模型（验证损失：0.012012）
Epoch [102/200] | Val Loss: 0.012675 | IK: 0.011329 | FK: 0.002693 | Coupling: elbow_shoulder: 0.500 | forearm_elbow: 0.503 | wrist_forearm: 0.501 | Time: 80.9s | GPU: 0% 0.1GB | LR: 0.001122
Epoch [103/200] | Val Loss: 0.012281 | IK: 0.010979 | FK: 0.002603 | Coupling: elbow_shoulder: 0.501 | forearm_elbow: 0.504 | wrist_forearm: 0.504 | Time: 80.8s | GPU: 0% 0.1GB | LR: 0.001105
Epoch [104/200] | Val Loss: 0.011957 | IK: 0.010691 | FK: 0.002532 | Coupling: elbow_shoulder: 0.499 | forearm_elbow: 0.503 | wrist_forearm: 0.503 | Time: 80.8s | GPU: 0% 0.1GB | LR: 0.001087
  >>> 保存最优模型（验证损失：0.011957）
Epoch [105/200] | Val Loss: 0.011816 | IK: 0.010567 | FK: 0.002497 | Coupling: elbow_shoulder: 0.500 | forearm_elbow: 0.502 | wrist_forearm: 0.502 | Time: 80.6s | GPU: 0% 0.1GB | LR: 0.001070
  >>> 保存最优模型（验证损失：0.011816）
Epoch [106/200] | Val Loss: 0.011861 | IK: 0.010602 | FK: 0.002518 | Coupling: elbow_shoulder: 0.501 | forearm_elbow: 0.502 | wrist_forearm: 0.502 | Time: 81.1s | GPU: 0% 0.1GB | LR: 0.001052
Epoch [107/200] | Val Loss: 0.012391 | IK: 0.011080 | FK: 0.002623 | Coupling: elbow_shoulder: 0.502 | forearm_elbow: 0.503 | wrist_forearm: 0.502 | Time: 80.9s | GPU: 0% 0.1GB | LR: 0.001035
Epoch [108/200] | Val Loss: 0.012082 | IK: 0.010798 | FK: 0.002568 | Coupling: elbow_shoulder: 0.501 | forearm_elbow: 0.501 | wrist_forearm: 0.501 | Time: 81.7s | GPU: 0% 0.1GB | LR: 0.001017
Epoch [109/200] | Val Loss: 0.012390 | IK: 0.011078 | FK: 0.002623 | Coupling: elbow_shoulder: 0.501 | forearm_elbow: 0.502 | wrist_forearm: 0.501 | Time: 80.6s | GPU: 0% 0.1GB | LR: 0.001000
Epoch [110/200] | Val Loss: 0.011616 | IK: 0.010384 | FK: 0.002464 | Coupling: elbow_shoulder: 0.502 | forearm_elbow: 0.503 | wrist_forearm: 0.501 | Time: 81.2s | GPU: 0% 0.1GB | LR: 0.000983
  >>> 保存最优模型（验证损失：0.011616）
Epoch [111/200] | Val Loss: 0.011299 | IK: 0.010101 | FK: 0.002396 | Coupling: elbow_shoulder: 0.500 | forearm_elbow: 0.502 | wrist_forearm: 0.501 | Time: 80.9s | GPU: 0% 0.1GB | LR: 0.000965
  >>> 保存最优模型（验证损失：0.011299）
Epoch [112/200] | Val Loss: 0.011502 | IK: 0.010282 | FK: 0.002439 | Coupling: elbow_shoulder: 0.500 | forearm_elbow: 0.501 | wrist_forearm: 0.502 | Time: 80.3s | GPU: 0% 0.1GB | LR: 0.000948
Epoch [113/200] | Val Loss: 0.011730 | IK: 0.010486 | FK: 0.002488 | Coupling: elbow_shoulder: 0.500 | forearm_elbow: 0.503 | wrist_forearm: 0.502 | Time: 81.6s | GPU: 0% 0.1GB | LR: 0.000930
Epoch [114/200] | Val Loss: 0.011376 | IK: 0.010164 | FK: 0.002424 | Coupling: elbow_shoulder: 0.500 | forearm_elbow: 0.503 | wrist_forearm: 0.501 | Time: 81.6s | GPU: 0% 0.1GB | LR: 0.000913
Epoch [115/200] | Val Loss: 0.011224 | IK: 0.010037 | FK: 0.002373 | Coupling: elbow_shoulder: 0.501 | forearm_elbow: 0.501 | wrist_forearm: 0.501 | Time: 81.9s | GPU: 0% 0.1GB | LR: 0.000895
  >>> 保存最优模型（验证损失：0.011224）
Epoch [116/200] | Val Loss: 0.011298 | IK: 0.010099 | FK: 0.002399 | Coupling: elbow_shoulder: 0.501 | forearm_elbow: 0.503 | wrist_forearm: 0.502 | Time: 81.9s | GPU: 0% 0.1GB | LR: 0.000878
Epoch [117/200] | Val Loss: 0.011147 | IK: 0.009961 | FK: 0.002373 | Coupling: elbow_shoulder: 0.502 | forearm_elbow: 0.502 | wrist_forearm: 0.502 | Time: 81.4s | GPU: 0% 0.1GB | LR: 0.000861
  >>> 保存最优模型（验证损失：0.011147）
Epoch [118/200] | Val Loss: 0.011087 | IK: 0.009903 | FK: 0.002369 | Coupling: elbow_shoulder: 0.499 | forearm_elbow: 0.503 | wrist_forearm: 0.502 | Time: 81.6s | GPU: 0% 0.1GB | LR: 0.000844
  >>> 保存最优模型（验证损失：0.011087）
Epoch [119/200] | Val Loss: 0.011179 | IK: 0.009991 | FK: 0.002374 | Coupling: elbow_shoulder: 0.499 | forearm_elbow: 0.502 | wrist_forearm: 0.500 | Time: 80.1s | GPU: 0% 0.1GB | LR: 0.000826
Epoch [120/200] | Val Loss: 0.011062 | IK: 0.009889 | FK: 0.002348 | Coupling: elbow_shoulder: 0.501 | forearm_elbow: 0.503 | wrist_forearm: 0.501 | Time: 82.2s | GPU: 0% 0.1GB | LR: 0.000809
  >>> 保存最优模型（验证损失：0.011062）
Epoch [121/200] | Val Loss: 0.010809 | IK: 0.009663 | FK: 0.002293 | Coupling: elbow_shoulder: 0.500 | forearm_elbow: 0.502 | wrist_forearm: 0.502 | Time: 80.9s | GPU: 0% 0.1GB | LR: 0.000792
  >>> 保存最优模型（验证损失：0.010809）
Epoch [122/200] | Val Loss: 0.010974 | IK: 0.009812 | FK: 0.002323 | Coupling: elbow_shoulder: 0.501 | forearm_elbow: 0.503 | wrist_forearm: 0.501 | Time: 81.3s | GPU: 0% 0.1GB | LR: 0.000775
Epoch [123/200] | Val Loss: 0.011219 | IK: 0.010026 | FK: 0.002386 | Coupling: elbow_shoulder: 0.502 | forearm_elbow: 0.501 | wrist_forearm: 0.501 | Time: 82.7s | GPU: 0% 0.1GB | LR: 0.000758
Epoch [124/200] | Val Loss: 0.010690 | IK: 0.009550 | FK: 0.002280 | Coupling: elbow_shoulder: 0.501 | forearm_elbow: 0.503 | wrist_forearm: 0.500 | Time: 83.1s | GPU: 0% 0.1GB | LR: 0.000741
  >>> 保存最优模型（验证损失：0.010690）
Epoch [125/200] | Val Loss: 0.010649 | IK: 0.009520 | FK: 0.002258 | Coupling: elbow_shoulder: 0.501 | forearm_elbow: 0.503 | wrist_forearm: 0.501 | Time: 82.5s | GPU: 0% 0.1GB | LR: 0.000724
  >>> 保存最优模型（验证损失：0.010649）
Epoch [126/200] | Val Loss: 0.010582 | IK: 0.009464 | FK: 0.002235 | Coupling: elbow_shoulder: 0.501 | forearm_elbow: 0.503 | wrist_forearm: 0.502 | Time: 80.5s | GPU: 0% 0.1GB | LR: 0.000708
  >>> 保存最优模型（验证损失：0.010582）
Epoch [127/200] | Val Loss: 0.010775 | IK: 0.009630 | FK: 0.002290 | Coupling: elbow_shoulder: 0.500 | forearm_elbow: 0.503 | wrist_forearm: 0.501 | Time: 80.5s | GPU: 0% 0.1GB | LR: 0.000691
Epoch [128/200] | Val Loss: 0.010446 | IK: 0.009333 | FK: 0.002225 | Coupling: elbow_shoulder: 0.502 | forearm_elbow: 0.502 | wrist_forearm: 0.502 | Time: 81.7s | GPU: 0% 0.1GB | LR: 0.000674
  >>> 保存最优模型（验证损失：0.010446）
Epoch [129/200] | Val Loss: 0.010376 | IK: 0.009274 | FK: 0.002205 | Coupling: elbow_shoulder: 0.501 | forearm_elbow: 0.503 | wrist_forearm: 0.502 | Time: 81.2s | GPU: 0% 0.1GB | LR: 0.000658
  >>> 保存最优模型（验证损失：0.010376）
Epoch [130/200] | Val Loss: 0.010395 | IK: 0.009290 | FK: 0.002211 | Coupling: elbow_shoulder: 0.500 | forearm_elbow: 0.502 | wrist_forearm: 0.501 | Time: 81.1s | GPU: 0% 0.1GB | LR: 0.000642
Epoch [131/200] | Val Loss: 0.010284 | IK: 0.009195 | FK: 0.002179 | Coupling: elbow_shoulder: 0.501 | forearm_elbow: 0.502 | wrist_forearm: 0.502 | Time: 80.1s | GPU: 0% 0.1GB | LR: 0.000625
  >>> 保存最优模型（验证损失：0.010284）
Epoch [132/200] | Val Loss: 0.010319 | IK: 0.009225 | FK: 0.002189 | Coupling: elbow_shoulder: 0.501 | forearm_elbow: 0.502 | wrist_forearm: 0.502 | Time: 81.2s | GPU: 0% 0.1GB | LR: 0.000609
Epoch [133/200] | Val Loss: 0.010214 | IK: 0.009136 | FK: 0.002157 | Coupling: elbow_shoulder: 0.500 | forearm_elbow: 0.502 | wrist_forearm: 0.502 | Time: 81.5s | GPU: 0% 0.1GB | LR: 0.000593
  >>> 保存最优模型（验证损失：0.010214）
Epoch [134/200] | Val Loss: 0.010220 | IK: 0.009134 | FK: 0.002172 | Coupling: elbow_shoulder: 0.501 | forearm_elbow: 0.503 | wrist_forearm: 0.502 | Time: 80.8s | GPU: 0% 0.1GB | LR: 0.000577
Epoch [135/200] | Val Loss: 0.010098 | IK: 0.009028 | FK: 0.002141 | Coupling: elbow_shoulder: 0.500 | forearm_elbow: 0.502 | wrist_forearm: 0.501 | Time: 80.2s | GPU: 0% 0.1GB | LR: 0.000562
  >>> 保存最优模型（验证损失：0.010098）
Epoch [136/200] | Val Loss: 0.010103 | IK: 0.009029 | FK: 0.002146 | Coupling: elbow_shoulder: 0.501 | forearm_elbow: 0.503 | wrist_forearm: 0.501 | Time: 80.1s | GPU: 0% 0.1GB | LR: 0.000546
Epoch [137/200] | Val Loss: 0.009988 | IK: 0.008928 | FK: 0.002121 | Coupling: elbow_shoulder: 0.500 | forearm_elbow: 0.502 | wrist_forearm: 0.501 | Time: 82.0s | GPU: 0% 0.1GB | LR: 0.000531
  >>> 保存最优模型（验证损失：0.009988）
Epoch [138/200] | Val Loss: 0.010197 | IK: 0.009116 | FK: 0.002161 | Coupling: elbow_shoulder: 0.501 | forearm_elbow: 0.503 | wrist_forearm: 0.502 | Time: 80.5s | GPU: 0% 0.1GB | LR: 0.000515
Epoch [139/200] | Val Loss: 0.009941 | IK: 0.008886 | FK: 0.002109 | Coupling: elbow_shoulder: 0.501 | forearm_elbow: 0.502 | wrist_forearm: 0.502 | Time: 81.6s | GPU: 0% 0.1GB | LR: 0.000500
  >>> 保存最优模型（验证损失：0.009941）
Epoch [140/200] | Val Loss: 0.009959 | IK: 0.008902 | FK: 0.002113 | Coupling: elbow_shoulder: 0.500 | forearm_elbow: 0.502 | wrist_forearm: 0.501 | Time: 83.1s | GPU: 0% 0.1GB | LR: 0.000485
Epoch [141/200] | Val Loss: 0.009818 | IK: 0.008772 | FK: 0.002091 | Coupling: elbow_shoulder: 0.501 | forearm_elbow: 0.503 | wrist_forearm: 0.502 | Time: 82.0s | GPU: 0% 0.1GB | LR: 0.000470
  >>> 保存最优模型（验证损失：0.009818）
Epoch [142/200] | Val Loss: 0.009833 | IK: 0.008790 | FK: 0.002087 | Coupling: elbow_shoulder: 0.501 | forearm_elbow: 0.502 | wrist_forearm: 0.502 | Time: 80.1s | GPU: 0% 0.1GB | LR: 0.000455
Epoch [143/200] | Val Loss: 0.009852 | IK: 0.008807 | FK: 0.002090 | Coupling: elbow_shoulder: 0.501 | forearm_elbow: 0.501 | wrist_forearm: 0.501 | Time: 81.3s | GPU: 0% 0.1GB | LR: 0.000441
Epoch [144/200] | Val Loss: 0.009748 | IK: 0.008712 | FK: 0.002072 | Coupling: elbow_shoulder: 0.501 | forearm_elbow: 0.502 | wrist_forearm: 0.501 | Time: 81.3s | GPU: 0% 0.1GB | LR: 0.000426
  >>> 保存最优模型（验证损失：0.009748）
Epoch [145/200] | Val Loss: 0.009886 | IK: 0.008839 | FK: 0.002095 | Coupling: elbow_shoulder: 0.500 | forearm_elbow: 0.502 | wrist_forearm: 0.501 | Time: 80.8s | GPU: 0% 0.1GB | LR: 0.000412
Epoch [146/200] | Val Loss: 0.009660 | IK: 0.008635 | FK: 0.002051 | Coupling: elbow_shoulder: 0.501 | forearm_elbow: 0.502 | wrist_forearm: 0.501 | Time: 83.4s | GPU: 0% 0.1GB | LR: 0.000398
  >>> 保存最优模型（验证损失：0.009660）
Epoch [147/200] | Val Loss: 0.009991 | IK: 0.008935 | FK: 0.002111 | Coupling: elbow_shoulder: 0.501 | forearm_elbow: 0.503 | wrist_forearm: 0.502 | Time: 84.9s | GPU: 0% 0.1GB | LR: 0.000384
Epoch [148/200] | Val Loss: 0.009740 | IK: 0.008708 | FK: 0.002065 | Coupling: elbow_shoulder: 0.501 | forearm_elbow: 0.503 | wrist_forearm: 0.501 | Time: 81.9s | GPU: 0% 0.1GB | LR: 0.000371
Epoch [149/200] | Val Loss: 0.009565 | IK: 0.008549 | FK: 0.002031 | Coupling: elbow_shoulder: 0.501 | forearm_elbow: 0.502 | wrist_forearm: 0.502 | Time: 80.4s | GPU: 0% 0.1GB | LR: 0.000357
  >>> 保存最优模型（验证损失：0.009565）
Epoch [150/200] | Val Loss: 0.009612 | IK: 0.008590 | FK: 0.002042 | Coupling: elbow_shoulder: 0.501 | forearm_elbow: 0.502 | wrist_forearm: 0.501 | Time: 80.2s | GPU: 0% 0.1GB | LR: 0.000344
Epoch [151/200] | Val Loss: 0.009501 | IK: 0.008495 | FK: 0.002013 | Coupling: elbow_shoulder: 0.500 | forearm_elbow: 0.502 | wrist_forearm: 0.502 | Time: 80.4s | GPU: 0% 0.1GB | LR: 0.000331
  >>> 保存最优模型（验证损失：0.009501）
Epoch [152/200] | Val Loss: 0.009561 | IK: 0.008549 | FK: 0.002026 | Coupling: elbow_shoulder: 0.501 | forearm_elbow: 0.502 | wrist_forearm: 0.501 | Time: 81.8s | GPU: 0% 0.1GB | LR: 0.000318
Epoch [153/200] | Val Loss: 0.009543 | IK: 0.008529 | FK: 0.002028 | Coupling: elbow_shoulder: 0.500 | forearm_elbow: 0.502 | wrist_forearm: 0.502 | Time: 80.9s | GPU: 0% 0.1GB | LR: 0.000305
Epoch [154/200] | Val Loss: 0.009482 | IK: 0.008475 | FK: 0.002013 | Coupling: elbow_shoulder: 0.500 | forearm_elbow: 0.502 | wrist_forearm: 0.501 | Time: 80.2s | GPU: 0% 0.1GB | LR: 0.000293
  >>> 保存最优模型（验证损失：0.009482）
Epoch [155/200] | Val Loss: 0.009445 | IK: 0.008441 | FK: 0.002007 | Coupling: elbow_shoulder: 0.500 | forearm_elbow: 0.502 | wrist_forearm: 0.501 | Time: 82.1s | GPU: 0% 0.1GB | LR: 0.000281
  >>> 保存最优模型（验证损失：0.009445）
Epoch [156/200] | Val Loss: 0.009499 | IK: 0.008491 | FK: 0.002015 | Coupling: elbow_shoulder: 0.501 | forearm_elbow: 0.502 | wrist_forearm: 0.501 | Time: 80.1s | GPU: 0% 0.1GB | LR: 0.000269
Epoch [157/200] | Val Loss: 0.009427 | IK: 0.008430 | FK: 0.001995 | Coupling: elbow_shoulder: 0.500 | forearm_elbow: 0.502 | wrist_forearm: 0.501 | Time: 81.8s | GPU: 0% 0.1GB | LR: 0.000257
  >>> 保存最优模型（验证损失：0.009427）
Epoch [158/200] | Val Loss: 0.009374 | IK: 0.008380 | FK: 0.001988 | Coupling: elbow_shoulder: 0.501 | forearm_elbow: 0.502 | wrist_forearm: 0.501 | Time: 81.5s | GPU: 0% 0.1GB | LR: 0.000245
  >>> 保存最优模型（验证损失：0.009374）
Epoch [159/200] | Val Loss: 0.009345 | IK: 0.008355 | FK: 0.001981 | Coupling: elbow_shoulder: 0.500 | forearm_elbow: 0.502 | wrist_forearm: 0.501 | Time: 82.1s | GPU: 0% 0.1GB | LR: 0.000234
  >>> 保存最优模型（验证损失：0.009345）
Epoch [160/200] | Val Loss: 0.009302 | IK: 0.008317 | FK: 0.001971 | Coupling: elbow_shoulder: 0.501 | forearm_elbow: 0.502 | wrist_forearm: 0.501 | Time: 81.2s | GPU: 0% 0.1GB | LR: 0.000223
  >>> 保存最优模型（验证损失：0.009302）
Epoch [161/200] | Val Loss: 0.009340 | IK: 0.008350 | FK: 0.001980 | Coupling: elbow_shoulder: 0.500 | forearm_elbow: 0.502 | wrist_forearm: 0.501 | Time: 81.0s | GPU: 0% 0.1GB | LR: 0.000212
Epoch [162/200] | Val Loss: 0.009307 | IK: 0.008321 | FK: 0.001972 | Coupling: elbow_shoulder: 0.501 | forearm_elbow: 0.502 | wrist_forearm: 0.501 | Time: 81.8s | GPU: 0% 0.1GB | LR: 0.000201
Epoch [163/200] | Val Loss: 0.009246 | IK: 0.008268 | FK: 0.001956 | Coupling: elbow_shoulder: 0.500 | forearm_elbow: 0.502 | wrist_forearm: 0.502 | Time: 82.3s | GPU: 0% 0.1GB | LR: 0.000191
  >>> 保存最优模型（验证损失：0.009246）
Epoch [164/200] | Val Loss: 0.009282 | IK: 0.008296 | FK: 0.001972 | Coupling: elbow_shoulder: 0.501 | forearm_elbow: 0.502 | wrist_forearm: 0.502 | Time: 81.7s | GPU: 0% 0.1GB | LR: 0.000181
Epoch [165/200] | Val Loss: 0.009213 | IK: 0.008238 | FK: 0.001951 | Coupling: elbow_shoulder: 0.500 | forearm_elbow: 0.502 | wrist_forearm: 0.502 | Time: 81.9s | GPU: 0% 0.1GB | LR: 0.000171
  >>> 保存最优模型（验证损失：0.009213）
Epoch [166/200] | Val Loss: 0.009248 | IK: 0.008272 | FK: 0.001952 | Coupling: elbow_shoulder: 0.500 | forearm_elbow: 0.502 | wrist_forearm: 0.501 | Time: 82.6s | GPU: 0% 0.1GB | LR: 0.000161
Epoch [167/200] | Val Loss: 0.009174 | IK: 0.008201 | FK: 0.001946 | Coupling: elbow_shoulder: 0.500 | forearm_elbow: 0.502 | wrist_forearm: 0.501 | Time: 80.6s | GPU: 0% 0.1GB | LR: 0.000152
  >>> 保存最优模型（验证损失：0.009174）
Epoch [168/200] | Val Loss: 0.009209 | IK: 0.008232 | FK: 0.001954 | Coupling: elbow_shoulder: 0.501 | forearm_elbow: 0.502 | wrist_forearm: 0.501 | Time: 84.5s | GPU: 0% 0.1GB | LR: 0.000143
Epoch [169/200] | Val Loss: 0.009160 | IK: 0.008189 | FK: 0.001942 | Coupling: elbow_shoulder: 0.501 | forearm_elbow: 0.502 | wrist_forearm: 0.501 | Time: 81.1s | GPU: 0% 0.1GB | LR: 0.000134
  >>> 保存最优模型（验证损失：0.009160）
Epoch [170/200] | Val Loss: 0.009134 | IK: 0.008167 | FK: 0.001935 | Coupling: elbow_shoulder: 0.500 | forearm_elbow: 0.502 | wrist_forearm: 0.501 | Time: 82.5s | GPU: 0% 0.1GB | LR: 0.000125
  >>> 保存最优模型（验证损失：0.009134）
Epoch [171/200] | Val Loss: 0.009133 | IK: 0.008167 | FK: 0.001933 | Coupling: elbow_shoulder: 0.501 | forearm_elbow: 0.502 | wrist_forearm: 0.501 | Time: 79.6s | GPU: 0% 0.1GB | LR: 0.000117
  >>> 保存最优模型（验证损失：0.009133）
Epoch [172/200] | Val Loss: 0.009122 | IK: 0.008155 | FK: 0.001934 | Coupling: elbow_shoulder: 0.501 | forearm_elbow: 0.502 | wrist_forearm: 0.501 | Time: 81.3s | GPU: 0% 0.1GB | LR: 0.000109
  >>> 保存最优模型（验证损失：0.009122）
Epoch [173/200] | Val Loss: 0.009123 | IK: 0.008158 | FK: 0.001931 | Coupling: elbow_shoulder: 0.501 | forearm_elbow: 0.502 | wrist_forearm: 0.501 | Time: 82.1s | GPU: 0% 0.1GB | LR: 0.000101
Epoch [174/200] | Val Loss: 0.009099 | IK: 0.008135 | FK: 0.001928 | Coupling: elbow_shoulder: 0.500 | forearm_elbow: 0.502 | wrist_forearm: 0.501 | Time: 81.9s | GPU: 0% 0.1GB | LR: 0.000094
  >>> 保存最优模型（验证损失：0.009099）
Epoch [175/200] | Val Loss: 0.009097 | IK: 0.008135 | FK: 0.001925 | Coupling: elbow_shoulder: 0.501 | forearm_elbow: 0.502 | wrist_forearm: 0.501 | Time: 84.5s | GPU: 0% 0.1GB | LR: 0.000086
  >>> 保存最优模型（验证损失：0.009097）
Epoch [176/200] | Val Loss: 0.009089 | IK: 0.008126 | FK: 0.001926 | Coupling: elbow_shoulder: 0.501 | forearm_elbow: 0.502 | wrist_forearm: 0.501 | Time: 82.8s | GPU: 0% 0.1GB | LR: 0.000079
  >>> 保存最优模型（验证损失：0.009089）
Epoch [177/200] | Val Loss: 0.009075 | IK: 0.008114 | FK: 0.001922 | Coupling: elbow_shoulder: 0.500 | forearm_elbow: 0.502 | wrist_forearm: 0.501 | Time: 80.4s | GPU: 0% 0.1GB | LR: 0.000073
  >>> 保存最优模型（验证损失：0.009075）
Epoch [178/200] | Val Loss: 0.009065 | IK: 0.008105 | FK: 0.001920 | Coupling: elbow_shoulder: 0.500 | forearm_elbow: 0.502 | wrist_forearm: 0.501 | Time: 82.0s | GPU: 0% 0.1GB | LR: 0.000066
  >>> 保存最优模型（验证损失：0.009065）
Epoch [179/200] | Val Loss: 0.009050 | IK: 0.008092 | FK: 0.001917 | Coupling: elbow_shoulder: 0.501 | forearm_elbow: 0.502 | wrist_forearm: 0.501 | Time: 80.8s | GPU: 0% 0.1GB | LR: 0.000060
  >>> 保存最优模型（验证损失：0.009050）
Epoch [180/200] | Val Loss: 0.009057 | IK: 0.008098 | FK: 0.001919 | Coupling: elbow_shoulder: 0.501 | forearm_elbow: 0.502 | wrist_forearm: 0.501 | Time: 82.5s | GPU: 0% 0.1GB | LR: 0.000054
Epoch [181/200] | Val Loss: 0.009037 | IK: 0.008080 | FK: 0.001915 | Coupling: elbow_shoulder: 0.501 | forearm_elbow: 0.502 | wrist_forearm: 0.501 | Time: 80.1s | GPU: 0% 0.1GB | LR: 0.000049
  >>> 保存最优模型（验证损失：0.009037）
Epoch [182/200] | Val Loss: 0.009042 | IK: 0.008085 | FK: 0.001914 | Coupling: elbow_shoulder: 0.500 | forearm_elbow: 0.502 | wrist_forearm: 0.501 | Time: 82.1s | GPU: 0% 0.1GB | LR: 0.000044
Epoch [183/200] | Val Loss: 0.009031 | IK: 0.008075 | FK: 0.001912 | Coupling: elbow_shoulder: 0.501 | forearm_elbow: 0.502 | wrist_forearm: 0.501 | Time: 80.7s | GPU: 0% 0.1GB | LR: 0.000039
  >>> 保存最优模型（验证损失：0.009031）
Epoch [184/200] | Val Loss: 0.009033 | IK: 0.008076 | FK: 0.001915 | Coupling: elbow_shoulder: 0.500 | forearm_elbow: 0.502 | wrist_forearm: 0.501 | Time: 83.8s | GPU: 0% 0.1GB | LR: 0.000034
Epoch [185/200] | Val Loss: 0.009029 | IK: 0.008073 | FK: 0.001912 | Coupling: elbow_shoulder: 0.500 | forearm_elbow: 0.502 | wrist_forearm: 0.501 | Time: 81.9s | GPU: 0% 0.1GB | LR: 0.000030
  >>> 保存最优模型（验证损失：0.009029）
Epoch [186/200] | Val Loss: 0.009025 | IK: 0.008069 | FK: 0.001911 | Coupling: elbow_shoulder: 0.501 | forearm_elbow: 0.502 | wrist_forearm: 0.501 | Time: 82.0s | GPU: 0% 0.1GB | LR: 0.000026
  >>> 保存最优模型（验证损失：0.009025）
Epoch [187/200] | Val Loss: 0.009018 | IK: 0.008063 | FK: 0.001910 | Coupling: elbow_shoulder: 0.501 | forearm_elbow: 0.502 | wrist_forearm: 0.501 | Time: 82.5s | GPU: 0% 0.1GB | LR: 0.000022
  >>> 保存最优模型（验证损失：0.009018）
Epoch [188/200] | Val Loss: 0.009013 | IK: 0.008059 | FK: 0.001909 | Coupling: elbow_shoulder: 0.501 | forearm_elbow: 0.502 | wrist_forearm: 0.501 | Time: 80.7s | GPU: 0% 0.1GB | LR: 0.000018
  >>> 保存最优模型（验证损失：0.009013）
Epoch [189/200] | Val Loss: 0.009016 | IK: 0.008061 | FK: 0.001909 | Coupling: elbow_shoulder: 0.501 | forearm_elbow: 0.502 | wrist_forearm: 0.501 | Time: 80.8s | GPU: 0% 0.1GB | LR: 0.000015
Epoch [190/200] | Val Loss: 0.009013 | IK: 0.008059 | FK: 0.001909 | Coupling: elbow_shoulder: 0.501 | forearm_elbow: 0.502 | wrist_forearm: 0.501 | Time: 82.1s | GPU: 0% 0.1GB | LR: 0.000012
  >>> 保存最优模型（验证损失：0.009013）
Epoch [191/200] | Val Loss: 0.009015 | IK: 0.008061 | FK: 0.001909 | Coupling: elbow_shoulder: 0.501 | forearm_elbow: 0.502 | wrist_forearm: 0.501 | Time: 82.8s | GPU: 0% 0.1GB | LR: 0.000010
Epoch [192/200] | Val Loss: 0.009008 | IK: 0.008054 | FK: 0.001908 | Coupling: elbow_shoulder: 0.501 | forearm_elbow: 0.502 | wrist_forearm: 0.501 | Time: 81.8s | GPU: 0% 0.1GB | LR: 0.000007
  >>> 保存最优模型（验证损失：0.009008）
Epoch [193/200] | Val Loss: 0.009007 | IK: 0.008053 | FK: 0.001908 | Coupling: elbow_shoulder: 0.501 | forearm_elbow: 0.502 | wrist_forearm: 0.501 | Time: 80.6s | GPU: 0% 0.1GB | LR: 0.000005
  >>> 保存最优模型（验证损失：0.009007）
Epoch [194/200] | Val Loss: 0.009006 | IK: 0.008052 | FK: 0.001907 | Coupling: elbow_shoulder: 0.501 | forearm_elbow: 0.502 | wrist_forearm: 0.501 | Time: 80.2s | GPU: 0% 0.1GB | LR: 0.000004
  >>> 保存最优模型（验证损失：0.009006）
Epoch [195/200] | Val Loss: 0.009005 | IK: 0.008051 | FK: 0.001907 | Coupling: elbow_shoulder: 0.501 | forearm_elbow: 0.502 | wrist_forearm: 0.501 | Time: 80.3s | GPU: 0% 0.1GB | LR: 0.000002
  >>> 保存最优模型（验证损失：0.009005）
Epoch [196/200] | Val Loss: 0.009006 | IK: 0.008053 | FK: 0.001907 | Coupling: elbow_shoulder: 0.501 | forearm_elbow: 0.502 | wrist_forearm: 0.501 | Time: 82.9s | GPU: 0% 0.1GB | LR: 0.000001
Epoch [197/200] | Val Loss: 0.009006 | IK: 0.008052 | FK: 0.001907 | Coupling: elbow_shoulder: 0.501 | forearm_elbow: 0.502 | wrist_forearm: 0.501 | Time: 81.3s | GPU: 0% 0.1GB | LR: 0.000001
Epoch [198/200] | Val Loss: 0.009006 | IK: 0.008052 | FK: 0.001907 | Coupling: elbow_shoulder: 0.501 | forearm_elbow: 0.502 | wrist_forearm: 0.501 | Time: 80.2s | GPU: 0% 0.1GB | LR: 0.000000
Epoch [199/200] | Val Loss: 0.009005 | IK: 0.008052 | FK: 0.001907 | Coupling: elbow_shoulder: 0.501 | forearm_elbow: 0.502 | wrist_forearm: 0.501 | Time: 78.6s | GPU: 0% 0.1GB | LR: 0.000000

训练完成！
最优验证损失: 0.009005
平均epoch时间: 81.2s
模型保存至: /home/bonuli/Pieper/pieper1802/explicit_coupling_ik_optimized.pth
