======================================================================
训练基于隐式神经场的IK模型（2003 - 历史位姿版本）
======================================================================
核心特性:
  1. 使用10帧历史位姿（从X提取）
  2. 时序卷积编码器处理运动轨迹
  3. 避免自回归误差累积
  4. 集成模型: 8个
  5. 隐藏层: 2000

关节损失权重:
  J0 (Shoulder Pitch ): 1.60
  J1 (Shoulder Roll  ): 2.00
  J2 (Shoulder Yaw   ): 1.60
  J3 (Elbow          ): 2.50
  J4 (Forearm Roll   ): 1.00
  J5 (Wrist Yaw      ): 0.70
  J6 (Wrist Pitch    ): 0.60

加载数据集...
加载窗口化数据集: /data0/wwb_data/ygx_data/data_ygx_pose+dof/ACCAD_CMU_merged_training_data.npz
  样本数: 3614699
  窗口大小: 10
  输入维度（机器人角度）: 7
  输出维度（人位姿+机器人角度）: 14
加载窗口化数据集: /data0/wwb_data/ygx_data/data_ygx_pose+dof/ACCAD_CMU_merged_training_data.npz
  样本数: 3614699
  窗口大小: 10
  输入维度（机器人角度）: 7
  输出维度（人位姿+机器人角度）: 14
训练集样本数: 3253229
验证集样本数: 361470
训练集数据增强: False
验证集数据增强: False（始终关闭）

计算数据集统计信息...

创建模型: implicit_ik
模型参数量: 30.30M

加载FK模型...
✓ Pinocchio模型加载成功
  URDF: /home/bonuli/xr_teleoperate/assets/g1/g1_body29_hand14.urdf
  关节数: 7
  腕部frame: left_wrist_yaw_link (ID: 55)
✓ 成功加载Pinocchio FK模型
✓ FK模型加载成功

开始训练（150 epochs）...
Epoch [0/150] | Train Loss: 0.004550 | Val Loss: 0.000756 | Train R²: 0.991047 | Val R²: 0.998528 | IK: 0.0044 | FK: 0.000102 | LR: 0.000999 | Time: 215.1s
  >>> 保存最优模型（验证损失：0.000756）
Epoch [1/150] | Train Loss: 0.001100 | Val Loss: 0.000427 | Train R²: 0.997852 | Val R²: 0.999127 | IK: 0.0011 | FK: 0.000027 | LR: 0.000998 | Time: 209.9s
  >>> 保存最优模型（验证损失：0.000427）
Epoch [2/150] | Train Loss: 0.000962 | Val Loss: 0.000443 | Train R²: 0.998133 | Val R²: 0.999143 | IK: 0.0009 | FK: 0.000023 | LR: 0.000995 | Time: 215.6s
Epoch [3/150] | Train Loss: 0.000915 | Val Loss: 0.000556 | Train R²: 0.998235 | Val R²: 0.998882 | IK: 0.0009 | FK: 0.000022 | LR: 0.000992 | Time: 210.0s
