======================================================================
训练大容量改进IK模型
======================================================================
  架构: hidden_dim=512, heads=8, layers=5
加载数据: /data0/wwb_data/ygx_data/data_ygx_pose+dof/ACCAD_CMU_merged_training_data.npz
  预加载到GPU...
  ✓ 数据已预加载到GPU
  训练集: 3253229
  验证集: 361470
  加载时间: 4.61s

创建模型...
  参数量: 24.19M

✓ GPU FK 加载成功

开始训练...
  batches/epoch: 1589

Epoch [0/100] | LR: 0.000020
  Progress: 6.3% | Loss: 0.654666 | IK: 0.6381 | FK: 0.082926
  Progress: 12.6% | Loss: 0.026089 | IK: 0.0254 | FK: 0.003545
  Progress: 18.9% | Loss: 0.086710 | IK: 0.0833 | FK: 0.016839
  Progress: 25.2% | Loss: 0.024088 | IK: 0.0232 | FK: 0.004325
  Progress: 31.5% | Loss: 0.253205 | IK: 0.2421 | FK: 0.055748
  Progress: 37.8% | Loss: 0.097374 | IK: 0.0931 | FK: 0.021359
  Progress: 44.1% | Loss: 0.012711 | IK: 0.0124 | FK: 0.001399
  Progress: 50.3% | Loss: 0.015560 | IK: 0.0152 | FK: 0.002001
  Progress: 56.6% | Loss: 0.359338 | IK: 0.3514 | FK: 0.039800
  Progress: 62.9% | Loss: 0.046836 | IK: 0.0439 | FK: 0.014613
  Progress: 69.2% | Loss: 0.002743 | IK: 0.0025 | FK: 0.001146
  Progress: 75.5% | Loss: 0.006114 | IK: 0.0060 | FK: 0.000704
  Progress: 81.8% | Loss: 0.082045 | IK: 0.0796 | FK: 0.012450
  Progress: 88.1% | Loss: 0.043277 | IK: 0.0406 | FK: 0.013519
  Progress: 94.4% | Loss: 0.057295 | IK: 0.0546 | FK: 0.013439

============================================================
Epoch [0/100] | Time: 155.2s
  Train Loss: 0.125442
  IK: 0.1211 | FK: 0.021547
  Val MAE: 0.247114 | Val MSE: 0.200643
============================================================
  >>> 保存最优模型 (val_mae: 0.247114)

Epoch [1/100] | LR: 0.000040
  Progress: 6.3% | Loss: 0.632097 | IK: 0.6213 | FK: 0.054147
  Progress: 12.6% | Loss: 0.018860 | IK: 0.0184 | FK: 0.002053
  Progress: 18.9% | Loss: 0.057308 | IK: 0.0542 | FK: 0.015568
  Progress: 25.2% | Loss: 0.025562 | IK: 0.0244 | FK: 0.005989
  Progress: 31.5% | Loss: 0.147904 | IK: 0.1405 | FK: 0.037129
  Progress: 37.8% | Loss: 0.062255 | IK: 0.0604 | FK: 0.009369
  Progress: 44.1% | Loss: 0.012612 | IK: 0.0122 | FK: 0.001875
  Progress: 50.3% | Loss: 0.006923 | IK: 0.0067 | FK: 0.000874
  Progress: 56.6% | Loss: 0.343069 | IK: 0.3359 | FK: 0.036073
  Progress: 62.9% | Loss: 0.047986 | IK: 0.0453 | FK: 0.013181
  Progress: 69.2% | Loss: 0.003909 | IK: 0.0036 | FK: 0.001419
  Progress: 75.5% | Loss: 0.005503 | IK: 0.0054 | FK: 0.000326
  Progress: 81.8% | Loss: 0.073923 | IK: 0.0719 | FK: 0.009930
  Progress: 88.1% | Loss: 0.033045 | IK: 0.0311 | FK: 0.009778
  Progress: 94.4% | Loss: 0.038982 | IK: 0.0374 | FK: 0.007659

============================================================
Epoch [1/100] | Time: 154.9s
  Train Loss: 0.104360
  IK: 0.1009 | FK: 0.017310
  Val MAE: 0.245357 | Val MSE: 0.205169
============================================================
  >>> 保存最优模型 (val_mae: 0.245357)

Epoch [2/100] | LR: 0.000060
  Progress: 6.3% | Loss: 0.608672 | IK: 0.5972 | FK: 0.057167
  Progress: 12.6% | Loss: 0.014830 | IK: 0.0144 | FK: 0.002029
  Progress: 18.9% | Loss: 0.056984 | IK: 0.0542 | FK: 0.013809
  Progress: 25.2% | Loss: 0.024920 | IK: 0.0241 | FK: 0.004300
  Progress: 31.5% | Loss: 0.104742 | IK: 0.0998 | FK: 0.024704
  Progress: 37.8% | Loss: 0.065081 | IK: 0.0629 | FK: 0.010858
  Progress: 44.1% | Loss: 0.013156 | IK: 0.0126 | FK: 0.002535
  Progress: 50.3% | Loss: 0.005723 | IK: 0.0055 | FK: 0.000991
  Progress: 56.6% | Loss: 0.345378 | IK: 0.3382 | FK: 0.035822
  Progress: 62.9% | Loss: 0.042118 | IK: 0.0400 | FK: 0.010418
  Progress: 69.2% | Loss: 0.004004 | IK: 0.0037 | FK: 0.001378
  Progress: 75.5% | Loss: 0.005915 | IK: 0.0059 | FK: 0.000289
  Progress: 81.8% | Loss: 0.074994 | IK: 0.0729 | FK: 0.010485
  Progress: 88.1% | Loss: 0.030604 | IK: 0.0288 | FK: 0.008838
  Progress: 94.4% | Loss: 0.035635 | IK: 0.0343 | FK: 0.006518

============================================================
Epoch [2/100] | Time: 155.4s
  Train Loss: 0.102502
  IK: 0.0991 | FK: 0.017117
  Val MAE: 0.246515 | Val MSE: 0.204362
============================================================
  无改善 (1/15)

Epoch [3/100] | LR: 0.000080
  Progress: 6.3% | Loss: 0.562421 | IK: 0.5491 | FK: 0.066408
  Progress: 12.6% | Loss: 0.016009 | IK: 0.0155 | FK: 0.002345
  Progress: 18.9% | Loss: 0.058411 | IK: 0.0559 | FK: 0.012455
  Progress: 25.2% | Loss: 0.016191 | IK: 0.0156 | FK: 0.002887
  Progress: 31.5% | Loss: 0.109556 | IK: 0.1032 | FK: 0.031749
  Progress: 37.8% | Loss: 0.069459 | IK: 0.0671 | FK: 0.011806
  Progress: 44.1% | Loss: 0.013567 | IK: 0.0131 | FK: 0.002510
  Progress: 50.3% | Loss: 0.007526 | IK: 0.0072 | FK: 0.001434
  Progress: 56.6% | Loss: 0.343431 | IK: 0.3366 | FK: 0.034036
  Progress: 62.9% | Loss: 0.044798 | IK: 0.0424 | FK: 0.012047
  Progress: 69.2% | Loss: 0.003743 | IK: 0.0035 | FK: 0.001198
  Progress: 75.5% | Loss: 0.004522 | IK: 0.0045 | FK: 0.000277
  Progress: 81.8% | Loss: 0.073212 | IK: 0.0711 | FK: 0.010785
  Progress: 88.1% | Loss: 0.031939 | IK: 0.0302 | FK: 0.008686
  Progress: 94.4% | Loss: 0.034411 | IK: 0.0333 | FK: 0.005793

============================================================
Epoch [3/100] | Time: 154.5s
  Train Loss: 0.101864
  IK: 0.0984 | FK: 0.017225
  Val MAE: 0.245298 | Val MSE: 0.201824
============================================================
  >>> 保存最优模型 (val_mae: 0.245298)

Epoch [4/100] | LR: 0.000100
  Progress: 6.3% | Loss: 0.562575 | IK: 0.5497 | FK: 0.064245
  Progress: 12.6% | Loss: 0.017566 | IK: 0.0170 | FK: 0.002870
  Progress: 18.9% | Loss: 0.053083 | IK: 0.0507 | FK: 0.011682
  Progress: 25.2% | Loss: 0.018318 | IK: 0.0179 | FK: 0.002278
  Progress: 31.5% | Loss: 0.092468 | IK: 0.0877 | FK: 0.023644
  Progress: 37.8% | Loss: 0.075698 | IK: 0.0725 | FK: 0.015780
  Progress: 44.1% | Loss: 0.012845 | IK: 0.0125 | FK: 0.001721
  Progress: 50.3% | Loss: 0.007016 | IK: 0.0067 | FK: 0.001400
  Progress: 56.6% | Loss: 0.341349 | IK: 0.3347 | FK: 0.033455
  Progress: 62.9% | Loss: 0.039903 | IK: 0.0377 | FK: 0.010915
  Progress: 69.2% | Loss: 0.002749 | IK: 0.0026 | FK: 0.000695
  Progress: 75.5% | Loss: 0.005283 | IK: 0.0052 | FK: 0.000650
  Progress: 81.8% | Loss: 0.073717 | IK: 0.0715 | FK: 0.010851
  Progress: 88.1% | Loss: 0.032858 | IK: 0.0311 | FK: 0.008935
  Progress: 94.4% | Loss: 0.032010 | IK: 0.0309 | FK: 0.005313

============================================================
Epoch [4/100] | Time: 155.4s
  Train Loss: 0.100732
  IK: 0.0973 | FK: 0.017102
  Val MAE: 0.238203 | Val MSE: 0.196709
============================================================
  >>> 保存最优模型 (val_mae: 0.238203)

Epoch [5/100] | LR: 0.000100
  Progress: 6.3% | Loss: 0.556857 | IK: 0.5461 | FK: 0.053834
  Progress: 12.6% | Loss: 0.015818 | IK: 0.0153 | FK: 0.002353
  Progress: 18.9% | Loss: 0.044420 | IK: 0.0424 | FK: 0.010245
  Progress: 25.2% | Loss: 0.015813 | IK: 0.0153 | FK: 0.002600
  Progress: 31.5% | Loss: 0.085149 | IK: 0.0815 | FK: 0.018386
  Progress: 37.8% | Loss: 0.049360 | IK: 0.0479 | FK: 0.007391
  Progress: 44.1% | Loss: 0.011241 | IK: 0.0107 | FK: 0.002519
  Progress: 50.3% | Loss: 0.005805 | IK: 0.0056 | FK: 0.001104
  Progress: 56.6% | Loss: 0.335823 | IK: 0.3288 | FK: 0.035014
  Progress: 62.9% | Loss: 0.037457 | IK: 0.0351 | FK: 0.011683
  Progress: 69.2% | Loss: 0.002053 | IK: 0.0020 | FK: 0.000441
  Progress: 75.5% | Loss: 0.004031 | IK: 0.0039 | FK: 0.000734
  Progress: 81.8% | Loss: 0.070899 | IK: 0.0689 | FK: 0.010228
  Progress: 88.1% | Loss: 0.033486 | IK: 0.0317 | FK: 0.008707
  Progress: 94.4% | Loss: 0.028669 | IK: 0.0277 | FK: 0.004728

============================================================
Epoch [5/100] | Time: 155.1s
  Train Loss: 0.097888
  IK: 0.0946 | FK: 0.016558
  Val MAE: 0.227567 | Val MSE: 0.193307
============================================================
  >>> 保存最优模型 (val_mae: 0.227567)

Epoch [6/100] | LR: 0.000100
  Progress: 6.3% | Loss: 0.553555 | IK: 0.5435 | FK: 0.050397
  Progress: 12.6% | Loss: 0.014870 | IK: 0.0145 | FK: 0.001925
  Progress: 18.9% | Loss: 0.040213 | IK: 0.0380 | FK: 0.010832
  Progress: 25.2% | Loss: 0.015287 | IK: 0.0148 | FK: 0.002375
  Progress: 31.5% | Loss: 0.064240 | IK: 0.0616 | FK: 0.013243
  Progress: 37.8% | Loss: 0.044501 | IK: 0.0434 | FK: 0.005663
  Progress: 44.1% | Loss: 0.011634 | IK: 0.0112 | FK: 0.002327
  Progress: 50.3% | Loss: 0.005731 | IK: 0.0055 | FK: 0.000950
  Progress: 56.6% | Loss: 0.331728 | IK: 0.3248 | FK: 0.034725
  Progress: 62.9% | Loss: 0.041226 | IK: 0.0386 | FK: 0.012950
  Progress: 69.2% | Loss: 0.002519 | IK: 0.0023 | FK: 0.000903
  Progress: 75.5% | Loss: 0.003985 | IK: 0.0038 | FK: 0.000932
  Progress: 81.8% | Loss: 0.056635 | IK: 0.0549 | FK: 0.008641
  Progress: 88.1% | Loss: 0.031394 | IK: 0.0298 | FK: 0.008151
  Progress: 94.4% | Loss: 0.037702 | IK: 0.0364 | FK: 0.006554

============================================================
Epoch [6/100] | Time: 127.3s
  Train Loss: 0.095765
  IK: 0.0925 | FK: 0.016170
  Val MAE: 0.230907 | Val MSE: 0.193368
============================================================
  无改善 (1/15)

Epoch [7/100] | LR: 0.000100
  Progress: 6.3% | Loss: 0.539358 | IK: 0.5294 | FK: 0.049876
  Progress: 12.6% | Loss: 0.014840 | IK: 0.0145 | FK: 0.001642
  Progress: 18.9% | Loss: 0.037926 | IK: 0.0362 | FK: 0.008509
  Progress: 25.2% | Loss: 0.014366 | IK: 0.0138 | FK: 0.003071
  Progress: 31.5% | Loss: 0.065726 | IK: 0.0633 | FK: 0.012242
  Progress: 37.8% | Loss: 0.039370 | IK: 0.0382 | FK: 0.006058
  Progress: 44.1% | Loss: 0.011496 | IK: 0.0111 | FK: 0.002166
  Progress: 50.3% | Loss: 0.005524 | IK: 0.0054 | FK: 0.000790
  Progress: 56.6% | Loss: 0.337966 | IK: 0.3312 | FK: 0.033824
  Progress: 62.9% | Loss: 0.040594 | IK: 0.0382 | FK: 0.011877
  Progress: 69.2% | Loss: 0.002472 | IK: 0.0023 | FK: 0.000825
  Progress: 75.5% | Loss: 0.003300 | IK: 0.0032 | FK: 0.000681
  Progress: 81.8% | Loss: 0.066598 | IK: 0.0648 | FK: 0.008951
  Progress: 88.1% | Loss: 0.030046 | IK: 0.0284 | FK: 0.008015
  Progress: 94.4% | Loss: 0.037081 | IK: 0.0356 | FK: 0.007611

============================================================
Epoch [7/100] | Time: 93.9s
  Train Loss: 0.093808
  IK: 0.0906 | FK: 0.015867
  Val MAE: 0.225417 | Val MSE: 0.194048
============================================================
  >>> 保存最优模型 (val_mae: 0.225417)

Epoch [8/100] | LR: 0.000100
  Progress: 6.3% | Loss: 0.529465 | IK: 0.5192 | FK: 0.051227
  Progress: 12.6% | Loss: 0.014997 | IK: 0.0147 | FK: 0.001302
  Progress: 18.9% | Loss: 0.031548 | IK: 0.0301 | FK: 0.007486
  Progress: 25.2% | Loss: 0.014495 | IK: 0.0136 | FK: 0.004308
  Progress: 31.5% | Loss: 0.057175 | IK: 0.0548 | FK: 0.011834
  Progress: 37.8% | Loss: 0.036738 | IK: 0.0355 | FK: 0.006221
  Progress: 44.1% | Loss: 0.010185 | IK: 0.0099 | FK: 0.001563
  Progress: 50.3% | Loss: 0.005579 | IK: 0.0054 | FK: 0.000765
  Progress: 56.6% | Loss: 0.339001 | IK: 0.3323 | FK: 0.033296
  Progress: 62.9% | Loss: 0.047519 | IK: 0.0448 | FK: 0.013525
  Progress: 69.2% | Loss: 0.002273 | IK: 0.0021 | FK: 0.000622
  Progress: 75.5% | Loss: 0.003852 | IK: 0.0037 | FK: 0.000872
  Progress: 81.8% | Loss: 0.058021 | IK: 0.0564 | FK: 0.008287
  Progress: 88.1% | Loss: 0.026826 | IK: 0.0255 | FK: 0.006846
  Progress: 94.4% | Loss: 0.035359 | IK: 0.0336 | FK: 0.008744

============================================================
Epoch [8/100] | Time: 93.9s
  Train Loss: 0.093061
  IK: 0.0900 | FK: 0.015278
  Val MAE: 0.220993 | Val MSE: 0.194269
============================================================
  >>> 保存最优模型 (val_mae: 0.220993)

Epoch [9/100] | LR: 0.000100
  Progress: 6.3% | Loss: 0.515415 | IK: 0.5053 | FK: 0.050526
  Progress: 12.6% | Loss: 0.014913 | IK: 0.0147 | FK: 0.001078
  Progress: 18.9% | Loss: 0.031034 | IK: 0.0297 | FK: 0.006815
  Progress: 25.2% | Loss: 0.022901 | IK: 0.0214 | FK: 0.007373
  Progress: 31.5% | Loss: 0.049421 | IK: 0.0477 | FK: 0.008608
  Progress: 37.8% | Loss: 0.037231 | IK: 0.0359 | FK: 0.006720
  Progress: 44.1% | Loss: 0.009685 | IK: 0.0093 | FK: 0.001919
  Progress: 50.3% | Loss: 0.005469 | IK: 0.0053 | FK: 0.000707
  Progress: 56.6% | Loss: 0.334934 | IK: 0.3281 | FK: 0.033976
  Progress: 62.9% | Loss: 0.039576 | IK: 0.0371 | FK: 0.012396
  Progress: 69.2% | Loss: 0.002462 | IK: 0.0023 | FK: 0.000768
  Progress: 75.5% | Loss: 0.003803 | IK: 0.0036 | FK: 0.000939
  Progress: 81.8% | Loss: 0.053252 | IK: 0.0515 | FK: 0.008626
  Progress: 88.1% | Loss: 0.028457 | IK: 0.0270 | FK: 0.007440
  Progress: 94.4% | Loss: 0.032208 | IK: 0.0307 | FK: 0.007512

============================================================
Epoch [9/100] | Time: 94.4s
  Train Loss: 0.092369
  IK: 0.0893 | FK: 0.015128
  Val MAE: 0.222022 | Val MSE: 0.195542
============================================================
  无改善 (1/15)

Epoch [10/100] | LR: 0.000099
  Progress: 6.3% | Loss: 0.499714 | IK: 0.4892 | FK: 0.052797
  Progress: 12.6% | Loss: 0.017224 | IK: 0.0170 | FK: 0.000879
  Progress: 18.9% | Loss: 0.033138 | IK: 0.0318 | FK: 0.006894
  Progress: 25.2% | Loss: 0.012803 | IK: 0.0122 | FK: 0.003184
  Progress: 31.5% | Loss: 0.049366 | IK: 0.0473 | FK: 0.010438
  Progress: 37.8% | Loss: 0.039645 | IK: 0.0382 | FK: 0.006979
  Progress: 44.1% | Loss: 0.010444 | IK: 0.0101 | FK: 0.001615
  Progress: 50.3% | Loss: 0.004953 | IK: 0.0048 | FK: 0.000669
  Progress: 56.6% | Loss: 0.330842 | IK: 0.3237 | FK: 0.035582
  Progress: 62.9% | Loss: 0.043945 | IK: 0.0410 | FK: 0.014856
  Progress: 69.2% | Loss: 0.001714 | IK: 0.0016 | FK: 0.000457
  Progress: 75.5% | Loss: 0.002807 | IK: 0.0027 | FK: 0.000356
  Progress: 81.8% | Loss: 0.053071 | IK: 0.0514 | FK: 0.008104
  Progress: 88.1% | Loss: 0.025330 | IK: 0.0240 | FK: 0.006438
  Progress: 94.4% | Loss: 0.031695 | IK: 0.0301 | FK: 0.007823

============================================================
Epoch [10/100] | Time: 93.5s
  Train Loss: 0.091015
  IK: 0.0880 | FK: 0.015112
  Val MAE: 0.221725 | Val MSE: 0.197260
============================================================
  无改善 (2/15)

Epoch [11/100] | LR: 0.000099
  Progress: 6.3% | Loss: 0.492004 | IK: 0.4813 | FK: 0.053741
  Progress: 12.6% | Loss: 0.016801 | IK: 0.0166 | FK: 0.001048
  Progress: 18.9% | Loss: 0.030639 | IK: 0.0292 | FK: 0.007173
  Progress: 25.2% | Loss: 0.012393 | IK: 0.0118 | FK: 0.003210
  Progress: 31.5% | Loss: 0.047592 | IK: 0.0455 | FK: 0.010407
  Progress: 37.8% | Loss: 0.039153 | IK: 0.0378 | FK: 0.006634
  Progress: 44.1% | Loss: 0.008768 | IK: 0.0084 | FK: 0.001789
  Progress: 50.3% | Loss: 0.004470 | IK: 0.0043 | FK: 0.000659
  Progress: 56.6% | Loss: 0.330812 | IK: 0.3238 | FK: 0.035029
  Progress: 62.9% | Loss: 0.041564 | IK: 0.0388 | FK: 0.013806
  Progress: 69.2% | Loss: 0.001569 | IK: 0.0015 | FK: 0.000457
  Progress: 75.5% | Loss: 0.003071 | IK: 0.0029 | FK: 0.000639
  Progress: 81.8% | Loss: 0.060918 | IK: 0.0592 | FK: 0.008576
  Progress: 88.1% | Loss: 0.025093 | IK: 0.0237 | FK: 0.006845
  Progress: 94.4% | Loss: 0.028735 | IK: 0.0274 | FK: 0.006894

============================================================
Epoch [11/100] | Time: 93.7s
  Train Loss: 0.090148
  IK: 0.0872 | FK: 0.014881
  Val MAE: 0.220227 | Val MSE: 0.197615
============================================================
  >>> 保存最优模型 (val_mae: 0.220227)

Epoch [12/100] | LR: 0.000099
  Progress: 6.3% | Loss: 0.491322 | IK: 0.4802 | FK: 0.055449
  Progress: 12.6% | Loss: 0.019827 | IK: 0.0196 | FK: 0.001133
  Progress: 18.9% | Loss: 0.026275 | IK: 0.0250 | FK: 0.006367
  Progress: 25.2% | Loss: 0.011213 | IK: 0.0106 | FK: 0.003089
  Progress: 31.5% | Loss: 0.038308 | IK: 0.0366 | FK: 0.008453
  Progress: 37.8% | Loss: 0.041400 | IK: 0.0400 | FK: 0.007160
  Progress: 44.1% | Loss: 0.009035 | IK: 0.0088 | FK: 0.001351
  Progress: 50.3% | Loss: 0.004505 | IK: 0.0044 | FK: 0.000651
  Progress: 56.6% | Loss: 0.332249 | IK: 0.3251 | FK: 0.035499
  Progress: 62.9% | Loss: 0.041607 | IK: 0.0390 | FK: 0.012976
  Progress: 69.2% | Loss: 0.002448 | IK: 0.0023 | FK: 0.000660
  Progress: 75.5% | Loss: 0.003169 | IK: 0.0030 | FK: 0.000601
  Progress: 81.8% | Loss: 0.053319 | IK: 0.0515 | FK: 0.008971
  Progress: 88.1% | Loss: 0.024309 | IK: 0.0231 | FK: 0.006284
  Progress: 94.4% | Loss: 0.035640 | IK: 0.0337 | FK: 0.009835

============================================================
Epoch [12/100] | Time: 92.9s
  Train Loss: 0.089413
  IK: 0.0865 | FK: 0.014683
  Val MAE: 0.218783 | Val MSE: 0.197437
============================================================
  >>> 保存最优模型 (val_mae: 0.218783)

Epoch [13/100] | LR: 0.000098
  Progress: 6.3% | Loss: 0.488177 | IK: 0.4773 | FK: 0.054198
  Progress: 12.6% | Loss: 0.019006 | IK: 0.0188 | FK: 0.001167
  Progress: 18.9% | Loss: 0.028000 | IK: 0.0267 | FK: 0.006576
  Progress: 25.2% | Loss: 0.010518 | IK: 0.0099 | FK: 0.002893
  Progress: 31.5% | Loss: 0.043578 | IK: 0.0418 | FK: 0.008914
  Progress: 37.8% | Loss: 0.037649 | IK: 0.0361 | FK: 0.007808
  Progress: 44.1% | Loss: 0.009131 | IK: 0.0088 | FK: 0.001565
  Progress: 50.3% | Loss: 0.004102 | IK: 0.0040 | FK: 0.000653
  Progress: 56.6% | Loss: 0.325947 | IK: 0.3190 | FK: 0.034945
  Progress: 62.9% | Loss: 0.042647 | IK: 0.0398 | FK: 0.014409
  Progress: 69.2% | Loss: 0.002451 | IK: 0.0023 | FK: 0.000790
  Progress: 75.5% | Loss: 0.002916 | IK: 0.0028 | FK: 0.000641
  Progress: 81.8% | Loss: 0.054298 | IK: 0.0526 | FK: 0.008482
  Progress: 88.1% | Loss: 0.025161 | IK: 0.0238 | FK: 0.006892
  Progress: 94.4% | Loss: 0.029079 | IK: 0.0275 | FK: 0.007764

============================================================
Epoch [13/100] | Time: 93.6s
  Train Loss: 0.089118
  IK: 0.0862 | FK: 0.014421
  Val MAE: 0.219230 | Val MSE: 0.198381
============================================================
  无改善 (1/15)

Epoch [14/100] | LR: 0.000098
  Progress: 6.3% | Loss: 0.486020 | IK: 0.4756 | FK: 0.051926
  Progress: 12.6% | Loss: 0.018713 | IK: 0.0184 | FK: 0.001330
  Progress: 18.9% | Loss: 0.025909 | IK: 0.0248 | FK: 0.005687
  Progress: 25.2% | Loss: 0.009595 | IK: 0.0091 | FK: 0.002562
  Progress: 31.5% | Loss: 0.039432 | IK: 0.0377 | FK: 0.008866
  Progress: 37.8% | Loss: 0.034452 | IK: 0.0332 | FK: 0.006430
  Progress: 44.1% | Loss: 0.009529 | IK: 0.0093 | FK: 0.001351
  Progress: 50.3% | Loss: 0.004251 | IK: 0.0041 | FK: 0.000649
  Progress: 56.6% | Loss: 0.328632 | IK: 0.3216 | FK: 0.035035
  Progress: 62.9% | Loss: 0.040912 | IK: 0.0381 | FK: 0.014054
  Progress: 69.2% | Loss: 0.002341 | IK: 0.0022 | FK: 0.000746
  Progress: 75.5% | Loss: 0.002423 | IK: 0.0023 | FK: 0.000424
  Progress: 81.8% | Loss: 0.056468 | IK: 0.0548 | FK: 0.008529
  Progress: 88.1% | Loss: 0.024733 | IK: 0.0234 | FK: 0.006514
  Progress: 94.4% | Loss: 0.030637 | IK: 0.0290 | FK: 0.008245

============================================================
Epoch [14/100] | Time: 93.3s
  Train Loss: 0.088425
  IK: 0.0856 | FK: 0.014218
  Val MAE: 0.217750 | Val MSE: 0.197589
============================================================
  >>> 保存最优模型 (val_mae: 0.217750)

Epoch [15/100] | LR: 0.000097
  Progress: 6.3% | Loss: 0.485563 | IK: 0.4746 | FK: 0.055061
  Progress: 12.6% | Loss: 0.018392 | IK: 0.0181 | FK: 0.001538
  Progress: 18.9% | Loss: 0.027609 | IK: 0.0264 | FK: 0.006218
  Progress: 25.2% | Loss: 0.010114 | IK: 0.0096 | FK: 0.002765
  Progress: 31.5% | Loss: 0.038311 | IK: 0.0367 | FK: 0.007883
  Progress: 37.8% | Loss: 0.036027 | IK: 0.0346 | FK: 0.007011
  Progress: 44.1% | Loss: 0.009273 | IK: 0.0089 | FK: 0.001635
  Progress: 50.3% | Loss: 0.004229 | IK: 0.0041 | FK: 0.000704
  Progress: 56.6% | Loss: 0.331410 | IK: 0.3243 | FK: 0.035457
  Progress: 62.9% | Loss: 0.040661 | IK: 0.0381 | FK: 0.012684
  Progress: 69.2% | Loss: 0.002261 | IK: 0.0021 | FK: 0.000777
  Progress: 75.5% | Loss: 0.002573 | IK: 0.0025 | FK: 0.000471
  Progress: 81.8% | Loss: 0.051151 | IK: 0.0494 | FK: 0.008598
  Progress: 88.1% | Loss: 0.022885 | IK: 0.0217 | FK: 0.006002
  Progress: 94.4% | Loss: 0.029036 | IK: 0.0274 | FK: 0.008126

============================================================
Epoch [15/100] | Time: 93.7s
  Train Loss: 0.088131
  IK: 0.0853 | FK: 0.014137
  Val MAE: 0.216327 | Val MSE: 0.197892
============================================================
  >>> 保存最优模型 (val_mae: 0.216327)

Epoch [16/100] | LR: 0.000097
  Progress: 6.3% | Loss: 0.478279 | IK: 0.4670 | FK: 0.056420
  Progress: 12.6% | Loss: 0.019132 | IK: 0.0189 | FK: 0.001317
  Progress: 18.9% | Loss: 0.027094 | IK: 0.0260 | FK: 0.005644
  Progress: 25.2% | Loss: 0.009985 | IK: 0.0094 | FK: 0.003069
  Progress: 31.5% | Loss: 0.035741 | IK: 0.0341 | FK: 0.008334
  Progress: 37.8% | Loss: 0.035438 | IK: 0.0340 | FK: 0.007227
  Progress: 44.1% | Loss: 0.009592 | IK: 0.0093 | FK: 0.001519
  Progress: 50.3% | Loss: 0.004162 | IK: 0.0040 | FK: 0.000701
  Progress: 56.6% | Loss: 0.329437 | IK: 0.3225 | FK: 0.034837
  Progress: 62.9% | Loss: 0.036876 | IK: 0.0345 | FK: 0.012118
  Progress: 69.2% | Loss: 0.002257 | IK: 0.0021 | FK: 0.000857
  Progress: 75.5% | Loss: 0.002471 | IK: 0.0024 | FK: 0.000399
  Progress: 81.8% | Loss: 0.055025 | IK: 0.0533 | FK: 0.008493
  Progress: 88.1% | Loss: 0.024255 | IK: 0.0229 | FK: 0.006877
  Progress: 94.4% | Loss: 0.031332 | IK: 0.0296 | FK: 0.008601

============================================================
Epoch [16/100] | Time: 93.6s
  Train Loss: 0.087603
  IK: 0.0848 | FK: 0.014078
  Val MAE: 0.217313 | Val MSE: 0.198635
============================================================
  无改善 (1/15)

Epoch [17/100] | LR: 0.000096
  Progress: 6.3% | Loss: 0.472876 | IK: 0.4622 | FK: 0.053239
  Progress: 12.6% | Loss: 0.018802 | IK: 0.0185 | FK: 0.001367
  Progress: 18.9% | Loss: 0.027546 | IK: 0.0264 | FK: 0.005865
  Progress: 25.2% | Loss: 0.009339 | IK: 0.0088 | FK: 0.002650
  Progress: 31.5% | Loss: 0.036798 | IK: 0.0351 | FK: 0.008247
  Progress: 37.8% | Loss: 0.032096 | IK: 0.0306 | FK: 0.007444
  Progress: 44.1% | Loss: 0.008759 | IK: 0.0085 | FK: 0.001434
  Progress: 50.3% | Loss: 0.004047 | IK: 0.0039 | FK: 0.000736
  Progress: 56.6% | Loss: 0.331055 | IK: 0.3241 | FK: 0.034717
  Progress: 62.9% | Loss: 0.036245 | IK: 0.0339 | FK: 0.011678
  Progress: 69.2% | Loss: 0.002301 | IK: 0.0021 | FK: 0.000846
  Progress: 75.5% | Loss: 0.002138 | IK: 0.0021 | FK: 0.000309
  Progress: 81.8% | Loss: 0.050373 | IK: 0.0488 | FK: 0.007890
  Progress: 88.1% | Loss: 0.022494 | IK: 0.0213 | FK: 0.005949
  Progress: 94.4% | Loss: 0.029775 | IK: 0.0281 | FK: 0.008282

============================================================
Epoch [17/100] | Time: 94.2s
  Train Loss: 0.086895
  IK: 0.0841 | FK: 0.013930
  Val MAE: 0.217405 | Val MSE: 0.198660
============================================================
  无改善 (2/15)

Epoch [18/100] | LR: 0.000095
  Progress: 6.3% | Loss: 0.465722 | IK: 0.4552 | FK: 0.052385
  Progress: 12.6% | Loss: 0.019407 | IK: 0.0191 | FK: 0.001316
  Progress: 18.9% | Loss: 0.027344 | IK: 0.0262 | FK: 0.005828
  Progress: 25.2% | Loss: 0.010244 | IK: 0.0096 | FK: 0.002994
  Progress: 31.5% | Loss: 0.037745 | IK: 0.0360 | FK: 0.008689
  Progress: 37.8% | Loss: 0.031867 | IK: 0.0302 | FK: 0.008135
  Progress: 44.1% | Loss: 0.008074 | IK: 0.0078 | FK: 0.001383
  Progress: 50.3% | Loss: 0.003840 | IK: 0.0037 | FK: 0.000684
  Progress: 56.6% | Loss: 0.328470 | IK: 0.3216 | FK: 0.034518
  Progress: 62.9% | Loss: 0.033567 | IK: 0.0315 | FK: 0.010462
  Progress: 69.2% | Loss: 0.002125 | IK: 0.0020 | FK: 0.000695
  Progress: 75.5% | Loss: 0.002060 | IK: 0.0020 | FK: 0.000376
  Progress: 81.8% | Loss: 0.051245 | IK: 0.0495 | FK: 0.008807
  Progress: 88.1% | Loss: 0.021752 | IK: 0.0207 | FK: 0.005378
  Progress: 94.4% | Loss: 0.032501 | IK: 0.0305 | FK: 0.009954

============================================================
Epoch [18/100] | Time: 93.8s
  Train Loss: 0.086567
  IK: 0.0838 | FK: 0.013951
  Val MAE: 0.218695 | Val MSE: 0.199086
============================================================
  无改善 (3/15)

Epoch [19/100] | LR: 0.000095
  Progress: 6.3% | Loss: 0.463668 | IK: 0.4531 | FK: 0.052973
  Progress: 12.6% | Loss: 0.018247 | IK: 0.0180 | FK: 0.001385
  Progress: 18.9% | Loss: 0.024523 | IK: 0.0234 | FK: 0.005500
  Progress: 25.2% | Loss: 0.009039 | IK: 0.0085 | FK: 0.002606
  Progress: 31.5% | Loss: 0.035759 | IK: 0.0341 | FK: 0.008414
  Progress: 37.8% | Loss: 0.034310 | IK: 0.0327 | FK: 0.008171
  Progress: 44.1% | Loss: 0.008604 | IK: 0.0083 | FK: 0.001505
  Progress: 50.3% | Loss: 0.003902 | IK: 0.0037 | FK: 0.000793
  Progress: 56.6% | Loss: 0.330786 | IK: 0.3239 | FK: 0.034461
  Progress: 62.9% | Loss: 0.033381 | IK: 0.0314 | FK: 0.010085
  Progress: 69.2% | Loss: 0.002138 | IK: 0.0020 | FK: 0.000697
  Progress: 75.5% | Loss: 0.001839 | IK: 0.0018 | FK: 0.000313
  Progress: 81.8% | Loss: 0.047983 | IK: 0.0464 | FK: 0.007961
  Progress: 88.1% | Loss: 0.022046 | IK: 0.0210 | FK: 0.005348
  Progress: 94.4% | Loss: 0.028994 | IK: 0.0274 | FK: 0.007749

============================================================
Epoch [19/100] | Time: 92.8s
  Train Loss: 0.085950
  IK: 0.0832 | FK: 0.013790
  Val MAE: 0.217006 | Val MSE: 0.200130
============================================================
  无改善 (4/15)

Epoch [20/100] | LR: 0.000094
  Progress: 6.3% | Loss: 0.454029 | IK: 0.4433 | FK: 0.053437
  Progress: 12.6% | Loss: 0.016236 | IK: 0.0160 | FK: 0.001295
  Progress: 18.9% | Loss: 0.025534 | IK: 0.0243 | FK: 0.006199
  Progress: 25.2% | Loss: 0.009538 | IK: 0.0090 | FK: 0.002770
  Progress: 31.5% | Loss: 0.036225 | IK: 0.0345 | FK: 0.008547
  Progress: 37.8% | Loss: 0.033278 | IK: 0.0316 | FK: 0.008369
  Progress: 44.1% | Loss: 0.008348 | IK: 0.0080 | FK: 0.001570
  Progress: 50.3% | Loss: 0.003860 | IK: 0.0037 | FK: 0.000737
  Progress: 56.6% | Loss: 0.329216 | IK: 0.3224 | FK: 0.034200
  Progress: 62.9% | Loss: 0.034070 | IK: 0.0321 | FK: 0.010009
  Progress: 69.2% | Loss: 0.002182 | IK: 0.0020 | FK: 0.000680
  Progress: 75.5% | Loss: 0.001844 | IK: 0.0018 | FK: 0.000269
  Progress: 81.8% | Loss: 0.051052 | IK: 0.0493 | FK: 0.008803
  Progress: 88.1% | Loss: 0.021439 | IK: 0.0204 | FK: 0.005357
  Progress: 94.4% | Loss: 0.029446 | IK: 0.0277 | FK: 0.008794

============================================================
Epoch [20/100] | Time: 93.2s
  Train Loss: 0.085539
  IK: 0.0828 | FK: 0.013795
  Val MAE: 0.216940 | Val MSE: 0.200103
============================================================
  无改善 (5/15)

Epoch [21/100] | LR: 0.000093
  Progress: 6.3% | Loss: 0.452341 | IK: 0.4413 | FK: 0.054971
  Progress: 12.6% | Loss: 0.015894 | IK: 0.0156 | FK: 0.001328
  Progress: 18.9% | Loss: 0.025781 | IK: 0.0246 | FK: 0.005953
  Progress: 25.2% | Loss: 0.011020 | IK: 0.0103 | FK: 0.003729
  Progress: 31.5% | Loss: 0.034681 | IK: 0.0329 | FK: 0.008700
  Progress: 37.8% | Loss: 0.034556 | IK: 0.0330 | FK: 0.007888
  Progress: 44.1% | Loss: 0.008775 | IK: 0.0085 | FK: 0.001515
  Progress: 50.3% | Loss: 0.003891 | IK: 0.0037 | FK: 0.000790
  Progress: 56.6% | Loss: 0.329687 | IK: 0.3226 | FK: 0.035185
  Progress: 62.9% | Loss: 0.032558 | IK: 0.0307 | FK: 0.009479
  Progress: 69.2% | Loss: 0.002058 | IK: 0.0019 | FK: 0.000699
  Progress: 75.5% | Loss: 0.001729 | IK: 0.0017 | FK: 0.000222
  Progress: 81.8% | Loss: 0.051263 | IK: 0.0495 | FK: 0.008851
  Progress: 88.1% | Loss: 0.022408 | IK: 0.0213 | FK: 0.005623
  Progress: 94.4% | Loss: 0.028142 | IK: 0.0266 | FK: 0.007874

============================================================
Epoch [21/100] | Time: 93.4s
  Train Loss: 0.085292
  IK: 0.0826 | FK: 0.013703
  Val MAE: 0.219194 | Val MSE: 0.200514
============================================================
  无改善 (6/15)

Epoch [22/100] | LR: 0.000092
  Progress: 6.3% | Loss: 0.445425 | IK: 0.4341 | FK: 0.056443
  Progress: 12.6% | Loss: 0.014732 | IK: 0.0144 | FK: 0.001410
  Progress: 18.9% | Loss: 0.024928 | IK: 0.0237 | FK: 0.006042
  Progress: 25.2% | Loss: 0.009628 | IK: 0.0090 | FK: 0.003026
  Progress: 31.5% | Loss: 0.032975 | IK: 0.0313 | FK: 0.008590
  Progress: 37.8% | Loss: 0.031744 | IK: 0.0303 | FK: 0.007280
  Progress: 44.1% | Loss: 0.008250 | IK: 0.0079 | FK: 0.001742
  Progress: 50.3% | Loss: 0.003975 | IK: 0.0038 | FK: 0.000852
  Progress: 56.6% | Loss: 0.329847 | IK: 0.3230 | FK: 0.034241
  Progress: 62.9% | Loss: 0.034121 | IK: 0.0322 | FK: 0.009595
  Progress: 69.2% | Loss: 0.001862 | IK: 0.0017 | FK: 0.000581
  Progress: 75.5% | Loss: 0.001694 | IK: 0.0017 | FK: 0.000209
  Progress: 81.8% | Loss: 0.050238 | IK: 0.0485 | FK: 0.008903
  Progress: 88.1% | Loss: 0.022493 | IK: 0.0214 | FK: 0.005641
  Progress: 94.4% | Loss: 0.029473 | IK: 0.0280 | FK: 0.007466

============================================================
Epoch [22/100] | Time: 94.5s
  Train Loss: 0.085299
  IK: 0.0826 | FK: 0.013520
  Val MAE: 0.216835 | Val MSE: 0.198863
============================================================
  无改善 (7/15)

Epoch [23/100] | LR: 0.000091
  Progress: 6.3% | Loss: 0.435192 | IK: 0.4239 | FK: 0.056434
  Progress: 12.6% | Loss: 0.014252 | IK: 0.0139 | FK: 0.001541
  Progress: 18.9% | Loss: 0.026336 | IK: 0.0251 | FK: 0.006339
  Progress: 25.2% | Loss: 0.008601 | IK: 0.0081 | FK: 0.002703
  Progress: 31.5% | Loss: 0.034177 | IK: 0.0326 | FK: 0.008081
  Progress: 37.8% | Loss: 0.033329 | IK: 0.0319 | FK: 0.007153
  Progress: 44.1% | Loss: 0.008079 | IK: 0.0077 | FK: 0.001708
  Progress: 50.3% | Loss: 0.004036 | IK: 0.0039 | FK: 0.000833
  Progress: 56.6% | Loss: 0.325096 | IK: 0.3183 | FK: 0.034168
  Progress: 62.9% | Loss: 0.034376 | IK: 0.0326 | FK: 0.009126
  Progress: 69.2% | Loss: 0.001765 | IK: 0.0017 | FK: 0.000515
  Progress: 75.5% | Loss: 0.001789 | IK: 0.0017 | FK: 0.000231
  Progress: 81.8% | Loss: 0.048442 | IK: 0.0468 | FK: 0.008371
  Progress: 88.1% | Loss: 0.021538 | IK: 0.0205 | FK: 0.005284
  Progress: 94.4% | Loss: 0.029029 | IK: 0.0275 | FK: 0.007509

============================================================
Epoch [23/100] | Time: 92.7s
  Train Loss: 0.084515
  IK: 0.0818 | FK: 0.013582
  Val MAE: 0.218652 | Val MSE: 0.198927
============================================================
  无改善 (8/15)

Epoch [24/100] | LR: 0.000091
  Progress: 6.3% | Loss: 0.428997 | IK: 0.4177 | FK: 0.056690
  Progress: 12.6% | Loss: 0.014200 | IK: 0.0139 | FK: 0.001735
  Progress: 18.9% | Loss: 0.023372 | IK: 0.0223 | FK: 0.005560
  Progress: 25.2% | Loss: 0.007845 | IK: 0.0073 | FK: 0.002511
  Progress: 31.5% | Loss: 0.034244 | IK: 0.0327 | FK: 0.007908
  Progress: 37.8% | Loss: 0.033698 | IK: 0.0321 | FK: 0.008046
  Progress: 44.1% | Loss: 0.008369 | IK: 0.0080 | FK: 0.001694
  Progress: 50.3% | Loss: 0.004136 | IK: 0.0040 | FK: 0.000888
  Progress: 56.6% | Loss: 0.325115 | IK: 0.3183 | FK: 0.033917
  Progress: 62.9% | Loss: 0.033016 | IK: 0.0309 | FK: 0.010541
  Progress: 69.2% | Loss: 0.001560 | IK: 0.0015 | FK: 0.000419
  Progress: 75.5% | Loss: 0.001760 | IK: 0.0017 | FK: 0.000246
  Progress: 81.8% | Loss: 0.047524 | IK: 0.0458 | FK: 0.008432
  Progress: 88.1% | Loss: 0.022146 | IK: 0.0210 | FK: 0.005714
  Progress: 94.4% | Loss: 0.032813 | IK: 0.0311 | FK: 0.008461

============================================================
Epoch [24/100] | Time: 93.8s
  Train Loss: 0.084069
  IK: 0.0814 | FK: 0.013444
  Val MAE: 0.217742 | Val MSE: 0.198456
============================================================
  无改善 (9/15)

Epoch [25/100] | LR: 0.000090
  Progress: 6.3% | Loss: 0.437882 | IK: 0.4265 | FK: 0.057114
  Progress: 12.6% | Loss: 0.015070 | IK: 0.0147 | FK: 0.001957
  Progress: 18.9% | Loss: 0.023779 | IK: 0.0227 | FK: 0.005279
  Progress: 25.2% | Loss: 0.011629 | IK: 0.0108 | FK: 0.004034
  Progress: 31.5% | Loss: 0.032544 | IK: 0.0308 | FK: 0.008763
  Progress: 37.8% | Loss: 0.034145 | IK: 0.0326 | FK: 0.007888
  Progress: 44.1% | Loss: 0.008440 | IK: 0.0081 | FK: 0.001815
  Progress: 50.3% | Loss: 0.004030 | IK: 0.0039 | FK: 0.000810
  Progress: 56.6% | Loss: 0.321954 | IK: 0.3152 | FK: 0.033582
  Progress: 62.9% | Loss: 0.034458 | IK: 0.0324 | FK: 0.010258
  Progress: 69.2% | Loss: 0.001666 | IK: 0.0016 | FK: 0.000433
  Progress: 75.5% | Loss: 0.001843 | IK: 0.0018 | FK: 0.000288
  Progress: 81.8% | Loss: 0.047349 | IK: 0.0457 | FK: 0.008179
  Progress: 88.1% | Loss: 0.021843 | IK: 0.0207 | FK: 0.005813
  Progress: 94.4% | Loss: 0.033000 | IK: 0.0314 | FK: 0.007902

============================================================
Epoch [25/100] | Time: 93.3s
  Train Loss: 0.083458
  IK: 0.0808 | FK: 0.013507
  Val MAE: 0.216391 | Val MSE: 0.198478
============================================================
  无改善 (10/15)

Epoch [26/100] | LR: 0.000089
  Progress: 6.3% | Loss: 0.429182 | IK: 0.4178 | FK: 0.056744
  Progress: 12.6% | Loss: 0.014856 | IK: 0.0145 | FK: 0.001767
  Progress: 18.9% | Loss: 0.021806 | IK: 0.0208 | FK: 0.005127
  Progress: 25.2% | Loss: 0.016172 | IK: 0.0149 | FK: 0.006490
  Progress: 31.5% | Loss: 0.031397 | IK: 0.0298 | FK: 0.008200
  Progress: 37.8% | Loss: 0.033588 | IK: 0.0320 | FK: 0.008133
  Progress: 44.1% | Loss: 0.009051 | IK: 0.0086 | FK: 0.002008
  Progress: 50.3% | Loss: 0.004200 | IK: 0.0040 | FK: 0.000802
  Progress: 56.6% | Loss: 0.321808 | IK: 0.3150 | FK: 0.034067
  Progress: 62.9% | Loss: 0.034982 | IK: 0.0328 | FK: 0.010697
  Progress: 69.2% | Loss: 0.001677 | IK: 0.0016 | FK: 0.000425
  Progress: 75.5% | Loss: 0.001820 | IK: 0.0018 | FK: 0.000278
  Progress: 81.8% | Loss: 0.045315 | IK: 0.0437 | FK: 0.008219
  Progress: 88.1% | Loss: 0.022484 | IK: 0.0213 | FK: 0.005908
  Progress: 94.4% | Loss: 0.030913 | IK: 0.0293 | FK: 0.007919

============================================================
Epoch [26/100] | Time: 93.6s
  Train Loss: 0.082911
  IK: 0.0802 | FK: 0.013414
  Val MAE: 0.215089 | Val MSE: 0.197510
============================================================
  >>> 保存最优模型 (val_mae: 0.215089)

Epoch [27/100] | LR: 0.000087
  Progress: 6.3% | Loss: 0.421747 | IK: 0.4105 | FK: 0.056396
  Progress: 12.6% | Loss: 0.015352 | IK: 0.0150 | FK: 0.001645
  Progress: 18.9% | Loss: 0.022030 | IK: 0.0210 | FK: 0.005303
  Progress: 25.2% | Loss: 0.008778 | IK: 0.0082 | FK: 0.002688
  Progress: 31.5% | Loss: 0.032855 | IK: 0.0312 | FK: 0.008160
  Progress: 37.8% | Loss: 0.032935 | IK: 0.0313 | FK: 0.008078
  Progress: 44.1% | Loss: 0.008782 | IK: 0.0084 | FK: 0.001993
  Progress: 50.3% | Loss: 0.004152 | IK: 0.0040 | FK: 0.000792
  Progress: 56.6% | Loss: 0.324736 | IK: 0.3180 | FK: 0.033577
  Progress: 62.9% | Loss: 0.036313 | IK: 0.0341 | FK: 0.010954
  Progress: 69.2% | Loss: 0.001762 | IK: 0.0017 | FK: 0.000456
  Progress: 75.5% | Loss: 0.001922 | IK: 0.0019 | FK: 0.000266
  Progress: 81.8% | Loss: 0.046188 | IK: 0.0446 | FK: 0.007891
  Progress: 88.1% | Loss: 0.022522 | IK: 0.0213 | FK: 0.006067
  Progress: 94.4% | Loss: 0.031183 | IK: 0.0295 | FK: 0.008183

============================================================
Epoch [27/100] | Time: 93.2s
  Train Loss: 0.082415
  IK: 0.0797 | FK: 0.013410
  Val MAE: 0.214684 | Val MSE: 0.197379
============================================================
  >>> 保存最优模型 (val_mae: 0.214684)

Epoch [28/100] | LR: 0.000086
  Progress: 6.3% | Loss: 0.420410 | IK: 0.4090 | FK: 0.057072
  Progress: 12.6% | Loss: 0.014456 | IK: 0.0141 | FK: 0.001738
  Progress: 18.9% | Loss: 0.022202 | IK: 0.0212 | FK: 0.004798
  Progress: 25.2% | Loss: 0.006930 | IK: 0.0066 | FK: 0.001772
  Progress: 31.5% | Loss: 0.032303 | IK: 0.0307 | FK: 0.007969
  Progress: 37.8% | Loss: 0.031252 | IK: 0.0298 | FK: 0.007493
  Progress: 44.1% | Loss: 0.009005 | IK: 0.0086 | FK: 0.001891
  Progress: 50.3% | Loss: 0.004284 | IK: 0.0041 | FK: 0.000802
  Progress: 56.6% | Loss: 0.322543 | IK: 0.3159 | FK: 0.033349
  Progress: 62.9% | Loss: 0.036921 | IK: 0.0346 | FK: 0.011531
  Progress: 69.2% | Loss: 0.001420 | IK: 0.0014 | FK: 0.000338
  Progress: 75.5% | Loss: 0.001773 | IK: 0.0017 | FK: 0.000225
  Progress: 81.8% | Loss: 0.042391 | IK: 0.0410 | FK: 0.007180
  Progress: 88.1% | Loss: 0.022519 | IK: 0.0213 | FK: 0.005865
  Progress: 94.4% | Loss: 0.029529 | IK: 0.0281 | FK: 0.007335

============================================================
Epoch [28/100] | Time: 93.4s
  Train Loss: 0.081681
  IK: 0.0790 | FK: 0.013348
  Val MAE: 0.216459 | Val MSE: 0.196729
============================================================
  无改善 (1/15)

Epoch [29/100] | LR: 0.000085
  Progress: 6.3% | Loss: 0.423396 | IK: 0.4123 | FK: 0.055682
  Progress: 12.6% | Loss: 0.013998 | IK: 0.0136 | FK: 0.001742
  Progress: 18.9% | Loss: 0.022758 | IK: 0.0218 | FK: 0.005000
  Progress: 25.2% | Loss: 0.009145 | IK: 0.0087 | FK: 0.002419
  Progress: 31.5% | Loss: 0.031675 | IK: 0.0302 | FK: 0.007383
  Progress: 37.8% | Loss: 0.030648 | IK: 0.0293 | FK: 0.006949
  Progress: 44.1% | Loss: 0.008866 | IK: 0.0085 | FK: 0.001906
  Progress: 50.3% | Loss: 0.004278 | IK: 0.0041 | FK: 0.000730
  Progress: 56.6% | Loss: 0.325273 | IK: 0.3183 | FK: 0.034950
  Progress: 62.9% | Loss: 0.034460 | IK: 0.0322 | FK: 0.011259
  Progress: 69.2% | Loss: 0.001739 | IK: 0.0016 | FK: 0.000539
  Progress: 75.5% | Loss: 0.001657 | IK: 0.0016 | FK: 0.000228
  Progress: 81.8% | Loss: 0.043651 | IK: 0.0421 | FK: 0.007580
  Progress: 88.1% | Loss: 0.021964 | IK: 0.0207 | FK: 0.006224
  Progress: 94.4% | Loss: 0.030713 | IK: 0.0293 | FK: 0.006928

============================================================
Epoch [29/100] | Time: 94.0s
  Train Loss: 0.081388
  IK: 0.0787 | FK: 0.013340
  Val MAE: 0.216342 | Val MSE: 0.200047
============================================================
  无改善 (2/15)

Epoch [30/100] | LR: 0.000084
  Progress: 6.3% | Loss: 0.419887 | IK: 0.4086 | FK: 0.056358
  Progress: 12.6% | Loss: 0.015766 | IK: 0.0155 | FK: 0.001529
  Progress: 18.9% | Loss: 0.024382 | IK: 0.0234 | FK: 0.004963
  Progress: 25.2% | Loss: 0.007491 | IK: 0.0071 | FK: 0.002045
  Progress: 31.5% | Loss: 0.029423 | IK: 0.0280 | FK: 0.007310
  Progress: 37.8% | Loss: 0.032832 | IK: 0.0315 | FK: 0.006744
  Progress: 44.1% | Loss: 0.008865 | IK: 0.0084 | FK: 0.002100
  Progress: 50.3% | Loss: 0.004357 | IK: 0.0042 | FK: 0.000821
  Progress: 56.6% | Loss: 0.317315 | IK: 0.3107 | FK: 0.033140
  Progress: 62.9% | Loss: 0.033116 | IK: 0.0311 | FK: 0.010001
  Progress: 69.2% | Loss: 0.001455 | IK: 0.0014 | FK: 0.000361
  Progress: 75.5% | Loss: 0.001607 | IK: 0.0016 | FK: 0.000237
  Progress: 81.8% | Loss: 0.043588 | IK: 0.0421 | FK: 0.007596
  Progress: 88.1% | Loss: 0.020875 | IK: 0.0198 | FK: 0.005585
  Progress: 94.4% | Loss: 0.032449 | IK: 0.0309 | FK: 0.007765

============================================================
Epoch [30/100] | Time: 93.6s
  Train Loss: 0.081069
  IK: 0.0784 | FK: 0.013199
  Val MAE: 0.216039 | Val MSE: 0.199004
============================================================
  无改善 (3/15)

Epoch [31/100] | LR: 0.000083
  Progress: 6.3% | Loss: 0.417233 | IK: 0.4060 | FK: 0.056382
  Progress: 12.6% | Loss: 0.014433 | IK: 0.0141 | FK: 0.001449
  Progress: 18.9% | Loss: 0.024027 | IK: 0.0230 | FK: 0.005042
  Progress: 25.2% | Loss: 0.006875 | IK: 0.0065 | FK: 0.002092
  Progress: 31.5% | Loss: 0.029779 | IK: 0.0283 | FK: 0.007612
  Progress: 37.8% | Loss: 0.032490 | IK: 0.0311 | FK: 0.006803
  Progress: 44.1% | Loss: 0.009878 | IK: 0.0094 | FK: 0.002337
  Progress: 50.3% | Loss: 0.004218 | IK: 0.0040 | FK: 0.000843
  Progress: 56.6% | Loss: 0.315078 | IK: 0.3082 | FK: 0.034177
  Progress: 62.9% | Loss: 0.034653 | IK: 0.0326 | FK: 0.010458
  Progress: 69.2% | Loss: 0.001447 | IK: 0.0014 | FK: 0.000399
  Progress: 75.5% | Loss: 0.001497 | IK: 0.0014 | FK: 0.000237
  Progress: 81.8% | Loss: 0.041018 | IK: 0.0396 | FK: 0.006870
  Progress: 88.1% | Loss: 0.021456 | IK: 0.0203 | FK: 0.005862
  Progress: 94.4% | Loss: 0.030916 | IK: 0.0294 | FK: 0.007403

============================================================
Epoch [31/100] | Time: 93.6s
  Train Loss: 0.080670
  IK: 0.0780 | FK: 0.013256
  Val MAE: 0.216377 | Val MSE: 0.200787
============================================================
  无改善 (4/15)

Epoch [32/100] | LR: 0.000082
  Progress: 6.3% | Loss: 0.425203 | IK: 0.4141 | FK: 0.055538
  Progress: 12.6% | Loss: 0.014269 | IK: 0.0140 | FK: 0.001513
  Progress: 18.9% | Loss: 0.024008 | IK: 0.0230 | FK: 0.005111
  Progress: 25.2% | Loss: 0.008684 | IK: 0.0081 | FK: 0.002900
  Progress: 31.5% | Loss: 0.029193 | IK: 0.0277 | FK: 0.007258
  Progress: 37.8% | Loss: 0.032565 | IK: 0.0313 | FK: 0.006127
  Progress: 44.1% | Loss: 0.009973 | IK: 0.0095 | FK: 0.002149
  Progress: 50.3% | Loss: 0.004440 | IK: 0.0043 | FK: 0.000847
  Progress: 56.6% | Loss: 0.310270 | IK: 0.3036 | FK: 0.033390
  Progress: 62.9% | Loss: 0.033008 | IK: 0.0310 | FK: 0.009842
  Progress: 69.2% | Loss: 0.001593 | IK: 0.0015 | FK: 0.000515
  Progress: 75.5% | Loss: 0.001554 | IK: 0.0015 | FK: 0.000281
  Progress: 81.8% | Loss: 0.040435 | IK: 0.0391 | FK: 0.006729
  Progress: 88.1% | Loss: 0.021470 | IK: 0.0204 | FK: 0.005510
  Progress: 94.4% | Loss: 0.029448 | IK: 0.0278 | FK: 0.008054

============================================================
Epoch [32/100] | Time: 94.1s
  Train Loss: 0.079893
  IK: 0.0773 | FK: 0.013176
  Val MAE: 0.217083 | Val MSE: 0.201613
============================================================
  无改善 (5/15)

Epoch [33/100] | LR: 0.000080
  Progress: 6.3% | Loss: 0.418010 | IK: 0.4068 | FK: 0.056265
  Progress: 12.6% | Loss: 0.013221 | IK: 0.0129 | FK: 0.001668
  Progress: 18.9% | Loss: 0.023674 | IK: 0.0227 | FK: 0.004864
  Progress: 25.2% | Loss: 0.007263 | IK: 0.0069 | FK: 0.001835
  Progress: 31.5% | Loss: 0.030413 | IK: 0.0290 | FK: 0.007294
  Progress: 37.8% | Loss: 0.033276 | IK: 0.0317 | FK: 0.008083
  Progress: 44.1% | Loss: 0.010933 | IK: 0.0105 | FK: 0.002334
  Progress: 50.3% | Loss: 0.004268 | IK: 0.0041 | FK: 0.000860
  Progress: 56.6% | Loss: 0.313750 | IK: 0.3072 | FK: 0.032656
  Progress: 62.9% | Loss: 0.033044 | IK: 0.0310 | FK: 0.009986
  Progress: 69.2% | Loss: 0.001580 | IK: 0.0015 | FK: 0.000546
  Progress: 75.5% | Loss: 0.001796 | IK: 0.0017 | FK: 0.000297
  Progress: 81.8% | Loss: 0.039926 | IK: 0.0386 | FK: 0.006831
  Progress: 88.1% | Loss: 0.021443 | IK: 0.0203 | FK: 0.005536
  Progress: 94.4% | Loss: 0.027211 | IK: 0.0257 | FK: 0.007595

============================================================
Epoch [33/100] | Time: 94.1s
  Train Loss: 0.079754
  IK: 0.0771 | FK: 0.013236
  Val MAE: 0.216203 | Val MSE: 0.201749
============================================================
  无改善 (6/15)

Epoch [34/100] | LR: 0.000079
  Progress: 6.3% | Loss: 0.417881 | IK: 0.4067 | FK: 0.056081
  Progress: 12.6% | Loss: 0.013413 | IK: 0.0131 | FK: 0.001641
  Progress: 18.9% | Loss: 0.025940 | IK: 0.0249 | FK: 0.005149
  Progress: 25.2% | Loss: 0.008037 | IK: 0.0076 | FK: 0.002216
  Progress: 31.5% | Loss: 0.031930 | IK: 0.0304 | FK: 0.007532
  Progress: 37.8% | Loss: 0.034540 | IK: 0.0329 | FK: 0.008079
  Progress: 44.1% | Loss: 0.010478 | IK: 0.0100 | FK: 0.002354
  Progress: 50.3% | Loss: 0.004175 | IK: 0.0040 | FK: 0.000861
  Progress: 56.6% | Loss: 0.311222 | IK: 0.3046 | FK: 0.033173
  Progress: 62.9% | Loss: 0.034457 | IK: 0.0325 | FK: 0.009854
  Progress: 69.2% | Loss: 0.001374 | IK: 0.0013 | FK: 0.000393
  Progress: 75.5% | Loss: 0.001778 | IK: 0.0017 | FK: 0.000287
  Progress: 81.8% | Loss: 0.039054 | IK: 0.0376 | FK: 0.007097
  Progress: 88.1% | Loss: 0.021436 | IK: 0.0203 | FK: 0.005537
  Progress: 94.4% | Loss: 0.029875 | IK: 0.0286 | FK: 0.006361

============================================================
Epoch [34/100] | Time: 93.7s
  Train Loss: 0.079110
  IK: 0.0765 | FK: 0.013157
  Val MAE: 0.214885 | Val MSE: 0.199951
============================================================
  无改善 (7/15)

Epoch [35/100] | LR: 0.000078
  Progress: 6.3% | Loss: 0.412522 | IK: 0.4010 | FK: 0.057381
  Progress: 12.6% | Loss: 0.012441 | IK: 0.0121 | FK: 0.001476
  Progress: 18.9% | Loss: 0.022342 | IK: 0.0214 | FK: 0.004756
  Progress: 25.2% | Loss: 0.008132 | IK: 0.0077 | FK: 0.002243
  Progress: 31.5% | Loss: 0.031100 | IK: 0.0294 | FK: 0.008423
  Progress: 37.8% | Loss: 0.035383 | IK: 0.0339 | FK: 0.007497
  Progress: 44.1% | Loss: 0.012486 | IK: 0.0119 | FK: 0.002889
  Progress: 50.3% | Loss: 0.004107 | IK: 0.0039 | FK: 0.000863
  Progress: 56.6% | Loss: 0.312009 | IK: 0.3052 | FK: 0.033975
  Progress: 62.9% | Loss: 0.034151 | IK: 0.0319 | FK: 0.011128
  Progress: 69.2% | Loss: 0.001696 | IK: 0.0016 | FK: 0.000526
  Progress: 75.5% | Loss: 0.001683 | IK: 0.0016 | FK: 0.000285
  Progress: 81.8% | Loss: 0.041583 | IK: 0.0401 | FK: 0.007481
  Progress: 88.1% | Loss: 0.021550 | IK: 0.0204 | FK: 0.005688
  Progress: 94.4% | Loss: 0.029974 | IK: 0.0287 | FK: 0.006207

============================================================
Epoch [35/100] | Time: 93.9s
  Train Loss: 0.078478
  IK: 0.0758 | FK: 0.013212
  Val MAE: 0.217500 | Val MSE: 0.200987
============================================================
  无改善 (8/15)

Epoch [36/100] | LR: 0.000076
  Progress: 6.3% | Loss: 0.415370 | IK: 0.4040 | FK: 0.057008
  Progress: 12.6% | Loss: 0.011869 | IK: 0.0116 | FK: 0.001432
  Progress: 18.9% | Loss: 0.022409 | IK: 0.0214 | FK: 0.004950
  Progress: 25.2% | Loss: 0.008248 | IK: 0.0078 | FK: 0.002199
  Progress: 31.5% | Loss: 0.030102 | IK: 0.0285 | FK: 0.007915
  Progress: 37.8% | Loss: 0.034761 | IK: 0.0332 | FK: 0.007628
  Progress: 44.1% | Loss: 0.011311 | IK: 0.0109 | FK: 0.002155
  Progress: 50.3% | Loss: 0.004165 | IK: 0.0040 | FK: 0.000830
  Progress: 56.6% | Loss: 0.313297 | IK: 0.3066 | FK: 0.033512
  Progress: 62.9% | Loss: 0.030236 | IK: 0.0283 | FK: 0.009526
  Progress: 69.2% | Loss: 0.001502 | IK: 0.0014 | FK: 0.000425
  Progress: 75.5% | Loss: 0.001842 | IK: 0.0018 | FK: 0.000309
  Progress: 81.8% | Loss: 0.044347 | IK: 0.0427 | FK: 0.008143
  Progress: 88.1% | Loss: 0.021396 | IK: 0.0203 | FK: 0.005612
  Progress: 94.4% | Loss: 0.026490 | IK: 0.0252 | FK: 0.006507

============================================================
Epoch [36/100] | Time: 94.0s
  Train Loss: 0.077746
  IK: 0.0751 | FK: 0.013145
  Val MAE: 0.217328 | Val MSE: 0.200971
============================================================
  无改善 (9/15)

Epoch [37/100] | LR: 0.000075
  Progress: 6.3% | Loss: 0.420234 | IK: 0.4089 | FK: 0.056661
  Progress: 12.6% | Loss: 0.012539 | IK: 0.0123 | FK: 0.001339
  Progress: 18.9% | Loss: 0.021290 | IK: 0.0205 | FK: 0.004003
  Progress: 25.2% | Loss: 0.007550 | IK: 0.0071 | FK: 0.002042
  Progress: 31.5% | Loss: 0.029510 | IK: 0.0280 | FK: 0.007553
  Progress: 37.8% | Loss: 0.037297 | IK: 0.0355 | FK: 0.009014
  Progress: 44.1% | Loss: 0.012852 | IK: 0.0123 | FK: 0.002535
  Progress: 50.3% | Loss: 0.004304 | IK: 0.0041 | FK: 0.000962
  Progress: 56.6% | Loss: 0.312976 | IK: 0.3063 | FK: 0.033157
  Progress: 62.9% | Loss: 0.032476 | IK: 0.0304 | FK: 0.010237
  Progress: 69.2% | Loss: 0.001569 | IK: 0.0015 | FK: 0.000353
  Progress: 75.5% | Loss: 0.002108 | IK: 0.0020 | FK: 0.000383
  Progress: 81.8% | Loss: 0.042101 | IK: 0.0406 | FK: 0.007525
  Progress: 88.1% | Loss: 0.020858 | IK: 0.0197 | FK: 0.005696
  Progress: 94.4% | Loss: 0.027666 | IK: 0.0263 | FK: 0.006772

============================================================
Epoch [37/100] | Time: 94.0s
  Train Loss: 0.077426
  IK: 0.0748 | FK: 0.013280
  Val MAE: 0.219746 | Val MSE: 0.200585
============================================================
  无改善 (10/15)

Epoch [38/100] | LR: 0.000073
  Progress: 6.3% | Loss: 0.416756 | IK: 0.4053 | FK: 0.057169
  Progress: 12.6% | Loss: 0.013168 | IK: 0.0128 | FK: 0.001687
  Progress: 18.9% | Loss: 0.019704 | IK: 0.0189 | FK: 0.004220
  Progress: 25.2% | Loss: 0.008702 | IK: 0.0083 | FK: 0.001965
  Progress: 31.5% | Loss: 0.030079 | IK: 0.0286 | FK: 0.007351
  Progress: 37.8% | Loss: 0.034627 | IK: 0.0331 | FK: 0.007696
  Progress: 44.1% | Loss: 0.012182 | IK: 0.0117 | FK: 0.002478
  Progress: 50.3% | Loss: 0.004293 | IK: 0.0041 | FK: 0.000959
  Progress: 56.6% | Loss: 0.310267 | IK: 0.3036 | FK: 0.033400
  Progress: 62.9% | Loss: 0.030075 | IK: 0.0283 | FK: 0.008689
  Progress: 69.2% | Loss: 0.001519 | IK: 0.0014 | FK: 0.000413
  Progress: 75.5% | Loss: 0.002097 | IK: 0.0020 | FK: 0.000341
  Progress: 81.8% | Loss: 0.044177 | IK: 0.0426 | FK: 0.007919
  Progress: 88.1% | Loss: 0.021573 | IK: 0.0204 | FK: 0.005946
  Progress: 94.4% | Loss: 0.027281 | IK: 0.0258 | FK: 0.007257

============================================================
Epoch [38/100] | Time: 93.5s
  Train Loss: 0.077890
  IK: 0.0752 | FK: 0.013317
  Val MAE: 0.216496 | Val MSE: 0.200638
============================================================
  无改善 (11/15)

Epoch [39/100] | LR: 0.000072
  Progress: 6.3% | Loss: 0.426730 | IK: 0.4153 | FK: 0.057137
  Progress: 12.6% | Loss: 0.013738 | IK: 0.0134 | FK: 0.001581
  Progress: 18.9% | Loss: 0.022682 | IK: 0.0217 | FK: 0.004708
  Progress: 25.2% | Loss: 0.008646 | IK: 0.0082 | FK: 0.002039
  Progress: 31.5% | Loss: 0.032552 | IK: 0.0311 | FK: 0.007467
  Progress: 37.8% | Loss: 0.035320 | IK: 0.0338 | FK: 0.007488
  Progress: 44.1% | Loss: 0.013944 | IK: 0.0132 | FK: 0.003935
  Progress: 50.3% | Loss: 0.005156 | IK: 0.0049 | FK: 0.001326
  Progress: 56.6% | Loss: 0.306166 | IK: 0.2995 | FK: 0.033456
  Progress: 62.9% | Loss: 0.030698 | IK: 0.0289 | FK: 0.008772
  Progress: 69.2% | Loss: 0.001532 | IK: 0.0014 | FK: 0.000410
  Progress: 75.5% | Loss: 0.002173 | IK: 0.0021 | FK: 0.000365
  Progress: 81.8% | Loss: 0.046486 | IK: 0.0449 | FK: 0.008135
  Progress: 88.1% | Loss: 0.021576 | IK: 0.0203 | FK: 0.006243
  Progress: 94.4% | Loss: 0.027185 | IK: 0.0256 | FK: 0.008016

============================================================
Epoch [39/100] | Time: 93.6s
  Train Loss: 0.077130
  IK: 0.0745 | FK: 0.013321
  Val MAE: 0.217411 | Val MSE: 0.200118
============================================================
  无改善 (12/15)

Epoch [40/100] | LR: 0.000070
  Progress: 6.3% | Loss: 0.422006 | IK: 0.4107 | FK: 0.056646
  Progress: 12.6% | Loss: 0.013458 | IK: 0.0131 | FK: 0.001703
  Progress: 18.9% | Loss: 0.017932 | IK: 0.0170 | FK: 0.004529
  Progress: 25.2% | Loss: 0.009367 | IK: 0.0089 | FK: 0.002197
  Progress: 31.5% | Loss: 0.030788 | IK: 0.0292 | FK: 0.007770
  Progress: 37.8% | Loss: 0.034166 | IK: 0.0327 | FK: 0.007286
  Progress: 44.1% | Loss: 0.011456 | IK: 0.0109 | FK: 0.002891
  Progress: 50.3% | Loss: 0.004446 | IK: 0.0043 | FK: 0.000858
  Progress: 56.6% | Loss: 0.309290 | IK: 0.3024 | FK: 0.034463
  Progress: 62.9% | Loss: 0.027156 | IK: 0.0256 | FK: 0.007848
  Progress: 69.2% | Loss: 0.001492 | IK: 0.0014 | FK: 0.000426
  Progress: 75.5% | Loss: 0.002135 | IK: 0.0021 | FK: 0.000364
  Progress: 81.8% | Loss: 0.045577 | IK: 0.0440 | FK: 0.007806
  Progress: 88.1% | Loss: 0.021643 | IK: 0.0204 | FK: 0.006050
  Progress: 94.4% | Loss: 0.024371 | IK: 0.0230 | FK: 0.006884

============================================================
Epoch [40/100] | Time: 93.5s
  Train Loss: 0.076680
  IK: 0.0740 | FK: 0.013308
  Val MAE: 0.218521 | Val MSE: 0.199948
============================================================
  无改善 (13/15)

Epoch [41/100] | LR: 0.000069
  Progress: 6.3% | Loss: 0.413997 | IK: 0.4027 | FK: 0.056542
  Progress: 12.6% | Loss: 0.014004 | IK: 0.0137 | FK: 0.001452
  Progress: 18.9% | Loss: 0.017199 | IK: 0.0164 | FK: 0.004003
  Progress: 25.2% | Loss: 0.009037 | IK: 0.0086 | FK: 0.002245
  Progress: 31.5% | Loss: 0.031104 | IK: 0.0295 | FK: 0.007960
  Progress: 37.8% | Loss: 0.035132 | IK: 0.0335 | FK: 0.008200
  Progress: 44.1% | Loss: 0.011265 | IK: 0.0108 | FK: 0.002272
  Progress: 50.3% | Loss: 0.004468 | IK: 0.0043 | FK: 0.000819
  Progress: 56.6% | Loss: 0.302069 | IK: 0.2954 | FK: 0.033276
  Progress: 62.9% | Loss: 0.027945 | IK: 0.0263 | FK: 0.008352
  Progress: 69.2% | Loss: 0.001507 | IK: 0.0014 | FK: 0.000400
  Progress: 75.5% | Loss: 0.002106 | IK: 0.0020 | FK: 0.000298
  Progress: 81.8% | Loss: 0.043936 | IK: 0.0423 | FK: 0.008216
  Progress: 88.1% | Loss: 0.022718 | IK: 0.0214 | FK: 0.006435
  Progress: 94.4% | Loss: 0.027921 | IK: 0.0262 | FK: 0.008550

============================================================
Epoch [41/100] | Time: 93.3s
  Train Loss: 0.075985
  IK: 0.0734 | FK: 0.013143
  Val MAE: 0.216614 | Val MSE: 0.199290
============================================================
  无改善 (14/15)

Epoch [42/100] | LR: 0.000067
  Progress: 6.3% | Loss: 0.422972 | IK: 0.4120 | FK: 0.054841
  Progress: 12.6% | Loss: 0.013761 | IK: 0.0135 | FK: 0.001507
  Progress: 18.9% | Loss: 0.018623 | IK: 0.0177 | FK: 0.004424
  Progress: 25.2% | Loss: 0.008014 | IK: 0.0076 | FK: 0.001987
  Progress: 31.5% | Loss: 0.030763 | IK: 0.0291 | FK: 0.008395
  Progress: 37.8% | Loss: 0.035823 | IK: 0.0341 | FK: 0.008719
  Progress: 44.1% | Loss: 0.011712 | IK: 0.0113 | FK: 0.002191
  Progress: 50.3% | Loss: 0.004510 | IK: 0.0043 | FK: 0.000840
  Progress: 56.6% | Loss: 0.304450 | IK: 0.2978 | FK: 0.033357
  Progress: 62.9% | Loss: 0.028374 | IK: 0.0265 | FK: 0.009317
  Progress: 69.2% | Loss: 0.001516 | IK: 0.0014 | FK: 0.000462
  Progress: 75.5% | Loss: 0.002265 | IK: 0.0022 | FK: 0.000347
  Progress: 81.8% | Loss: 0.042418 | IK: 0.0408 | FK: 0.008000
  Progress: 88.1% | Loss: 0.023690 | IK: 0.0223 | FK: 0.006940
  Progress: 94.4% | Loss: 0.023613 | IK: 0.0223 | FK: 0.006510

============================================================
Epoch [42/100] | Time: 93.4s
  Train Loss: 0.075737
  IK: 0.0731 | FK: 0.013088
  Val MAE: 0.217477 | Val MSE: 0.198609
============================================================
  无改善 (15/15)

早停触发！

训练完成！
  最优验证 MAE: 0.214684
  模型保存到: /home/bonuli/Pieper/pieper1801/large_improved_ik_best.pth
