======================================================================
蒸馏超参数搜索
======================================================================
温度搜索空间: [1.0, 2.0, 3.0, 5.0, 10.0]
Alpha搜索空间: [0.1, 0.3, 0.5, 0.7, 0.9]
总配置数: 25
加载数据: /data0/wwb_data/ygx_data/data_ygx_pose+dof/GRAB_training_data.npz
  使用前 100000 个样本
  训练集: 80000
  验证集: 20000

加载教师模型...
  ✓ 教师模型加载成功

开始搜索...

[1/25] T=1.0, α=0.1
  验证 MAE: 0.108648
  >>> 新的最佳配置！T=1.0, α=0.1, MAE=0.108648

[2/25] T=1.0, α=0.3
  验证 MAE: 0.110766

[3/25] T=1.0, α=0.5
  验证 MAE: 0.112182

[4/25] T=1.0, α=0.7
  验证 MAE: 0.105604
  >>> 新的最佳配置！T=1.0, α=0.7, MAE=0.105604

[5/25] T=1.0, α=0.9
  验证 MAE: 0.109871

[6/25] T=2.0, α=0.1
  验证 MAE: 0.107284

[7/25] T=2.0, α=0.3
  验证 MAE: 0.112100

[8/25] T=2.0, α=0.5
  验证 MAE: 0.110864

[9/25] T=2.0, α=0.7
  验证 MAE: 0.108829

[10/25] T=2.0, α=0.9
  验证 MAE: 0.113951

[11/25] T=3.0, α=0.1
  验证 MAE: 0.114219

[12/25] T=3.0, α=0.3
  验证 MAE: 0.110534

[13/25] T=3.0, α=0.5
  验证 MAE: 0.102798
  >>> 新的最佳配置！T=3.0, α=0.5, MAE=0.102798

[14/25] T=3.0, α=0.7
  验证 MAE: 0.112031

[15/25] T=3.0, α=0.9
  验证 MAE: 0.110822

[16/25] T=5.0, α=0.1
  验证 MAE: 0.108698

[17/25] T=5.0, α=0.3
  验证 MAE: 0.115818

[18/25] T=5.0, α=0.5
  验证 MAE: 0.106778

[19/25] T=5.0, α=0.7
  验证 MAE: 0.111726

[20/25] T=5.0, α=0.9
  验证 MAE: 0.107761

[21/25] T=10.0, α=0.1
  验证 MAE: 0.100877
  >>> 新的最佳配置！T=10.0, α=0.1, MAE=0.100877

[22/25] T=10.0, α=0.3
  验证 MAE: 0.102919

[23/25] T=10.0, α=0.5
  验证 MAE: 0.111711

[24/25] T=10.0, α=0.7
  验证 MAE: 0.109273

[25/25] T=10.0, α=0.9
  验证 MAE: 0.113341

======================================================================
搜索完成！
最佳配置: T=10.0, α=0.1
最佳 MAE: 0.100877
结果已保存到: /home/bonuli/Pieper/pieper1702/distillation_search_results.txt

Top 5 配置:
------------------------------------------------------------
1. T=10.00, α=0.10, MAE=0.100877
2. T=3.00, α=0.50, MAE=0.102798
3. T=10.00, α=0.30, MAE=0.102919
4. T=1.00, α=0.70, MAE=0.105604
5. T=5.00, α=0.50, MAE=0.106778
