======================================================================
训练改进的简化IK模型
======================================================================
  架构: 动态关节耦合 + 多层特征交互
  Batch Size: 2048
  Epochs: 100
  学习率: 0.0003
  预热epochs: 5
加载数据: /data0/wwb_data/ygx_data/data_ygx_pose+dof/ACCAD_CMU_merged_training_data.npz
  预加载到GPU...
  ✓ 数据已预加载到GPU
  训练集: 3253229
  验证集: 361470
  加载时间: 4.57s

创建模型...
  总参数量: 4.42M
  可训练参数: 4.42M

✓ GPU FK 加载成功

开始训练...
  batches/epoch: 1589

Epoch [0/100] | LR: 0.000060
  Progress: 6.3% | Loss: 0.615904 | IK: 0.6005 | FK: 0.076847
  Progress: 12.6% | Loss: 0.016598 | IK: 0.0163 | FK: 0.001242
  Progress: 18.9% | Loss: 0.075015 | IK: 0.0720 | FK: 0.015098
  Progress: 25.2% | Loss: 0.021301 | IK: 0.0205 | FK: 0.003855
  Progress: 31.5% | Loss: 0.175640 | IK: 0.1665 | FK: 0.045733
  Progress: 37.8% | Loss: 0.075136 | IK: 0.0711 | FK: 0.020345
  Progress: 44.1% | Loss: 0.016721 | IK: 0.0164 | FK: 0.001706
  Progress: 50.3% | Loss: 0.010831 | IK: 0.0106 | FK: 0.001038
  Progress: 56.6% | Loss: 0.357715 | IK: 0.3502 | FK: 0.037436
  Progress: 62.9% | Loss: 0.046900 | IK: 0.0438 | FK: 0.015693
  Progress: 69.2% | Loss: 0.003195 | IK: 0.0029 | FK: 0.001257
  Progress: 75.5% | Loss: 0.006753 | IK: 0.0066 | FK: 0.000517
  Progress: 81.8% | Loss: 0.075542 | IK: 0.0733 | FK: 0.011260
  Progress: 88.1% | Loss: 0.042684 | IK: 0.0402 | FK: 0.012508
  Progress: 94.4% | Loss: 0.042912 | IK: 0.0413 | FK: 0.007975
  Progress: 100.0% | Loss: 0.036272 | IK: 0.0335 | FK: 0.013623

============================================================
Epoch [0/100] | Time: 76.5s | LR: 0.000060
  Train Loss: 0.119507 (IK: 0.1154, FK: 0.020344)
  Val Loss: 0.201159 (IK: 0.2012)
============================================================
  >>> 保存最优模型 (val_loss: 0.201159)

Epoch [1/100] | LR: 0.000120
  Progress: 6.3% | Loss: 0.645394 | IK: 0.6346 | FK: 0.053926
  Progress: 12.6% | Loss: 0.017792 | IK: 0.0172 | FK: 0.002820
  Progress: 18.9% | Loss: 0.063760 | IK: 0.0605 | FK: 0.016239
  Progress: 25.2% | Loss: 0.019339 | IK: 0.0186 | FK: 0.003571
  Progress: 31.5% | Loss: 0.130829 | IK: 0.1240 | FK: 0.034084
  Progress: 37.8% | Loss: 0.053009 | IK: 0.0513 | FK: 0.008711
  Progress: 44.1% | Loss: 0.018743 | IK: 0.0184 | FK: 0.001833
  Progress: 50.3% | Loss: 0.008572 | IK: 0.0082 | FK: 0.001663
  Progress: 56.6% | Loss: 0.348740 | IK: 0.3413 | FK: 0.037417
  Progress: 62.9% | Loss: 0.048065 | IK: 0.0451 | FK: 0.014800
  Progress: 69.2% | Loss: 0.003555 | IK: 0.0033 | FK: 0.001182
  Progress: 75.5% | Loss: 0.006290 | IK: 0.0062 | FK: 0.000441
  Progress: 81.8% | Loss: 0.072036 | IK: 0.0700 | FK: 0.010003
  Progress: 88.1% | Loss: 0.040227 | IK: 0.0381 | FK: 0.010655
  Progress: 94.4% | Loss: 0.038907 | IK: 0.0378 | FK: 0.005728
  Progress: 100.0% | Loss: 0.038044 | IK: 0.0351 | FK: 0.014746

============================================================
Epoch [1/100] | Time: 76.5s | LR: 0.000120
  Train Loss: 0.105814 (IK: 0.1022, FK: 0.018057)
  Val Loss: 0.200761 (IK: 0.2008)
============================================================
  >>> 保存最优模型 (val_loss: 0.200761)

Epoch [2/100] | LR: 0.000180
  Progress: 6.3% | Loss: 0.588875 | IK: 0.5760 | FK: 0.064141
  Progress: 12.6% | Loss: 0.017195 | IK: 0.0170 | FK: 0.001222
  Progress: 18.9% | Loss: 0.063127 | IK: 0.0601 | FK: 0.014915
  Progress: 25.2% | Loss: 0.018646 | IK: 0.0179 | FK: 0.003714
  Progress: 31.5% | Loss: 0.132069 | IK: 0.1240 | FK: 0.040425
  Progress: 37.8% | Loss: 0.054348 | IK: 0.0528 | FK: 0.007809
  Progress: 44.1% | Loss: 0.016299 | IK: 0.0159 | FK: 0.001856
  Progress: 50.3% | Loss: 0.007669 | IK: 0.0074 | FK: 0.001497
  Progress: 56.6% | Loss: 0.352797 | IK: 0.3456 | FK: 0.036178
  Progress: 62.9% | Loss: 0.043721 | IK: 0.0409 | FK: 0.014226
  Progress: 69.2% | Loss: 0.003165 | IK: 0.0031 | FK: 0.000546
  Progress: 75.5% | Loss: 0.003355 | IK: 0.0033 | FK: 0.000291
  Progress: 81.8% | Loss: 0.071865 | IK: 0.0698 | FK: 0.010131
  Progress: 88.1% | Loss: 0.035884 | IK: 0.0339 | FK: 0.009936
  Progress: 94.4% | Loss: 0.035132 | IK: 0.0342 | FK: 0.004757
  Progress: 100.0% | Loss: 0.033567 | IK: 0.0310 | FK: 0.012638

============================================================
Epoch [2/100] | Time: 74.4s | LR: 0.000180
  Train Loss: 0.102967 (IK: 0.0994, FK: 0.017751)
  Val Loss: 0.196086 (IK: 0.1961)
============================================================
  >>> 保存最优模型 (val_loss: 0.196086)

Epoch [3/100] | LR: 0.000240
  Progress: 6.3% | Loss: 0.570512 | IK: 0.5580 | FK: 0.062625
  Progress: 12.6% | Loss: 0.019683 | IK: 0.0193 | FK: 0.002084
  Progress: 18.9% | Loss: 0.060016 | IK: 0.0576 | FK: 0.012242
  Progress: 25.2% | Loss: 0.019522 | IK: 0.0188 | FK: 0.003566
  Progress: 31.5% | Loss: 0.112046 | IK: 0.1070 | FK: 0.025252
  Progress: 37.8% | Loss: 0.055126 | IK: 0.0534 | FK: 0.008672
  Progress: 44.1% | Loss: 0.010403 | IK: 0.0099 | FK: 0.002490
  Progress: 50.3% | Loss: 0.007041 | IK: 0.0068 | FK: 0.001380
  Progress: 56.6% | Loss: 0.349302 | IK: 0.3418 | FK: 0.037321
  Progress: 62.9% | Loss: 0.047730 | IK: 0.0446 | FK: 0.015666
  Progress: 69.2% | Loss: 0.002393 | IK: 0.0023 | FK: 0.000361
  Progress: 75.5% | Loss: 0.002934 | IK: 0.0028 | FK: 0.000476
  Progress: 81.8% | Loss: 0.070867 | IK: 0.0687 | FK: 0.010989
  Progress: 88.1% | Loss: 0.038468 | IK: 0.0364 | FK: 0.010292
  Progress: 94.4% | Loss: 0.033353 | IK: 0.0322 | FK: 0.005696
  Progress: 100.0% | Loss: 0.032093 | IK: 0.0298 | FK: 0.011270

============================================================
Epoch [3/100] | Time: 75.7s | LR: 0.000240
  Train Loss: 0.101401 (IK: 0.0979, FK: 0.017572)
  Val Loss: 0.193580 (IK: 0.1936)
============================================================
  >>> 保存最优模型 (val_loss: 0.193580)

Epoch [4/100] | LR: 0.000300
  Progress: 6.3% | Loss: 0.563409 | IK: 0.5513 | FK: 0.060753
  Progress: 12.6% | Loss: 0.024141 | IK: 0.0237 | FK: 0.002288
  Progress: 18.9% | Loss: 0.050385 | IK: 0.0482 | FK: 0.011087
  Progress: 25.2% | Loss: 0.019338 | IK: 0.0185 | FK: 0.004299
  Progress: 31.5% | Loss: 0.066224 | IK: 0.0626 | FK: 0.018368
  Progress: 37.8% | Loss: 0.045023 | IK: 0.0437 | FK: 0.006487
  Progress: 44.1% | Loss: 0.009558 | IK: 0.0091 | FK: 0.002401
  Progress: 50.3% | Loss: 0.005403 | IK: 0.0052 | FK: 0.000969
  Progress: 56.6% | Loss: 0.345940 | IK: 0.3383 | FK: 0.038132
  Progress: 62.9% | Loss: 0.049327 | IK: 0.0461 | FK: 0.016113
  Progress: 69.2% | Loss: 0.002528 | IK: 0.0024 | FK: 0.000392
  Progress: 75.5% | Loss: 0.002822 | IK: 0.0027 | FK: 0.000590
  Progress: 81.8% | Loss: 0.067716 | IK: 0.0656 | FK: 0.010523
  Progress: 88.1% | Loss: 0.038982 | IK: 0.0369 | FK: 0.010603
  Progress: 94.4% | Loss: 0.038011 | IK: 0.0369 | FK: 0.005340
  Progress: 100.0% | Loss: 0.027953 | IK: 0.0262 | FK: 0.008598

============================================================
Epoch [4/100] | Time: 76.6s | LR: 0.000300
  Train Loss: 0.099097 (IK: 0.0957, FK: 0.017081)
  Val Loss: 0.191787 (IK: 0.1918)
============================================================
  >>> 保存最优模型 (val_loss: 0.191787)

Epoch [5/100] | LR: 0.000300
  Progress: 6.3% | Loss: 0.551403 | IK: 0.5402 | FK: 0.055805
  Progress: 12.6% | Loss: 0.022686 | IK: 0.0223 | FK: 0.002140
  Progress: 18.9% | Loss: 0.041368 | IK: 0.0395 | FK: 0.009454
  Progress: 25.2% | Loss: 0.017519 | IK: 0.0169 | FK: 0.003030
  Progress: 31.5% | Loss: 0.068270 | IK: 0.0651 | FK: 0.015764
  Progress: 37.8% | Loss: 0.042992 | IK: 0.0418 | FK: 0.006131
  Progress: 44.1% | Loss: 0.009750 | IK: 0.0093 | FK: 0.002243
  Progress: 50.3% | Loss: 0.005174 | IK: 0.0050 | FK: 0.000734
  Progress: 56.6% | Loss: 0.343190 | IK: 0.3358 | FK: 0.036919
  Progress: 62.9% | Loss: 0.047721 | IK: 0.0444 | FK: 0.016778
  Progress: 69.2% | Loss: 0.002463 | IK: 0.0023 | FK: 0.000631
  Progress: 75.5% | Loss: 0.002469 | IK: 0.0024 | FK: 0.000499
  Progress: 81.8% | Loss: 0.062582 | IK: 0.0606 | FK: 0.009913
  Progress: 88.1% | Loss: 0.036437 | IK: 0.0344 | FK: 0.010330
  Progress: 94.4% | Loss: 0.044851 | IK: 0.0432 | FK: 0.008315
  Progress: 100.0% | Loss: 0.025265 | IK: 0.0240 | FK: 0.006492

============================================================
Epoch [5/100] | Time: 74.4s | LR: 0.000300
  Train Loss: 0.096162 (IK: 0.0929, FK: 0.016459)
  Val Loss: 0.191810 (IK: 0.1918)
============================================================
  无改善 (1/10)

Epoch [6/100] | LR: 0.000300
  Progress: 6.3% | Loss: 0.530645 | IK: 0.5194 | FK: 0.056232
  Progress: 12.6% | Loss: 0.018550 | IK: 0.0183 | FK: 0.001489
  Progress: 18.9% | Loss: 0.036681 | IK: 0.0350 | FK: 0.008634
  Progress: 25.2% | Loss: 0.014100 | IK: 0.0135 | FK: 0.002825
  Progress: 31.5% | Loss: 0.060250 | IK: 0.0577 | FK: 0.012606
  Progress: 37.8% | Loss: 0.044647 | IK: 0.0431 | FK: 0.007590
  Progress: 44.1% | Loss: 0.010210 | IK: 0.0098 | FK: 0.002171
  Progress: 50.3% | Loss: 0.004652 | IK: 0.0045 | FK: 0.000629
  Progress: 56.6% | Loss: 0.339645 | IK: 0.3319 | FK: 0.038528
  Progress: 62.9% | Loss: 0.040893 | IK: 0.0383 | FK: 0.013073
  Progress: 69.2% | Loss: 0.002415 | IK: 0.0022 | FK: 0.000850
  Progress: 75.5% | Loss: 0.003057 | IK: 0.0029 | FK: 0.000739
  Progress: 81.8% | Loss: 0.055499 | IK: 0.0538 | FK: 0.008410
  Progress: 88.1% | Loss: 0.033854 | IK: 0.0319 | FK: 0.009795
  Progress: 94.4% | Loss: 0.038013 | IK: 0.0365 | FK: 0.007541
  Progress: 100.0% | Loss: 0.022471 | IK: 0.0214 | FK: 0.005450

============================================================
Epoch [6/100] | Time: 74.8s | LR: 0.000300
  Train Loss: 0.093878 (IK: 0.0907, FK: 0.015830)
  Val Loss: 0.191753 (IK: 0.1918)
============================================================
  >>> 保存最优模型 (val_loss: 0.191753)

Epoch [7/100] | LR: 0.000300
  Progress: 6.3% | Loss: 0.520897 | IK: 0.5100 | FK: 0.054461
  Progress: 12.6% | Loss: 0.021072 | IK: 0.0208 | FK: 0.001552
  Progress: 18.9% | Loss: 0.034985 | IK: 0.0335 | FK: 0.007595
  Progress: 25.2% | Loss: 0.013336 | IK: 0.0128 | FK: 0.002635
  Progress: 31.5% | Loss: 0.055830 | IK: 0.0534 | FK: 0.012230
  Progress: 37.8% | Loss: 0.041175 | IK: 0.0399 | FK: 0.006426
  Progress: 44.1% | Loss: 0.010090 | IK: 0.0097 | FK: 0.002085
  Progress: 50.3% | Loss: 0.004912 | IK: 0.0048 | FK: 0.000640
  Progress: 56.6% | Loss: 0.335053 | IK: 0.3275 | FK: 0.037723
  Progress: 62.9% | Loss: 0.042038 | IK: 0.0394 | FK: 0.013310
  Progress: 69.2% | Loss: 0.002683 | IK: 0.0025 | FK: 0.000879
  Progress: 75.5% | Loss: 0.002652 | IK: 0.0025 | FK: 0.000611
  Progress: 81.8% | Loss: 0.048464 | IK: 0.0469 | FK: 0.007826
  Progress: 88.1% | Loss: 0.032413 | IK: 0.0306 | FK: 0.009022
  Progress: 94.4% | Loss: 0.035260 | IK: 0.0339 | FK: 0.006992
  Progress: 100.0% | Loss: 0.025350 | IK: 0.0240 | FK: 0.006818

============================================================
Epoch [7/100] | Time: 75.7s | LR: 0.000300
  Train Loss: 0.092241 (IK: 0.0891, FK: 0.015604)
  Val Loss: 0.193783 (IK: 0.1938)
============================================================
  无改善 (1/10)

Epoch [8/100] | LR: 0.000299
  Progress: 6.3% | Loss: 0.510438 | IK: 0.4994 | FK: 0.055010
  Progress: 12.6% | Loss: 0.021019 | IK: 0.0207 | FK: 0.001602
  Progress: 18.9% | Loss: 0.037770 | IK: 0.0361 | FK: 0.008275
  Progress: 25.2% | Loss: 0.013744 | IK: 0.0132 | FK: 0.002508
  Progress: 31.5% | Loss: 0.053448 | IK: 0.0512 | FK: 0.011146
  Progress: 37.8% | Loss: 0.039740 | IK: 0.0385 | FK: 0.006146
  Progress: 44.1% | Loss: 0.008740 | IK: 0.0084 | FK: 0.001916
  Progress: 50.3% | Loss: 0.004442 | IK: 0.0043 | FK: 0.000654
  Progress: 56.6% | Loss: 0.333769 | IK: 0.3263 | FK: 0.037287
  Progress: 62.9% | Loss: 0.045708 | IK: 0.0428 | FK: 0.014714
  Progress: 69.2% | Loss: 0.003008 | IK: 0.0028 | FK: 0.000917
  Progress: 75.5% | Loss: 0.002560 | IK: 0.0025 | FK: 0.000400
  Progress: 81.8% | Loss: 0.057025 | IK: 0.0555 | FK: 0.007747
  Progress: 88.1% | Loss: 0.029911 | IK: 0.0282 | FK: 0.008707
  Progress: 94.4% | Loss: 0.038148 | IK: 0.0363 | FK: 0.009287
  Progress: 100.0% | Loss: 0.026431 | IK: 0.0249 | FK: 0.007434

============================================================
Epoch [8/100] | Time: 75.2s | LR: 0.000299
  Train Loss: 0.091570 (IK: 0.0885, FK: 0.015460)
  Val Loss: 0.195654 (IK: 0.1957)
============================================================
  无改善 (2/10)

Epoch [9/100] | LR: 0.000299
  Progress: 6.3% | Loss: 0.495782 | IK: 0.4845 | FK: 0.056184
  Progress: 12.6% | Loss: 0.021013 | IK: 0.0206 | FK: 0.001853
  Progress: 18.9% | Loss: 0.035390 | IK: 0.0338 | FK: 0.007707
  Progress: 25.2% | Loss: 0.011637 | IK: 0.0111 | FK: 0.002734
  Progress: 31.5% | Loss: 0.046173 | IK: 0.0441 | FK: 0.010253
  Progress: 37.8% | Loss: 0.038306 | IK: 0.0370 | FK: 0.006297
  Progress: 44.1% | Loss: 0.009078 | IK: 0.0087 | FK: 0.001875
  Progress: 50.3% | Loss: 0.004424 | IK: 0.0043 | FK: 0.000677
  Progress: 56.6% | Loss: 0.333446 | IK: 0.3260 | FK: 0.037298
  Progress: 62.9% | Loss: 0.044230 | IK: 0.0413 | FK: 0.014687
  Progress: 69.2% | Loss: 0.002582 | IK: 0.0024 | FK: 0.000775
  Progress: 75.5% | Loss: 0.002678 | IK: 0.0026 | FK: 0.000474
  Progress: 81.8% | Loss: 0.046530 | IK: 0.0449 | FK: 0.008252
  Progress: 88.1% | Loss: 0.029670 | IK: 0.0279 | FK: 0.008896
  Progress: 94.4% | Loss: 0.035727 | IK: 0.0341 | FK: 0.008022
  Progress: 100.0% | Loss: 0.024852 | IK: 0.0237 | FK: 0.005832

============================================================
Epoch [9/100] | Time: 75.6s | LR: 0.000299
  Train Loss: 0.090768 (IK: 0.0877, FK: 0.015374)
  Val Loss: 0.194825 (IK: 0.1948)
============================================================
  无改善 (3/10)

Epoch [10/100] | LR: 0.000298
  Progress: 6.3% | Loss: 0.495590 | IK: 0.4845 | FK: 0.055686
  Progress: 12.6% | Loss: 0.021469 | IK: 0.0211 | FK: 0.001889
  Progress: 18.9% | Loss: 0.032659 | IK: 0.0313 | FK: 0.006874
  Progress: 25.2% | Loss: 0.010443 | IK: 0.0100 | FK: 0.002434
  Progress: 31.5% | Loss: 0.044904 | IK: 0.0430 | FK: 0.009493
  Progress: 37.8% | Loss: 0.035164 | IK: 0.0340 | FK: 0.005807
  Progress: 44.1% | Loss: 0.008712 | IK: 0.0083 | FK: 0.002208
  Progress: 50.3% | Loss: 0.004237 | IK: 0.0041 | FK: 0.000653
  Progress: 56.6% | Loss: 0.330302 | IK: 0.3232 | FK: 0.035452
  Progress: 62.9% | Loss: 0.041474 | IK: 0.0386 | FK: 0.014477
  Progress: 69.2% | Loss: 0.002320 | IK: 0.0022 | FK: 0.000592
  Progress: 75.5% | Loss: 0.002611 | IK: 0.0025 | FK: 0.000380
  Progress: 81.8% | Loss: 0.050519 | IK: 0.0488 | FK: 0.008661
  Progress: 88.1% | Loss: 0.027804 | IK: 0.0262 | FK: 0.008152
  Progress: 94.4% | Loss: 0.033967 | IK: 0.0324 | FK: 0.007748
  Progress: 100.0% | Loss: 0.022690 | IK: 0.0217 | FK: 0.004965

============================================================
Epoch [10/100] | Time: 76.7s | LR: 0.000298
  Train Loss: 0.089399 (IK: 0.0864, FK: 0.015214)
  Val Loss: 0.195233 (IK: 0.1952)
============================================================
  无改善 (4/10)

Epoch [11/100] | LR: 0.000297
  Progress: 6.3% | Loss: 0.487437 | IK: 0.4761 | FK: 0.056905
  Progress: 12.6% | Loss: 0.021536 | IK: 0.0211 | FK: 0.001992
  Progress: 18.9% | Loss: 0.031619 | IK: 0.0302 | FK: 0.006968
  Progress: 25.2% | Loss: 0.009261 | IK: 0.0088 | FK: 0.002501
  Progress: 31.5% | Loss: 0.034386 | IK: 0.0330 | FK: 0.006997
  Progress: 37.8% | Loss: 0.036071 | IK: 0.0348 | FK: 0.006459
  Progress: 44.1% | Loss: 0.008575 | IK: 0.0082 | FK: 0.001994
  Progress: 50.3% | Loss: 0.004257 | IK: 0.0041 | FK: 0.000609
  Progress: 56.6% | Loss: 0.328396 | IK: 0.3213 | FK: 0.035583
  Progress: 62.9% | Loss: 0.039827 | IK: 0.0371 | FK: 0.013729
  Progress: 69.2% | Loss: 0.002327 | IK: 0.0022 | FK: 0.000474
  Progress: 75.5% | Loss: 0.002128 | IK: 0.0021 | FK: 0.000275
  Progress: 81.8% | Loss: 0.048561 | IK: 0.0468 | FK: 0.008618
  Progress: 88.1% | Loss: 0.027748 | IK: 0.0261 | FK: 0.008230
  Progress: 94.4% | Loss: 0.030398 | IK: 0.0289 | FK: 0.007573
  Progress: 100.0% | Loss: 0.022575 | IK: 0.0216 | FK: 0.004893

============================================================
Epoch [11/100] | Time: 76.2s | LR: 0.000297
  Train Loss: 0.088417 (IK: 0.0854, FK: 0.015033)
  Val Loss: 0.194922 (IK: 0.1949)
============================================================
  无改善 (5/10)

Epoch [12/100] | LR: 0.000296
  Progress: 6.3% | Loss: 0.492274 | IK: 0.4812 | FK: 0.055585
  Progress: 12.6% | Loss: 0.021062 | IK: 0.0207 | FK: 0.001893
  Progress: 18.9% | Loss: 0.033905 | IK: 0.0325 | FK: 0.006929
  Progress: 25.2% | Loss: 0.008734 | IK: 0.0082 | FK: 0.002515
  Progress: 31.5% | Loss: 0.033630 | IK: 0.0324 | FK: 0.005919
  Progress: 37.8% | Loss: 0.035511 | IK: 0.0341 | FK: 0.006889
  Progress: 44.1% | Loss: 0.008679 | IK: 0.0082 | FK: 0.002190
  Progress: 50.3% | Loss: 0.004370 | IK: 0.0042 | FK: 0.000695
  Progress: 56.6% | Loss: 0.329972 | IK: 0.3229 | FK: 0.035323
  Progress: 62.9% | Loss: 0.036813 | IK: 0.0343 | FK: 0.012526
  Progress: 69.2% | Loss: 0.002307 | IK: 0.0022 | FK: 0.000532
  Progress: 75.5% | Loss: 0.002440 | IK: 0.0024 | FK: 0.000311
  Progress: 81.8% | Loss: 0.048166 | IK: 0.0465 | FK: 0.008325
  Progress: 88.1% | Loss: 0.025040 | IK: 0.0236 | FK: 0.007345
  Progress: 94.4% | Loss: 0.029116 | IK: 0.0277 | FK: 0.007211
  Progress: 100.0% | Loss: 0.023211 | IK: 0.0221 | FK: 0.005603

============================================================
Epoch [12/100] | Time: 76.2s | LR: 0.000296
  Train Loss: 0.087967 (IK: 0.0850, FK: 0.014821)
  Val Loss: 0.195493 (IK: 0.1955)
============================================================
  无改善 (6/10)

Epoch [13/100] | LR: 0.000295
  Progress: 6.3% | Loss: 0.481768 | IK: 0.4706 | FK: 0.055978
  Progress: 12.6% | Loss: 0.021520 | IK: 0.0212 | FK: 0.001829
  Progress: 18.9% | Loss: 0.029705 | IK: 0.0284 | FK: 0.006624
  Progress: 25.2% | Loss: 0.008347 | IK: 0.0078 | FK: 0.002529
  Progress: 31.5% | Loss: 0.036561 | IK: 0.0349 | FK: 0.008245
  Progress: 37.8% | Loss: 0.035905 | IK: 0.0346 | FK: 0.006583
  Progress: 44.1% | Loss: 0.008949 | IK: 0.0086 | FK: 0.001955
  Progress: 50.3% | Loss: 0.004379 | IK: 0.0042 | FK: 0.000719
  Progress: 56.6% | Loss: 0.323253 | IK: 0.3163 | FK: 0.034588
  Progress: 62.9% | Loss: 0.040955 | IK: 0.0380 | FK: 0.014565
  Progress: 69.2% | Loss: 0.002410 | IK: 0.0023 | FK: 0.000535
  Progress: 75.5% | Loss: 0.002188 | IK: 0.0021 | FK: 0.000260
  Progress: 81.8% | Loss: 0.053023 | IK: 0.0512 | FK: 0.009151
  Progress: 88.1% | Loss: 0.026501 | IK: 0.0250 | FK: 0.007460
  Progress: 94.4% | Loss: 0.030981 | IK: 0.0293 | FK: 0.008331
  Progress: 100.0% | Loss: 0.022258 | IK: 0.0212 | FK: 0.005299

============================================================
Epoch [13/100] | Time: 74.8s | LR: 0.000295
  Train Loss: 0.087738 (IK: 0.0848, FK: 0.014652)
  Val Loss: 0.195531 (IK: 0.1955)
============================================================
  无改善 (7/10)

Epoch [14/100] | LR: 0.000293
  Progress: 6.3% | Loss: 0.472478 | IK: 0.4615 | FK: 0.054665
  Progress: 12.6% | Loss: 0.020805 | IK: 0.0204 | FK: 0.001784
  Progress: 18.9% | Loss: 0.033795 | IK: 0.0324 | FK: 0.006820
  Progress: 25.2% | Loss: 0.009866 | IK: 0.0094 | FK: 0.002443
  Progress: 31.5% | Loss: 0.033805 | IK: 0.0324 | FK: 0.007047
  Progress: 37.8% | Loss: 0.034365 | IK: 0.0331 | FK: 0.006356
  Progress: 44.1% | Loss: 0.008653 | IK: 0.0083 | FK: 0.001918
  Progress: 50.3% | Loss: 0.004192 | IK: 0.0040 | FK: 0.000728
  Progress: 56.6% | Loss: 0.329882 | IK: 0.3229 | FK: 0.035094
  Progress: 62.9% | Loss: 0.036951 | IK: 0.0345 | FK: 0.012497
  Progress: 69.2% | Loss: 0.002450 | IK: 0.0024 | FK: 0.000429
  Progress: 75.5% | Loss: 0.002292 | IK: 0.0022 | FK: 0.000255
  Progress: 81.8% | Loss: 0.047638 | IK: 0.0459 | FK: 0.008691
  Progress: 88.1% | Loss: 0.024844 | IK: 0.0236 | FK: 0.006444
  Progress: 94.4% | Loss: 0.029785 | IK: 0.0282 | FK: 0.007868
  Progress: 100.0% | Loss: 0.023911 | IK: 0.0226 | FK: 0.006802

============================================================
Epoch [14/100] | Time: 74.7s | LR: 0.000293
  Train Loss: 0.087049 (IK: 0.0841, FK: 0.014686)
  Val Loss: 0.194945 (IK: 0.1949)
============================================================
  无改善 (8/10)

Epoch [15/100] | LR: 0.000292
  Progress: 6.3% | Loss: 0.474556 | IK: 0.4634 | FK: 0.055842
  Progress: 12.6% | Loss: 0.021393 | IK: 0.0210 | FK: 0.001747
  Progress: 18.9% | Loss: 0.032775 | IK: 0.0314 | FK: 0.007000
  Progress: 25.2% | Loss: 0.009382 | IK: 0.0089 | FK: 0.002582
  Progress: 31.5% | Loss: 0.029310 | IK: 0.0281 | FK: 0.006015
  Progress: 37.8% | Loss: 0.034929 | IK: 0.0335 | FK: 0.007180
  Progress: 44.1% | Loss: 0.009899 | IK: 0.0095 | FK: 0.001769
  Progress: 50.3% | Loss: 0.004160 | IK: 0.0040 | FK: 0.000748
  Progress: 56.6% | Loss: 0.323632 | IK: 0.3166 | FK: 0.035032
  Progress: 62.9% | Loss: 0.041154 | IK: 0.0383 | FK: 0.014323
  Progress: 69.2% | Loss: 0.002607 | IK: 0.0025 | FK: 0.000548
  Progress: 75.5% | Loss: 0.002037 | IK: 0.0020 | FK: 0.000262
  Progress: 81.8% | Loss: 0.047529 | IK: 0.0460 | FK: 0.007763
  Progress: 88.1% | Loss: 0.025652 | IK: 0.0243 | FK: 0.006914
  Progress: 94.4% | Loss: 0.030460 | IK: 0.0288 | FK: 0.008134
  Progress: 100.0% | Loss: 0.021885 | IK: 0.0208 | FK: 0.005411

============================================================
Epoch [15/100] | Time: 76.3s | LR: 0.000292
  Train Loss: 0.086236 (IK: 0.0833, FK: 0.014665)
  Val Loss: 0.194982 (IK: 0.1950)
============================================================
  无改善 (9/10)

Epoch [16/100] | LR: 0.000290
  Progress: 6.3% | Loss: 0.468464 | IK: 0.4573 | FK: 0.055875
  Progress: 12.6% | Loss: 0.019932 | IK: 0.0196 | FK: 0.001890
  Progress: 18.9% | Loss: 0.031578 | IK: 0.0303 | FK: 0.006631
  Progress: 25.2% | Loss: 0.010277 | IK: 0.0097 | FK: 0.002665
  Progress: 31.5% | Loss: 0.029400 | IK: 0.0281 | FK: 0.006522
  Progress: 37.8% | Loss: 0.034127 | IK: 0.0328 | FK: 0.006797
  Progress: 44.1% | Loss: 0.009914 | IK: 0.0095 | FK: 0.002106
  Progress: 50.3% | Loss: 0.004117 | IK: 0.0040 | FK: 0.000790
  Progress: 56.6% | Loss: 0.326037 | IK: 0.3191 | FK: 0.034857
  Progress: 62.9% | Loss: 0.041394 | IK: 0.0387 | FK: 0.013381
  Progress: 69.2% | Loss: 0.002310 | IK: 0.0022 | FK: 0.000665
  Progress: 75.5% | Loss: 0.002157 | IK: 0.0021 | FK: 0.000273
  Progress: 81.8% | Loss: 0.042292 | IK: 0.0408 | FK: 0.007564
  Progress: 88.1% | Loss: 0.025109 | IK: 0.0238 | FK: 0.006687
  Progress: 94.4% | Loss: 0.029712 | IK: 0.0283 | FK: 0.007258
  Progress: 100.0% | Loss: 0.022162 | IK: 0.0210 | FK: 0.005707

============================================================
Epoch [16/100] | Time: 75.0s | LR: 0.000290
  Train Loss: 0.085904 (IK: 0.0830, FK: 0.014530)
  Val Loss: 0.195149 (IK: 0.1951)
============================================================
  无改善 (10/10)

早停触发！停止训练。

训练完成！
  最优验证损失: 0.191753
  模型保存到: /home/bonuli/Pieper/pieper1702/improved_simplified_ik_best.pth

最终效果测试:
  MAE: 0.091998
  MSE: 0.020939
  位置 MSE: 0.005969
