======================================================================
训练 Transformer IK 模型
======================================================================
  架构: 6 层 Transformer, 8 头注意力
加载数据: /data0/wwb_data/ygx_data/data_ygx_pose+dof/ACCAD_CMU_merged_training_data.npz
  预加载到GPU...
  ✓ 数据已预加载到GPU
  训练集: 3253229
  验证集: 361470
  加载时间: 4.57s

创建模型...
  参数量: 3.96M

✓ GPU FK 加载成功

开始训练...
  batches/epoch: 1589

Epoch [0/100] | LR: 0.000040
  Progress: 6.3% | Loss: 0.716193 | IK: 0.6894 | FK: 0.133790
  Progress: 12.6% | Loss: 0.024562 | IK: 0.0236 | FK: 0.004770
  Progress: 18.9% | Loss: 0.123625 | IK: 0.1200 | FK: 0.018108
  Progress: 25.2% | Loss: 0.197462 | IK: 0.1858 | FK: 0.058304
  Progress: 31.5% | Loss: 0.222473 | IK: 0.2108 | FK: 0.058315
  Progress: 37.8% | Loss: 0.226825 | IK: 0.2093 | FK: 0.087851
  Progress: 44.1% | Loss: 0.036562 | IK: 0.0353 | FK: 0.006480
  Progress: 50.3% | Loss: 0.032573 | IK: 0.0309 | FK: 0.008391
  Progress: 56.6% | Loss: 0.473554 | IK: 0.4635 | FK: 0.050261
  Progress: 62.9% | Loss: 0.116202 | IK: 0.1124 | FK: 0.018913
  Progress: 69.2% | Loss: 0.003640 | IK: 0.0034 | FK: 0.000999
  Progress: 75.5% | Loss: 0.010611 | IK: 0.0102 | FK: 0.002129
  Progress: 81.8% | Loss: 0.108567 | IK: 0.1037 | FK: 0.024547
  Progress: 88.1% | Loss: 0.146548 | IK: 0.1409 | FK: 0.028235
  Progress: 94.4% | Loss: 0.220783 | IK: 0.2082 | FK: 0.062812

============================================================
Epoch [0/100] | Time: 106.3s
  Train Loss: 0.201913
  IK: 0.1945 | FK: 0.036882
  Val MAE: 0.290006 | Val MSE: 0.227982
============================================================
  >>> 保存最优模型 (val_mae: 0.290006)

Epoch [1/100] | LR: 0.000080
  Progress: 6.3% | Loss: 0.689644 | IK: 0.6747 | FK: 0.074532
  Progress: 12.6% | Loss: 0.023648 | IK: 0.0231 | FK: 0.002915
  Progress: 18.9% | Loss: 0.105716 | IK: 0.1036 | FK: 0.010561
  Progress: 25.2% | Loss: 0.145414 | IK: 0.1360 | FK: 0.047277
  Progress: 31.5% | Loss: 0.226369 | IK: 0.2174 | FK: 0.045053
  Progress: 37.8% | Loss: 0.155283 | IK: 0.1441 | FK: 0.055907
  Progress: 44.1% | Loss: 0.024125 | IK: 0.0238 | FK: 0.001410
  Progress: 50.3% | Loss: 0.024478 | IK: 0.0228 | FK: 0.008448
  Progress: 56.6% | Loss: 0.457391 | IK: 0.4479 | FK: 0.047246
  Progress: 62.9% | Loss: 0.097690 | IK: 0.0944 | FK: 0.016686
  Progress: 69.2% | Loss: 0.004424 | IK: 0.0042 | FK: 0.001342
  Progress: 75.5% | Loss: 0.004904 | IK: 0.0048 | FK: 0.000756
  Progress: 81.8% | Loss: 0.112625 | IK: 0.1082 | FK: 0.022062
  Progress: 88.1% | Loss: 0.136907 | IK: 0.1299 | FK: 0.034906
  Progress: 94.4% | Loss: 0.237795 | IK: 0.2229 | FK: 0.074629

============================================================
Epoch [1/100] | Time: 106.3s
  Train Loss: 0.172005
  IK: 0.1663 | FK: 0.028548
  Val MAE: 0.293910 | Val MSE: 0.245111
============================================================
  无改善 (1/15)

Epoch [2/100] | LR: 0.000120
  Progress: 6.3% | Loss: 0.745499 | IK: 0.7316 | FK: 0.069680
  Progress: 12.6% | Loss: 0.020001 | IK: 0.0194 | FK: 0.003083
  Progress: 18.9% | Loss: 0.071662 | IK: 0.0699 | FK: 0.008910
  Progress: 25.2% | Loss: 0.053051 | IK: 0.0514 | FK: 0.008271
  Progress: 31.5% | Loss: 0.198178 | IK: 0.1912 | FK: 0.035088
  Progress: 37.8% | Loss: 0.162720 | IK: 0.1502 | FK: 0.062717
  Progress: 44.1% | Loss: 0.024509 | IK: 0.0241 | FK: 0.001965
  Progress: 50.3% | Loss: 0.026202 | IK: 0.0252 | FK: 0.005245
  Progress: 56.6% | Loss: 0.445657 | IK: 0.4369 | FK: 0.043559
  Progress: 62.9% | Loss: 0.086912 | IK: 0.0844 | FK: 0.012754
  Progress: 69.2% | Loss: 0.004015 | IK: 0.0038 | FK: 0.000995
  Progress: 75.5% | Loss: 0.006935 | IK: 0.0067 | FK: 0.001356
  Progress: 81.8% | Loss: 0.128785 | IK: 0.1229 | FK: 0.029295
  Progress: 88.1% | Loss: 0.112626 | IK: 0.1074 | FK: 0.026011
  Progress: 94.4% | Loss: 0.135994 | IK: 0.1263 | FK: 0.048577

============================================================
Epoch [2/100] | Time: 105.6s
  Train Loss: 0.153821
  IK: 0.1485 | FK: 0.026490
  Val MAE: 0.275505 | Val MSE: 0.223992
============================================================
  >>> 保存最优模型 (val_mae: 0.275505)

Epoch [3/100] | LR: 0.000160
  Progress: 6.3% | Loss: 0.712007 | IK: 0.6993 | FK: 0.063365
  Progress: 12.6% | Loss: 0.022368 | IK: 0.0218 | FK: 0.002657
  Progress: 18.9% | Loss: 0.106472 | IK: 0.1043 | FK: 0.011020
  Progress: 25.2% | Loss: 0.049257 | IK: 0.0485 | FK: 0.003637
  Progress: 31.5% | Loss: 0.153519 | IK: 0.1445 | FK: 0.045128
  Progress: 37.8% | Loss: 0.140840 | IK: 0.1291 | FK: 0.058852
  Progress: 44.1% | Loss: 0.022448 | IK: 0.0221 | FK: 0.001968
  Progress: 50.3% | Loss: 0.018845 | IK: 0.0182 | FK: 0.003262
  Progress: 56.6% | Loss: 0.430095 | IK: 0.4218 | FK: 0.041486
  Progress: 62.9% | Loss: 0.078905 | IK: 0.0765 | FK: 0.011795
  Progress: 69.2% | Loss: 0.003773 | IK: 0.0036 | FK: 0.000948
  Progress: 75.5% | Loss: 0.003882 | IK: 0.0037 | FK: 0.000683
  Progress: 81.8% | Loss: 0.139399 | IK: 0.1328 | FK: 0.032920
  Progress: 88.1% | Loss: 0.100974 | IK: 0.0962 | FK: 0.023948
  Progress: 94.4% | Loss: 0.097261 | IK: 0.0918 | FK: 0.027092

============================================================
Epoch [3/100] | Time: 88.0s
  Train Loss: 0.144790
  IK: 0.1398 | FK: 0.024905
  Val MAE: 0.279949 | Val MSE: 0.220938
============================================================
  无改善 (1/15)

Epoch [4/100] | LR: 0.000200
  Progress: 6.3% | Loss: 0.664181 | IK: 0.6519 | FK: 0.061440
  Progress: 12.6% | Loss: 0.021908 | IK: 0.0212 | FK: 0.003692
  Progress: 18.9% | Loss: 0.079718 | IK: 0.0769 | FK: 0.013960
  Progress: 25.2% | Loss: 0.056002 | IK: 0.0534 | FK: 0.012869
  Progress: 31.5% | Loss: 0.145340 | IK: 0.1366 | FK: 0.043767
  Progress: 37.8% | Loss: 0.133537 | IK: 0.1216 | FK: 0.059493
  Progress: 44.1% | Loss: 0.026690 | IK: 0.0264 | FK: 0.001672
  Progress: 50.3% | Loss: 0.017173 | IK: 0.0163 | FK: 0.004253
  Progress: 56.6% | Loss: 0.426219 | IK: 0.4179 | FK: 0.041647
  Progress: 62.9% | Loss: 0.083123 | IK: 0.0802 | FK: 0.014576
  Progress: 69.2% | Loss: 0.003601 | IK: 0.0034 | FK: 0.001085
  Progress: 75.5% | Loss: 0.003871 | IK: 0.0037 | FK: 0.000790
  Progress: 81.8% | Loss: 0.167523 | IK: 0.1616 | FK: 0.029501
  Progress: 88.1% | Loss: 0.093987 | IK: 0.0891 | FK: 0.024205
  Progress: 94.4% | Loss: 0.084250 | IK: 0.0799 | FK: 0.021684

============================================================
Epoch [4/100] | Time: 92.2s
  Train Loss: 0.141719
  IK: 0.1369 | FK: 0.024148
  Val MAE: 0.282214 | Val MSE: 0.228427
============================================================
  无改善 (2/15)

Epoch [5/100] | LR: 0.000200
  Progress: 6.3% | Loss: 0.687639 | IK: 0.6757 | FK: 0.059533
  Progress: 12.6% | Loss: 0.020081 | IK: 0.0193 | FK: 0.004129
  Progress: 18.9% | Loss: 0.063612 | IK: 0.0617 | FK: 0.009324
  Progress: 25.2% | Loss: 0.033289 | IK: 0.0314 | FK: 0.009549
  Progress: 31.5% | Loss: 0.100614 | IK: 0.0951 | FK: 0.027774
  Progress: 37.8% | Loss: 0.141009 | IK: 0.1297 | FK: 0.056470
  Progress: 44.1% | Loss: 0.023541 | IK: 0.0230 | FK: 0.002536
  Progress: 50.3% | Loss: 0.019633 | IK: 0.0189 | FK: 0.003455
  Progress: 56.6% | Loss: 0.419876 | IK: 0.4120 | FK: 0.039486
  Progress: 62.9% | Loss: 0.085100 | IK: 0.0822 | FK: 0.014597
  Progress: 69.2% | Loss: 0.003792 | IK: 0.0036 | FK: 0.000835
  Progress: 75.5% | Loss: 0.002303 | IK: 0.0022 | FK: 0.000499
  Progress: 81.8% | Loss: 0.104649 | IK: 0.1005 | FK: 0.020821
  Progress: 88.1% | Loss: 0.089571 | IK: 0.0847 | FK: 0.024459
  Progress: 94.4% | Loss: 0.080544 | IK: 0.0764 | FK: 0.020946

============================================================
Epoch [5/100] | Time: 104.4s
  Train Loss: 0.135798
  IK: 0.1313 | FK: 0.022713
  Val MAE: 0.271579 | Val MSE: 0.221666
============================================================
  >>> 保存最优模型 (val_mae: 0.271579)

Epoch [6/100] | LR: 0.000200
  Progress: 6.3% | Loss: 0.677735 | IK: 0.6659 | FK: 0.059004
  Progress: 12.6% | Loss: 0.020222 | IK: 0.0195 | FK: 0.003696
  Progress: 18.9% | Loss: 0.065798 | IK: 0.0630 | FK: 0.013961
  Progress: 25.2% | Loss: 0.038020 | IK: 0.0359 | FK: 0.010502
  Progress: 31.5% | Loss: 0.083177 | IK: 0.0793 | FK: 0.019472
  Progress: 37.8% | Loss: 0.126467 | IK: 0.1168 | FK: 0.048378
  Progress: 44.1% | Loss: 0.023953 | IK: 0.0233 | FK: 0.003065
  Progress: 50.3% | Loss: 0.017389 | IK: 0.0168 | FK: 0.002722
  Progress: 56.6% | Loss: 0.422882 | IK: 0.4145 | FK: 0.041910
  Progress: 62.9% | Loss: 0.071275 | IK: 0.0682 | FK: 0.015133
  Progress: 69.2% | Loss: 0.003682 | IK: 0.0035 | FK: 0.001017
  Progress: 75.5% | Loss: 0.003456 | IK: 0.0033 | FK: 0.001008
  Progress: 81.8% | Loss: 0.170731 | IK: 0.1667 | FK: 0.020265
  Progress: 88.1% | Loss: 0.063118 | IK: 0.0582 | FK: 0.024592
  Progress: 94.4% | Loss: 0.100240 | IK: 0.0950 | FK: 0.026439

============================================================
Epoch [6/100] | Time: 103.6s
  Train Loss: 0.131739
  IK: 0.1273 | FK: 0.022177
  Val MAE: 0.261974 | Val MSE: 0.214655
============================================================
  >>> 保存最优模型 (val_mae: 0.261974)

Epoch [7/100] | LR: 0.000200
  Progress: 6.3% | Loss: 0.672372 | IK: 0.6634 | FK: 0.045051
  Progress: 12.6% | Loss: 0.020583 | IK: 0.0200 | FK: 0.003139
  Progress: 18.9% | Loss: 0.054111 | IK: 0.0513 | FK: 0.013947
  Progress: 25.2% | Loss: 0.086918 | IK: 0.0820 | FK: 0.024724
  Progress: 31.5% | Loss: 0.074863 | IK: 0.0708 | FK: 0.020432
  Progress: 37.8% | Loss: 0.125911 | IK: 0.1201 | FK: 0.029212
  Progress: 44.1% | Loss: 0.026325 | IK: 0.0255 | FK: 0.003902
  Progress: 50.3% | Loss: 0.008674 | IK: 0.0082 | FK: 0.002221
  Progress: 56.6% | Loss: 0.414713 | IK: 0.4063 | FK: 0.041842
  Progress: 62.9% | Loss: 0.055606 | IK: 0.0534 | FK: 0.010827
  Progress: 69.2% | Loss: 0.003979 | IK: 0.0038 | FK: 0.001059
  Progress: 75.5% | Loss: 0.004814 | IK: 0.0046 | FK: 0.001230
  Progress: 81.8% | Loss: 0.099840 | IK: 0.0956 | FK: 0.020974
  Progress: 88.1% | Loss: 0.059541 | IK: 0.0553 | FK: 0.021314
  Progress: 94.4% | Loss: 0.099523 | IK: 0.0943 | FK: 0.026290

============================================================
Epoch [7/100] | Time: 106.2s
  Train Loss: 0.118021
  IK: 0.1139 | FK: 0.020543
  Val MAE: 0.248720 | Val MSE: 0.210687
============================================================
  >>> 保存最优模型 (val_mae: 0.248720)

Epoch [8/100] | LR: 0.000200
  Progress: 6.3% | Loss: 0.645252 | IK: 0.6361 | FK: 0.045638
  Progress: 12.6% | Loss: 0.019030 | IK: 0.0184 | FK: 0.003266
  Progress: 18.9% | Loss: 0.049801 | IK: 0.0475 | FK: 0.011626
  Progress: 25.2% | Loss: 0.037368 | IK: 0.0364 | FK: 0.005092
  Progress: 31.5% | Loss: 0.082467 | IK: 0.0793 | FK: 0.015638
  Progress: 37.8% | Loss: 0.110748 | IK: 0.1076 | FK: 0.015872
  Progress: 44.1% | Loss: 0.021676 | IK: 0.0209 | FK: 0.003959
  Progress: 50.3% | Loss: 0.009374 | IK: 0.0089 | FK: 0.002389
  Progress: 56.6% | Loss: 0.395796 | IK: 0.3878 | FK: 0.039958
  Progress: 62.9% | Loss: 0.049023 | IK: 0.0472 | FK: 0.008905
  Progress: 69.2% | Loss: 0.003563 | IK: 0.0034 | FK: 0.000956
  Progress: 75.5% | Loss: 0.007204 | IK: 0.0070 | FK: 0.001004
  Progress: 81.8% | Loss: 0.087525 | IK: 0.0846 | FK: 0.014768
  Progress: 88.1% | Loss: 0.055735 | IK: 0.0518 | FK: 0.019516
  Progress: 94.4% | Loss: 0.081506 | IK: 0.0777 | FK: 0.019045

============================================================
Epoch [8/100] | Time: 104.7s
  Train Loss: 0.113745
  IK: 0.1099 | FK: 0.019127
  Val MAE: 0.242651 | Val MSE: 0.207154
============================================================
  >>> 保存最优模型 (val_mae: 0.242651)

Epoch [9/100] | LR: 0.000199
  Progress: 6.3% | Loss: 0.620831 | IK: 0.6111 | FK: 0.048899
  Progress: 12.6% | Loss: 0.019224 | IK: 0.0186 | FK: 0.002932
  Progress: 18.9% | Loss: 0.042010 | IK: 0.0400 | FK: 0.010010
  Progress: 25.2% | Loss: 0.038539 | IK: 0.0377 | FK: 0.004422
  Progress: 31.5% | Loss: 0.070639 | IK: 0.0673 | FK: 0.016459
  Progress: 37.8% | Loss: 0.092323 | IK: 0.0890 | FK: 0.016510
  Progress: 44.1% | Loss: 0.015838 | IK: 0.0151 | FK: 0.003681
  Progress: 50.3% | Loss: 0.007338 | IK: 0.0070 | FK: 0.001933
  Progress: 56.6% | Loss: 0.379557 | IK: 0.3723 | FK: 0.036280
  Progress: 62.9% | Loss: 0.052470 | IK: 0.0509 | FK: 0.007743
  Progress: 69.2% | Loss: 0.004358 | IK: 0.0040 | FK: 0.001571
  Progress: 75.5% | Loss: 0.006070 | IK: 0.0059 | FK: 0.001079
  Progress: 81.8% | Loss: 0.086602 | IK: 0.0835 | FK: 0.015274
  Progress: 88.1% | Loss: 0.044162 | IK: 0.0412 | FK: 0.014814
  Progress: 94.4% | Loss: 0.051094 | IK: 0.0493 | FK: 0.009166

============================================================
Epoch [9/100] | Time: 104.5s
  Train Loss: 0.108684
  IK: 0.1051 | FK: 0.018093
  Val MAE: 0.239809 | Val MSE: 0.203192
============================================================
  >>> 保存最优模型 (val_mae: 0.239809)

Epoch [10/100] | LR: 0.000199
  Progress: 6.3% | Loss: 0.623180 | IK: 0.6134 | FK: 0.048897
  Progress: 12.6% | Loss: 0.019371 | IK: 0.0188 | FK: 0.002857
  Progress: 18.9% | Loss: 0.034571 | IK: 0.0329 | FK: 0.008371
  Progress: 25.2% | Loss: 0.021292 | IK: 0.0202 | FK: 0.005390
  Progress: 31.5% | Loss: 0.047214 | IK: 0.0455 | FK: 0.008411
  Progress: 37.8% | Loss: 0.051695 | IK: 0.0500 | FK: 0.008335
  Progress: 44.1% | Loss: 0.014106 | IK: 0.0134 | FK: 0.003400
  Progress: 50.3% | Loss: 0.006207 | IK: 0.0060 | FK: 0.001011
  Progress: 56.6% | Loss: 0.334480 | IK: 0.3284 | FK: 0.030341
  Progress: 62.9% | Loss: 0.049285 | IK: 0.0471 | FK: 0.010991
  Progress: 69.2% | Loss: 0.003049 | IK: 0.0029 | FK: 0.000841
  Progress: 75.5% | Loss: 0.003835 | IK: 0.0037 | FK: 0.000617
  Progress: 81.8% | Loss: 0.078493 | IK: 0.0760 | FK: 0.012324
  Progress: 88.1% | Loss: 0.033704 | IK: 0.0316 | FK: 0.010435
  Progress: 94.4% | Loss: 0.043353 | IK: 0.0418 | FK: 0.007928

============================================================
Epoch [10/100] | Time: 94.1s
  Train Loss: 0.102852
  IK: 0.0995 | FK: 0.016567
  Val MAE: 0.238411 | Val MSE: 0.200942
============================================================
  >>> 保存最优模型 (val_mae: 0.238411)

Epoch [11/100] | LR: 0.000198
  Progress: 6.3% | Loss: 0.606666 | IK: 0.5970 | FK: 0.048550
  Progress: 12.6% | Loss: 0.017363 | IK: 0.0169 | FK: 0.002526
  Progress: 18.9% | Loss: 0.036776 | IK: 0.0349 | FK: 0.009589
  Progress: 25.2% | Loss: 0.020605 | IK: 0.0196 | FK: 0.004977
  Progress: 31.5% | Loss: 0.044344 | IK: 0.0431 | FK: 0.006398
  Progress: 37.8% | Loss: 0.051405 | IK: 0.0499 | FK: 0.007700
  Progress: 44.1% | Loss: 0.014707 | IK: 0.0141 | FK: 0.003042
  Progress: 50.3% | Loss: 0.005494 | IK: 0.0053 | FK: 0.000772
  Progress: 56.6% | Loss: 0.332972 | IK: 0.3270 | FK: 0.029779
  Progress: 62.9% | Loss: 0.047098 | IK: 0.0451 | FK: 0.010204
  Progress: 69.2% | Loss: 0.002649 | IK: 0.0025 | FK: 0.000809
  Progress: 75.5% | Loss: 0.004325 | IK: 0.0042 | FK: 0.000625
  Progress: 81.8% | Loss: 0.082136 | IK: 0.0793 | FK: 0.014401
  Progress: 88.1% | Loss: 0.030913 | IK: 0.0290 | FK: 0.009434
  Progress: 94.4% | Loss: 0.042184 | IK: 0.0405 | FK: 0.008392

============================================================
Epoch [11/100] | Time: 84.8s
  Train Loss: 0.100047
  IK: 0.0968 | FK: 0.016127
  Val MAE: 0.237542 | Val MSE: 0.201595
============================================================
  >>> 保存最优模型 (val_mae: 0.237542)

Epoch [12/100] | LR: 0.000197
  Progress: 6.3% | Loss: 0.586775 | IK: 0.5770 | FK: 0.048643
  Progress: 12.6% | Loss: 0.019773 | IK: 0.0191 | FK: 0.003227
  Progress: 18.9% | Loss: 0.032395 | IK: 0.0309 | FK: 0.007650
  Progress: 25.2% | Loss: 0.015018 | IK: 0.0144 | FK: 0.003185
  Progress: 31.5% | Loss: 0.048159 | IK: 0.0466 | FK: 0.007686
  Progress: 37.8% | Loss: 0.051611 | IK: 0.0498 | FK: 0.009084
  Progress: 44.1% | Loss: 0.015327 | IK: 0.0148 | FK: 0.002490
  Progress: 50.3% | Loss: 0.005467 | IK: 0.0053 | FK: 0.000892
  Progress: 56.6% | Loss: 0.328167 | IK: 0.3219 | FK: 0.031243
  Progress: 62.9% | Loss: 0.051941 | IK: 0.0496 | FK: 0.011710
  Progress: 69.2% | Loss: 0.002923 | IK: 0.0027 | FK: 0.000944
  Progress: 75.5% | Loss: 0.003521 | IK: 0.0034 | FK: 0.000542
  Progress: 81.8% | Loss: 0.083021 | IK: 0.0801 | FK: 0.014631
  Progress: 88.1% | Loss: 0.029242 | IK: 0.0275 | FK: 0.008885
  Progress: 94.4% | Loss: 0.038377 | IK: 0.0368 | FK: 0.008063

============================================================
Epoch [12/100] | Time: 86.5s
  Train Loss: 0.099016
  IK: 0.0959 | FK: 0.015805
  Val MAE: 0.232547 | Val MSE: 0.201754
============================================================
  >>> 保存最优模型 (val_mae: 0.232547)

Epoch [13/100] | LR: 0.000197
  Progress: 6.3% | Loss: 0.579342 | IK: 0.5700 | FK: 0.046868
  Progress: 12.6% | Loss: 0.020452 | IK: 0.0198 | FK: 0.003380
  Progress: 18.9% | Loss: 0.027496 | IK: 0.0263 | FK: 0.005859
  Progress: 25.2% | Loss: 0.016242 | IK: 0.0154 | FK: 0.004324
  Progress: 31.5% | Loss: 0.043527 | IK: 0.0423 | FK: 0.006028
  Progress: 37.8% | Loss: 0.047798 | IK: 0.0459 | FK: 0.009691
  Progress: 44.1% | Loss: 0.015165 | IK: 0.0146 | FK: 0.002693
  Progress: 50.3% | Loss: 0.006148 | IK: 0.0059 | FK: 0.001052
  Progress: 56.6% | Loss: 0.323112 | IK: 0.3168 | FK: 0.031412
  Progress: 62.9% | Loss: 0.046745 | IK: 0.0448 | FK: 0.009949
  Progress: 69.2% | Loss: 0.002723 | IK: 0.0026 | FK: 0.000804
  Progress: 75.5% | Loss: 0.003199 | IK: 0.0031 | FK: 0.000433
  Progress: 81.8% | Loss: 0.077796 | IK: 0.0751 | FK: 0.013301
  Progress: 88.1% | Loss: 0.027563 | IK: 0.0260 | FK: 0.007969
  Progress: 94.4% | Loss: 0.033940 | IK: 0.0325 | FK: 0.007178

============================================================
Epoch [13/100] | Time: 84.8s
  Train Loss: 0.097022
  IK: 0.0939 | FK: 0.015512
  Val MAE: 0.231470 | Val MSE: 0.202822
============================================================
  >>> 保存最优模型 (val_mae: 0.231470)

Epoch [14/100] | LR: 0.000196
  Progress: 6.3% | Loss: 0.579190 | IK: 0.5698 | FK: 0.046724
  Progress: 12.6% | Loss: 0.022330 | IK: 0.0217 | FK: 0.003271
  Progress: 18.9% | Loss: 0.025843 | IK: 0.0248 | FK: 0.005299
  Progress: 25.2% | Loss: 0.015233 | IK: 0.0144 | FK: 0.004068
  Progress: 31.5% | Loss: 0.040538 | IK: 0.0393 | FK: 0.006092
  Progress: 37.8% | Loss: 0.042871 | IK: 0.0413 | FK: 0.007719
  Progress: 44.1% | Loss: 0.014940 | IK: 0.0145 | FK: 0.002392
  Progress: 50.3% | Loss: 0.005771 | IK: 0.0056 | FK: 0.000835
  Progress: 56.6% | Loss: 0.321279 | IK: 0.3152 | FK: 0.030431
  Progress: 62.9% | Loss: 0.055070 | IK: 0.0525 | FK: 0.013055
  Progress: 69.2% | Loss: 0.002649 | IK: 0.0025 | FK: 0.000833
  Progress: 75.5% | Loss: 0.003603 | IK: 0.0035 | FK: 0.000648
  Progress: 81.8% | Loss: 0.079853 | IK: 0.0767 | FK: 0.015714
  Progress: 88.1% | Loss: 0.026814 | IK: 0.0253 | FK: 0.007639
  Progress: 94.4% | Loss: 0.036924 | IK: 0.0354 | FK: 0.007712

============================================================
Epoch [14/100] | Time: 84.7s
  Train Loss: 0.095926
  IK: 0.0929 | FK: 0.015256
  Val MAE: 0.228169 | Val MSE: 0.200612
============================================================
  >>> 保存最优模型 (val_mae: 0.228169)

Epoch [15/100] | LR: 0.000195
  Progress: 6.3% | Loss: 0.578511 | IK: 0.5693 | FK: 0.046127
  Progress: 12.6% | Loss: 0.020172 | IK: 0.0195 | FK: 0.003247
  Progress: 18.9% | Loss: 0.026102 | IK: 0.0251 | FK: 0.005249
  Progress: 25.2% | Loss: 0.012403 | IK: 0.0118 | FK: 0.002936
  Progress: 31.5% | Loss: 0.037665 | IK: 0.0364 | FK: 0.006293
  Progress: 37.8% | Loss: 0.048131 | IK: 0.0462 | FK: 0.009440
  Progress: 44.1% | Loss: 0.012265 | IK: 0.0118 | FK: 0.002360
  Progress: 50.3% | Loss: 0.005661 | IK: 0.0055 | FK: 0.000893
  Progress: 56.6% | Loss: 0.318784 | IK: 0.3125 | FK: 0.031542
  Progress: 62.9% | Loss: 0.043949 | IK: 0.0418 | FK: 0.010985
  Progress: 69.2% | Loss: 0.002689 | IK: 0.0026 | FK: 0.000672
  Progress: 75.5% | Loss: 0.003155 | IK: 0.0030 | FK: 0.000743
  Progress: 81.8% | Loss: 0.072643 | IK: 0.0700 | FK: 0.013082
  Progress: 88.1% | Loss: 0.025049 | IK: 0.0237 | FK: 0.006814
  Progress: 94.4% | Loss: 0.034585 | IK: 0.0330 | FK: 0.007994

============================================================
Epoch [15/100] | Time: 83.7s
  Train Loss: 0.094553
  IK: 0.0915 | FK: 0.015100
  Val MAE: 0.229132 | Val MSE: 0.200721
============================================================
  无改善 (1/15)

Epoch [16/100] | LR: 0.000193
  Progress: 6.3% | Loss: 0.563813 | IK: 0.5546 | FK: 0.046199
  Progress: 12.6% | Loss: 0.018759 | IK: 0.0179 | FK: 0.004160
  Progress: 18.9% | Loss: 0.023824 | IK: 0.0229 | FK: 0.004734
  Progress: 25.2% | Loss: 0.011192 | IK: 0.0106 | FK: 0.002748
  Progress: 31.5% | Loss: 0.035707 | IK: 0.0345 | FK: 0.005909
  Progress: 37.8% | Loss: 0.048916 | IK: 0.0471 | FK: 0.009003
  Progress: 44.1% | Loss: 0.013105 | IK: 0.0127 | FK: 0.002252
  Progress: 50.3% | Loss: 0.006393 | IK: 0.0062 | FK: 0.000883
  Progress: 56.6% | Loss: 0.322820 | IK: 0.3162 | FK: 0.033277
  Progress: 62.9% | Loss: 0.042620 | IK: 0.0405 | FK: 0.010456
  Progress: 69.2% | Loss: 0.002385 | IK: 0.0023 | FK: 0.000651
  Progress: 75.5% | Loss: 0.002752 | IK: 0.0026 | FK: 0.000595
  Progress: 81.8% | Loss: 0.068093 | IK: 0.0656 | FK: 0.012624
  Progress: 88.1% | Loss: 0.024109 | IK: 0.0229 | FK: 0.006047
  Progress: 94.4% | Loss: 0.031488 | IK: 0.0301 | FK: 0.007080

============================================================
Epoch [16/100] | Time: 81.7s
  Train Loss: 0.093297
  IK: 0.0903 | FK: 0.014885
  Val MAE: 0.225540 | Val MSE: 0.200427
============================================================
  >>> 保存最优模型 (val_mae: 0.225540)

Epoch [17/100] | LR: 0.000192
  Progress: 6.3% | Loss: 0.555067 | IK: 0.5457 | FK: 0.046668
  Progress: 12.6% | Loss: 0.016907 | IK: 0.0164 | FK: 0.002649
  Progress: 18.9% | Loss: 0.026348 | IK: 0.0252 | FK: 0.005825
  Progress: 25.2% | Loss: 0.011726 | IK: 0.0111 | FK: 0.003093
  Progress: 31.5% | Loss: 0.036247 | IK: 0.0350 | FK: 0.006075
  Progress: 37.8% | Loss: 0.046462 | IK: 0.0443 | FK: 0.010701
  Progress: 44.1% | Loss: 0.012876 | IK: 0.0125 | FK: 0.001965
  Progress: 50.3% | Loss: 0.006268 | IK: 0.0061 | FK: 0.000905
  Progress: 56.6% | Loss: 0.322708 | IK: 0.3164 | FK: 0.031648
  Progress: 62.9% | Loss: 0.043509 | IK: 0.0413 | FK: 0.011048
  Progress: 69.2% | Loss: 0.002516 | IK: 0.0024 | FK: 0.000615
  Progress: 75.5% | Loss: 0.003013 | IK: 0.0029 | FK: 0.000698
  Progress: 81.8% | Loss: 0.064790 | IK: 0.0624 | FK: 0.012195
  Progress: 88.1% | Loss: 0.023926 | IK: 0.0228 | FK: 0.005859
  Progress: 94.4% | Loss: 0.031573 | IK: 0.0302 | FK: 0.007039

============================================================
Epoch [17/100] | Time: 83.2s
  Train Loss: 0.092020
  IK: 0.0891 | FK: 0.014725
  Val MAE: 0.224012 | Val MSE: 0.200225
============================================================
  >>> 保存最优模型 (val_mae: 0.224012)

Epoch [18/100] | LR: 0.000191
  Progress: 6.3% | Loss: 0.548056 | IK: 0.5382 | FK: 0.049167
  Progress: 12.6% | Loss: 0.017091 | IK: 0.0166 | FK: 0.002516
  Progress: 18.9% | Loss: 0.029010 | IK: 0.0277 | FK: 0.006590
  Progress: 25.2% | Loss: 0.011072 | IK: 0.0104 | FK: 0.003396
  Progress: 31.5% | Loss: 0.034008 | IK: 0.0330 | FK: 0.005188
  Progress: 37.8% | Loss: 0.042545 | IK: 0.0408 | FK: 0.008800
  Progress: 44.1% | Loss: 0.013152 | IK: 0.0127 | FK: 0.002357
  Progress: 50.3% | Loss: 0.006207 | IK: 0.0060 | FK: 0.000895
  Progress: 56.6% | Loss: 0.316316 | IK: 0.3100 | FK: 0.031503
  Progress: 62.9% | Loss: 0.048172 | IK: 0.0456 | FK: 0.012874
  Progress: 69.2% | Loss: 0.002359 | IK: 0.0022 | FK: 0.000695
  Progress: 75.5% | Loss: 0.002941 | IK: 0.0028 | FK: 0.000502
  Progress: 81.8% | Loss: 0.060642 | IK: 0.0584 | FK: 0.011169
  Progress: 88.1% | Loss: 0.023348 | IK: 0.0222 | FK: 0.005965
  Progress: 94.4% | Loss: 0.028227 | IK: 0.0269 | FK: 0.006710

============================================================
Epoch [18/100] | Time: 83.7s
  Train Loss: 0.090612
  IK: 0.0877 | FK: 0.014645
  Val MAE: 0.231062 | Val MSE: 0.200308
============================================================
  无改善 (1/15)

Epoch [19/100] | LR: 0.000190
  Progress: 6.3% | Loss: 0.543634 | IK: 0.5339 | FK: 0.048493
  Progress: 12.6% | Loss: 0.015508 | IK: 0.0151 | FK: 0.002219
  Progress: 18.9% | Loss: 0.022657 | IK: 0.0216 | FK: 0.005435
  Progress: 25.2% | Loss: 0.009576 | IK: 0.0091 | FK: 0.002417
  Progress: 31.5% | Loss: 0.034508 | IK: 0.0333 | FK: 0.006177
  Progress: 37.8% | Loss: 0.041878 | IK: 0.0399 | FK: 0.009859
  Progress: 44.1% | Loss: 0.013623 | IK: 0.0131 | FK: 0.002412
  Progress: 50.3% | Loss: 0.005681 | IK: 0.0055 | FK: 0.000873
  Progress: 56.6% | Loss: 0.320390 | IK: 0.3140 | FK: 0.031852
  Progress: 62.9% | Loss: 0.042171 | IK: 0.0402 | FK: 0.009904
  Progress: 69.2% | Loss: 0.002604 | IK: 0.0025 | FK: 0.000610
  Progress: 75.5% | Loss: 0.002800 | IK: 0.0027 | FK: 0.000650
  Progress: 81.8% | Loss: 0.064360 | IK: 0.0619 | FK: 0.012213
  Progress: 88.1% | Loss: 0.023661 | IK: 0.0225 | FK: 0.005734
  Progress: 94.4% | Loss: 0.028543 | IK: 0.0272 | FK: 0.006552

============================================================
Epoch [19/100] | Time: 84.1s
  Train Loss: 0.090512
  IK: 0.0876 | FK: 0.014538
  Val MAE: 0.228479 | Val MSE: 0.201172
============================================================
  无改善 (2/15)

Epoch [20/100] | LR: 0.000188
  Progress: 6.3% | Loss: 0.527273 | IK: 0.5168 | FK: 0.052178
  Progress: 12.6% | Loss: 0.016476 | IK: 0.0160 | FK: 0.002241
  Progress: 18.9% | Loss: 0.027391 | IK: 0.0261 | FK: 0.006395
  Progress: 25.2% | Loss: 0.010174 | IK: 0.0097 | FK: 0.002427
  Progress: 31.5% | Loss: 0.035140 | IK: 0.0340 | FK: 0.005916
  Progress: 37.8% | Loss: 0.041560 | IK: 0.0392 | FK: 0.012037
  Progress: 44.1% | Loss: 0.013812 | IK: 0.0133 | FK: 0.002497
  Progress: 50.3% | Loss: 0.005655 | IK: 0.0055 | FK: 0.000832
  Progress: 56.6% | Loss: 0.316732 | IK: 0.3100 | FK: 0.033526
  Progress: 62.9% | Loss: 0.047028 | IK: 0.0445 | FK: 0.012742
  Progress: 69.2% | Loss: 0.002223 | IK: 0.0021 | FK: 0.000674
  Progress: 75.5% | Loss: 0.002397 | IK: 0.0023 | FK: 0.000546
  Progress: 81.8% | Loss: 0.062951 | IK: 0.0608 | FK: 0.010906
  Progress: 88.1% | Loss: 0.023159 | IK: 0.0220 | FK: 0.005725
  Progress: 94.4% | Loss: 0.027624 | IK: 0.0263 | FK: 0.006390

============================================================
Epoch [20/100] | Time: 84.7s
  Train Loss: 0.089413
  IK: 0.0865 | FK: 0.014525
  Val MAE: 0.230675 | Val MSE: 0.200722
============================================================
  无改善 (3/15)

Epoch [21/100] | LR: 0.000186
  Progress: 6.3% | Loss: 0.525671 | IK: 0.5154 | FK: 0.051427
  Progress: 12.6% | Loss: 0.015917 | IK: 0.0155 | FK: 0.002145
  Progress: 18.9% | Loss: 0.023823 | IK: 0.0229 | FK: 0.004598
  Progress: 25.2% | Loss: 0.008890 | IK: 0.0084 | FK: 0.002280
  Progress: 31.5% | Loss: 0.033509 | IK: 0.0323 | FK: 0.005974
  Progress: 37.8% | Loss: 0.042237 | IK: 0.0401 | FK: 0.010855
  Progress: 44.1% | Loss: 0.012452 | IK: 0.0120 | FK: 0.002493
  Progress: 50.3% | Loss: 0.005621 | IK: 0.0054 | FK: 0.000916
  Progress: 56.6% | Loss: 0.318953 | IK: 0.3125 | FK: 0.032053
  Progress: 62.9% | Loss: 0.053498 | IK: 0.0509 | FK: 0.013105
  Progress: 69.2% | Loss: 0.002115 | IK: 0.0020 | FK: 0.000610
  Progress: 75.5% | Loss: 0.002351 | IK: 0.0022 | FK: 0.000559
  Progress: 81.8% | Loss: 0.063911 | IK: 0.0616 | FK: 0.011367
  Progress: 88.1% | Loss: 0.022859 | IK: 0.0218 | FK: 0.005531
  Progress: 94.4% | Loss: 0.028250 | IK: 0.0270 | FK: 0.006239

============================================================
Epoch [21/100] | Time: 85.9s
  Train Loss: 0.089072
  IK: 0.0862 | FK: 0.014400
  Val MAE: 0.227245 | Val MSE: 0.200730
============================================================
  无改善 (4/15)

Epoch [22/100] | LR: 0.000185
  Progress: 6.3% | Loss: 0.516439 | IK: 0.5062 | FK: 0.051357
  Progress: 12.6% | Loss: 0.015174 | IK: 0.0147 | FK: 0.002555
  Progress: 18.9% | Loss: 0.024915 | IK: 0.0239 | FK: 0.005261
  Progress: 25.2% | Loss: 0.009140 | IK: 0.0087 | FK: 0.002425
  Progress: 31.5% | Loss: 0.030694 | IK: 0.0297 | FK: 0.005213
  Progress: 37.8% | Loss: 0.039816 | IK: 0.0377 | FK: 0.010721
  Progress: 44.1% | Loss: 0.012057 | IK: 0.0117 | FK: 0.001823
  Progress: 50.3% | Loss: 0.005983 | IK: 0.0058 | FK: 0.000843
  Progress: 56.6% | Loss: 0.319658 | IK: 0.3133 | FK: 0.031868
  Progress: 62.9% | Loss: 0.036620 | IK: 0.0345 | FK: 0.010660
  Progress: 69.2% | Loss: 0.002331 | IK: 0.0022 | FK: 0.000688
  Progress: 75.5% | Loss: 0.002165 | IK: 0.0021 | FK: 0.000357
  Progress: 81.8% | Loss: 0.057850 | IK: 0.0558 | FK: 0.010182
  Progress: 88.1% | Loss: 0.023468 | IK: 0.0223 | FK: 0.005649
  Progress: 94.4% | Loss: 0.026399 | IK: 0.0252 | FK: 0.005829

============================================================
Epoch [22/100] | Time: 90.7s
  Train Loss: 0.088940
  IK: 0.0861 | FK: 0.014339
  Val MAE: 0.226891 | Val MSE: 0.200310
============================================================
  无改善 (5/15)

Epoch [23/100] | LR: 0.000183
  Progress: 6.3% | Loss: 0.512083 | IK: 0.5020 | FK: 0.050555
  Progress: 12.6% | Loss: 0.017215 | IK: 0.0167 | FK: 0.002812
  Progress: 18.9% | Loss: 0.022605 | IK: 0.0217 | FK: 0.004686
  Progress: 25.2% | Loss: 0.008254 | IK: 0.0078 | FK: 0.002287
  Progress: 31.5% | Loss: 0.033014 | IK: 0.0319 | FK: 0.005490
  Progress: 37.8% | Loss: 0.039723 | IK: 0.0378 | FK: 0.009699
  Progress: 44.1% | Loss: 0.011671 | IK: 0.0113 | FK: 0.002054
  Progress: 50.3% | Loss: 0.005652 | IK: 0.0055 | FK: 0.000808
  Progress: 56.6% | Loss: 0.313208 | IK: 0.3068 | FK: 0.031918
  Progress: 62.9% | Loss: 0.043013 | IK: 0.0407 | FK: 0.011575
  Progress: 69.2% | Loss: 0.002360 | IK: 0.0022 | FK: 0.000643
  Progress: 75.5% | Loss: 0.002353 | IK: 0.0023 | FK: 0.000412
  Progress: 81.8% | Loss: 0.059130 | IK: 0.0570 | FK: 0.010744
  Progress: 88.1% | Loss: 0.023505 | IK: 0.0224 | FK: 0.005657
  Progress: 94.4% | Loss: 0.026353 | IK: 0.0250 | FK: 0.006836

============================================================
Epoch [23/100] | Time: 90.0s
  Train Loss: 0.087797
  IK: 0.0850 | FK: 0.014185
  Val MAE: 0.225181 | Val MSE: 0.199936
============================================================
  无改善 (6/15)

Epoch [24/100] | LR: 0.000181
  Progress: 6.3% | Loss: 0.512765 | IK: 0.5025 | FK: 0.051554
  Progress: 12.6% | Loss: 0.016973 | IK: 0.0165 | FK: 0.002367
  Progress: 18.9% | Loss: 0.025139 | IK: 0.0242 | FK: 0.004876
  Progress: 25.2% | Loss: 0.008987 | IK: 0.0085 | FK: 0.002261
  Progress: 31.5% | Loss: 0.029932 | IK: 0.0290 | FK: 0.004520
  Progress: 37.8% | Loss: 0.033528 | IK: 0.0319 | FK: 0.008325
  Progress: 44.1% | Loss: 0.012424 | IK: 0.0121 | FK: 0.001853
  Progress: 50.3% | Loss: 0.005874 | IK: 0.0057 | FK: 0.000789
  Progress: 56.6% | Loss: 0.315794 | IK: 0.3094 | FK: 0.032165
  Progress: 62.9% | Loss: 0.034771 | IK: 0.0328 | FK: 0.010013
  Progress: 69.2% | Loss: 0.001938 | IK: 0.0018 | FK: 0.000581
  Progress: 75.5% | Loss: 0.002276 | IK: 0.0022 | FK: 0.000518
  Progress: 81.8% | Loss: 0.055270 | IK: 0.0532 | FK: 0.010317
  Progress: 88.1% | Loss: 0.023442 | IK: 0.0223 | FK: 0.005744
  Progress: 94.4% | Loss: 0.024583 | IK: 0.0233 | FK: 0.006443

============================================================
Epoch [24/100] | Time: 90.5s
  Train Loss: 0.087281
  IK: 0.0845 | FK: 0.014051
  Val MAE: 0.227037 | Val MSE: 0.199857
============================================================
  无改善 (7/15)

Epoch [25/100] | LR: 0.000179
  Progress: 6.3% | Loss: 0.510420 | IK: 0.5005 | FK: 0.049563
  Progress: 12.6% | Loss: 0.014412 | IK: 0.0140 | FK: 0.002052
  Progress: 18.9% | Loss: 0.024828 | IK: 0.0237 | FK: 0.005646
  Progress: 25.2% | Loss: 0.008937 | IK: 0.0085 | FK: 0.002187
  Progress: 31.5% | Loss: 0.034344 | IK: 0.0332 | FK: 0.005893
  Progress: 37.8% | Loss: 0.037588 | IK: 0.0355 | FK: 0.010326
  Progress: 44.1% | Loss: 0.011571 | IK: 0.0111 | FK: 0.002164
  Progress: 50.3% | Loss: 0.005939 | IK: 0.0058 | FK: 0.000821
  Progress: 56.6% | Loss: 0.312315 | IK: 0.3061 | FK: 0.031319
  Progress: 62.9% | Loss: 0.033947 | IK: 0.0318 | FK: 0.010764
  Progress: 69.2% | Loss: 0.002545 | IK: 0.0024 | FK: 0.000568
  Progress: 75.5% | Loss: 0.002499 | IK: 0.0024 | FK: 0.000535
  Progress: 81.8% | Loss: 0.066702 | IK: 0.0644 | FK: 0.011636
  Progress: 88.1% | Loss: 0.023997 | IK: 0.0229 | FK: 0.005557
  Progress: 94.4% | Loss: 0.028486 | IK: 0.0272 | FK: 0.006386

============================================================
Epoch [25/100] | Time: 90.5s
  Train Loss: 0.087118
  IK: 0.0843 | FK: 0.014088
  Val MAE: 0.227482 | Val MSE: 0.201347
============================================================
  无改善 (8/15)

Epoch [26/100] | LR: 0.000177
  Progress: 6.3% | Loss: 0.508457 | IK: 0.4985 | FK: 0.049714
  Progress: 12.6% | Loss: 0.015224 | IK: 0.0148 | FK: 0.002330
  Progress: 18.9% | Loss: 0.025605 | IK: 0.0246 | FK: 0.005056
  Progress: 25.2% | Loss: 0.012742 | IK: 0.0122 | FK: 0.002891
  Progress: 31.5% | Loss: 0.034368 | IK: 0.0330 | FK: 0.006728
  Progress: 37.8% | Loss: 0.039957 | IK: 0.0375 | FK: 0.012273
  Progress: 44.1% | Loss: 0.010025 | IK: 0.0096 | FK: 0.001941
  Progress: 50.3% | Loss: 0.005350 | IK: 0.0052 | FK: 0.000776
  Progress: 56.6% | Loss: 0.321109 | IK: 0.3148 | FK: 0.031470
  Progress: 62.9% | Loss: 0.041748 | IK: 0.0400 | FK: 0.008797
  Progress: 69.2% | Loss: 0.002350 | IK: 0.0022 | FK: 0.000647
  Progress: 75.5% | Loss: 0.002283 | IK: 0.0022 | FK: 0.000455
  Progress: 81.8% | Loss: 0.059049 | IK: 0.0571 | FK: 0.009563
  Progress: 88.1% | Loss: 0.024110 | IK: 0.0230 | FK: 0.005515
  Progress: 94.4% | Loss: 0.026343 | IK: 0.0250 | FK: 0.006500

============================================================
Epoch [26/100] | Time: 89.8s
  Train Loss: 0.087334
  IK: 0.0845 | FK: 0.014007
  Val MAE: 0.231949 | Val MSE: 0.202562
============================================================
  无改善 (9/15)

Epoch [27/100] | LR: 0.000175
  Progress: 6.3% | Loss: 0.505953 | IK: 0.4952 | FK: 0.053846
  Progress: 12.6% | Loss: 0.014148 | IK: 0.0138 | FK: 0.001671
  Progress: 18.9% | Loss: 0.020444 | IK: 0.0194 | FK: 0.005311
  Progress: 25.2% | Loss: 0.009050 | IK: 0.0086 | FK: 0.002391
  Progress: 31.5% | Loss: 0.032099 | IK: 0.0309 | FK: 0.005773
  Progress: 37.8% | Loss: 0.038204 | IK: 0.0360 | FK: 0.011199
  Progress: 44.1% | Loss: 0.011917 | IK: 0.0115 | FK: 0.001878
  Progress: 50.3% | Loss: 0.005989 | IK: 0.0058 | FK: 0.000980
  Progress: 56.6% | Loss: 0.313530 | IK: 0.3074 | FK: 0.030650
  Progress: 62.9% | Loss: 0.041494 | IK: 0.0397 | FK: 0.009086
  Progress: 69.2% | Loss: 0.002056 | IK: 0.0019 | FK: 0.000585
  Progress: 75.5% | Loss: 0.002032 | IK: 0.0020 | FK: 0.000397
  Progress: 81.8% | Loss: 0.061418 | IK: 0.0594 | FK: 0.010175
  Progress: 88.1% | Loss: 0.024388 | IK: 0.0232 | FK: 0.005919
  Progress: 94.4% | Loss: 0.027328 | IK: 0.0259 | FK: 0.007331

============================================================
Epoch [27/100] | Time: 90.3s
  Train Loss: 0.087084
  IK: 0.0843 | FK: 0.013972
  Val MAE: 0.227039 | Val MSE: 0.199013
============================================================
  无改善 (10/15)

Epoch [28/100] | LR: 0.000173
  Progress: 6.3% | Loss: 0.492633 | IK: 0.4823 | FK: 0.051487
  Progress: 12.6% | Loss: 0.014830 | IK: 0.0145 | FK: 0.001619
  Progress: 18.9% | Loss: 0.024206 | IK: 0.0233 | FK: 0.004707
  Progress: 25.2% | Loss: 0.009693 | IK: 0.0091 | FK: 0.002779
  Progress: 31.5% | Loss: 0.031414 | IK: 0.0303 | FK: 0.005572
  Progress: 37.8% | Loss: 0.040358 | IK: 0.0381 | FK: 0.011403
  Progress: 44.1% | Loss: 0.011070 | IK: 0.0107 | FK: 0.001987
  Progress: 50.3% | Loss: 0.004986 | IK: 0.0048 | FK: 0.000871
  Progress: 56.6% | Loss: 0.316075 | IK: 0.3100 | FK: 0.030440
  Progress: 62.9% | Loss: 0.039280 | IK: 0.0372 | FK: 0.010221
  Progress: 69.2% | Loss: 0.002323 | IK: 0.0022 | FK: 0.000691
  Progress: 75.5% | Loss: 0.002428 | IK: 0.0023 | FK: 0.000462
  Progress: 81.8% | Loss: 0.060845 | IK: 0.0585 | FK: 0.011523
  Progress: 88.1% | Loss: 0.024469 | IK: 0.0233 | FK: 0.005662
  Progress: 94.4% | Loss: 0.028970 | IK: 0.0277 | FK: 0.006465

============================================================
Epoch [28/100] | Time: 90.5s
  Train Loss: 0.086722
  IK: 0.0840 | FK: 0.013839
  Val MAE: 0.229685 | Val MSE: 0.200790
============================================================
  无改善 (11/15)

Epoch [29/100] | LR: 0.000170
  Progress: 6.3% | Loss: 0.496379 | IK: 0.4858 | FK: 0.053107
  Progress: 12.6% | Loss: 0.014280 | IK: 0.0138 | FK: 0.002261
  Progress: 18.9% | Loss: 0.021214 | IK: 0.0204 | FK: 0.003939
  Progress: 25.2% | Loss: 0.009874 | IK: 0.0093 | FK: 0.002652
  Progress: 31.5% | Loss: 0.035880 | IK: 0.0344 | FK: 0.007503
  Progress: 37.8% | Loss: 0.038996 | IK: 0.0369 | FK: 0.010365
  Progress: 44.1% | Loss: 0.012277 | IK: 0.0119 | FK: 0.002001
  Progress: 50.3% | Loss: 0.005571 | IK: 0.0054 | FK: 0.000865
  Progress: 56.6% | Loss: 0.318734 | IK: 0.3126 | FK: 0.030883
  Progress: 62.9% | Loss: 0.039441 | IK: 0.0373 | FK: 0.010478
  Progress: 69.2% | Loss: 0.001940 | IK: 0.0018 | FK: 0.000536
  Progress: 75.5% | Loss: 0.002435 | IK: 0.0023 | FK: 0.000490
  Progress: 81.8% | Loss: 0.056121 | IK: 0.0541 | FK: 0.010036
  Progress: 88.1% | Loss: 0.024249 | IK: 0.0230 | FK: 0.006177
  Progress: 94.4% | Loss: 0.030702 | IK: 0.0292 | FK: 0.007733

============================================================
Epoch [29/100] | Time: 90.4s
  Train Loss: 0.086282
  IK: 0.0835 | FK: 0.013812
  Val MAE: 0.225232 | Val MSE: 0.200699
============================================================
  无改善 (12/15)

Epoch [30/100] | LR: 0.000168
  Progress: 6.3% | Loss: 0.484665 | IK: 0.4740 | FK: 0.053154
  Progress: 12.6% | Loss: 0.014942 | IK: 0.0146 | FK: 0.001925
  Progress: 18.9% | Loss: 0.026698 | IK: 0.0255 | FK: 0.005826
  Progress: 25.2% | Loss: 0.008766 | IK: 0.0083 | FK: 0.002480
  Progress: 31.5% | Loss: 0.031852 | IK: 0.0307 | FK: 0.005692
  Progress: 37.8% | Loss: 0.037129 | IK: 0.0350 | FK: 0.010695
  Progress: 44.1% | Loss: 0.012986 | IK: 0.0125 | FK: 0.002333
  Progress: 50.3% | Loss: 0.005180 | IK: 0.0050 | FK: 0.001004
  Progress: 56.6% | Loss: 0.310757 | IK: 0.3044 | FK: 0.031795
  Progress: 62.9% | Loss: 0.039492 | IK: 0.0373 | FK: 0.010983
  Progress: 69.2% | Loss: 0.001727 | IK: 0.0017 | FK: 0.000361
  Progress: 75.5% | Loss: 0.002212 | IK: 0.0021 | FK: 0.000397
  Progress: 81.8% | Loss: 0.051084 | IK: 0.0495 | FK: 0.008104
  Progress: 88.1% | Loss: 0.023708 | IK: 0.0226 | FK: 0.005685
  Progress: 94.4% | Loss: 0.026781 | IK: 0.0255 | FK: 0.006159

============================================================
Epoch [30/100] | Time: 90.5s
  Train Loss: 0.085815
  IK: 0.0831 | FK: 0.013698
  Val MAE: 0.224951 | Val MSE: 0.201812
============================================================
  无改善 (13/15)

Epoch [31/100] | LR: 0.000165
  Progress: 6.3% | Loss: 0.476108 | IK: 0.4655 | FK: 0.053060
  Progress: 12.6% | Loss: 0.014466 | IK: 0.0140 | FK: 0.002187
  Progress: 18.9% | Loss: 0.023976 | IK: 0.0229 | FK: 0.005261
  Progress: 25.2% | Loss: 0.010551 | IK: 0.0099 | FK: 0.003438
  Progress: 31.5% | Loss: 0.034239 | IK: 0.0330 | FK: 0.005976
  Progress: 37.8% | Loss: 0.039285 | IK: 0.0373 | FK: 0.010158
  Progress: 44.1% | Loss: 0.012796 | IK: 0.0123 | FK: 0.002320
  Progress: 50.3% | Loss: 0.004734 | IK: 0.0046 | FK: 0.000911
  Progress: 56.6% | Loss: 0.316281 | IK: 0.3101 | FK: 0.031000
  Progress: 62.9% | Loss: 0.039485 | IK: 0.0373 | FK: 0.010986
  Progress: 69.2% | Loss: 0.001870 | IK: 0.0018 | FK: 0.000463
  Progress: 75.5% | Loss: 0.002590 | IK: 0.0025 | FK: 0.000554
  Progress: 81.8% | Loss: 0.052356 | IK: 0.0505 | FK: 0.009316
  Progress: 88.1% | Loss: 0.023741 | IK: 0.0226 | FK: 0.005886
  Progress: 94.4% | Loss: 0.029159 | IK: 0.0278 | FK: 0.006757

============================================================
Epoch [31/100] | Time: 89.7s
  Train Loss: 0.084926
  IK: 0.0822 | FK: 0.013626
  Val MAE: 0.225965 | Val MSE: 0.202178
============================================================
  无改善 (14/15)

Epoch [32/100] | LR: 0.000163
  Progress: 6.3% | Loss: 0.470757 | IK: 0.4603 | FK: 0.052419
  Progress: 12.6% | Loss: 0.014225 | IK: 0.0139 | FK: 0.001845
  Progress: 18.9% | Loss: 0.021289 | IK: 0.0204 | FK: 0.004436
  Progress: 25.2% | Loss: 0.008315 | IK: 0.0078 | FK: 0.002509
  Progress: 31.5% | Loss: 0.033243 | IK: 0.0321 | FK: 0.005675
  Progress: 37.8% | Loss: 0.036982 | IK: 0.0351 | FK: 0.009471
  Progress: 44.1% | Loss: 0.012173 | IK: 0.0117 | FK: 0.002361
  Progress: 50.3% | Loss: 0.004969 | IK: 0.0048 | FK: 0.000878
  Progress: 56.6% | Loss: 0.312408 | IK: 0.3061 | FK: 0.031753
  Progress: 62.9% | Loss: 0.037073 | IK: 0.0350 | FK: 0.010462
  Progress: 69.2% | Loss: 0.001661 | IK: 0.0016 | FK: 0.000381
  Progress: 75.5% | Loss: 0.002380 | IK: 0.0023 | FK: 0.000507
  Progress: 81.8% | Loss: 0.053695 | IK: 0.0517 | FK: 0.009904
  Progress: 88.1% | Loss: 0.024241 | IK: 0.0231 | FK: 0.005821
  Progress: 94.4% | Loss: 0.028468 | IK: 0.0271 | FK: 0.006848

============================================================
Epoch [32/100] | Time: 89.0s
  Train Loss: 0.084036
  IK: 0.0813 | FK: 0.013474
  Val MAE: 0.227572 | Val MSE: 0.202279
============================================================
  无改善 (15/15)

早停触发！停止训练。

训练完成！
  最优验证 MAE: 0.224012
  模型保存到: /home/bonuli/Pieper/pieper1702/transformer_ik_best.pth
