======================================================================
训练 Pieper 准则因果IK模型
======================================================================
核心特性:
  1. Attention学习关节对末端位姿的影响权重
  2. 分别对位置和姿态做FiLM调制
  3. GNN学习关节间因果耦合

加载数据集...
加载窗口化数据集: /home/wsy/Desktop/casual/merged_training_data.npz
  样本数: 3541118
  窗口大小: 10
  输入维度（位姿）: 7
  输出维度（角度）: 7
加载窗口化数据集: /home/wsy/Desktop/casual/merged_training_data.npz
  样本数: 3541118
  窗口大小: 10
  输入维度（位姿）: 7
  输出维度（角度）: 7
训练集样本数: 3187006
验证集样本数: 354112
训练集数据增强: False
验证集数据增强: False（始终关闭）

创建模型: pieper_causal_ik
模型参数量: 1.74M

加载Pinocchio模型（用于计算末端位姿）...
✓ 成功加载Pinocchio模型
  URDF: /home/wsy/Desktop/casual/unitree_g1/g1_custom_collision_29dof.urdf
  左臂关节 ID: [16, 17, 18, 19, 20, 21, 22]
  手腕 frame ID: 57

开始训练（300 epochs）...
Epoch [0/300] | Train Loss: 0.000999 | Val Loss: 0.000216 | Train R²: 0.998281 | Val R²: 0.999553 | IK: 0.0006 | FK: 0.000019 | GAP: 0.0004 | LR: 0.000999 | Time: 97.8s
  >>> 保存最优模型（验证损失：0.000216）
Epoch [1/300] | Train Loss: 0.000201 | Val Loss: 0.000151 | Train R²: 0.999576 | Val R²: 0.999672 | IK: 0.0001 | FK: 0.000004 | GAP: 0.0001 | LR: 0.000998 | Time: 98.4s
  >>> 保存最优模型（验证损失：0.000151）
Epoch [2/300] | Train Loss: 0.000167 | Val Loss: 0.000144 | Train R²: 0.999641 | Val R²: 0.999694 | IK: 0.0001 | FK: 0.000003 | GAP: 0.0000 | LR: 0.000995 | Time: 99.8s
  >>> 保存最优模型（验证损失：0.000144）
Epoch [3/300] | Train Loss: 0.000156 | Val Loss: 0.000133 | Train R²: 0.999663 | Val R²: 0.999714 | IK: 0.0001 | FK: 0.000003 | GAP: 0.0000 | LR: 0.000992 | Time: 109.8s
  >>> 保存最优模型（验证损失：0.000133）
Epoch [4/300] | Train Loss: 0.000153 | Val Loss: 0.000140 | Train R²: 0.999672 | Val R²: 0.999715 | IK: 0.0001 | FK: 0.000003 | GAP: 0.0000 | LR: 0.000987 | Time: 119.9s
Epoch [5/300] | Train Loss: 0.000149 | Val Loss: 0.000155 | Train R²: 0.999680 | Val R²: 0.999693 | IK: 0.0001 | FK: 0.000003 | GAP: 0.0000 | LR: 0.000982 | Time: 119.8s
Epoch [6/300] | Train Loss: 0.000144 | Val Loss: 0.000140 | Train R²: 0.999690 | Val R²: 0.999716 | IK: 0.0001 | FK: 0.000003 | GAP: 0.0000 | LR: 0.000976 | Time: 117.8s
Epoch [7/300] | Train Loss: 0.000151 | Val Loss: 0.000128 | Train R²: 0.999681 | Val R²: 0.999730 | IK: 0.0001 | FK: 0.000003 | GAP: 0.0000 | LR: 0.000968 | Time: 179.2s
  >>> 保存最优模型（验证损失：0.000128）
Epoch [8/300] | Train Loss: 0.000149 | Val Loss: 0.000129 | Train R²: 0.999685 | Val R²: 0.999732 | IK: 0.0001 | FK: 0.000003 | GAP: 0.0000 | LR: 0.000960 | Time: 160.6s
Epoch [9/300] | Train Loss: 0.000139 | Val Loss: 0.000128 | Train R²: 0.999700 | Val R²: 0.999737 | IK: 0.0001 | FK: 0.000003 | GAP: 0.0000 | LR: 0.000951 | Time: 100.0s
Epoch [10/300] | Train Loss: 0.000138 | Val Loss: 0.000130 | Train R²: 0.999702 | Val R²: 0.999732 | IK: 0.0001 | FK: 0.000003 | GAP: 0.0000 | LR: 0.000940 | Time: 100.3s
