======================================================================
训练 Pieper 准则因果IK模型
======================================================================
核心特性:
  1. Attention学习关节对末端位姿的影响权重
  2. 分别对位置和姿态做FiLM调制
  3. GNN学习关节间因果耦合

加载数据集...
加载ACCAD/CMU数据集: /home/wsy/Desktop/casual/ACCAD_CMU_merged_training_data.npz
  样本数: 3614699
  窗口大小: 10
训练集样本数: 3253229
验证集样本数: 361470

创建模型: pieper_causal_ik
模型参数量: 6.89M

加载GPU FK模型（用于计算末端位姿）...
✓ 成功加载GPU FK模型
  左臂关节 ID: [16, 17, 18, 19, 20, 21, 22]
加载断点...
从第4 epoch继续

开始训练（300 epochs）...
Epoch [4/300] | Train Loss: 0.000157 | Val Loss: 0.000156 | Train R²: 0.999686 | Val R²: 0.999684 | IK: 0.0001 | FK: 0.000023 | GAP: 0.000038 | Val_IK: 0.0001 | Val_FK: 0.000024 | Val_GAP: 0.000035 | LR: 0.000987 | Time: 51.7s
  >>> 保存最优模型（验证损失：0.000156）
