======================================================================
训练 Pieper 准则因果IK模型
======================================================================
核心特性:
  1. Attention学习关节对末端位姿的影响权重
  2. 分别对位置和姿态做FiLM调制
  3. GNN学习关节间因果耦合

加载数据集...
加载ACCAD/CMU数据集: /home/wsy/Desktop/casual/ACCAD_CMU_merged_training_data.npz
  样本数: 3614699
  窗口大小: 10
训练集样本数: 3253229
验证集样本数: 361470

创建模型: pieper_causal_ik
模型参数量: 6.89M

加载GPU FK模型（用于计算末端位姿）...
✓ 成功加载GPU FK模型
  左臂关节 ID: [16, 17, 18, 19, 20, 21, 22]

开始训练（300 epochs）...
Epoch [0/300] | Train Loss: 0.001343 | Val Loss: 0.083710 | Train R²: 0.997888 | Val R²: 0.999477 | IK: 0.0007 | FK: 0.000149 | GAP: 0.000542 | LR: 0.000999 | Time: 52.4s
  >>> 保存最优模型（验证损失：0.083710）
Epoch [1/300] | Train Loss: 0.000290 | Val Loss: 0.083202 | Train R²: 0.999472 | Val R²: 0.999630 | IK: 0.0002 | FK: 0.000035 | GAP: 0.000091 | LR: 0.000998 | Time: 52.6s
  >>> 保存最优模型（验证损失：0.083202）
Epoch [2/300] | Train Loss: 0.000285 | Val Loss: 0.083071 | Train R²: 0.999491 | Val R²: 0.999664 | IK: 0.0002 | FK: 0.000029 | GAP: 0.000095 | LR: 0.000995 | Time: 64.9s
  >>> 保存最优模型（验证损失：0.083071）
Epoch [3/300] | Train Loss: 0.000161 | Val Loss: 0.082788 | Train R²: 0.999678 | Val R²: 0.999682 | IK: 0.0001 | FK: 0.000024 | GAP: 0.000039 | LR: 0.000992 | Time: 99.3s
  >>> 保存最优模型（验证损失：0.082788）
Epoch [4/300] | Train Loss: 0.000237 | Val Loss: 0.082984 | Train R²: 0.999569 | Val R²: 0.999668 | IK: 0.0001 | FK: 0.000025 | GAP: 0.000076 | LR: 0.000987 | Time: 99.3s
Epoch [5/300] | Train Loss: 0.000201 | Val Loss: 0.082867 | Train R²: 0.999625 | Val R²: 0.999695 | IK: 0.0001 | FK: 0.000024 | GAP: 0.000060 | LR: 0.000982 | Time: 85.2s
Epoch [6/300] | Train Loss: 0.000153 | Val Loss: 0.082941 | Train R²: 0.999697 | Val R²: 0.999692 | IK: 0.0001 | FK: 0.000023 | GAP: 0.000037 | LR: 0.000976 | Time: 99.4s
Epoch [7/300] | Train Loss: 0.000153 | Val Loss: 0.082767 | Train R²: 0.999697 | Val R²: 0.999692 | IK: 0.0001 | FK: 0.000022 | GAP: 0.000038 | LR: 0.000968 | Time: 99.4s
  >>> 保存最优模型（验证损失：0.082767）
Epoch [8/300] | Train Loss: 0.000197 | Val Loss: 0.082848 | Train R²: 0.999634 | Val R²: 0.999688 | IK: 0.0001 | FK: 0.000024 | GAP: 0.000059 | LR: 0.000960 | Time: 99.6s
Epoch [9/300] | Train Loss: 0.000166 | Val Loss: 0.082828 | Train R²: 0.999679 | Val R²: 0.999694 | IK: 0.0001 | FK: 0.000023 | GAP: 0.000045 | LR: 0.000951 | Time: 66.1s
Epoch [10/300] | Train Loss: 0.000148 | Val Loss: 0.082803 | Train R²: 0.999706 | Val R²: 0.999696 | IK: 0.0001 | FK: 0.000022 | GAP: 0.000036 | LR: 0.000940 | Time: 59.3s
Epoch [11/300] | Train Loss: 0.000162 | Val Loss: 0.082828 | Train R²: 0.999686 | Val R²: 0.999699 | IK: 0.0001 | FK: 0.000023 | GAP: 0.000043 | LR: 0.000929 | Time: 99.3s
Epoch [12/300] | Train Loss: 0.000147 | Val Loss: 0.082827 | Train R²: 0.999708 | Val R²: 0.999698 | IK: 0.0001 | FK: 0.000022 | GAP: 0.000036 | LR: 0.000917 | Time: 99.3s
Epoch [13/300] | Train Loss: 0.000150 | Val Loss: 0.082778 | Train R²: 0.999704 | Val R²: 0.999700 | IK: 0.0001 | FK: 0.000022 | GAP: 0.000038 | LR: 0.000905 | Time: 99.3s
Epoch [14/300] | Train Loss: 0.000147 | Val Loss: 0.082752 | Train R²: 0.999709 | Val R²: 0.999695 | IK: 0.0001 | FK: 0.000022 | GAP: 0.000036 | LR: 0.000891 | Time: 94.1s
  >>> 保存最优模型（验证损失：0.082752）
Epoch [15/300] | Train Loss: 0.000146 | Val Loss: 0.082879 | Train R²: 0.999711 | Val R²: 0.999699 | IK: 0.0001 | FK: 0.000022 | GAP: 0.000036 | LR: 0.000877 | Time: 51.8s
Epoch [16/300] | Train Loss: 0.000145 | Val Loss: 0.082795 | Train R²: 0.999713 | Val R²: 0.999700 | IK: 0.0001 | FK: 0.000021 | GAP: 0.000036 | LR: 0.000862 | Time: 52.3s
Epoch [17/300] | Train Loss: 0.000145 | Val Loss: 0.082814 | Train R²: 0.999713 | Val R²: 0.999692 | IK: 0.0001 | FK: 0.000021 | GAP: 0.000036 | LR: 0.000846 | Time: 51.9s
Epoch [18/300] | Train Loss: 0.000145 | Val Loss: 0.082804 | Train R²: 0.999713 | Val R²: 0.999702 | IK: 0.0001 | FK: 0.000021 | GAP: 0.000036 | LR: 0.000829 | Time: 52.2s
Epoch [19/300] | Train Loss: 0.000144 | Val Loss: 0.082870 | Train R²: 0.999716 | Val R²: 0.999698 | IK: 0.0001 | FK: 0.000021 | GAP: 0.000036 | LR: 0.000812 | Time: 51.8s
Epoch [20/300] | Train Loss: 0.000144 | Val Loss: 0.082864 | Train R²: 0.999716 | Val R²: 0.999700 | IK: 0.0001 | FK: 0.000021 | GAP: 0.000036 | LR: 0.000794 | Time: 52.1s
Epoch [21/300] | Train Loss: 0.000144 | Val Loss: 0.082891 | Train R²: 0.999717 | Val R²: 0.999704 | IK: 0.0001 | FK: 0.000021 | GAP: 0.000036 | LR: 0.000776 | Time: 51.4s
Epoch [22/300] | Train Loss: 0.000145 | Val Loss: 0.082893 | Train R²: 0.999716 | Val R²: 0.999700 | IK: 0.0001 | FK: 0.000021 | GAP: 0.000036 | LR: 0.000757 | Time: 51.4s
Epoch [23/300] | Train Loss: 0.000143 | Val Loss: 0.082777 | Train R²: 0.999720 | Val R²: 0.999699 | IK: 0.0001 | FK: 0.000021 | GAP: 0.000036 | LR: 0.000737 | Time: 51.5s
Epoch [24/300] | Train Loss: 0.000143 | Val Loss: 0.082782 | Train R²: 0.999719 | Val R²: 0.999705 | IK: 0.0001 | FK: 0.000021 | GAP: 0.000036 | LR: 0.000717 | Time: 52.5s
Epoch [25/300] | Train Loss: 0.000142 | Val Loss: 0.082797 | Train R²: 0.999722 | Val R²: 0.999705 | IK: 0.0001 | FK: 0.000021 | GAP: 0.000036 | LR: 0.000697 | Time: 52.4s
Epoch [26/300] | Train Loss: 0.000142 | Val Loss: 0.082844 | Train R²: 0.999722 | Val R²: 0.999701 | IK: 0.0001 | FK: 0.000021 | GAP: 0.000036 | LR: 0.000676 | Time: 52.3s
Epoch [27/300] | Train Loss: 0.000142 | Val Loss: 0.082881 | Train R²: 0.999722 | Val R²: 0.999700 | IK: 0.0001 | FK: 0.000021 | GAP: 0.000036 | LR: 0.000655 | Time: 52.1s
