======================================================================
训练 Pieper 准则因果IK模型
======================================================================
核心特性:
  1. Attention学习关节对末端位姿的影响权重
  2. 分别对位置和姿态做FiLM调制
  3. GNN学习关节间因果耦合

加载数据集...
加载ACCAD/CMU数据集: /home/wsy/Desktop/casual/ACCAD_CMU_merged_training_data.npz
  样本数: 3614699
  窗口大小: 10
训练集样本数: 3253229
验证集样本数: 361470

创建模型: pieper_causal_ik
模型参数量: 6.89M

加载GPU FK模型（用于计算末端位姿）...
✓ 成功加载GPU FK模型
  左臂关节 ID: [16, 17, 18, 19, 20, 21, 22]
加载断点...
从第2 epoch继续

开始训练（300 epochs）...
Epoch [2/300] | Train Loss: 0.000250 | Val Loss: 0.082886 | Train R²: 0.999543 | Val R²: 0.999657 | IK: 0.0002 | FK: 0.000027 | GAP: 0.000079 | LR: 0.000995 | Time: 51.8s
  >>> 保存最优模型（验证损失：0.082886）
Epoch [3/300] | Train Loss: 0.000243 | Val Loss: 0.082946 | Train R²: 0.999559 | Val R²: 0.999673 | IK: 0.0002 | FK: 0.000026 | GAP: 0.000079 | LR: 0.000992 | Time: 51.0s
Epoch [4/300] | Train Loss: 0.000156 | Val Loss: 0.082903 | Train R²: 0.999689 | Val R²: 0.999684 | IK: 0.0001 | FK: 0.000023 | GAP: 0.000038 | LR: 0.000987 | Time: 51.0s
Epoch [5/300] | Train Loss: 0.000212 | Val Loss: 0.082739 | Train R²: 0.999610 | Val R²: 0.999687 | IK: 0.0001 | FK: 0.000024 | GAP: 0.000066 | LR: 0.000982 | Time: 51.1s
  >>> 保存最优模型（验证损失：0.082739）
Epoch [6/300] | Train Loss: 0.000152 | Val Loss: 0.082871 | Train R²: 0.999698 | Val R²: 0.999689 | IK: 0.0001 | FK: 0.000023 | GAP: 0.000037 | LR: 0.000976 | Time: 51.1s
Epoch [7/300] | Train Loss: 0.000170 | Val Loss: 0.082849 | Train R²: 0.999673 | Val R²: 0.999702 | IK: 0.0001 | FK: 0.000023 | GAP: 0.000046 | LR: 0.000968 | Time: 51.0s
Epoch [8/300] | Train Loss: 0.000178 | Val Loss: 0.082955 | Train R²: 0.999661 | Val R²: 0.999690 | IK: 0.0001 | FK: 0.000023 | GAP: 0.000050 | LR: 0.000960 | Time: 51.3s
Epoch [9/300] | Train Loss: 0.000149 | Val Loss: 0.082657 | Train R²: 0.999704 | Val R²: 0.999687 | IK: 0.0001 | FK: 0.000022 | GAP: 0.000037 | LR: 0.000951 | Time: 51.0s
  >>> 保存最优模型（验证损失：0.082657）
