======================================================================
训练 Pieper 准则因果IK模型
======================================================================
核心特性:
  1. Attention学习关节对末端位姿的影响权重
  2. 分别对位置和姿态做FiLM调制
  3. GNN学习关节间因果耦合

加载数据集...
加载ACCAD/CMU数据集: /home/wsy/Desktop/casual/ACCAD_CMU_merged_training_data.npz
  样本数: 3614699
  窗口大小: 10
训练集样本数: 3253229
验证集样本数: 361470

创建模型: pieper_causal_ik
模型参数量: 6.89M

加载GPU FK模型（用于计算末端位姿）...
✓ 成功加载GPU FK模型
  左臂关节 ID: [16, 17, 18, 19, 20, 21, 22]
加载断点...
从第10 epoch继续

开始训练（300 epochs）...
Epoch [10/300] | Train Loss: 0.000155 | Val Loss: 0.082742 | Train R²: 0.999696 | Val R²: 0.999689 | IK: 0.0001 | FK: 0.000022 | GAP: 0.000039 | LR: 0.000940 | Time: 52.4s
