======================================================================
训练 Pieper 准则因果IK模型
======================================================================
核心特性:
  1. Attention学习关节对末端位姿的影响权重
  2. 分别对位置和姿态做FiLM调制
  3. GNN学习关节间因果耦合

加载数据集...
加载ACCAD/CMU数据集: /home/wsy/Desktop/casual/ACCAD_CMU_merged_training_data.npz
  样本数: 3614699
  窗口大小: 10
训练集样本数: 3253229
验证集样本数: 361470

创建模型: pieper_causal_ik
模型参数量: 6.89M

加载GPU FK模型（用于计算末端位姿）...
✓ 成功加载GPU FK模型
  左臂关节 ID: [16, 17, 18, 19, 20, 21, 22]

开始训练（300 epochs）...
Epoch [0/300] | Train Loss: 0.001343 | Val Loss: 0.000285 | Train R²: 0.997888 | Val R²: 0.999477 | IK: 0.0007 | FK: 0.000149 | GAP: 0.000542 | Val_IK: 0.0002 | Val_FK: 0.000038 | Val_GAP: 0.000086 | LR: 0.000999 | Time: 51.6s
  >>> 保存最优模型（验证损失：0.000285）
Epoch [1/300] | Train Loss: 0.000362 | Val Loss: 0.000179 | Train R²: 0.999368 | Val R²: 0.999635 | IK: 0.0002 | FK: 0.000037 | GAP: 0.000127 | Val_IK: 0.0001 | Val_FK: 0.000028 | Val_GAP: 0.000040 | LR: 0.000998 | Time: 76.3s
  >>> 保存最优模型（验证损失：0.000179）
Epoch [2/300] | Train Loss: 0.000252 | Val Loss: 0.000163 | Train R²: 0.999538 | Val R²: 0.999665 | IK: 0.0002 | FK: 0.000028 | GAP: 0.000080 | Val_IK: 0.0001 | Val_FK: 0.000026 | Val_GAP: 0.000035 | LR: 0.000995 | Time: 100.6s
  >>> 保存最优模型（验证损失：0.000163）
Epoch [3/300] | Train Loss: 0.000234 | Val Loss: 0.000154 | Train R²: 0.999570 | Val R²: 0.999681 | IK: 0.0001 | FK: 0.000025 | GAP: 0.000074 | Val_IK: 0.0001 | Val_FK: 0.000024 | Val_GAP: 0.000033 | LR: 0.000992 | Time: 100.6s
  >>> 保存最优模型（验证损失：0.000154）
Epoch [4/300] | Train Loss: 0.000155 | Val Loss: 0.000163 | Train R²: 0.999691 | Val R²: 0.999676 | IK: 0.0001 | FK: 0.000023 | GAP: 0.000037 | Val_IK: 0.0001 | Val_FK: 0.000025 | Val_GAP: 0.000039 | LR: 0.000987 | Time: 100.8s
Epoch [5/300] | Train Loss: 0.000238 | Val Loss: 0.000155 | Train R²: 0.999571 | Val R²: 0.999694 | IK: 0.0001 | FK: 0.000025 | GAP: 0.000078 | Val_IK: 0.0001 | Val_FK: 0.000023 | Val_GAP: 0.000039 | LR: 0.000982 | Time: 100.1s
Epoch [6/300] | Train Loss: 0.000152 | Val Loss: 0.000152 | Train R²: 0.999697 | Val R²: 0.999692 | IK: 0.0001 | FK: 0.000023 | GAP: 0.000037 | Val_IK: 0.0001 | Val_FK: 0.000024 | Val_GAP: 0.000034 | LR: 0.000976 | Time: 100.2s
  >>> 保存最优模型（验证损失：0.000152）
Epoch [7/300] | Train Loss: 0.000179 | Val Loss: 0.000151 | Train R²: 0.999660 | Val R²: 0.999691 | IK: 0.0001 | FK: 0.000024 | GAP: 0.000050 | Val_IK: 0.0001 | Val_FK: 0.000023 | Val_GAP: 0.000034 | LR: 0.000968 | Time: 102.1s
  >>> 保存最优模型（验证损失：0.000151）
Epoch [8/300] | Train Loss: 0.000150 | Val Loss: 0.000155 | Train R²: 0.999702 | Val R²: 0.999684 | IK: 0.0001 | FK: 0.000022 | GAP: 0.000036 | Val_IK: 0.0001 | Val_FK: 0.000024 | Val_GAP: 0.000035 | LR: 0.000960 | Time: 100.3s
Epoch [9/300] | Train Loss: 0.000158 | Val Loss: 0.000149 | Train R²: 0.999691 | Val R²: 0.999693 | IK: 0.0001 | FK: 0.000022 | GAP: 0.000041 | Val_IK: 0.0001 | Val_FK: 0.000024 | Val_GAP: 0.000032 | LR: 0.000951 | Time: 100.9s
  >>> 保存最优模型（验证损失：0.000149）
Epoch [10/300] | Train Loss: 0.000160 | Val Loss: 0.000149 | Train R²: 0.999689 | Val R²: 0.999703 | IK: 0.0001 | FK: 0.000022 | GAP: 0.000042 | Val_IK: 0.0001 | Val_FK: 0.000023 | Val_GAP: 0.000036 | LR: 0.000940 | Time: 101.1s
  >>> 保存最优模型（验证损失：0.000149）
Epoch [11/300] | Train Loss: 0.000148 | Val Loss: 0.000147 | Train R²: 0.999707 | Val R²: 0.999699 | IK: 0.0001 | FK: 0.000022 | GAP: 0.000036 | Val_IK: 0.0001 | Val_FK: 0.000023 | Val_GAP: 0.000033 | LR: 0.000929 | Time: 100.0s
  >>> 保存最优模型（验证损失：0.000147）
Epoch [12/300] | Train Loss: 0.000149 | Val Loss: 0.000150 | Train R²: 0.999707 | Val R²: 0.999693 | IK: 0.0001 | FK: 0.000022 | GAP: 0.000037 | Val_IK: 0.0001 | Val_FK: 0.000023 | Val_GAP: 0.000033 | LR: 0.000917 | Time: 100.6s
Epoch [13/300] | Train Loss: 0.000149 | Val Loss: 0.000145 | Train R²: 0.999706 | Val R²: 0.999705 | IK: 0.0001 | FK: 0.000022 | GAP: 0.000037 | Val_IK: 0.0001 | Val_FK: 0.000023 | Val_GAP: 0.000033 | LR: 0.000905 | Time: 100.0s
  >>> 保存最优模型（验证损失：0.000145）
Epoch [14/300] | Train Loss: 0.000146 | Val Loss: 0.000148 | Train R²: 0.999711 | Val R²: 0.999695 | IK: 0.0001 | FK: 0.000022 | GAP: 0.000036 | Val_IK: 0.0001 | Val_FK: 0.000023 | Val_GAP: 0.000032 | LR: 0.000891 | Time: 100.4s
Epoch [15/300] | Train Loss: 0.000146 | Val Loss: 0.000146 | Train R²: 0.999713 | Val R²: 0.999703 | IK: 0.0001 | FK: 0.000022 | GAP: 0.000036 | Val_IK: 0.0001 | Val_FK: 0.000023 | Val_GAP: 0.000032 | LR: 0.000877 | Time: 100.2s
Epoch [16/300] | Train Loss: 0.000145 | Val Loss: 0.000145 | Train R²: 0.999714 | Val R²: 0.999701 | IK: 0.0001 | FK: 0.000021 | GAP: 0.000036 | Val_IK: 0.0001 | Val_FK: 0.000023 | Val_GAP: 0.000031 | LR: 0.000862 | Time: 100.0s
Epoch [17/300] | Train Loss: 0.000145 | Val Loss: 0.000149 | Train R²: 0.999716 | Val R²: 0.999688 | IK: 0.0001 | FK: 0.000021 | GAP: 0.000036 | Val_IK: 0.0001 | Val_FK: 0.000024 | Val_GAP: 0.000030 | LR: 0.000846 | Time: 100.1s
Epoch [18/300] | Train Loss: 0.000145 | Val Loss: 0.000147 | Train R²: 0.999715 | Val R²: 0.999700 | IK: 0.0001 | FK: 0.000021 | GAP: 0.000036 | Val_IK: 0.0001 | Val_FK: 0.000023 | Val_GAP: 0.000032 | LR: 0.000829 | Time: 100.6s
Epoch [19/300] | Train Loss: 0.000144 | Val Loss: 0.000147 | Train R²: 0.999717 | Val R²: 0.999698 | IK: 0.0001 | FK: 0.000021 | GAP: 0.000036 | Val_IK: 0.0001 | Val_FK: 0.000023 | Val_GAP: 0.000032 | LR: 0.000812 | Time: 100.8s
Epoch [20/300] | Train Loss: 0.000144 | Val Loss: 0.000145 | Train R²: 0.999717 | Val R²: 0.999700 | IK: 0.0001 | FK: 0.000021 | GAP: 0.000036 | Val_IK: 0.0001 | Val_FK: 0.000023 | Val_GAP: 0.000031 | LR: 0.000794 | Time: 100.3s
Epoch [21/300] | Train Loss: 0.000143 | Val Loss: 0.000151 | Train R²: 0.999718 | Val R²: 0.999703 | IK: 0.0001 | FK: 0.000021 | GAP: 0.000036 | Val_IK: 0.0001 | Val_FK: 0.000023 | Val_GAP: 0.000038 | LR: 0.000776 | Time: 99.9s
Epoch [22/300] | Train Loss: 0.000143 | Val Loss: 0.000151 | Train R²: 0.999718 | Val R²: 0.999700 | IK: 0.0001 | FK: 0.000021 | GAP: 0.000036 | Val_IK: 0.0001 | Val_FK: 0.000023 | Val_GAP: 0.000036 | LR: 0.000757 | Time: 99.9s
Epoch [23/300] | Train Loss: 0.000143 | Val Loss: 0.000146 | Train R²: 0.999720 | Val R²: 0.999704 | IK: 0.0001 | FK: 0.000021 | GAP: 0.000036 | Val_IK: 0.0001 | Val_FK: 0.000023 | Val_GAP: 0.000033 | LR: 0.000737 | Time: 99.8s
Epoch [24/300] | Train Loss: 0.000143 | Val Loss: 0.000145 | Train R²: 0.999720 | Val R²: 0.999708 | IK: 0.0001 | FK: 0.000021 | GAP: 0.000036 | Val_IK: 0.0001 | Val_FK: 0.000023 | Val_GAP: 0.000034 | LR: 0.000717 | Time: 100.0s
Epoch [25/300] | Train Loss: 0.000142 | Val Loss: 0.000146 | Train R²: 0.999723 | Val R²: 0.999705 | IK: 0.0001 | FK: 0.000021 | GAP: 0.000036 | Val_IK: 0.0001 | Val_FK: 0.000022 | Val_GAP: 0.000034 | LR: 0.000697 | Time: 99.9s
Epoch [26/300] | Train Loss: 0.000142 | Val Loss: 0.000145 | Train R²: 0.999723 | Val R²: 0.999705 | IK: 0.0001 | FK: 0.000021 | GAP: 0.000036 | Val_IK: 0.0001 | Val_FK: 0.000022 | Val_GAP: 0.000032 | LR: 0.000676 | Time: 99.9s
  >>> 保存最优模型（验证损失：0.000145）
Epoch [27/300] | Train Loss: 0.000142 | Val Loss: 0.000151 | Train R²: 0.999723 | Val R²: 0.999703 | IK: 0.0001 | FK: 0.000021 | GAP: 0.000036 | Val_IK: 0.0001 | Val_FK: 0.000024 | Val_GAP: 0.000037 | LR: 0.000655 | Time: 99.9s
Epoch [28/300] | Train Loss: 0.000141 | Val Loss: 0.000146 | Train R²: 0.999724 | Val R²: 0.999701 | IK: 0.0001 | FK: 0.000021 | GAP: 0.000036 | Val_IK: 0.0001 | Val_FK: 0.000023 | Val_GAP: 0.000032 | LR: 0.000633 | Time: 100.0s
Epoch [29/300] | Train Loss: 0.000141 | Val Loss: 0.000142 | Train R²: 0.999725 | Val R²: 0.999720 | IK: 0.0001 | FK: 0.000021 | GAP: 0.000036 | Val_IK: 0.0001 | Val_FK: 0.000021 | Val_GAP: 0.000036 | LR: 0.000612 | Time: 99.9s
  >>> 保存最优模型（验证损失：0.000142）
Epoch [30/300] | Train Loss: 0.000141 | Val Loss: 0.000145 | Train R²: 0.999726 | Val R²: 0.999705 | IK: 0.0001 | FK: 0.000021 | GAP: 0.000036 | Val_IK: 0.0001 | Val_FK: 0.000022 | Val_GAP: 0.000033 | LR: 0.000590 | Time: 99.9s
Epoch [31/300] | Train Loss: 0.000140 | Val Loss: 0.000143 | Train R²: 0.999727 | Val R²: 0.999712 | IK: 0.0001 | FK: 0.000020 | GAP: 0.000036 | Val_IK: 0.0001 | Val_FK: 0.000022 | Val_GAP: 0.000034 | LR: 0.000568 | Time: 99.9s
Epoch [32/300] | Train Loss: 0.000140 | Val Loss: 0.000144 | Train R²: 0.999727 | Val R²: 0.999711 | IK: 0.0001 | FK: 0.000020 | GAP: 0.000036 | Val_IK: 0.0001 | Val_FK: 0.000022 | Val_GAP: 0.000034 | LR: 0.000545 | Time: 100.0s
Epoch [33/300] | Train Loss: 0.000140 | Val Loss: 0.000142 | Train R²: 0.999729 | Val R²: 0.999719 | IK: 0.0001 | FK: 0.000020 | GAP: 0.000036 | Val_IK: 0.0001 | Val_FK: 0.000021 | Val_GAP: 0.000035 | LR: 0.000523 | Time: 99.9s
  >>> 保存最优模型（验证损失：0.000142）
Epoch [34/300] | Train Loss: 0.000139 | Val Loss: 0.000143 | Train R²: 0.999730 | Val R²: 0.999714 | IK: 0.0001 | FK: 0.000020 | GAP: 0.000036 | Val_IK: 0.0001 | Val_FK: 0.000022 | Val_GAP: 0.000034 | LR: 0.000501 | Time: 100.0s
Epoch [35/300] | Train Loss: 0.000139 | Val Loss: 0.000143 | Train R²: 0.999731 | Val R²: 0.999707 | IK: 0.0001 | FK: 0.000020 | GAP: 0.000036 | Val_IK: 0.0001 | Val_FK: 0.000022 | Val_GAP: 0.000032 | LR: 0.000478 | Time: 99.9s
Epoch [36/300] | Train Loss: 0.000139 | Val Loss: 0.000149 | Train R²: 0.999731 | Val R²: 0.999699 | IK: 0.0001 | FK: 0.000020 | GAP: 0.000036 | Val_IK: 0.0001 | Val_FK: 0.000023 | Val_GAP: 0.000034 | LR: 0.000456 | Time: 99.9s
Epoch [37/300] | Train Loss: 0.000139 | Val Loss: 0.000141 | Train R²: 0.999732 | Val R²: 0.999720 | IK: 0.0001 | FK: 0.000020 | GAP: 0.000036 | Val_IK: 0.0001 | Val_FK: 0.000022 | Val_GAP: 0.000034 | LR: 0.000433 | Time: 99.9s
  >>> 保存最优模型（验证损失：0.000141）
Epoch [38/300] | Train Loss: 0.000138 | Val Loss: 0.000143 | Train R²: 0.999733 | Val R²: 0.999719 | IK: 0.0001 | FK: 0.000020 | GAP: 0.000036 | Val_IK: 0.0001 | Val_FK: 0.000021 | Val_GAP: 0.000036 | LR: 0.000411 | Time: 99.9s
Epoch [39/300] | Train Loss: 0.000138 | Val Loss: 0.000143 | Train R²: 0.999733 | Val R²: 0.999708 | IK: 0.0001 | FK: 0.000020 | GAP: 0.000036 | Val_IK: 0.0001 | Val_FK: 0.000022 | Val_GAP: 0.000032 | LR: 0.000389 | Time: 99.8s
Epoch [40/300] | Train Loss: 0.000137 | Val Loss: 0.000143 | Train R²: 0.999734 | Val R²: 0.999709 | IK: 0.0001 | FK: 0.000020 | GAP: 0.000036 | Val_IK: 0.0001 | Val_FK: 0.000022 | Val_GAP: 0.000033 | LR: 0.000368 | Time: 99.8s
Epoch [41/300] | Train Loss: 0.000138 | Val Loss: 0.000141 | Train R²: 0.999735 | Val R²: 0.999717 | IK: 0.0001 | FK: 0.000020 | GAP: 0.000036 | Val_IK: 0.0001 | Val_FK: 0.000021 | Val_GAP: 0.000033 | LR: 0.000346 | Time: 99.9s
Epoch [42/300] | Train Loss: 0.000137 | Val Loss: 0.000141 | Train R²: 0.999736 | Val R²: 0.999714 | IK: 0.0001 | FK: 0.000020 | GAP: 0.000036 | Val_IK: 0.0001 | Val_FK: 0.000022 | Val_GAP: 0.000032 | LR: 0.000325 | Time: 100.6s
Epoch [43/300] | Train Loss: 0.000137 | Val Loss: 0.000141 | Train R²: 0.999737 | Val R²: 0.999721 | IK: 0.0001 | FK: 0.000020 | GAP: 0.000036 | Val_IK: 0.0001 | Val_FK: 0.000021 | Val_GAP: 0.000035 | LR: 0.000304 | Time: 101.0s
Epoch [44/300] | Train Loss: 0.000137 | Val Loss: 0.000141 | Train R²: 0.999737 | Val R²: 0.999726 | IK: 0.0001 | FK: 0.000020 | GAP: 0.000037 | Val_IK: 0.0001 | Val_FK: 0.000021 | Val_GAP: 0.000036 | LR: 0.000284 | Time: 100.4s
  >>> 保存最优模型（验证损失：0.000141）
Epoch [45/300] | Train Loss: 0.000136 | Val Loss: 0.000139 | Train R²: 0.999739 | Val R²: 0.999726 | IK: 0.0001 | FK: 0.000020 | GAP: 0.000037 | Val_IK: 0.0001 | Val_FK: 0.000021 | Val_GAP: 0.000035 | LR: 0.000264 | Time: 99.8s
  >>> 保存最优模型（验证损失：0.000139）
Epoch [46/300] | Train Loss: 0.000136 | Val Loss: 0.000141 | Train R²: 0.999739 | Val R²: 0.999723 | IK: 0.0001 | FK: 0.000020 | GAP: 0.000036 | Val_IK: 0.0001 | Val_FK: 0.000021 | Val_GAP: 0.000035 | LR: 0.000244 | Time: 99.8s
Epoch [47/300] | Train Loss: 0.000136 | Val Loss: 0.000141 | Train R²: 0.999739 | Val R²: 0.999724 | IK: 0.0001 | FK: 0.000020 | GAP: 0.000036 | Val_IK: 0.0001 | Val_FK: 0.000021 | Val_GAP: 0.000036 | LR: 0.000225 | Time: 100.0s
Epoch [48/300] | Train Loss: 0.000135 | Val Loss: 0.000140 | Train R²: 0.999741 | Val R²: 0.999724 | IK: 0.0001 | FK: 0.000019 | GAP: 0.000037 | Val_IK: 0.0001 | Val_FK: 0.000021 | Val_GAP: 0.000034 | LR: 0.000207 | Time: 100.1s
Epoch [49/300] | Train Loss: 0.000135 | Val Loss: 0.000140 | Train R²: 0.999741 | Val R²: 0.999726 | IK: 0.0001 | FK: 0.000019 | GAP: 0.000036 | Val_IK: 0.0001 | Val_FK: 0.000021 | Val_GAP: 0.000036 | LR: 0.000189 | Time: 100.3s
Epoch [50/300] | Train Loss: 0.000135 | Val Loss: 0.000141 | Train R²: 0.999742 | Val R²: 0.999717 | IK: 0.0001 | FK: 0.000019 | GAP: 0.000037 | Val_IK: 0.0001 | Val_FK: 0.000021 | Val_GAP: 0.000033 | LR: 0.000172 | Time: 100.5s
Epoch [51/300] | Train Loss: 0.000135 | Val Loss: 0.000139 | Train R²: 0.999742 | Val R²: 0.999727 | IK: 0.0001 | FK: 0.000019 | GAP: 0.000036 | Val_IK: 0.0001 | Val_FK: 0.000021 | Val_GAP: 0.000035 | LR: 0.000155 | Time: 100.6s
Epoch [52/300] | Train Loss: 0.000135 | Val Loss: 0.000139 | Train R²: 0.999743 | Val R²: 0.999731 | IK: 0.0001 | FK: 0.000019 | GAP: 0.000037 | Val_IK: 0.0001 | Val_FK: 0.000020 | Val_GAP: 0.000036 | LR: 0.000139 | Time: 100.4s
  >>> 保存最优模型（验证损失：0.000139）
Epoch [53/300] | Train Loss: 0.000134 | Val Loss: 0.000140 | Train R²: 0.999744 | Val R²: 0.999724 | IK: 0.0001 | FK: 0.000019 | GAP: 0.000037 | Val_IK: 0.0001 | Val_FK: 0.000021 | Val_GAP: 0.000035 | LR: 0.000124 | Time: 100.2s
Epoch [54/300] | Train Loss: 0.000134 | Val Loss: 0.000139 | Train R²: 0.999744 | Val R²: 0.999729 | IK: 0.0001 | FK: 0.000019 | GAP: 0.000037 | Val_IK: 0.0001 | Val_FK: 0.000021 | Val_GAP: 0.000035 | LR: 0.000110 | Time: 100.1s
  >>> 保存最优模型（验证损失：0.000139）
Epoch [55/300] | Train Loss: 0.000134 | Val Loss: 0.000139 | Train R²: 0.999745 | Val R²: 0.999732 | IK: 0.0001 | FK: 0.000019 | GAP: 0.000037 | Val_IK: 0.0001 | Val_FK: 0.000021 | Val_GAP: 0.000037 | LR: 0.000096 | Time: 100.2s
Epoch [56/300] | Train Loss: 0.000134 | Val Loss: 0.000139 | Train R²: 0.999746 | Val R²: 0.999731 | IK: 0.0001 | FK: 0.000019 | GAP: 0.000037 | Val_IK: 0.0001 | Val_FK: 0.000021 | Val_GAP: 0.000036 | LR: 0.000084 | Time: 100.1s
Epoch [57/300] | Train Loss: 0.000133 | Val Loss: 0.000139 | Train R²: 0.999747 | Val R²: 0.999733 | IK: 0.0001 | FK: 0.000019 | GAP: 0.000037 | Val_IK: 0.0001 | Val_FK: 0.000020 | Val_GAP: 0.000037 | LR: 0.000072 | Time: 99.9s
  >>> 保存最优模型（验证损失：0.000139）
Epoch [58/300] | Train Loss: 0.000133 | Val Loss: 0.000139 | Train R²: 0.999747 | Val R²: 0.999729 | IK: 0.0001 | FK: 0.000019 | GAP: 0.000037 | Val_IK: 0.0001 | Val_FK: 0.000021 | Val_GAP: 0.000035 | LR: 0.000061 | Time: 100.3s
Epoch [59/300] | Train Loss: 0.000133 | Val Loss: 0.000138 | Train R²: 0.999747 | Val R²: 0.999731 | IK: 0.0001 | FK: 0.000019 | GAP: 0.000037 | Val_IK: 0.0001 | Val_FK: 0.000020 | Val_GAP: 0.000036 | LR: 0.000050 | Time: 100.1s
  >>> 保存最优模型（验证损失：0.000138）
Epoch [60/300] | Train Loss: 0.000133 | Val Loss: 0.000138 | Train R²: 0.999748 | Val R²: 0.999732 | IK: 0.0001 | FK: 0.000019 | GAP: 0.000037 | Val_IK: 0.0001 | Val_FK: 0.000020 | Val_GAP: 0.000036 | LR: 0.000041 | Time: 99.8s
Epoch [61/300] | Train Loss: 0.000133 | Val Loss: 0.000138 | Train R²: 0.999748 | Val R²: 0.999727 | IK: 0.0001 | FK: 0.000019 | GAP: 0.000037 | Val_IK: 0.0001 | Val_FK: 0.000021 | Val_GAP: 0.000034 | LR: 0.000033 | Time: 99.9s
Epoch [62/300] | Train Loss: 0.000133 | Val Loss: 0.000138 | Train R²: 0.999748 | Val R²: 0.999732 | IK: 0.0001 | FK: 0.000019 | GAP: 0.000037 | Val_IK: 0.0001 | Val_FK: 0.000020 | Val_GAP: 0.000036 | LR: 0.000025 | Time: 100.1s
  >>> 保存最优模型（验证损失：0.000138）
Epoch [63/300] | Train Loss: 0.000132 | Val Loss: 0.000138 | Train R²: 0.999749 | Val R²: 0.999731 | IK: 0.0001 | FK: 0.000019 | GAP: 0.000037 | Val_IK: 0.0001 | Val_FK: 0.000021 | Val_GAP: 0.000035 | LR: 0.000019 | Time: 99.7s
Epoch [64/300] | Train Loss: 0.000132 | Val Loss: 0.000138 | Train R²: 0.999749 | Val R²: 0.999730 | IK: 0.0001 | FK: 0.000019 | GAP: 0.000037 | Val_IK: 0.0001 | Val_FK: 0.000021 | Val_GAP: 0.000035 | LR: 0.000014 | Time: 99.9s
Epoch [65/300] | Train Loss: 0.000132 | Val Loss: 0.000138 | Train R²: 0.999749 | Val R²: 0.999731 | IK: 0.0001 | FK: 0.000019 | GAP: 0.000037 | Val_IK: 0.0001 | Val_FK: 0.000020 | Val_GAP: 0.000035 | LR: 0.000009 | Time: 100.0s
  >>> 保存最优模型（验证损失：0.000138）
Epoch [66/300] | Train Loss: 0.000132 | Val Loss: 0.000138 | Train R²: 0.999750 | Val R²: 0.999731 | IK: 0.0001 | FK: 0.000019 | GAP: 0.000037 | Val_IK: 0.0001 | Val_FK: 0.000020 | Val_GAP: 0.000035 | LR: 0.000006 | Time: 99.9s
  >>> 保存最优模型（验证损失：0.000138）
Epoch [67/300] | Train Loss: 0.000132 | Val Loss: 0.000138 | Train R²: 0.999749 | Val R²: 0.999732 | IK: 0.0001 | FK: 0.000019 | GAP: 0.000037 | Val_IK: 0.0001 | Val_FK: 0.000020 | Val_GAP: 0.000036 | LR: 0.000003 | Time: 99.8s
  >>> 保存最优模型（验证损失：0.000138）
Epoch [68/300] | Train Loss: 0.000132 | Val Loss: 0.000138 | Train R²: 0.999750 | Val R²: 0.999732 | IK: 0.0001 | FK: 0.000019 | GAP: 0.000037 | Val_IK: 0.0001 | Val_FK: 0.000020 | Val_GAP: 0.000036 | LR: 0.000002 | Time: 99.8s
Epoch [69/300] | Train Loss: 0.000132 | Val Loss: 0.000138 | Train R²: 0.999750 | Val R²: 0.999732 | IK: 0.0001 | FK: 0.000019 | GAP: 0.000037 | Val_IK: 0.0001 | Val_FK: 0.000020 | Val_GAP: 0.000036 | LR: 0.001000 | Time: 99.9s
Epoch [70/300] | Train Loss: 0.000146 | Val Loss: 0.000147 | Train R²: 0.999718 | Val R²: 0.999702 | IK: 0.0001 | FK: 0.000021 | GAP: 0.000039 | Val_IK: 0.0001 | Val_FK: 0.000023 | Val_GAP: 0.000033 | LR: 0.001000 | Time: 99.9s
Epoch [71/300] | Train Loss: 0.000143 | Val Loss: 0.000147 | Train R²: 0.999723 | Val R²: 0.999698 | IK: 0.0001 | FK: 0.000021 | GAP: 0.000037 | Val_IK: 0.0001 | Val_FK: 0.000023 | Val_GAP: 0.000032 | LR: 0.000999 | Time: 100.1s
Epoch [72/300] | Train Loss: 0.000143 | Val Loss: 0.000153 | Train R²: 0.999722 | Val R²: 0.999697 | IK: 0.0001 | FK: 0.000021 | GAP: 0.000037 | Val_IK: 0.0001 | Val_FK: 0.000023 | Val_GAP: 0.000037 | LR: 0.000999 | Time: 100.0s
Epoch [73/300] | Train Loss: 0.000143 | Val Loss: 0.000146 | Train R²: 0.999722 | Val R²: 0.999699 | IK: 0.0001 | FK: 0.000021 | GAP: 0.000037 | Val_IK: 0.0001 | Val_FK: 0.000023 | Val_GAP: 0.000032 | LR: 0.000998 | Time: 99.9s
Epoch [74/300] | Train Loss: 0.000142 | Val Loss: 0.000145 | Train R²: 0.999725 | Val R²: 0.999708 | IK: 0.0001 | FK: 0.000021 | GAP: 0.000037 | Val_IK: 0.0001 | Val_FK: 0.000022 | Val_GAP: 0.000033 | LR: 0.000997 | Time: 99.9s
Epoch [75/300] | Train Loss: 0.000143 | Val Loss: 0.000145 | Train R²: 0.999723 | Val R²: 0.999708 | IK: 0.0001 | FK: 0.000021 | GAP: 0.000037 | Val_IK: 0.0001 | Val_FK: 0.000022 | Val_GAP: 0.000033 | LR: 0.000995 | Time: 100.2s
Epoch [76/300] | Train Loss: 0.000143 | Val Loss: 0.000146 | Train R²: 0.999723 | Val R²: 0.999703 | IK: 0.0001 | FK: 0.000021 | GAP: 0.000038 | Val_IK: 0.0001 | Val_FK: 0.000023 | Val_GAP: 0.000033 | LR: 0.000994 | Time: 100.0s
Epoch [77/300] | Train Loss: 0.000142 | Val Loss: 0.000145 | Train R²: 0.999724 | Val R²: 0.999708 | IK: 0.0001 | FK: 0.000021 | GAP: 0.000037 | Val_IK: 0.0001 | Val_FK: 0.000023 | Val_GAP: 0.000033 | LR: 0.000992 | Time: 100.3s
Epoch [78/300] | Train Loss: 0.000142 | Val Loss: 0.000157 | Train R²: 0.999725 | Val R²: 0.999699 | IK: 0.0001 | FK: 0.000021 | GAP: 0.000037 | Val_IK: 0.0001 | Val_FK: 0.000023 | Val_GAP: 0.000043 | LR: 0.000990 | Time: 100.0s
Epoch [79/300] | Train Loss: 0.000142 | Val Loss: 0.000146 | Train R²: 0.999725 | Val R²: 0.999708 | IK: 0.0001 | FK: 0.000021 | GAP: 0.000037 | Val_IK: 0.0001 | Val_FK: 0.000023 | Val_GAP: 0.000034 | LR: 0.000987 | Time: 100.8s
Epoch [80/300] | Train Loss: 0.000142 | Val Loss: 0.000147 | Train R²: 0.999724 | Val R²: 0.999707 | IK: 0.0001 | FK: 0.000021 | GAP: 0.000037 | Val_IK: 0.0001 | Val_FK: 0.000023 | Val_GAP: 0.000035 | LR: 0.000985 | Time: 68.7s
Epoch [81/300] | Train Loss: 0.000142 | Val Loss: 0.000144 | Train R²: 0.999725 | Val R²: 0.999705 | IK: 0.0001 | FK: 0.000021 | GAP: 0.000037 | Val_IK: 0.0001 | Val_FK: 0.000023 | Val_GAP: 0.000032 | LR: 0.000982 | Time: 53.5s
Epoch [82/300] | Train Loss: 0.000141 | Val Loss: 0.000175 | Train R²: 0.999728 | Val R²: 0.999679 | IK: 0.0001 | FK: 0.000021 | GAP: 0.000037 | Val_IK: 0.0001 | Val_FK: 0.000026 | Val_GAP: 0.000052 | LR: 0.000979 | Time: 52.3s
Epoch [83/300] | Train Loss: 0.000141 | Val Loss: 0.000147 | Train R²: 0.999726 | Val R²: 0.999707 | IK: 0.0001 | FK: 0.000021 | GAP: 0.000037 | Val_IK: 0.0001 | Val_FK: 0.000022 | Val_GAP: 0.000035 | LR: 0.000976 | Time: 52.9s
Epoch [84/300] | Train Loss: 0.000141 | Val Loss: 0.000144 | Train R²: 0.999726 | Val R²: 0.999711 | IK: 0.0001 | FK: 0.000021 | GAP: 0.000037 | Val_IK: 0.0001 | Val_FK: 0.000022 | Val_GAP: 0.000034 | LR: 0.000972 | Time: 51.9s
Epoch [85/300] | Train Loss: 0.000141 | Val Loss: 0.000144 | Train R²: 0.999727 | Val R²: 0.999708 | IK: 0.0001 | FK: 0.000021 | GAP: 0.000037 | Val_IK: 0.0001 | Val_FK: 0.000022 | Val_GAP: 0.000032 | LR: 0.000968 | Time: 53.2s
Epoch [86/300] | Train Loss: 0.000141 | Val Loss: 0.000142 | Train R²: 0.999727 | Val R²: 0.999717 | IK: 0.0001 | FK: 0.000021 | GAP: 0.000037 | Val_IK: 0.0001 | Val_FK: 0.000022 | Val_GAP: 0.000035 | LR: 0.000964 | Time: 52.0s
Epoch [87/300] | Train Loss: 0.000141 | Val Loss: 0.000146 | Train R²: 0.999728 | Val R²: 0.999701 | IK: 0.0001 | FK: 0.000020 | GAP: 0.000037 | Val_IK: 0.0001 | Val_FK: 0.000023 | Val_GAP: 0.000032 | LR: 0.000960 | Time: 51.7s
Epoch [88/300] | Train Loss: 0.000142 | Val Loss: 0.000147 | Train R²: 0.999727 | Val R²: 0.999704 | IK: 0.0001 | FK: 0.000021 | GAP: 0.000038 | Val_IK: 0.0001 | Val_FK: 0.000023 | Val_GAP: 0.000034 | LR: 0.000955 | Time: 51.8s
Epoch [89/300] | Train Loss: 0.000141 | Val Loss: 0.000147 | Train R²: 0.999728 | Val R²: 0.999699 | IK: 0.0001 | FK: 0.000021 | GAP: 0.000037 | Val_IK: 0.0001 | Val_FK: 0.000023 | Val_GAP: 0.000033 | LR: 0.000951 | Time: 51.9s
Epoch [90/300] | Train Loss: 0.000141 | Val Loss: 0.000144 | Train R²: 0.999728 | Val R²: 0.999715 | IK: 0.0001 | FK: 0.000020 | GAP: 0.000037 | Val_IK: 0.0001 | Val_FK: 0.000022 | Val_GAP: 0.000035 | LR: 0.000946 | Time: 51.9s
Epoch [91/300] | Train Loss: 0.000140 | Val Loss: 0.000144 | Train R²: 0.999729 | Val R²: 0.999709 | IK: 0.0001 | FK: 0.000020 | GAP: 0.000037 | Val_IK: 0.0001 | Val_FK: 0.000022 | Val_GAP: 0.000033 | LR: 0.000940 | Time: 52.9s
Epoch [92/300] | Train Loss: 0.000140 | Val Loss: 0.000150 | Train R²: 0.999729 | Val R²: 0.999699 | IK: 0.0001 | FK: 0.000020 | GAP: 0.000037 | Val_IK: 0.0001 | Val_FK: 0.000023 | Val_GAP: 0.000035 | LR: 0.000935 | Time: 52.1s
Epoch [93/300] | Train Loss: 0.000140 | Val Loss: 0.000153 | Train R²: 0.999730 | Val R²: 0.999711 | IK: 0.0001 | FK: 0.000020 | GAP: 0.000037 | Val_IK: 0.0001 | Val_FK: 0.000023 | Val_GAP: 0.000042 | LR: 0.000929 | Time: 52.4s
Epoch [94/300] | Train Loss: 0.000140 | Val Loss: 0.000144 | Train R²: 0.999730 | Val R²: 0.999720 | IK: 0.0001 | FK: 0.000020 | GAP: 0.000037 | Val_IK: 0.0001 | Val_FK: 0.000021 | Val_GAP: 0.000038 | LR: 0.000923 | Time: 52.2s
Epoch [95/300] | Train Loss: 0.000140 | Val Loss: 0.000144 | Train R²: 0.999731 | Val R²: 0.999710 | IK: 0.0001 | FK: 0.000020 | GAP: 0.000037 | Val_IK: 0.0001 | Val_FK: 0.000023 | Val_GAP: 0.000033 | LR: 0.000917 | Time: 51.1s
Epoch [96/300] | Train Loss: 0.000140 | Val Loss: 0.000144 | Train R²: 0.999730 | Val R²: 0.999717 | IK: 0.0001 | FK: 0.000020 | GAP: 0.000037 | Val_IK: 0.0001 | Val_FK: 0.000022 | Val_GAP: 0.000036 | LR: 0.000911 | Time: 57.0s
Epoch [97/300] | Train Loss: 0.000140 | Val Loss: 0.000146 | Train R²: 0.999731 | Val R²: 0.999704 | IK: 0.0001 | FK: 0.000020 | GAP: 0.000037 | Val_IK: 0.0001 | Val_FK: 0.000022 | Val_GAP: 0.000033 | LR: 0.000905 | Time: 53.5s
Epoch [98/300] | Train Loss: 0.000139 | Val Loss: 0.000149 | Train R²: 0.999733 | Val R²: 0.999693 | IK: 0.0001 | FK: 0.000020 | GAP: 0.000037 | Val_IK: 0.0001 | Val_FK: 0.000023 | Val_GAP: 0.000033 | LR: 0.000898 | Time: 52.1s
Epoch [99/300] | Train Loss: 0.000139 | Val Loss: 0.000158 | Train R²: 0.999733 | Val R²: 0.999716 | IK: 0.0001 | FK: 0.000020 | GAP: 0.000037 | Val_IK: 0.0001 | Val_FK: 0.000022 | Val_GAP: 0.000049 | LR: 0.000891 | Time: 52.1s
Epoch [100/300] | Train Loss: 0.000140 | Val Loss: 0.000144 | Train R²: 0.999731 | Val R²: 0.999713 | IK: 0.0001 | FK: 0.000020 | GAP: 0.000037 | Val_IK: 0.0001 | Val_FK: 0.000022 | Val_GAP: 0.000034 | LR: 0.000884 | Time: 52.3s
Epoch [101/300] | Train Loss: 0.000139 | Val Loss: 0.000144 | Train R²: 0.999732 | Val R²: 0.999711 | IK: 0.0001 | FK: 0.000020 | GAP: 0.000037 | Val_IK: 0.0001 | Val_FK: 0.000022 | Val_GAP: 0.000033 | LR: 0.000877 | Time: 52.0s
Epoch [102/300] | Train Loss: 0.000139 | Val Loss: 0.000142 | Train R²: 0.999733 | Val R²: 0.999716 | IK: 0.0001 | FK: 0.000020 | GAP: 0.000037 | Val_IK: 0.0001 | Val_FK: 0.000022 | Val_GAP: 0.000033 | LR: 0.000869 | Time: 51.8s
Epoch [103/300] | Train Loss: 0.000139 | Val Loss: 0.000142 | Train R²: 0.999733 | Val R²: 0.999716 | IK: 0.0001 | FK: 0.000020 | GAP: 0.000037 | Val_IK: 0.0001 | Val_FK: 0.000022 | Val_GAP: 0.000034 | LR: 0.000862 | Time: 51.8s
Epoch [104/300] | Train Loss: 0.000139 | Val Loss: 0.000148 | Train R²: 0.999734 | Val R²: 0.999721 | IK: 0.0001 | FK: 0.000020 | GAP: 0.000037 | Val_IK: 0.0001 | Val_FK: 0.000021 | Val_GAP: 0.000041 | LR: 0.000854 | Time: 50.8s
Epoch [105/300] | Train Loss: 0.000139 | Val Loss: 0.000143 | Train R²: 0.999733 | Val R²: 0.999711 | IK: 0.0001 | FK: 0.000020 | GAP: 0.000037 | Val_IK: 0.0001 | Val_FK: 0.000022 | Val_GAP: 0.000033 | LR: 0.000846 | Time: 52.5s
Epoch [106/300] | Train Loss: 0.000138 | Val Loss: 0.000143 | Train R²: 0.999736 | Val R²: 0.999724 | IK: 0.0001 | FK: 0.000020 | GAP: 0.000037 | Val_IK: 0.0001 | Val_FK: 0.000021 | Val_GAP: 0.000038 | LR: 0.000837 | Time: 55.0s
Epoch [107/300] | Train Loss: 0.000138 | Val Loss: 0.000142 | Train R²: 0.999735 | Val R²: 0.999726 | IK: 0.0001 | FK: 0.000020 | GAP: 0.000037 | Val_IK: 0.0001 | Val_FK: 0.000021 | Val_GAP: 0.000038 | LR: 0.000829 | Time: 53.2s
Epoch [108/300] | Train Loss: 0.000139 | Val Loss: 0.000144 | Train R²: 0.999734 | Val R²: 0.999712 | IK: 0.0001 | FK: 0.000020 | GAP: 0.000037 | Val_IK: 0.0001 | Val_FK: 0.000022 | Val_GAP: 0.000034 | LR: 0.000821 | Time: 51.4s
Epoch [109/300] | Train Loss: 0.000138 | Val Loss: 0.000143 | Train R²: 0.999736 | Val R²: 0.999722 | IK: 0.0001 | FK: 0.000020 | GAP: 0.000037 | Val_IK: 0.0001 | Val_FK: 0.000021 | Val_GAP: 0.000038 | LR: 0.000812 | Time: 52.3s
Epoch [110/300] | Train Loss: 0.000138 | Val Loss: 0.000143 | Train R²: 0.999736 | Val R²: 0.999713 | IK: 0.0001 | FK: 0.000020 | GAP: 0.000037 | Val_IK: 0.0001 | Val_FK: 0.000022 | Val_GAP: 0.000034 | LR: 0.000803 | Time: 52.8s
Epoch [111/300] | Train Loss: 0.000138 | Val Loss: 0.000149 | Train R²: 0.999736 | Val R²: 0.999718 | IK: 0.0001 | FK: 0.000020 | GAP: 0.000037 | Val_IK: 0.0001 | Val_FK: 0.000021 | Val_GAP: 0.000041 | LR: 0.000794 | Time: 54.0s
Epoch [112/300] | Train Loss: 0.000138 | Val Loss: 0.000141 | Train R²: 0.999736 | Val R²: 0.999724 | IK: 0.0001 | FK: 0.000020 | GAP: 0.000037 | Val_IK: 0.0001 | Val_FK: 0.000021 | Val_GAP: 0.000036 | LR: 0.000785 | Time: 53.0s
Epoch [113/300] | Train Loss: 0.000138 | Val Loss: 0.000142 | Train R²: 0.999737 | Val R²: 0.999719 | IK: 0.0001 | FK: 0.000020 | GAP: 0.000037 | Val_IK: 0.0001 | Val_FK: 0.000021 | Val_GAP: 0.000035 | LR: 0.000776 | Time: 51.6s
Epoch [114/300] | Train Loss: 0.000138 | Val Loss: 0.000146 | Train R²: 0.999737 | Val R²: 0.999706 | IK: 0.0001 | FK: 0.000020 | GAP: 0.000037 | Val_IK: 0.0001 | Val_FK: 0.000023 | Val_GAP: 0.000034 | LR: 0.000766 | Time: 52.0s
Epoch [115/300] | Train Loss: 0.000138 | Val Loss: 0.000143 | Train R²: 0.999736 | Val R²: 0.999719 | IK: 0.0001 | FK: 0.000020 | GAP: 0.000037 | Val_IK: 0.0001 | Val_FK: 0.000022 | Val_GAP: 0.000036 | LR: 0.000757 | Time: 51.5s
Epoch [116/300] | Train Loss: 0.000137 | Val Loss: 0.000143 | Train R²: 0.999739 | Val R²: 0.999717 | IK: 0.0001 | FK: 0.000020 | GAP: 0.000038 | Val_IK: 0.0001 | Val_FK: 0.000022 | Val_GAP: 0.000035 | LR: 0.000747 | Time: 52.5s
Epoch [117/300] | Train Loss: 0.000137 | Val Loss: 0.000146 | Train R²: 0.999738 | Val R²: 0.999716 | IK: 0.0001 | FK: 0.000020 | GAP: 0.000037 | Val_IK: 0.0001 | Val_FK: 0.000022 | Val_GAP: 0.000037 | LR: 0.000737 | Time: 53.2s
Epoch [118/300] | Train Loss: 0.000137 | Val Loss: 0.000142 | Train R²: 0.999739 | Val R²: 0.999718 | IK: 0.0001 | FK: 0.000020 | GAP: 0.000038 | Val_IK: 0.0001 | Val_FK: 0.000022 | Val_GAP: 0.000034 | LR: 0.000727 | Time: 59.2s
Epoch [119/300] | Train Loss: 0.000137 | Val Loss: 0.000141 | Train R²: 0.999739 | Val R²: 0.999722 | IK: 0.0001 | FK: 0.000020 | GAP: 0.000037 | Val_IK: 0.0001 | Val_FK: 0.000021 | Val_GAP: 0.000035 | LR: 0.000717 | Time: 59.5s
Epoch [120/300] | Train Loss: 0.000137 | Val Loss: 0.000144 | Train R²: 0.999739 | Val R²: 0.999717 | IK: 0.0001 | FK: 0.000020 | GAP: 0.000037 | Val_IK: 0.0001 | Val_FK: 0.000022 | Val_GAP: 0.000036 | LR: 0.000707 | Time: 59.6s
Epoch [121/300] | Train Loss: 0.000137 | Val Loss: 0.000141 | Train R²: 0.999740 | Val R²: 0.999719 | IK: 0.0001 | FK: 0.000020 | GAP: 0.000038 | Val_IK: 0.0001 | Val_FK: 0.000022 | Val_GAP: 0.000034 | LR: 0.000697 | Time: 56.2s
Epoch [122/300] | Train Loss: 0.000137 | Val Loss: 0.000143 | Train R²: 0.999740 | Val R²: 0.999725 | IK: 0.0001 | FK: 0.000020 | GAP: 0.000037 | Val_IK: 0.0001 | Val_FK: 0.000022 | Val_GAP: 0.000038 | LR: 0.000686 | Time: 54.7s
Epoch [123/300] | Train Loss: 0.000136 | Val Loss: 0.000145 | Train R²: 0.999740 | Val R²: 0.999721 | IK: 0.0001 | FK: 0.000020 | GAP: 0.000038 | Val_IK: 0.0001 | Val_FK: 0.000021 | Val_GAP: 0.000039 | LR: 0.000676 | Time: 60.9s
Epoch [124/300] | Train Loss: 0.000137 | Val Loss: 0.000143 | Train R²: 0.999740 | Val R²: 0.999713 | IK: 0.0001 | FK: 0.000020 | GAP: 0.000038 | Val_IK: 0.0001 | Val_FK: 0.000022 | Val_GAP: 0.000033 | LR: 0.000665 | Time: 62.3s
Epoch [125/300] | Train Loss: 0.000136 | Val Loss: 0.000145 | Train R²: 0.999741 | Val R²: 0.999713 | IK: 0.0001 | FK: 0.000020 | GAP: 0.000037 | Val_IK: 0.0001 | Val_FK: 0.000022 | Val_GAP: 0.000036 | LR: 0.000655 | Time: 60.4s
Epoch [126/300] | Train Loss: 0.000136 | Val Loss: 0.000141 | Train R²: 0.999741 | Val R²: 0.999722 | IK: 0.0001 | FK: 0.000020 | GAP: 0.000038 | Val_IK: 0.0001 | Val_FK: 0.000022 | Val_GAP: 0.000034 | LR: 0.000644 | Time: 59.6s
Epoch [127/300] | Train Loss: 0.000136 | Val Loss: 0.000141 | Train R²: 0.999742 | Val R²: 0.999723 | IK: 0.0001 | FK: 0.000020 | GAP: 0.000038 | Val_IK: 0.0001 | Val_FK: 0.000021 | Val_GAP: 0.000035 | LR: 0.000633 | Time: 57.5s
Epoch [128/300] | Train Loss: 0.000136 | Val Loss: 0.000141 | Train R²: 0.999742 | Val R²: 0.999724 | IK: 0.0001 | FK: 0.000020 | GAP: 0.000038 | Val_IK: 0.0001 | Val_FK: 0.000021 | Val_GAP: 0.000035 | LR: 0.000623 | Time: 51.7s
Epoch [129/300] | Train Loss: 0.000136 | Val Loss: 0.000141 | Train R²: 0.999742 | Val R²: 0.999721 | IK: 0.0001 | FK: 0.000020 | GAP: 0.000038 | Val_IK: 0.0001 | Val_FK: 0.000021 | Val_GAP: 0.000034 | LR: 0.000612 | Time: 51.2s
Epoch [130/300] | Train Loss: 0.000135 | Val Loss: 0.000144 | Train R²: 0.999743 | Val R²: 0.999716 | IK: 0.0001 | FK: 0.000019 | GAP: 0.000038 | Val_IK: 0.0001 | Val_FK: 0.000022 | Val_GAP: 0.000036 | LR: 0.000601 | Time: 52.7s
Epoch [131/300] | Train Loss: 0.000136 | Val Loss: 0.000140 | Train R²: 0.999743 | Val R²: 0.999733 | IK: 0.0001 | FK: 0.000019 | GAP: 0.000038 | Val_IK: 0.0001 | Val_FK: 0.000020 | Val_GAP: 0.000038 | LR: 0.000590 | Time: 51.9s
Epoch [132/300] | Train Loss: 0.000136 | Val Loss: 0.000141 | Train R²: 0.999742 | Val R²: 0.999721 | IK: 0.0001 | FK: 0.000019 | GAP: 0.000037 | Val_IK: 0.0001 | Val_FK: 0.000022 | Val_GAP: 0.000034 | LR: 0.000579 | Time: 56.9s
Epoch [133/300] | Train Loss: 0.000136 | Val Loss: 0.000141 | Train R²: 0.999743 | Val R²: 0.999724 | IK: 0.0001 | FK: 0.000020 | GAP: 0.000038 | Val_IK: 0.0001 | Val_FK: 0.000021 | Val_GAP: 0.000035 | LR: 0.000568 | Time: 62.2s
Epoch [134/300] | Train Loss: 0.000135 | Val Loss: 0.000141 | Train R²: 0.999744 | Val R²: 0.999721 | IK: 0.0001 | FK: 0.000019 | GAP: 0.000038 | Val_IK: 0.0001 | Val_FK: 0.000021 | Val_GAP: 0.000034 | LR: 0.000556 | Time: 53.1s
Epoch [135/300] | Train Loss: 0.000135 | Val Loss: 0.000140 | Train R²: 0.999744 | Val R²: 0.999732 | IK: 0.0001 | FK: 0.000019 | GAP: 0.000038 | Val_IK: 0.0001 | Val_FK: 0.000021 | Val_GAP: 0.000038 | LR: 0.000545 | Time: 51.8s
Epoch [136/300] | Train Loss: 0.000135 | Val Loss: 0.000142 | Train R²: 0.999744 | Val R²: 0.999720 | IK: 0.0001 | FK: 0.000019 | GAP: 0.000037 | Val_IK: 0.0001 | Val_FK: 0.000021 | Val_GAP: 0.000035 | LR: 0.000534 | Time: 54.9s
Epoch [137/300] | Train Loss: 0.000135 | Val Loss: 0.000140 | Train R²: 0.999744 | Val R²: 0.999729 | IK: 0.0001 | FK: 0.000019 | GAP: 0.000038 | Val_IK: 0.0001 | Val_FK: 0.000021 | Val_GAP: 0.000037 | LR: 0.000523 | Time: 55.5s
Epoch [138/300] | Train Loss: 0.000135 | Val Loss: 0.000141 | Train R²: 0.999747 | Val R²: 0.999720 | IK: 0.0001 | FK: 0.000019 | GAP: 0.000038 | Val_IK: 0.0001 | Val_FK: 0.000022 | Val_GAP: 0.000034 | LR: 0.000512 | Time: 55.9s
Epoch [139/300] | Train Loss: 0.000134 | Val Loss: 0.000142 | Train R²: 0.999747 | Val R²: 0.999719 | IK: 0.0001 | FK: 0.000019 | GAP: 0.000038 | Val_IK: 0.0001 | Val_FK: 0.000022 | Val_GAP: 0.000035 | LR: 0.000501 | Time: 52.2s
Epoch [140/300] | Train Loss: 0.000135 | Val Loss: 0.000139 | Train R²: 0.999746 | Val R²: 0.999731 | IK: 0.0001 | FK: 0.000019 | GAP: 0.000038 | Val_IK: 0.0001 | Val_FK: 0.000021 | Val_GAP: 0.000036 | LR: 0.000489 | Time: 52.1s
Epoch [141/300] | Train Loss: 0.000135 | Val Loss: 0.000139 | Train R²: 0.999746 | Val R²: 0.999727 | IK: 0.0001 | FK: 0.000019 | GAP: 0.000038 | Val_IK: 0.0001 | Val_FK: 0.000021 | Val_GAP: 0.000035 | LR: 0.000478 | Time: 53.5s
Epoch [142/300] | Train Loss: 0.000135 | Val Loss: 0.000140 | Train R²: 0.999746 | Val R²: 0.999726 | IK: 0.0001 | FK: 0.000019 | GAP: 0.000038 | Val_IK: 0.0001 | Val_FK: 0.000021 | Val_GAP: 0.000035 | LR: 0.000467 | Time: 54.8s
Epoch [143/300] | Train Loss: 0.000134 | Val Loss: 0.000142 | Train R²: 0.999747 | Val R²: 0.999725 | IK: 0.0001 | FK: 0.000019 | GAP: 0.000038 | Val_IK: 0.0001 | Val_FK: 0.000021 | Val_GAP: 0.000038 | LR: 0.000456 | Time: 51.9s
Epoch [144/300] | Train Loss: 0.000134 | Val Loss: 0.000139 | Train R²: 0.999747 | Val R²: 0.999730 | IK: 0.0001 | FK: 0.000019 | GAP: 0.000038 | Val_IK: 0.0001 | Val_FK: 0.000020 | Val_GAP: 0.000036 | LR: 0.000445 | Time: 53.0s
Epoch [145/300] | Train Loss: 0.000134 | Val Loss: 0.000144 | Train R²: 0.999747 | Val R²: 0.999723 | IK: 0.0001 | FK: 0.000019 | GAP: 0.000038 | Val_IK: 0.0001 | Val_FK: 0.000021 | Val_GAP: 0.000038 | LR: 0.000433 | Time: 52.5s
Epoch [146/300] | Train Loss: 0.000134 | Val Loss: 0.000139 | Train R²: 0.999748 | Val R²: 0.999731 | IK: 0.0001 | FK: 0.000019 | GAP: 0.000038 | Val_IK: 0.0001 | Val_FK: 0.000021 | Val_GAP: 0.000036 | LR: 0.000422 | Time: 52.8s
Epoch [147/300] | Train Loss: 0.000134 | Val Loss: 0.000139 | Train R²: 0.999749 | Val R²: 0.999727 | IK: 0.0001 | FK: 0.000019 | GAP: 0.000038 | Val_IK: 0.0001 | Val_FK: 0.000021 | Val_GAP: 0.000035 | LR: 0.000411 | Time: 53.2s
Epoch [148/300] | Train Loss: 0.000134 | Val Loss: 0.000139 | Train R²: 0.999749 | Val R²: 0.999731 | IK: 0.0001 | FK: 0.000019 | GAP: 0.000038 | Val_IK: 0.0001 | Val_FK: 0.000021 | Val_GAP: 0.000037 | LR: 0.000400 | Time: 52.6s
Epoch [149/300] | Train Loss: 0.000134 | Val Loss: 0.000139 | Train R²: 0.999749 | Val R²: 0.999730 | IK: 0.0001 | FK: 0.000019 | GAP: 0.000038 | Val_IK: 0.0001 | Val_FK: 0.000021 | Val_GAP: 0.000036 | LR: 0.000389 | Time: 53.0s
Epoch [150/300] | Train Loss: 0.000134 | Val Loss: 0.000139 | Train R²: 0.999749 | Val R²: 0.999727 | IK: 0.0001 | FK: 0.000019 | GAP: 0.000038 | Val_IK: 0.0001 | Val_FK: 0.000021 | Val_GAP: 0.000035 | LR: 0.000378 | Time: 52.1s
Epoch [151/300] | Train Loss: 0.000133 | Val Loss: 0.000138 | Train R²: 0.999750 | Val R²: 0.999731 | IK: 0.0001 | FK: 0.000019 | GAP: 0.000038 | Val_IK: 0.0001 | Val_FK: 0.000021 | Val_GAP: 0.000036 | LR: 0.000368 | Time: 51.7s
Epoch [152/300] | Train Loss: 0.000133 | Val Loss: 0.000139 | Train R²: 0.999750 | Val R²: 0.999728 | IK: 0.0001 | FK: 0.000019 | GAP: 0.000038 | Val_IK: 0.0001 | Val_FK: 0.000021 | Val_GAP: 0.000035 | LR: 0.000357 | Time: 51.4s
Epoch [153/300] | Train Loss: 0.000133 | Val Loss: 0.000139 | Train R²: 0.999750 | Val R²: 0.999735 | IK: 0.0001 | FK: 0.000019 | GAP: 0.000038 | Val_IK: 0.0001 | Val_FK: 0.000021 | Val_GAP: 0.000038 | LR: 0.000346 | Time: 51.6s
Epoch [154/300] | Train Loss: 0.000133 | Val Loss: 0.000139 | Train R²: 0.999751 | Val R²: 0.999725 | IK: 0.0001 | FK: 0.000019 | GAP: 0.000038 | Val_IK: 0.0001 | Val_FK: 0.000021 | Val_GAP: 0.000034 | LR: 0.000336 | Time: 51.3s
Epoch [155/300] | Train Loss: 0.000133 | Val Loss: 0.000139 | Train R²: 0.999751 | Val R²: 0.999730 | IK: 0.0001 | FK: 0.000019 | GAP: 0.000038 | Val_IK: 0.0001 | Val_FK: 0.000021 | Val_GAP: 0.000036 | LR: 0.000325 | Time: 51.3s
Epoch [156/300] | Train Loss: 0.000133 | Val Loss: 0.000140 | Train R²: 0.999751 | Val R²: 0.999735 | IK: 0.0001 | FK: 0.000019 | GAP: 0.000038 | Val_IK: 0.0001 | Val_FK: 0.000021 | Val_GAP: 0.000039 | LR: 0.000315 | Time: 51.6s
Epoch [157/300] | Train Loss: 0.000133 | Val Loss: 0.000139 | Train R²: 0.999752 | Val R²: 0.999730 | IK: 0.0001 | FK: 0.000019 | GAP: 0.000038 | Val_IK: 0.0001 | Val_FK: 0.000021 | Val_GAP: 0.000036 | LR: 0.000304 | Time: 52.5s
Epoch [158/300] | Train Loss: 0.000133 | Val Loss: 0.000148 | Train R²: 0.999752 | Val R²: 0.999731 | IK: 0.0001 | FK: 0.000019 | GAP: 0.000038 | Val_IK: 0.0001 | Val_FK: 0.000021 | Val_GAP: 0.000045 | LR: 0.000294 | Time: 52.2s
Epoch [159/300] | Train Loss: 0.000133 | Val Loss: 0.000138 | Train R²: 0.999752 | Val R²: 0.999732 | IK: 0.0001 | FK: 0.000019 | GAP: 0.000038 | Val_IK: 0.0001 | Val_FK: 0.000021 | Val_GAP: 0.000036 | LR: 0.000284 | Time: 52.5s
Epoch [160/300] | Train Loss: 0.000132 | Val Loss: 0.000139 | Train R²: 0.999753 | Val R²: 0.999729 | IK: 0.0001 | FK: 0.000019 | GAP: 0.000038 | Val_IK: 0.0001 | Val_FK: 0.000021 | Val_GAP: 0.000035 | LR: 0.000274 | Time: 52.2s
Epoch [161/300] | Train Loss: 0.000132 | Val Loss: 0.000138 | Train R²: 0.999753 | Val R²: 0.999729 | IK: 0.0001 | FK: 0.000019 | GAP: 0.000038 | Val_IK: 0.0001 | Val_FK: 0.000021 | Val_GAP: 0.000035 | LR: 0.000264 | Time: 52.3s
Epoch [162/300] | Train Loss: 0.000132 | Val Loss: 0.000139 | Train R²: 0.999753 | Val R²: 0.999732 | IK: 0.0001 | FK: 0.000019 | GAP: 0.000038 | Val_IK: 0.0001 | Val_FK: 0.000020 | Val_GAP: 0.000037 | LR: 0.000254 | Time: 53.0s
Epoch [163/300] | Train Loss: 0.000132 | Val Loss: 0.000140 | Train R²: 0.999754 | Val R²: 0.999735 | IK: 0.0001 | FK: 0.000019 | GAP: 0.000038 | Val_IK: 0.0001 | Val_FK: 0.000021 | Val_GAP: 0.000038 | LR: 0.000244 | Time: 52.3s
Epoch [164/300] | Train Loss: 0.000132 | Val Loss: 0.000138 | Train R²: 0.999755 | Val R²: 0.999732 | IK: 0.0001 | FK: 0.000019 | GAP: 0.000038 | Val_IK: 0.0001 | Val_FK: 0.000021 | Val_GAP: 0.000036 | LR: 0.000235 | Time: 52.5s
Epoch [165/300] | Train Loss: 0.000132 | Val Loss: 0.000138 | Train R²: 0.999754 | Val R²: 0.999736 | IK: 0.0001 | FK: 0.000019 | GAP: 0.000038 | Val_IK: 0.0001 | Val_FK: 0.000020 | Val_GAP: 0.000037 | LR: 0.000225 | Time: 52.9s
Epoch [166/300] | Train Loss: 0.000132 | Val Loss: 0.000138 | Train R²: 0.999756 | Val R²: 0.999732 | IK: 0.0001 | FK: 0.000019 | GAP: 0.000038 | Val_IK: 0.0001 | Val_FK: 0.000021 | Val_GAP: 0.000035 | LR: 0.000216 | Time: 53.1s
Epoch [167/300] | Train Loss: 0.000132 | Val Loss: 0.000137 | Train R²: 0.999755 | Val R²: 0.999733 | IK: 0.0001 | FK: 0.000019 | GAP: 0.000038 | Val_IK: 0.0001 | Val_FK: 0.000021 | Val_GAP: 0.000035 | LR: 0.000207 | Time: 52.2s
  >>> 保存最优模型（验证损失：0.000137）
Epoch [168/300] | Train Loss: 0.000132 | Val Loss: 0.000138 | Train R²: 0.999755 | Val R²: 0.999732 | IK: 0.0001 | FK: 0.000019 | GAP: 0.000038 | Val_IK: 0.0001 | Val_FK: 0.000021 | Val_GAP: 0.000036 | LR: 0.000198 | Time: 51.8s
Epoch [169/300] | Train Loss: 0.000131 | Val Loss: 0.000139 | Train R²: 0.999755 | Val R²: 0.999724 | IK: 0.0001 | FK: 0.000019 | GAP: 0.000038 | Val_IK: 0.0001 | Val_FK: 0.000021 | Val_GAP: 0.000034 | LR: 0.000189 | Time: 52.5s
Epoch [170/300] | Train Loss: 0.000131 | Val Loss: 0.000139 | Train R²: 0.999756 | Val R²: 0.999731 | IK: 0.0001 | FK: 0.000018 | GAP: 0.000038 | Val_IK: 0.0001 | Val_FK: 0.000020 | Val_GAP: 0.000036 | LR: 0.000180 | Time: 53.0s
Epoch [171/300] | Train Loss: 0.000131 | Val Loss: 0.000139 | Train R²: 0.999756 | Val R²: 0.999733 | IK: 0.0001 | FK: 0.000018 | GAP: 0.000038 | Val_IK: 0.0001 | Val_FK: 0.000021 | Val_GAP: 0.000037 | LR: 0.000172 | Time: 52.5s
Epoch [172/300] | Train Loss: 0.000131 | Val Loss: 0.000137 | Train R²: 0.999757 | Val R²: 0.999732 | IK: 0.0001 | FK: 0.000018 | GAP: 0.000038 | Val_IK: 0.0001 | Val_FK: 0.000021 | Val_GAP: 0.000035 | LR: 0.000164 | Time: 51.8s
Epoch [173/300] | Train Loss: 0.000131 | Val Loss: 0.000138 | Train R²: 0.999757 | Val R²: 0.999736 | IK: 0.0001 | FK: 0.000018 | GAP: 0.000038 | Val_IK: 0.0001 | Val_FK: 0.000020 | Val_GAP: 0.000037 | LR: 0.000155 | Time: 52.8s
Epoch [174/300] | Train Loss: 0.000131 | Val Loss: 0.000138 | Train R²: 0.999757 | Val R²: 0.999738 | IK: 0.0001 | FK: 0.000018 | GAP: 0.000038 | Val_IK: 0.0001 | Val_FK: 0.000020 | Val_GAP: 0.000039 | LR: 0.000147 | Time: 51.9s
Epoch [175/300] | Train Loss: 0.000131 | Val Loss: 0.000138 | Train R²: 0.999757 | Val R²: 0.999733 | IK: 0.0001 | FK: 0.000018 | GAP: 0.000038 | Val_IK: 0.0001 | Val_FK: 0.000020 | Val_GAP: 0.000037 | LR: 0.000139 | Time: 52.0s
Epoch [176/300] | Train Loss: 0.000131 | Val Loss: 0.000137 | Train R²: 0.999758 | Val R²: 0.999733 | IK: 0.0001 | FK: 0.000018 | GAP: 0.000038 | Val_IK: 0.0001 | Val_FK: 0.000020 | Val_GAP: 0.000036 | LR: 0.000132 | Time: 52.6s
Epoch [177/300] | Train Loss: 0.000131 | Val Loss: 0.000138 | Train R²: 0.999758 | Val R²: 0.999735 | IK: 0.0001 | FK: 0.000018 | GAP: 0.000038 | Val_IK: 0.0001 | Val_FK: 0.000020 | Val_GAP: 0.000037 | LR: 0.000124 | Time: 55.8s
Epoch [178/300] | Train Loss: 0.000130 | Val Loss: 0.000137 | Train R²: 0.999759 | Val R²: 0.999734 | IK: 0.0001 | FK: 0.000018 | GAP: 0.000038 | Val_IK: 0.0001 | Val_FK: 0.000020 | Val_GAP: 0.000036 | LR: 0.000117 | Time: 52.4s
Epoch [179/300] | Train Loss: 0.000130 | Val Loss: 0.000137 | Train R²: 0.999758 | Val R²: 0.999737 | IK: 0.0001 | FK: 0.000018 | GAP: 0.000038 | Val_IK: 0.0001 | Val_FK: 0.000020 | Val_GAP: 0.000037 | LR: 0.000110 | Time: 52.3s
Epoch [180/300] | Train Loss: 0.000130 | Val Loss: 0.000137 | Train R²: 0.999759 | Val R²: 0.999735 | IK: 0.0001 | FK: 0.000018 | GAP: 0.000038 | Val_IK: 0.0001 | Val_FK: 0.000020 | Val_GAP: 0.000036 | LR: 0.000103 | Time: 52.5s
Epoch [181/300] | Train Loss: 0.000130 | Val Loss: 0.000137 | Train R²: 0.999759 | Val R²: 0.999736 | IK: 0.0001 | FK: 0.000018 | GAP: 0.000038 | Val_IK: 0.0001 | Val_FK: 0.000020 | Val_GAP: 0.000037 | LR: 0.000096 | Time: 52.6s
  >>> 保存最优模型（验证损失：0.000137）
Epoch [182/300] | Train Loss: 0.000130 | Val Loss: 0.000138 | Train R²: 0.999760 | Val R²: 0.999737 | IK: 0.0001 | FK: 0.000018 | GAP: 0.000038 | Val_IK: 0.0001 | Val_FK: 0.000020 | Val_GAP: 0.000037 | LR: 0.000090 | Time: 52.3s
Epoch [183/300] | Train Loss: 0.000130 | Val Loss: 0.000138 | Train R²: 0.999760 | Val R²: 0.999739 | IK: 0.0001 | FK: 0.000018 | GAP: 0.000038 | Val_IK: 0.0001 | Val_FK: 0.000020 | Val_GAP: 0.000038 | LR: 0.000084 | Time: 52.1s
Epoch [184/300] | Train Loss: 0.000130 | Val Loss: 0.000137 | Train R²: 0.999760 | Val R²: 0.999737 | IK: 0.0001 | FK: 0.000018 | GAP: 0.000038 | Val_IK: 0.0001 | Val_FK: 0.000020 | Val_GAP: 0.000037 | LR: 0.000078 | Time: 53.8s
  >>> 保存最优模型（验证损失：0.000137）
Epoch [185/300] | Train Loss: 0.000130 | Val Loss: 0.000137 | Train R²: 0.999760 | Val R²: 0.999739 | IK: 0.0001 | FK: 0.000018 | GAP: 0.000038 | Val_IK: 0.0001 | Val_FK: 0.000020 | Val_GAP: 0.000038 | LR: 0.000072 | Time: 53.0s
Epoch [186/300] | Train Loss: 0.000130 | Val Loss: 0.000137 | Train R²: 0.999760 | Val R²: 0.999737 | IK: 0.0001 | FK: 0.000018 | GAP: 0.000038 | Val_IK: 0.0001 | Val_FK: 0.000020 | Val_GAP: 0.000037 | LR: 0.000066 | Time: 52.6s
Epoch [187/300] | Train Loss: 0.000130 | Val Loss: 0.000137 | Train R²: 0.999761 | Val R²: 0.999738 | IK: 0.0001 | FK: 0.000018 | GAP: 0.000038 | Val_IK: 0.0001 | Val_FK: 0.000020 | Val_GAP: 0.000037 | LR: 0.000061 | Time: 52.2s
  >>> 保存最优模型（验证损失：0.000137）
Epoch [188/300] | Train Loss: 0.000130 | Val Loss: 0.000137 | Train R²: 0.999761 | Val R²: 0.999737 | IK: 0.0001 | FK: 0.000018 | GAP: 0.000039 | Val_IK: 0.0001 | Val_FK: 0.000020 | Val_GAP: 0.000037 | LR: 0.000055 | Time: 51.8s
  >>> 保存最优模型（验证损失：0.000137）
Epoch [189/300] | Train Loss: 0.000130 | Val Loss: 0.000137 | Train R²: 0.999761 | Val R²: 0.999737 | IK: 0.0001 | FK: 0.000018 | GAP: 0.000038 | Val_IK: 0.0001 | Val_FK: 0.000020 | Val_GAP: 0.000037 | LR: 0.000050 | Time: 52.1s
Epoch [190/300] | Train Loss: 0.000130 | Val Loss: 0.000137 | Train R²: 0.999761 | Val R²: 0.999735 | IK: 0.0001 | FK: 0.000018 | GAP: 0.000038 | Val_IK: 0.0001 | Val_FK: 0.000020 | Val_GAP: 0.000036 | LR: 0.000046 | Time: 52.4s
  >>> 保存最优模型（验证损失：0.000137）
Epoch [191/300] | Train Loss: 0.000129 | Val Loss: 0.000137 | Train R²: 0.999761 | Val R²: 0.999738 | IK: 0.0001 | FK: 0.000018 | GAP: 0.000038 | Val_IK: 0.0001 | Val_FK: 0.000020 | Val_GAP: 0.000037 | LR: 0.000041 | Time: 52.4s
Epoch [192/300] | Train Loss: 0.000129 | Val Loss: 0.000137 | Train R²: 0.999762 | Val R²: 0.999738 | IK: 0.0001 | FK: 0.000018 | GAP: 0.000038 | Val_IK: 0.0001 | Val_FK: 0.000020 | Val_GAP: 0.000037 | LR: 0.000037 | Time: 51.8s
  >>> 保存最优模型（验证损失：0.000137）
Epoch [193/300] | Train Loss: 0.000129 | Val Loss: 0.000137 | Train R²: 0.999762 | Val R²: 0.999737 | IK: 0.0001 | FK: 0.000018 | GAP: 0.000038 | Val_IK: 0.0001 | Val_FK: 0.000020 | Val_GAP: 0.000037 | LR: 0.000033 | Time: 51.7s
  >>> 保存最优模型（验证损失：0.000137）
Epoch [194/300] | Train Loss: 0.000129 | Val Loss: 0.000137 | Train R²: 0.999762 | Val R²: 0.999738 | IK: 0.0001 | FK: 0.000018 | GAP: 0.000038 | Val_IK: 0.0001 | Val_FK: 0.000020 | Val_GAP: 0.000037 | LR: 0.000029 | Time: 51.8s
Epoch [195/300] | Train Loss: 0.000129 | Val Loss: 0.000137 | Train R²: 0.999762 | Val R²: 0.999736 | IK: 0.0001 | FK: 0.000018 | GAP: 0.000039 | Val_IK: 0.0001 | Val_FK: 0.000020 | Val_GAP: 0.000036 | LR: 0.000025 | Time: 51.8s
  >>> 保存最优模型（验证损失：0.000137）
Epoch [196/300] | Train Loss: 0.000129 | Val Loss: 0.000137 | Train R²: 0.999762 | Val R²: 0.999738 | IK: 0.0001 | FK: 0.000018 | GAP: 0.000038 | Val_IK: 0.0001 | Val_FK: 0.000020 | Val_GAP: 0.000037 | LR: 0.000022 | Time: 52.9s
Epoch [197/300] | Train Loss: 0.000129 | Val Loss: 0.000137 | Train R²: 0.999762 | Val R²: 0.999738 | IK: 0.0001 | FK: 0.000018 | GAP: 0.000039 | Val_IK: 0.0001 | Val_FK: 0.000020 | Val_GAP: 0.000037 | LR: 0.000019 | Time: 52.7s
  >>> 保存最优模型（验证损失：0.000137）
Epoch [198/300] | Train Loss: 0.000129 | Val Loss: 0.000137 | Train R²: 0.999763 | Val R²: 0.999738 | IK: 0.0001 | FK: 0.000018 | GAP: 0.000039 | Val_IK: 0.0001 | Val_FK: 0.000020 | Val_GAP: 0.000037 | LR: 0.000016 | Time: 51.3s
  >>> 保存最优模型（验证损失：0.000137）
Epoch [199/300] | Train Loss: 0.000129 | Val Loss: 0.000137 | Train R²: 0.999762 | Val R²: 0.999738 | IK: 0.0001 | FK: 0.000018 | GAP: 0.000038 | Val_IK: 0.0001 | Val_FK: 0.000020 | Val_GAP: 0.000037 | LR: 0.000014 | Time: 51.6s
Epoch [200/300] | Train Loss: 0.000129 | Val Loss: 0.000137 | Train R²: 0.999763 | Val R²: 0.999737 | IK: 0.0001 | FK: 0.000018 | GAP: 0.000038 | Val_IK: 0.0001 | Val_FK: 0.000020 | Val_GAP: 0.000036 | LR: 0.000011 | Time: 51.5s
Epoch [201/300] | Train Loss: 0.000129 | Val Loss: 0.000137 | Train R²: 0.999762 | Val R²: 0.999739 | IK: 0.0001 | FK: 0.000018 | GAP: 0.000038 | Val_IK: 0.0001 | Val_FK: 0.000020 | Val_GAP: 0.000037 | LR: 0.000009 | Time: 52.9s
Epoch [202/300] | Train Loss: 0.000129 | Val Loss: 0.000137 | Train R²: 0.999763 | Val R²: 0.999738 | IK: 0.0001 | FK: 0.000018 | GAP: 0.000039 | Val_IK: 0.0001 | Val_FK: 0.000020 | Val_GAP: 0.000037 | LR: 0.000007 | Time: 55.0s
Epoch [203/300] | Train Loss: 0.000129 | Val Loss: 0.000137 | Train R²: 0.999763 | Val R²: 0.999738 | IK: 0.0001 | FK: 0.000018 | GAP: 0.000038 | Val_IK: 0.0001 | Val_FK: 0.000020 | Val_GAP: 0.000037 | LR: 0.000006 | Time: 57.8s
Epoch [204/300] | Train Loss: 0.000129 | Val Loss: 0.000137 | Train R²: 0.999763 | Val R²: 0.999739 | IK: 0.0001 | FK: 0.000018 | GAP: 0.000038 | Val_IK: 0.0001 | Val_FK: 0.000020 | Val_GAP: 0.000037 | LR: 0.000004 | Time: 52.3s
Epoch [205/300] | Train Loss: 0.000129 | Val Loss: 0.000137 | Train R²: 0.999763 | Val R²: 0.999739 | IK: 0.0001 | FK: 0.000018 | GAP: 0.000038 | Val_IK: 0.0001 | Val_FK: 0.000020 | Val_GAP: 0.000037 | LR: 0.000003 | Time: 51.3s
Epoch [206/300] | Train Loss: 0.000129 | Val Loss: 0.000137 | Train R²: 0.999763 | Val R²: 0.999739 | IK: 0.0001 | FK: 0.000018 | GAP: 0.000039 | Val_IK: 0.0001 | Val_FK: 0.000020 | Val_GAP: 0.000037 | LR: 0.000002 | Time: 53.3s
Epoch [207/300] | Train Loss: 0.000129 | Val Loss: 0.000137 | Train R²: 0.999763 | Val R²: 0.999738 | IK: 0.0001 | FK: 0.000018 | GAP: 0.000039 | Val_IK: 0.0001 | Val_FK: 0.000020 | Val_GAP: 0.000037 | LR: 0.000002 | Time: 51.4s
Epoch [208/300] | Train Loss: 0.000129 | Val Loss: 0.000137 | Train R²: 0.999763 | Val R²: 0.999738 | IK: 0.0001 | FK: 0.000018 | GAP: 0.000038 | Val_IK: 0.0001 | Val_FK: 0.000020 | Val_GAP: 0.000037 | LR: 0.000001 | Time: 51.9s
Epoch [209/300] | Train Loss: 0.000129 | Val Loss: 0.000137 | Train R²: 0.999763 | Val R²: 0.999738 | IK: 0.0001 | FK: 0.000018 | GAP: 0.000038 | Val_IK: 0.0001 | Val_FK: 0.000020 | Val_GAP: 0.000037 | LR: 0.001000 | Time: 52.7s
Epoch [210/300] | Train Loss: 0.000140 | Val Loss: 0.000144 | Train R²: 0.999734 | Val R²: 0.999714 | IK: 0.0001 | FK: 0.000020 | GAP: 0.000039 | Val_IK: 0.0001 | Val_FK: 0.000022 | Val_GAP: 0.000034 | LR: 0.001000 | Time: 54.2s
Epoch [211/300] | Train Loss: 0.000138 | Val Loss: 0.000141 | Train R²: 0.999737 | Val R²: 0.999725 | IK: 0.0001 | FK: 0.000020 | GAP: 0.000038 | Val_IK: 0.0001 | Val_FK: 0.000021 | Val_GAP: 0.000036 | LR: 0.001000 | Time: 51.5s
Epoch [212/300] | Train Loss: 0.000138 | Val Loss: 0.000142 | Train R²: 0.999737 | Val R²: 0.999722 | IK: 0.0001 | FK: 0.000020 | GAP: 0.000038 | Val_IK: 0.0001 | Val_FK: 0.000021 | Val_GAP: 0.000036 | LR: 0.001000 | Time: 52.4s
Epoch [213/300] | Train Loss: 0.000139 | Val Loss: 0.000143 | Train R²: 0.999737 | Val R²: 0.999714 | IK: 0.0001 | FK: 0.000020 | GAP: 0.000038 | Val_IK: 0.0001 | Val_FK: 0.000022 | Val_GAP: 0.000034 | LR: 0.000999 | Time: 51.8s
Epoch [214/300] | Train Loss: 0.000138 | Val Loss: 0.000139 | Train R²: 0.999737 | Val R²: 0.999730 | IK: 0.0001 | FK: 0.000020 | GAP: 0.000038 | Val_IK: 0.0001 | Val_FK: 0.000021 | Val_GAP: 0.000036 | LR: 0.000999 | Time: 51.8s
Epoch [215/300] | Train Loss: 0.000138 | Val Loss: 0.000143 | Train R²: 0.999738 | Val R²: 0.999721 | IK: 0.0001 | FK: 0.000020 | GAP: 0.000038 | Val_IK: 0.0001 | Val_FK: 0.000021 | Val_GAP: 0.000036 | LR: 0.000999 | Time: 51.5s
Epoch [216/300] | Train Loss: 0.000138 | Val Loss: 0.000143 | Train R²: 0.999737 | Val R²: 0.999713 | IK: 0.0001 | FK: 0.000020 | GAP: 0.000038 | Val_IK: 0.0001 | Val_FK: 0.000023 | Val_GAP: 0.000033 | LR: 0.000998 | Time: 52.3s
Epoch [217/300] | Train Loss: 0.000138 | Val Loss: 0.000141 | Train R²: 0.999736 | Val R²: 0.999723 | IK: 0.0001 | FK: 0.000020 | GAP: 0.000038 | Val_IK: 0.0001 | Val_FK: 0.000021 | Val_GAP: 0.000036 | LR: 0.000998 | Time: 51.8s
Epoch [218/300] | Train Loss: 0.000140 | Val Loss: 0.000142 | Train R²: 0.999734 | Val R²: 0.999716 | IK: 0.0001 | FK: 0.000020 | GAP: 0.000039 | Val_IK: 0.0001 | Val_FK: 0.000022 | Val_GAP: 0.000034 | LR: 0.000997 | Time: 51.6s
Epoch [219/300] | Train Loss: 0.000138 | Val Loss: 0.000142 | Train R²: 0.999738 | Val R²: 0.999721 | IK: 0.0001 | FK: 0.000020 | GAP: 0.000038 | Val_IK: 0.0001 | Val_FK: 0.000022 | Val_GAP: 0.000036 | LR: 0.000997 | Time: 51.4s
Epoch [220/300] | Train Loss: 0.000138 | Val Loss: 0.000144 | Train R²: 0.999738 | Val R²: 0.999715 | IK: 0.0001 | FK: 0.000020 | GAP: 0.000038 | Val_IK: 0.0001 | Val_FK: 0.000022 | Val_GAP: 0.000035 | LR: 0.000996 | Time: 51.9s
Epoch [221/300] | Train Loss: 0.000138 | Val Loss: 0.000144 | Train R²: 0.999737 | Val R²: 0.999721 | IK: 0.0001 | FK: 0.000020 | GAP: 0.000038 | Val_IK: 0.0001 | Val_FK: 0.000022 | Val_GAP: 0.000037 | LR: 0.000995 | Time: 51.6s
Epoch [222/300] | Train Loss: 0.000138 | Val Loss: 0.000144 | Train R²: 0.999739 | Val R²: 0.999720 | IK: 0.0001 | FK: 0.000020 | GAP: 0.000038 | Val_IK: 0.0001 | Val_FK: 0.000022 | Val_GAP: 0.000037 | LR: 0.000995 | Time: 51.8s
Epoch [223/300] | Train Loss: 0.000138 | Val Loss: 0.000145 | Train R²: 0.999738 | Val R²: 0.999713 | IK: 0.0001 | FK: 0.000020 | GAP: 0.000038 | Val_IK: 0.0001 | Val_FK: 0.000022 | Val_GAP: 0.000035 | LR: 0.000994 | Time: 52.0s
Epoch [224/300] | Train Loss: 0.000137 | Val Loss: 0.000145 | Train R²: 0.999740 | Val R²: 0.999711 | IK: 0.0001 | FK: 0.000020 | GAP: 0.000038 | Val_IK: 0.0001 | Val_FK: 0.000022 | Val_GAP: 0.000034 | LR: 0.000993 | Time: 52.5s
Epoch [225/300] | Train Loss: 0.000138 | Val Loss: 0.000145 | Train R²: 0.999738 | Val R²: 0.999708 | IK: 0.0001 | FK: 0.000020 | GAP: 0.000038 | Val_IK: 0.0001 | Val_FK: 0.000022 | Val_GAP: 0.000034 | LR: 0.000992 | Time: 51.6s
Epoch [226/300] | Train Loss: 0.000139 | Val Loss: 0.000141 | Train R²: 0.999736 | Val R²: 0.999726 | IK: 0.0001 | FK: 0.000020 | GAP: 0.000038 | Val_IK: 0.0001 | Val_FK: 0.000021 | Val_GAP: 0.000037 | LR: 0.000991 | Time: 51.9s
Epoch [227/300] | Train Loss: 0.000137 | Val Loss: 0.000144 | Train R²: 0.999740 | Val R²: 0.999717 | IK: 0.0001 | FK: 0.000020 | GAP: 0.000038 | Val_IK: 0.0001 | Val_FK: 0.000022 | Val_GAP: 0.000036 | LR: 0.000990 | Time: 51.7s
Epoch [228/300] | Train Loss: 0.000137 | Val Loss: 0.000141 | Train R²: 0.999739 | Val R²: 0.999719 | IK: 0.0001 | FK: 0.000020 | GAP: 0.000038 | Val_IK: 0.0001 | Val_FK: 0.000022 | Val_GAP: 0.000034 | LR: 0.000989 | Time: 52.3s
Epoch [229/300] | Train Loss: 0.000138 | Val Loss: 0.000141 | Train R²: 0.999739 | Val R²: 0.999719 | IK: 0.0001 | FK: 0.000020 | GAP: 0.000038 | Val_IK: 0.0001 | Val_FK: 0.000022 | Val_GAP: 0.000034 | LR: 0.000987 | Time: 51.4s
Epoch [230/300] | Train Loss: 0.000138 | Val Loss: 0.000141 | Train R²: 0.999738 | Val R²: 0.999726 | IK: 0.0001 | FK: 0.000020 | GAP: 0.000038 | Val_IK: 0.0001 | Val_FK: 0.000021 | Val_GAP: 0.000036 | LR: 0.000986 | Time: 51.7s
Epoch [231/300] | Train Loss: 0.000137 | Val Loss: 0.000142 | Train R²: 0.999740 | Val R²: 0.999721 | IK: 0.0001 | FK: 0.000020 | GAP: 0.000038 | Val_IK: 0.0001 | Val_FK: 0.000021 | Val_GAP: 0.000036 | LR: 0.000985 | Time: 51.1s
Epoch [232/300] | Train Loss: 0.000137 | Val Loss: 0.000142 | Train R²: 0.999740 | Val R²: 0.999721 | IK: 0.0001 | FK: 0.000020 | GAP: 0.000038 | Val_IK: 0.0001 | Val_FK: 0.000021 | Val_GAP: 0.000035 | LR: 0.000983 | Time: 51.7s
Epoch [233/300] | Train Loss: 0.000138 | Val Loss: 0.000144 | Train R²: 0.999739 | Val R²: 0.999709 | IK: 0.0001 | FK: 0.000020 | GAP: 0.000038 | Val_IK: 0.0001 | Val_FK: 0.000022 | Val_GAP: 0.000033 | LR: 0.000982 | Time: 51.6s
Epoch [234/300] | Train Loss: 0.000137 | Val Loss: 0.000141 | Train R²: 0.999740 | Val R²: 0.999722 | IK: 0.0001 | FK: 0.000020 | GAP: 0.000038 | Val_IK: 0.0001 | Val_FK: 0.000021 | Val_GAP: 0.000035 | LR: 0.000980 | Time: 51.5s
Epoch [235/300] | Train Loss: 0.000137 | Val Loss: 0.000146 | Train R²: 0.999740 | Val R²: 0.999715 | IK: 0.0001 | FK: 0.000020 | GAP: 0.000038 | Val_IK: 0.0001 | Val_FK: 0.000022 | Val_GAP: 0.000037 | LR: 0.000979 | Time: 51.3s
Epoch [236/300] | Train Loss: 0.000138 | Val Loss: 0.000141 | Train R²: 0.999739 | Val R²: 0.999720 | IK: 0.0001 | FK: 0.000020 | GAP: 0.000038 | Val_IK: 0.0001 | Val_FK: 0.000022 | Val_GAP: 0.000034 | LR: 0.000977 | Time: 51.6s
Epoch [237/300] | Train Loss: 0.000137 | Val Loss: 0.000143 | Train R²: 0.999740 | Val R²: 0.999723 | IK: 0.0001 | FK: 0.000020 | GAP: 0.000038 | Val_IK: 0.0001 | Val_FK: 0.000021 | Val_GAP: 0.000038 | LR: 0.000976 | Time: 51.8s
Epoch [238/300] | Train Loss: 0.000138 | Val Loss: 0.000142 | Train R²: 0.999740 | Val R²: 0.999720 | IK: 0.0001 | FK: 0.000020 | GAP: 0.000038 | Val_IK: 0.0001 | Val_FK: 0.000022 | Val_GAP: 0.000035 | LR: 0.000974 | Time: 51.3s
Epoch [239/300] | Train Loss: 0.000137 | Val Loss: 0.000142 | Train R²: 0.999741 | Val R²: 0.999721 | IK: 0.0001 | FK: 0.000020 | GAP: 0.000038 | Val_IK: 0.0001 | Val_FK: 0.000021 | Val_GAP: 0.000035 | LR: 0.000972 | Time: 51.5s
Epoch [240/300] | Train Loss: 0.000137 | Val Loss: 0.000142 | Train R²: 0.999740 | Val R²: 0.999727 | IK: 0.0001 | FK: 0.000020 | GAP: 0.000038 | Val_IK: 0.0001 | Val_FK: 0.000021 | Val_GAP: 0.000037 | LR: 0.000970 | Time: 51.3s
Epoch [241/300] | Train Loss: 0.000137 | Val Loss: 0.000142 | Train R²: 0.999740 | Val R²: 0.999725 | IK: 0.0001 | FK: 0.000020 | GAP: 0.000038 | Val_IK: 0.0001 | Val_FK: 0.000021 | Val_GAP: 0.000037 | LR: 0.000968 | Time: 52.3s
Epoch [242/300] | Train Loss: 0.000138 | Val Loss: 0.000142 | Train R²: 0.999740 | Val R²: 0.999719 | IK: 0.0001 | FK: 0.000020 | GAP: 0.000038 | Val_IK: 0.0001 | Val_FK: 0.000022 | Val_GAP: 0.000035 | LR: 0.000966 | Time: 52.1s
Epoch [243/300] | Train Loss: 0.000137 | Val Loss: 0.000143 | Train R²: 0.999741 | Val R²: 0.999715 | IK: 0.0001 | FK: 0.000020 | GAP: 0.000038 | Val_IK: 0.0001 | Val_FK: 0.000022 | Val_GAP: 0.000034 | LR: 0.000964 | Time: 53.3s
Epoch [244/300] | Train Loss: 0.000137 | Val Loss: 0.000144 | Train R²: 0.999740 | Val R²: 0.999715 | IK: 0.0001 | FK: 0.000020 | GAP: 0.000038 | Val_IK: 0.0001 | Val_FK: 0.000022 | Val_GAP: 0.000035 | LR: 0.000962 | Time: 54.1s
Epoch [245/300] | Train Loss: 0.000137 | Val Loss: 0.000148 | Train R²: 0.999741 | Val R²: 0.999713 | IK: 0.0001 | FK: 0.000020 | GAP: 0.000038 | Val_IK: 0.0001 | Val_FK: 0.000023 | Val_GAP: 0.000038 | LR: 0.000960 | Time: 55.3s
Epoch [246/300] | Train Loss: 0.000137 | Val Loss: 0.000142 | Train R²: 0.999740 | Val R²: 0.999720 | IK: 0.0001 | FK: 0.000020 | GAP: 0.000038 | Val_IK: 0.0001 | Val_FK: 0.000022 | Val_GAP: 0.000035 | LR: 0.000958 | Time: 55.3s
Epoch [247/300] | Train Loss: 0.000137 | Val Loss: 0.000143 | Train R²: 0.999740 | Val R²: 0.999722 | IK: 0.0001 | FK: 0.000020 | GAP: 0.000038 | Val_IK: 0.0001 | Val_FK: 0.000022 | Val_GAP: 0.000037 | LR: 0.000955 | Time: 55.6s
Epoch [248/300] | Train Loss: 0.000137 | Val Loss: 0.000142 | Train R²: 0.999740 | Val R²: 0.999721 | IK: 0.0001 | FK: 0.000020 | GAP: 0.000038 | Val_IK: 0.0001 | Val_FK: 0.000022 | Val_GAP: 0.000035 | LR: 0.000953 | Time: 58.0s
Epoch [249/300] | Train Loss: 0.000137 | Val Loss: 0.000141 | Train R²: 0.999740 | Val R²: 0.999718 | IK: 0.0001 | FK: 0.000020 | GAP: 0.000038 | Val_IK: 0.0001 | Val_FK: 0.000022 | Val_GAP: 0.000033 | LR: 0.000951 | Time: 55.8s
Epoch [250/300] | Train Loss: 0.000137 | Val Loss: 0.000143 | Train R²: 0.999741 | Val R²: 0.999723 | IK: 0.0001 | FK: 0.000020 | GAP: 0.000038 | Val_IK: 0.0001 | Val_FK: 0.000021 | Val_GAP: 0.000038 | LR: 0.000948 | Time: 54.5s
Epoch [251/300] | Train Loss: 0.000137 | Val Loss: 0.000141 | Train R²: 0.999741 | Val R²: 0.999725 | IK: 0.0001 | FK: 0.000020 | GAP: 0.000038 | Val_IK: 0.0001 | Val_FK: 0.000021 | Val_GAP: 0.000036 | LR: 0.000946 | Time: 54.9s
Epoch [252/300] | Train Loss: 0.000137 | Val Loss: 0.000142 | Train R²: 0.999742 | Val R²: 0.999724 | IK: 0.0001 | FK: 0.000020 | GAP: 0.000038 | Val_IK: 0.0001 | Val_FK: 0.000021 | Val_GAP: 0.000037 | LR: 0.000943 | Time: 55.1s
Epoch [253/300] | Train Loss: 0.000137 | Val Loss: 0.000142 | Train R²: 0.999741 | Val R²: 0.999719 | IK: 0.0001 | FK: 0.000020 | GAP: 0.000038 | Val_IK: 0.0001 | Val_FK: 0.000022 | Val_GAP: 0.000034 | LR: 0.000940 | Time: 55.0s
Epoch [254/300] | Train Loss: 0.000137 | Val Loss: 0.000140 | Train R²: 0.999741 | Val R²: 0.999721 | IK: 0.0001 | FK: 0.000020 | GAP: 0.000038 | Val_IK: 0.0001 | Val_FK: 0.000022 | Val_GAP: 0.000034 | LR: 0.000938 | Time: 54.8s
Epoch [255/300] | Train Loss: 0.000137 | Val Loss: 0.000141 | Train R²: 0.999742 | Val R²: 0.999726 | IK: 0.0001 | FK: 0.000020 | GAP: 0.000038 | Val_IK: 0.0001 | Val_FK: 0.000021 | Val_GAP: 0.000036 | LR: 0.000935 | Time: 54.6s
Epoch [256/300] | Train Loss: 0.000136 | Val Loss: 0.000141 | Train R²: 0.999743 | Val R²: 0.999718 | IK: 0.0001 | FK: 0.000020 | GAP: 0.000038 | Val_IK: 0.0001 | Val_FK: 0.000022 | Val_GAP: 0.000033 | LR: 0.000932 | Time: 54.6s
Epoch [257/300] | Train Loss: 0.000137 | Val Loss: 0.000141 | Train R²: 0.999741 | Val R²: 0.999716 | IK: 0.0001 | FK: 0.000020 | GAP: 0.000038 | Val_IK: 0.0001 | Val_FK: 0.000022 | Val_GAP: 0.000033 | LR: 0.000929 | Time: 54.7s
Epoch [258/300] | Train Loss: 0.000137 | Val Loss: 0.000143 | Train R²: 0.999742 | Val R²: 0.999737 | IK: 0.0001 | FK: 0.000020 | GAP: 0.000038 | Val_IK: 0.0001 | Val_FK: 0.000020 | Val_GAP: 0.000042 | LR: 0.000926 | Time: 54.7s
Epoch [259/300] | Train Loss: 0.000137 | Val Loss: 0.000142 | Train R²: 0.999741 | Val R²: 0.999728 | IK: 0.0001 | FK: 0.000020 | GAP: 0.000038 | Val_IK: 0.0001 | Val_FK: 0.000021 | Val_GAP: 0.000038 | LR: 0.000923 | Time: 55.1s
Epoch [260/300] | Train Loss: 0.000136 | Val Loss: 0.000143 | Train R²: 0.999744 | Val R²: 0.999719 | IK: 0.0001 | FK: 0.000020 | GAP: 0.000038 | Val_IK: 0.0001 | Val_FK: 0.000022 | Val_GAP: 0.000036 | LR: 0.000920 | Time: 55.0s
Epoch [261/300] | Train Loss: 0.000136 | Val Loss: 0.000140 | Train R²: 0.999744 | Val R²: 0.999730 | IK: 0.0001 | FK: 0.000019 | GAP: 0.000038 | Val_IK: 0.0001 | Val_FK: 0.000020 | Val_GAP: 0.000037 | LR: 0.000917 | Time: 54.8s
Epoch [262/300] | Train Loss: 0.000136 | Val Loss: 0.000141 | Train R²: 0.999744 | Val R²: 0.999729 | IK: 0.0001 | FK: 0.000019 | GAP: 0.000038 | Val_IK: 0.0001 | Val_FK: 0.000021 | Val_GAP: 0.000037 | LR: 0.000914 | Time: 54.9s
Epoch [263/300] | Train Loss: 0.000136 | Val Loss: 0.000142 | Train R²: 0.999743 | Val R²: 0.999726 | IK: 0.0001 | FK: 0.000020 | GAP: 0.000038 | Val_IK: 0.0001 | Val_FK: 0.000021 | Val_GAP: 0.000038 | LR: 0.000911 | Time: 54.5s
Epoch [264/300] | Train Loss: 0.000136 | Val Loss: 0.000146 | Train R²: 0.999744 | Val R²: 0.999719 | IK: 0.0001 | FK: 0.000019 | GAP: 0.000038 | Val_IK: 0.0001 | Val_FK: 0.000022 | Val_GAP: 0.000039 | LR: 0.000908 | Time: 54.6s
Epoch [265/300] | Train Loss: 0.000136 | Val Loss: 0.000144 | Train R²: 0.999743 | Val R²: 0.999728 | IK: 0.0001 | FK: 0.000020 | GAP: 0.000038 | Val_IK: 0.0001 | Val_FK: 0.000021 | Val_GAP: 0.000040 | LR: 0.000905 | Time: 54.1s
Epoch [266/300] | Train Loss: 0.000136 | Val Loss: 0.000142 | Train R²: 0.999744 | Val R²: 0.999723 | IK: 0.0001 | FK: 0.000020 | GAP: 0.000038 | Val_IK: 0.0001 | Val_FK: 0.000021 | Val_GAP: 0.000036 | LR: 0.000901 | Time: 50.8s
Epoch [267/300] | Train Loss: 0.000136 | Val Loss: 0.000144 | Train R²: 0.999744 | Val R²: 0.999722 | IK: 0.0001 | FK: 0.000019 | GAP: 0.000038 | Val_IK: 0.0001 | Val_FK: 0.000021 | Val_GAP: 0.000037 | LR: 0.000898 | Time: 51.0s
Epoch [268/300] | Train Loss: 0.000136 | Val Loss: 0.000140 | Train R²: 0.999744 | Val R²: 0.999733 | IK: 0.0001 | FK: 0.000020 | GAP: 0.000038 | Val_IK: 0.0001 | Val_FK: 0.000021 | Val_GAP: 0.000038 | LR: 0.000894 | Time: 51.1s
Epoch [269/300] | Train Loss: 0.000136 | Val Loss: 0.000149 | Train R²: 0.999744 | Val R²: 0.999723 | IK: 0.0001 | FK: 0.000019 | GAP: 0.000038 | Val_IK: 0.0001 | Val_FK: 0.000022 | Val_GAP: 0.000043 | LR: 0.000891 | Time: 51.6s
Epoch [270/300] | Train Loss: 0.000136 | Val Loss: 0.000143 | Train R²: 0.999743 | Val R²: 0.999723 | IK: 0.0001 | FK: 0.000020 | GAP: 0.000038 | Val_IK: 0.0001 | Val_FK: 0.000021 | Val_GAP: 0.000038 | LR: 0.000888 | Time: 51.4s
Epoch [271/300] | Train Loss: 0.000136 | Val Loss: 0.000143 | Train R²: 0.999743 | Val R²: 0.999727 | IK: 0.0001 | FK: 0.000020 | GAP: 0.000038 | Val_IK: 0.0001 | Val_FK: 0.000021 | Val_GAP: 0.000039 | LR: 0.000884 | Time: 51.3s
Epoch [272/300] | Train Loss: 0.000136 | Val Loss: 0.000147 | Train R²: 0.999745 | Val R²: 0.999714 | IK: 0.0001 | FK: 0.000019 | GAP: 0.000038 | Val_IK: 0.0001 | Val_FK: 0.000022 | Val_GAP: 0.000038 | LR: 0.000880 | Time: 50.8s
Epoch [273/300] | Train Loss: 0.000136 | Val Loss: 0.000141 | Train R²: 0.999743 | Val R²: 0.999719 | IK: 0.0001 | FK: 0.000019 | GAP: 0.000039 | Val_IK: 0.0001 | Val_FK: 0.000021 | Val_GAP: 0.000034 | LR: 0.000877 | Time: 51.2s
Epoch [274/300] | Train Loss: 0.000136 | Val Loss: 0.000140 | Train R²: 0.999745 | Val R²: 0.999719 | IK: 0.0001 | FK: 0.000019 | GAP: 0.000039 | Val_IK: 0.0001 | Val_FK: 0.000022 | Val_GAP: 0.000033 | LR: 0.000873 | Time: 51.2s
Epoch [275/300] | Train Loss: 0.000136 | Val Loss: 0.000139 | Train R²: 0.999745 | Val R²: 0.999735 | IK: 0.0001 | FK: 0.000019 | GAP: 0.000038 | Val_IK: 0.0001 | Val_FK: 0.000020 | Val_GAP: 0.000038 | LR: 0.000869 | Time: 51.2s
Epoch [276/300] | Train Loss: 0.000136 | Val Loss: 0.000141 | Train R²: 0.999744 | Val R²: 0.999724 | IK: 0.0001 | FK: 0.000019 | GAP: 0.000038 | Val_IK: 0.0001 | Val_FK: 0.000021 | Val_GAP: 0.000036 | LR: 0.000865 | Time: 52.1s
Epoch [277/300] | Train Loss: 0.000135 | Val Loss: 0.000140 | Train R²: 0.999745 | Val R²: 0.999726 | IK: 0.0001 | FK: 0.000019 | GAP: 0.000038 | Val_IK: 0.0001 | Val_FK: 0.000021 | Val_GAP: 0.000035 | LR: 0.000862 | Time: 51.2s
Epoch [278/300] | Train Loss: 0.000135 | Val Loss: 0.000144 | Train R²: 0.999745 | Val R²: 0.999735 | IK: 0.0001 | FK: 0.000019 | GAP: 0.000038 | Val_IK: 0.0001 | Val_FK: 0.000021 | Val_GAP: 0.000042 | LR: 0.000858 | Time: 51.3s
Epoch [279/300] | Train Loss: 0.000135 | Val Loss: 0.000140 | Train R²: 0.999746 | Val R²: 0.999726 | IK: 0.0001 | FK: 0.000019 | GAP: 0.000038 | Val_IK: 0.0001 | Val_FK: 0.000021 | Val_GAP: 0.000035 | LR: 0.000854 | Time: 52.9s
Epoch [280/300] | Train Loss: 0.000135 | Val Loss: 0.000140 | Train R²: 0.999745 | Val R²: 0.999722 | IK: 0.0001 | FK: 0.000019 | GAP: 0.000038 | Val_IK: 0.0001 | Val_FK: 0.000021 | Val_GAP: 0.000035 | LR: 0.000850 | Time: 52.4s
Epoch [281/300] | Train Loss: 0.000136 | Val Loss: 0.000143 | Train R²: 0.999746 | Val R²: 0.999714 | IK: 0.0001 | FK: 0.000019 | GAP: 0.000038 | Val_IK: 0.0001 | Val_FK: 0.000021 | Val_GAP: 0.000035 | LR: 0.000846 | Time: 52.2s
Epoch [282/300] | Train Loss: 0.000136 | Val Loss: 0.000142 | Train R²: 0.999745 | Val R²: 0.999711 | IK: 0.0001 | FK: 0.000019 | GAP: 0.000038 | Val_IK: 0.0001 | Val_FK: 0.000022 | Val_GAP: 0.000032 | LR: 0.000842 | Time: 52.2s
Epoch [283/300] | Train Loss: 0.000135 | Val Loss: 0.000141 | Train R²: 0.999746 | Val R²: 0.999729 | IK: 0.0001 | FK: 0.000019 | GAP: 0.000038 | Val_IK: 0.0001 | Val_FK: 0.000021 | Val_GAP: 0.000038 | LR: 0.000837 | Time: 54.2s
Epoch [284/300] | Train Loss: 0.000135 | Val Loss: 0.000140 | Train R²: 0.999747 | Val R²: 0.999729 | IK: 0.0001 | FK: 0.000019 | GAP: 0.000038 | Val_IK: 0.0001 | Val_FK: 0.000021 | Val_GAP: 0.000037 | LR: 0.000833 | Time: 52.6s
Epoch [285/300] | Train Loss: 0.000135 | Val Loss: 0.000139 | Train R²: 0.999746 | Val R²: 0.999725 | IK: 0.0001 | FK: 0.000019 | GAP: 0.000038 | Val_IK: 0.0001 | Val_FK: 0.000021 | Val_GAP: 0.000034 | LR: 0.000829 | Time: 52.9s
Epoch [286/300] | Train Loss: 0.000135 | Val Loss: 0.000141 | Train R²: 0.999747 | Val R²: 0.999732 | IK: 0.0001 | FK: 0.000019 | GAP: 0.000038 | Val_IK: 0.0001 | Val_FK: 0.000020 | Val_GAP: 0.000039 | LR: 0.000825 | Time: 51.4s
Epoch [287/300] | Train Loss: 0.000135 | Val Loss: 0.000145 | Train R²: 0.999747 | Val R²: 0.999727 | IK: 0.0001 | FK: 0.000019 | GAP: 0.000039 | Val_IK: 0.0001 | Val_FK: 0.000021 | Val_GAP: 0.000041 | LR: 0.000821 | Time: 52.2s
Epoch [288/300] | Train Loss: 0.000135 | Val Loss: 0.000139 | Train R²: 0.999747 | Val R²: 0.999727 | IK: 0.0001 | FK: 0.000019 | GAP: 0.000038 | Val_IK: 0.0001 | Val_FK: 0.000021 | Val_GAP: 0.000035 | LR: 0.000816 | Time: 52.4s
Epoch [289/300] | Train Loss: 0.000135 | Val Loss: 0.000139 | Train R²: 0.999746 | Val R²: 0.999727 | IK: 0.0001 | FK: 0.000019 | GAP: 0.000038 | Val_IK: 0.0001 | Val_FK: 0.000021 | Val_GAP: 0.000035 | LR: 0.000812 | Time: 53.0s
Epoch [290/300] | Train Loss: 0.000135 | Val Loss: 0.000141 | Train R²: 0.999747 | Val R²: 0.999723 | IK: 0.0001 | FK: 0.000019 | GAP: 0.000039 | Val_IK: 0.0001 | Val_FK: 0.000021 | Val_GAP: 0.000035 | LR: 0.000808 | Time: 52.3s
Epoch [291/300] | Train Loss: 0.000135 | Val Loss: 0.000141 | Train R²: 0.999746 | Val R²: 0.999723 | IK: 0.0001 | FK: 0.000019 | GAP: 0.000038 | Val_IK: 0.0001 | Val_FK: 0.000022 | Val_GAP: 0.000035 | LR: 0.000803 | Time: 53.5s
Epoch [292/300] | Train Loss: 0.000135 | Val Loss: 0.000143 | Train R²: 0.999747 | Val R²: 0.999724 | IK: 0.0001 | FK: 0.000019 | GAP: 0.000038 | Val_IK: 0.0001 | Val_FK: 0.000022 | Val_GAP: 0.000038 | LR: 0.000799 | Time: 52.0s
Epoch [293/300] | Train Loss: 0.000135 | Val Loss: 0.000142 | Train R²: 0.999747 | Val R²: 0.999718 | IK: 0.0001 | FK: 0.000019 | GAP: 0.000038 | Val_IK: 0.0001 | Val_FK: 0.000022 | Val_GAP: 0.000034 | LR: 0.000794 | Time: 52.8s
Epoch [294/300] | Train Loss: 0.000135 | Val Loss: 0.000140 | Train R²: 0.999747 | Val R²: 0.999724 | IK: 0.0001 | FK: 0.000019 | GAP: 0.000038 | Val_IK: 0.0001 | Val_FK: 0.000022 | Val_GAP: 0.000034 | LR: 0.000790 | Time: 51.6s
Epoch [295/300] | Train Loss: 0.000135 | Val Loss: 0.000140 | Train R²: 0.999747 | Val R²: 0.999725 | IK: 0.0001 | FK: 0.000019 | GAP: 0.000038 | Val_IK: 0.0001 | Val_FK: 0.000021 | Val_GAP: 0.000034 | LR: 0.000785 | Time: 53.1s
Epoch [296/300] | Train Loss: 0.000135 | Val Loss: 0.000140 | Train R²: 0.999747 | Val R²: 0.999724 | IK: 0.0001 | FK: 0.000019 | GAP: 0.000038 | Val_IK: 0.0001 | Val_FK: 0.000021 | Val_GAP: 0.000035 | LR: 0.000780 | Time: 52.8s
Epoch [297/300] | Train Loss: 0.000135 | Val Loss: 0.000140 | Train R²: 0.999749 | Val R²: 0.999732 | IK: 0.0001 | FK: 0.000019 | GAP: 0.000039 | Val_IK: 0.0001 | Val_FK: 0.000021 | Val_GAP: 0.000037 | LR: 0.000776 | Time: 53.4s
Epoch [298/300] | Train Loss: 0.000135 | Val Loss: 0.000140 | Train R²: 0.999747 | Val R²: 0.999729 | IK: 0.0001 | FK: 0.000019 | GAP: 0.000038 | Val_IK: 0.0001 | Val_FK: 0.000021 | Val_GAP: 0.000036 | LR: 0.000771 | Time: 51.2s
Epoch [299/300] | Train Loss: 0.000135 | Val Loss: 0.000139 | Train R²: 0.999747 | Val R²: 0.999730 | IK: 0.0001 | FK: 0.000019 | GAP: 0.000038 | Val_IK: 0.0001 | Val_FK: 0.000021 | Val_GAP: 0.000036 | LR: 0.000766 | Time: 53.9s

训练完成！
最优验证损失: 0.000137
