======================================================================
训练 Pieper 准则因果IK模型
======================================================================
核心特性:
  1. Attention学习关节对末端位姿的影响权重
  2. 分别对位置和姿态做FiLM调制
  3. GNN学习关节间因果耦合

加载数据集...
加载窗口化数据集: /home/wsy/Desktop/casual/merged_training_data.npz
  样本数: 3541118
  窗口大小: 10
  输入维度（机器人角度）: 7
  输出维度（仅机器人角度）: 7
  警告: y不包含位姿信息，需要使用FK计算
加载窗口化数据集: /home/wsy/Desktop/casual/merged_training_data.npz
  样本数: 3541118
  窗口大小: 10
  输入维度（机器人角度）: 7
  输出维度（仅机器人角度）: 7
  警告: y不包含位姿信息，需要使用FK计算
训练集样本数: 3187006
验证集样本数: 354112
训练集数据增强: False
验证集数据增强: False（始终关闭）

创建模型: pieper_causal_ik
模型参数量: 3.39M

加载GPU FK模型（用于计算末端位姿）...
✓ 成功加载GPU FK模型
  左臂关节 ID: [16, 17, 18, 19, 20, 21, 22]

开始训练（300 epochs）...
Epoch [0/300] | Train Loss: 0.001564 | Val Loss: 0.000401 | Train R²: 0.997562 | Val R²: 0.999334 | IK: 0.0008 | FK: 0.000156 | GAP: 0.0006 | LR: 0.000999 | Time: 58.9s
  >>> 保存最优模型（验证损失：0.000401）
Epoch [1/300] | Train Loss: 0.000236 | Val Loss: 0.000233 | Train R²: 0.999568 | Val R²: 0.999589 | IK: 0.0001 | FK: 0.000033 | GAP: 0.0001 | LR: 0.000998 | Time: 56.3s
  >>> 保存最优模型（验证损失：0.000233）
Epoch [2/300] | Train Loss: 0.000182 | Val Loss: 0.000167 | Train R²: 0.999662 | Val R²: 0.999704 | IK: 0.0001 | FK: 0.000026 | GAP: 0.0001 | LR: 0.000995 | Time: 56.1s
  >>> 保存最优模型（验证损失：0.000167）
Epoch [3/300] | Train Loss: 0.000162 | Val Loss: 0.000158 | Train R²: 0.999698 | Val R²: 0.999716 | IK: 0.0001 | FK: 0.000023 | GAP: 0.0000 | LR: 0.000992 | Time: 55.9s
  >>> 保存最优模型（验证损失：0.000158）
Epoch [4/300] | Train Loss: 0.000151 | Val Loss: 0.000139 | Train R²: 0.999719 | Val R²: 0.999756 | IK: 0.0001 | FK: 0.000021 | GAP: 0.0000 | LR: 0.000987 | Time: 56.6s
  >>> 保存最优模型（验证损失：0.000139）
Epoch [5/300] | Train Loss: 0.000150 | Val Loss: 0.000148 | Train R²: 0.999719 | Val R²: 0.999735 | IK: 0.0001 | FK: 0.000021 | GAP: 0.0000 | LR: 0.000982 | Time: 55.8s
Epoch [6/300] | Train Loss: 0.000147 | Val Loss: 0.000148 | Train R²: 0.999728 | Val R²: 0.999716 | IK: 0.0001 | FK: 0.000021 | GAP: 0.0000 | LR: 0.000976 | Time: 56.1s
Epoch [7/300] | Train Loss: 0.000149 | Val Loss: 0.000175 | Train R²: 0.999714 | Val R²: 0.999702 | IK: 0.0001 | FK: 0.000022 | GAP: 0.0000 | LR: 0.000968 | Time: 56.0s
Epoch [8/300] | Train Loss: 0.000145 | Val Loss: 0.000132 | Train R²: 0.999726 | Val R²: 0.999754 | IK: 0.0001 | FK: 0.000021 | GAP: 0.0000 | LR: 0.000960 | Time: 56.0s
  >>> 保存最优模型（验证损失：0.000132）
Epoch [9/300] | Train Loss: 0.000142 | Val Loss: 0.000133 | Train R²: 0.999735 | Val R²: 0.999756 | IK: 0.0001 | FK: 0.000020 | GAP: 0.0000 | LR: 0.000951 | Time: 56.3s
Epoch [10/300] | Train Loss: 0.000140 | Val Loss: 0.000134 | Train R²: 0.999741 | Val R²: 0.999753 | IK: 0.0001 | FK: 0.000020 | GAP: 0.0000 | LR: 0.000940 | Time: 56.4s
Epoch [11/300] | Train Loss: 0.000139 | Val Loss: 0.000131 | Train R²: 0.999744 | Val R²: 0.999756 | IK: 0.0001 | FK: 0.000019 | GAP: 0.0000 | LR: 0.000929 | Time: 56.3s
  >>> 保存最优模型（验证损失：0.000131）
Epoch [12/300] | Train Loss: 0.000138 | Val Loss: 0.000130 | Train R²: 0.999747 | Val R²: 0.999751 | IK: 0.0001 | FK: 0.000019 | GAP: 0.0000 | LR: 0.000917 | Time: 56.7s
  >>> 保存最优模型（验证损失：0.000130）
Epoch [13/300] | Train Loss: 0.000137 | Val Loss: 0.000128 | Train R²: 0.999750 | Val R²: 0.999769 | IK: 0.0001 | FK: 0.000019 | GAP: 0.0000 | LR: 0.000905 | Time: 57.3s
  >>> 保存最优模型（验证损失：0.000128）
Epoch [14/300] | Train Loss: 0.000136 | Val Loss: 0.000134 | Train R²: 0.999751 | Val R²: 0.999759 | IK: 0.0001 | FK: 0.000019 | GAP: 0.0000 | LR: 0.000891 | Time: 56.2s
Epoch [15/300] | Train Loss: 0.000135 | Val Loss: 0.000130 | Train R²: 0.999754 | Val R²: 0.999762 | IK: 0.0001 | FK: 0.000018 | GAP: 0.0000 | LR: 0.000877 | Time: 56.4s
Epoch [16/300] | Train Loss: 0.000134 | Val Loss: 0.000128 | Train R²: 0.999758 | Val R²: 0.999772 | IK: 0.0001 | FK: 0.000018 | GAP: 0.0000 | LR: 0.000862 | Time: 56.3s
Epoch [17/300] | Train Loss: 0.000133 | Val Loss: 0.000133 | Train R²: 0.999761 | Val R²: 0.999762 | IK: 0.0001 | FK: 0.000018 | GAP: 0.0000 | LR: 0.000846 | Time: 55.9s
Epoch [18/300] | Train Loss: 0.000133 | Val Loss: 0.000131 | Train R²: 0.999761 | Val R²: 0.999768 | IK: 0.0001 | FK: 0.000018 | GAP: 0.0000 | LR: 0.000829 | Time: 56.0s
Epoch [19/300] | Train Loss: 0.000132 | Val Loss: 0.000130 | Train R²: 0.999764 | Val R²: 0.999769 | IK: 0.0001 | FK: 0.000018 | GAP: 0.0000 | LR: 0.000812 | Time: 55.6s
Epoch [20/300] | Train Loss: 0.000132 | Val Loss: 0.000127 | Train R²: 0.999765 | Val R²: 0.999775 | IK: 0.0001 | FK: 0.000018 | GAP: 0.0000 | LR: 0.000794 | Time: 55.7s
  >>> 保存最优模型（验证损失：0.000127）
Epoch [21/300] | Train Loss: 0.000131 | Val Loss: 0.000126 | Train R²: 0.999768 | Val R²: 0.999775 | IK: 0.0001 | FK: 0.000018 | GAP: 0.0000 | LR: 0.000776 | Time: 55.8s
  >>> 保存最优模型（验证损失：0.000126）
Epoch [22/300] | Train Loss: 0.000131 | Val Loss: 0.000128 | Train R²: 0.999769 | Val R²: 0.999777 | IK: 0.0001 | FK: 0.000017 | GAP: 0.0000 | LR: 0.000757 | Time: 55.8s
Epoch [23/300] | Train Loss: 0.000130 | Val Loss: 0.000124 | Train R²: 0.999769 | Val R²: 0.999780 | IK: 0.0001 | FK: 0.000017 | GAP: 0.0000 | LR: 0.000737 | Time: 55.7s
  >>> 保存最优模型（验证损失：0.000124）
Epoch [24/300] | Train Loss: 0.000129 | Val Loss: 0.000124 | Train R²: 0.999772 | Val R²: 0.999774 | IK: 0.0001 | FK: 0.000017 | GAP: 0.0000 | LR: 0.000717 | Time: 55.7s
Epoch [25/300] | Train Loss: 0.000129 | Val Loss: 0.000123 | Train R²: 0.999773 | Val R²: 0.999782 | IK: 0.0001 | FK: 0.000017 | GAP: 0.0000 | LR: 0.000697 | Time: 55.8s
  >>> 保存最优模型（验证损失：0.000123）
Epoch [26/300] | Train Loss: 0.000130 | Val Loss: 0.000123 | Train R²: 0.999772 | Val R²: 0.999776 | IK: 0.0001 | FK: 0.000017 | GAP: 0.0000 | LR: 0.000676 | Time: 55.8s
Epoch [27/300] | Train Loss: 0.000129 | Val Loss: 0.000125 | Train R²: 0.999774 | Val R²: 0.999773 | IK: 0.0001 | FK: 0.000017 | GAP: 0.0000 | LR: 0.000655 | Time: 55.8s
Epoch [28/300] | Train Loss: 0.000128 | Val Loss: 0.000122 | Train R²: 0.999776 | Val R²: 0.999778 | IK: 0.0001 | FK: 0.000017 | GAP: 0.0000 | LR: 0.000633 | Time: 55.8s
  >>> 保存最优模型（验证损失：0.000122）
Epoch [29/300] | Train Loss: 0.000128 | Val Loss: 0.000128 | Train R²: 0.999776 | Val R²: 0.999773 | IK: 0.0001 | FK: 0.000017 | GAP: 0.0000 | LR: 0.000612 | Time: 56.1s
Epoch [30/300] | Train Loss: 0.000127 | Val Loss: 0.000123 | Train R²: 0.999779 | Val R²: 0.999786 | IK: 0.0001 | FK: 0.000017 | GAP: 0.0000 | LR: 0.000590 | Time: 56.6s
Epoch [31/300] | Train Loss: 0.000127 | Val Loss: 0.000121 | Train R²: 0.999780 | Val R²: 0.999791 | IK: 0.0001 | FK: 0.000016 | GAP: 0.0000 | LR: 0.000568 | Time: 56.7s
  >>> 保存最优模型（验证损失：0.000121）
Epoch [32/300] | Train Loss: 0.000127 | Val Loss: 0.000121 | Train R²: 0.999781 | Val R²: 0.999782 | IK: 0.0001 | FK: 0.000016 | GAP: 0.0000 | LR: 0.000545 | Time: 56.9s
Epoch [33/300] | Train Loss: 0.000126 | Val Loss: 0.000122 | Train R²: 0.999782 | Val R²: 0.999781 | IK: 0.0001 | FK: 0.000016 | GAP: 0.0000 | LR: 0.000523 | Time: 56.7s
Epoch [34/300] | Train Loss: 0.000126 | Val Loss: 0.000121 | Train R²: 0.999783 | Val R²: 0.999788 | IK: 0.0001 | FK: 0.000016 | GAP: 0.0000 | LR: 0.000501 | Time: 56.0s
  >>> 保存最优模型（验证损失：0.000121）
Epoch [35/300] | Train Loss: 0.000125 | Val Loss: 0.000121 | Train R²: 0.999785 | Val R²: 0.999794 | IK: 0.0001 | FK: 0.000016 | GAP: 0.0000 | LR: 0.000478 | Time: 55.6s
Epoch [36/300] | Train Loss: 0.000125 | Val Loss: 0.000121 | Train R²: 0.999786 | Val R²: 0.999785 | IK: 0.0001 | FK: 0.000016 | GAP: 0.0000 | LR: 0.000456 | Time: 56.2s
Epoch [37/300] | Train Loss: 0.000125 | Val Loss: 0.000120 | Train R²: 0.999787 | Val R²: 0.999792 | IK: 0.0001 | FK: 0.000016 | GAP: 0.0000 | LR: 0.000433 | Time: 56.9s
  >>> 保存最优模型（验证损失：0.000120）
Epoch [38/300] | Train Loss: 0.000124 | Val Loss: 0.000120 | Train R²: 0.999788 | Val R²: 0.999791 | IK: 0.0001 | FK: 0.000016 | GAP: 0.0000 | LR: 0.000411 | Time: 56.2s
Epoch [39/300] | Train Loss: 0.000124 | Val Loss: 0.000120 | Train R²: 0.999789 | Val R²: 0.999790 | IK: 0.0001 | FK: 0.000016 | GAP: 0.0000 | LR: 0.000389 | Time: 55.8s
  >>> 保存最优模型（验证损失：0.000120）
Epoch [40/300] | Train Loss: 0.000124 | Val Loss: 0.000119 | Train R²: 0.999790 | Val R²: 0.999794 | IK: 0.0001 | FK: 0.000015 | GAP: 0.0000 | LR: 0.000368 | Time: 55.7s
  >>> 保存最优模型（验证损失：0.000119）
Epoch [41/300] | Train Loss: 0.000123 | Val Loss: 0.000119 | Train R²: 0.999791 | Val R²: 0.999790 | IK: 0.0001 | FK: 0.000015 | GAP: 0.0000 | LR: 0.000346 | Time: 55.8s
Epoch [42/300] | Train Loss: 0.000123 | Val Loss: 0.000119 | Train R²: 0.999791 | Val R²: 0.999794 | IK: 0.0001 | FK: 0.000015 | GAP: 0.0000 | LR: 0.000325 | Time: 56.1s
  >>> 保存最优模型（验证损失：0.000119）
Epoch [43/300] | Train Loss: 0.000123 | Val Loss: 0.000120 | Train R²: 0.999793 | Val R²: 0.999789 | IK: 0.0001 | FK: 0.000015 | GAP: 0.0000 | LR: 0.000304 | Time: 55.7s
Epoch [44/300] | Train Loss: 0.000122 | Val Loss: 0.000119 | Train R²: 0.999793 | Val R²: 0.999796 | IK: 0.0001 | FK: 0.000015 | GAP: 0.0000 | LR: 0.000284 | Time: 55.8s
Epoch [45/300] | Train Loss: 0.000122 | Val Loss: 0.000118 | Train R²: 0.999794 | Val R²: 0.999795 | IK: 0.0001 | FK: 0.000015 | GAP: 0.0000 | LR: 0.000264 | Time: 55.5s
  >>> 保存最优模型（验证损失：0.000118）
Epoch [46/300] | Train Loss: 0.000122 | Val Loss: 0.000118 | Train R²: 0.999795 | Val R²: 0.999798 | IK: 0.0001 | FK: 0.000015 | GAP: 0.0000 | LR: 0.000244 | Time: 55.8s
  >>> 保存最优模型（验证损失：0.000118）
Epoch [47/300] | Train Loss: 0.000121 | Val Loss: 0.000118 | Train R²: 0.999796 | Val R²: 0.999800 | IK: 0.0001 | FK: 0.000015 | GAP: 0.0000 | LR: 0.000225 | Time: 55.8s
  >>> 保存最优模型（验证损失：0.000118）
Epoch [48/300] | Train Loss: 0.000121 | Val Loss: 0.000118 | Train R²: 0.999797 | Val R²: 0.999801 | IK: 0.0001 | FK: 0.000015 | GAP: 0.0000 | LR: 0.000207 | Time: 55.6s
  >>> 保存最优模型（验证损失：0.000118）
Epoch [49/300] | Train Loss: 0.000121 | Val Loss: 0.000117 | Train R²: 0.999798 | Val R²: 0.999797 | IK: 0.0001 | FK: 0.000014 | GAP: 0.0000 | LR: 0.000189 | Time: 55.5s
  >>> 保存最优模型（验证损失：0.000117）
Epoch [50/300] | Train Loss: 0.000121 | Val Loss: 0.000117 | Train R²: 0.999798 | Val R²: 0.999800 | IK: 0.0001 | FK: 0.000014 | GAP: 0.0000 | LR: 0.000172 | Time: 55.8s
  >>> 保存最优模型（验证损失：0.000117）
Epoch [51/300] | Train Loss: 0.000121 | Val Loss: 0.000118 | Train R²: 0.999799 | Val R²: 0.999797 | IK: 0.0001 | FK: 0.000014 | GAP: 0.0000 | LR: 0.000155 | Time: 55.7s
Epoch [52/300] | Train Loss: 0.000120 | Val Loss: 0.000117 | Train R²: 0.999799 | Val R²: 0.999801 | IK: 0.0001 | FK: 0.000014 | GAP: 0.0000 | LR: 0.000139 | Time: 55.7s
  >>> 保存最优模型（验证损失：0.000117）
Epoch [53/300] | Train Loss: 0.000120 | Val Loss: 0.000117 | Train R²: 0.999800 | Val R²: 0.999802 | IK: 0.0001 | FK: 0.000014 | GAP: 0.0000 | LR: 0.000124 | Time: 55.9s
  >>> 保存最优模型（验证损失：0.000117）
Epoch [54/300] | Train Loss: 0.000120 | Val Loss: 0.000117 | Train R²: 0.999800 | Val R²: 0.999803 | IK: 0.0001 | FK: 0.000014 | GAP: 0.0000 | LR: 0.000110 | Time: 55.6s
