======================================================================
训练基于隐式神经场的IK模型（无历史帧版本）
======================================================================
核心特性:
  1. 隐式神经场：位姿 -> 关节角直接映射
  2. 位置编码：多尺度正弦/余弦特征
  3. 无需历史帧信息
  4. 使用条件: False
  5. 使用集成: False

加载数据集...
加载窗口化数据集: /data0/wwb_data/ygx_data/data_ygx_pose+dof/ACCAD_CMU_merged_training_data.npz
  样本数: 3614699
  窗口大小: 10
  输入维度（机器人角度）: 7
  输出维度（人位姿+机器人角度）: 14
加载窗口化数据集: /data0/wwb_data/ygx_data/data_ygx_pose+dof/ACCAD_CMU_merged_training_data.npz
  样本数: 3614699
  窗口大小: 10
  输入维度（机器人角度）: 7
  输出维度（人位姿+机器人角度）: 14
训练集样本数: 3253229
验证集样本数: 361470
训练集数据增强: False
验证集数据增强: False（始终关闭）

计算数据集统计信息...
计算数据集统计信息...
位姿均值: tensor([ 0.1443,  0.3500, -0.1712,  0.3131,  0.1545,  0.0784,  0.7614])
位姿标准差: tensor([0.0997, 0.1220, 0.1809, 0.2354, 0.3402, 0.2291, 0.2618])
关节均值: tensor([ 0.1408, -0.2315,  0.5116, -0.2242,  0.6589, -0.1465, -0.1661])
关节标准差: tensor([0.2230, 0.6789, 0.4473, 0.5723, 0.5913, 0.4032, 0.1694])

创建模型: implicit_ik
模型参数量: 0.73M

加载GPU FK模型（用于FK损失）...
✓ 成功加载GPU FK模型
  左臂关节 ID: [16, 17, 18, 19, 20, 21, 22]

开始训练（300 epochs）...
Epoch [0/300] | Train Loss: 0.134719 | Val Loss: 0.121691 | Train R²: 0.776050 | Val R²: 0.812848 | IK: 0.0770 | FK: 0.115512 | Cons: 0.000000 | LR: 0.000999 | Time: 128.3s
  >>> 保存最优模型（验证损失：0.121691）
Epoch [1/300] | Train Loss: 0.114121 | Val Loss: 0.110359 | Train R²: 0.836518 | Val R²: 0.846672 | IK: 0.0562 | FK: 0.115876 | Cons: 0.000001 | LR: 0.000998 | Time: 126.9s
  >>> 保存最优模型（验证损失：0.110359）
Epoch [2/300] | Train Loss: 0.106176 | Val Loss: 0.105349 | Train R²: 0.859988 | Val R²: 0.863601 | IK: 0.0481 | FK: 0.116117 | Cons: 0.000001 | LR: 0.000995 | Time: 127.3s
  >>> 保存最优模型（验证损失：0.105349）
Epoch [3/300] | Train Loss: 0.101248 | Val Loss: 0.101987 | Train R²: 0.874492 | Val R²: 0.874579 | IK: 0.0431 | FK: 0.116230 | Cons: 0.000002 | LR: 0.000992 | Time: 126.6s
  >>> 保存最优模型（验证损失：0.101987）
Epoch [4/300] | Train Loss: 0.097843 | Val Loss: 0.098973 | Train R²: 0.884483 | Val R²: 0.880928 | IK: 0.0397 | FK: 0.116287 | Cons: 0.000002 | LR: 0.000987 | Time: 125.7s
  >>> 保存最优模型（验证损失：0.098973）
Epoch [5/300] | Train Loss: 0.095291 | Val Loss: 0.096960 | Train R²: 0.891937 | Val R²: 0.886515 | IK: 0.0371 | FK: 0.116307 | Cons: 0.000002 | LR: 0.000982 | Time: 125.9s
  >>> 保存最优模型（验证损失：0.096960）
Epoch [6/300] | Train Loss: 0.093426 | Val Loss: 0.095733 | Train R²: 0.897384 | Val R²: 0.890456 | IK: 0.0353 | FK: 0.116322 | Cons: 0.000003 | LR: 0.000976 | Time: 126.7s
  >>> 保存最优模型（验证损失：0.095733）
Epoch [7/300] | Train Loss: 0.091869 | Val Loss: 0.094609 | Train R²: 0.901938 | Val R²: 0.893623 | IK: 0.0337 | FK: 0.116337 | Cons: 0.000003 | LR: 0.000968 | Time: 127.1s
  >>> 保存最优模型（验证损失：0.094609）
======================================================================
训练基于隐式神经场的IK模型（无历史帧版本）
======================================================================
核心特性:
  1. 隐式神经场：位姿 -> 关节角直接映射
  2. 位置编码：多尺度正弦/余弦特征
  3. 无需历史帧信息
  4. 使用条件: False
  5. 使用集成: False

加载数据集...
加载窗口化数据集: /data0/wwb_data/ygx_data/data_ygx_pose+dof/ACCAD_CMU_merged_training_data.npz
======================================================================
训练基于隐式神经场的IK模型（无历史帧版本）
======================================================================
核心特性:
  1. 隐式神经场：位姿 -> 关节角直接映射
  2. 位置编码：多尺度正弦/余弦特征
  3. 无需历史帧信息
  4. 使用条件: False
  5. 使用集成: False

加载数据集...
加载窗口化数据集: /data0/wwb_data/ygx_data/data_ygx_pose+dof/ACCAD_CMU_merged_training_data.npz
  样本数: 3614699
  窗口大小: 10
  输入维度（机器人角度）: 7
  输出维度（人位姿+机器人角度）: 14
加载窗口化数据集: /data0/wwb_data/ygx_data/data_ygx_pose+dof/ACCAD_CMU_merged_training_data.npz
  样本数: 3614699
  窗口大小: 10
  输入维度（机器人角度）: 7
  输出维度（人位姿+机器人角度）: 14
训练集样本数: 3253229
验证集样本数: 361470
训练集数据增强: False
验证集数据增强: False（始终关闭）

计算数据集统计信息...
计算数据集统计信息...
位姿均值: tensor([ 0.1443,  0.3500, -0.1712,  0.3131,  0.1545,  0.0784,  0.7614])
位姿标准差: tensor([0.0997, 0.1220, 0.1809, 0.2354, 0.3402, 0.2291, 0.2618])
关节均值: tensor([ 0.1408, -0.2315,  0.5116, -0.2242,  0.6589, -0.1465, -0.1661])
关节标准差: tensor([0.2230, 0.6789, 0.4473, 0.5723, 0.5913, 0.4032, 0.1694])

创建模型: implicit_ik
模型参数量: 0.73M

加载FK模型（用于FK损失）...
使用SimpleGPU FK（注意：连杆参数可能不够精确，建议使用Pinocchio FK）...
✓ 成功加载GPU FK模型 (SimpleGPUFK)
  左臂关节 ID: [16, 17, 18, 19, 20, 21, 22]
✓ FK模型加载成功，FK权重: 0.5

开始训练（300 epochs）...
Epoch [0/300] | Train Loss: 0.072816 | Val Loss: 0.057604 | Train R²: 0.806549 | Val R²: 0.847549 | IK: 0.0665 | FK: 0.012669 | Cons: 0.000000 | LR: 0.000999 | Time: 134.1s
  >>> 保存最优模型（验证损失：0.057604）
Epoch [1/300] | Train Loss: 0.050111 | Val Loss: 0.045779 | Train R²: 0.867555 | Val R²: 0.878922 | IK: 0.0455 | FK: 0.009188 | Cons: 0.000000 | LR: 0.000998 | Time: 130.8s
  >>> 保存最优模型（验证损失：0.045779）
Epoch [2/300] | Train Loss: 0.041125 | Val Loss: 0.040205 | Train R²: 0.891646 | Val R²: 0.893962 | IK: 0.0372 | FK: 0.007776 | Cons: 0.000001 | LR: 0.000995 | Time: 131.7s
  >>> 保存最优模型（验证损失：0.040205）
Epoch [3/300] | Train Loss: 0.035583 | Val Loss: 0.035948 | Train R²: 0.906455 | Val R²: 0.905376 | IK: 0.0321 | FK: 0.006869 | Cons: 0.000001 | LR: 0.000992 | Time: 131.8s
  >>> 保存最优模型（验证损失：0.035948）
Epoch [4/300] | Train Loss: 0.031698 | Val Loss: 0.033054 | Train R²: 0.916799 | Val R²: 0.912999 | IK: 0.0286 | FK: 0.006210 | Cons: 0.000002 | LR: 0.000987 | Time: 129.2s
  >>> 保存最优模型（验证损失：0.033054）
Epoch [5/300] | Train Loss: 0.028864 | Val Loss: 0.030754 | Train R²: 0.924323 | Val R²: 0.919135 | IK: 0.0260 | FK: 0.005712 | Cons: 0.000002 | LR: 0.000982 | Time: 132.1s
  >>> 保存最优模型（验证损失：0.030754）
Epoch [6/300] | Train Loss: 0.026704 | Val Loss: 0.029017 | Train R²: 0.930060 | Val R²: 0.923772 | IK: 0.0240 | FK: 0.005335 | Cons: 0.000002 | LR: 0.000976 | Time: 133.1s
  >>> 保存最优模型（验证损失：0.029017）
Epoch [7/300] | Train Loss: 0.024857 | Val Loss: 0.028034 | Train R²: 0.934941 | Val R²: 0.926387 | IK: 0.0224 | FK: 0.004996 | Cons: 0.000003 | LR: 0.000968 | Time: 129.2s
  >>> 保存最优模型（验证损失：0.028034）
Epoch [8/300] | Train Loss: 0.023376 | Val Loss: 0.026556 | Train R²: 0.938842 | Val R²: 0.930297 | IK: 0.0210 | FK: 0.004717 | Cons: 0.000003 | LR: 0.000960 | Time: 131.3s
  >>> 保存最优模型（验证损失：0.026556）
Epoch [9/300] | Train Loss: 0.022114 | Val Loss: 0.025815 | Train R²: 0.942173 | Val R²: 0.932302 | IK: 0.0199 | FK: 0.004480 | Cons: 0.000004 | LR: 0.000951 | Time: 132.8s
  >>> 保存最优模型（验证损失：0.025815）
Epoch [10/300] | Train Loss: 0.021026 | Val Loss: 0.024751 | Train R²: 0.945030 | Val R²: 0.935057 | IK: 0.0189 | FK: 0.004269 | Cons: 0.000004 | LR: 0.000940 | Time: 129.4s
  >>> 保存最优模型（验证损失：0.024751）
Epoch [11/300] | Train Loss: 0.020118 | Val Loss: 0.023849 | Train R²: 0.947418 | Val R²: 0.937451 | IK: 0.0181 | FK: 0.004095 | Cons: 0.000003 | LR: 0.000929 | Time: 130.1s
  >>> 保存最优模型（验证损失：0.023849）
Epoch [12/300] | Train Loss: 0.019324 | Val Loss: 0.023425 | Train R²: 0.949505 | Val R²: 0.938618 | IK: 0.0174 | FK: 0.003941 | Cons: 0.000003 | LR: 0.000917 | Time: 125.2s
  >>> 保存最优模型（验证损失：0.023425）
Epoch [13/300] | Train Loss: 0.018553 | Val Loss: 0.022681 | Train R²: 0.951534 | Val R²: 0.940558 | IK: 0.0167 | FK: 0.003793 | Cons: 0.000003 | LR: 0.000905 | Time: 126.2s
  >>> 保存最优模型（验证损失：0.022681）
Epoch [14/300] | Train Loss: 0.017874 | Val Loss: 0.022001 | Train R²: 0.953315 | Val R²: 0.942346 | IK: 0.0160 | FK: 0.003658 | Cons: 0.000003 | LR: 0.000891 | Time: 126.0s
  >>> 保存最优模型（验证损失：0.022001）
Epoch [15/300] | Train Loss: 0.017255 | Val Loss: 0.021559 | Train R²: 0.954933 | Val R²: 0.943545 | IK: 0.0155 | FK: 0.003534 | Cons: 0.000003 | LR: 0.000877 | Time: 130.9s
  >>> 保存最优模型（验证损失：0.021559）
Epoch [16/300] | Train Loss: 0.016665 | Val Loss: 0.021146 | Train R²: 0.956477 | Val R²: 0.944617 | IK: 0.0150 | FK: 0.003415 | Cons: 0.000003 | LR: 0.000862 | Time: 129.7s
  >>> 保存最优模型（验证损失：0.021146）
Epoch [17/300] | Train Loss: 0.016185 | Val Loss: 0.021063 | Train R²: 0.957738 | Val R²: 0.944823 | IK: 0.0145 | FK: 0.003321 | Cons: 0.000003 | LR: 0.000846 | Time: 126.3s
  >>> 保存最优模型（验证损失：0.021063）
Epoch [18/300] | Train Loss: 0.015708 | Val Loss: 0.020295 | Train R²: 0.958979 | Val R²: 0.946853 | IK: 0.0141 | FK: 0.003221 | Cons: 0.000003 | LR: 0.000829 | Time: 127.7s
  >>> 保存最优模型（验证损失：0.020295）
Epoch [19/300] | Train Loss: 0.015273 | Val Loss: 0.020086 | Train R²: 0.960121 | Val R²: 0.947385 | IK: 0.0137 | FK: 0.003135 | Cons: 0.000003 | LR: 0.000812 | Time: 130.4s
  >>> 保存最优模型（验证损失：0.020086）
Epoch [20/300] | Train Loss: 0.014828 | Val Loss: 0.019734 | Train R²: 0.961278 | Val R²: 0.948332 | IK: 0.0133 | FK: 0.003041 | Cons: 0.000003 | LR: 0.000794 | Time: 124.9s
  >>> 保存最优模型（验证损失：0.019734）
Epoch [21/300] | Train Loss: 0.014451 | Val Loss: 0.019259 | Train R²: 0.962258 | Val R²: 0.949553 | IK: 0.0130 | FK: 0.002961 | Cons: 0.000003 | LR: 0.000776 | Time: 128.0s
  >>> 保存最优模型（验证损失：0.019259）
Epoch [22/300] | Train Loss: 0.014089 | Val Loss: 0.019000 | Train R²: 0.963203 | Val R²: 0.950227 | IK: 0.0126 | FK: 0.002886 | Cons: 0.000002 | LR: 0.000757 | Time: 128.5s
  >>> 保存最优模型（验证损失：0.019000）
Epoch [23/300] | Train Loss: 0.013752 | Val Loss: 0.018829 | Train R²: 0.964083 | Val R²: 0.950684 | IK: 0.0123 | FK: 0.002817 | Cons: 0.000002 | LR: 0.000737 | Time: 121.3s
  >>> 保存最优模型（验证损失：0.018829）
Epoch [24/300] | Train Loss: 0.013427 | Val Loss: 0.018364 | Train R²: 0.964926 | Val R²: 0.951894 | IK: 0.0121 | FK: 0.002746 | Cons: 0.000002 | LR: 0.000717 | Time: 128.8s
  >>> 保存最优模型（验证损失：0.018364）
Epoch [25/300] | Train Loss: 0.013113 | Val Loss: 0.018173 | Train R²: 0.965738 | Val R²: 0.952401 | IK: 0.0118 | FK: 0.002675 | Cons: 0.000002 | LR: 0.000697 | Time: 130.6s
  >>> 保存最优模型（验证损失：0.018173）
Epoch [26/300] | Train Loss: 0.012797 | Val Loss: 0.017959 | Train R²: 0.966563 | Val R²: 0.952945 | IK: 0.0115 | FK: 0.002612 | Cons: 0.000002 | LR: 0.000676 | Time: 130.6s
  >>> 保存最优模型（验证损失：0.017959）
Epoch [27/300] | Train Loss: 0.012512 | Val Loss: 0.017740 | Train R²: 0.967302 | Val R²: 0.953555 | IK: 0.0112 | FK: 0.002549 | Cons: 0.000002 | LR: 0.000655 | Time: 126.9s
  >>> 保存最优模型（验证损失：0.017740）
Epoch [28/300] | Train Loss: 0.012241 | Val Loss: 0.017473 | Train R²: 0.968002 | Val R²: 0.954236 | IK: 0.0110 | FK: 0.002488 | Cons: 0.000002 | LR: 0.000633 | Time: 129.3s
  >>> 保存最优模型（验证损失：0.017473）
Epoch [29/300] | Train Loss: 0.011986 | Val Loss: 0.017239 | Train R²: 0.968667 | Val R²: 0.954856 | IK: 0.0108 | FK: 0.002436 | Cons: 0.000002 | LR: 0.000612 | Time: 131.5s
  >>> 保存最优模型（验证损失：0.017239）
Epoch [30/300] | Train Loss: 0.011742 | Val Loss: 0.017043 | Train R²: 0.969297 | Val R²: 0.955377 | IK: 0.0106 | FK: 0.002380 | Cons: 0.000002 | LR: 0.000590 | Time: 128.6s
  >>> 保存最优模型（验证损失：0.017043）
Epoch [31/300] | Train Loss: 0.011494 | Val Loss: 0.016782 | Train R²: 0.969945 | Val R²: 0.956075 | IK: 0.0103 | FK: 0.002330 | Cons: 0.000002 | LR: 0.000568 | Time: 129.4s
  >>> 保存最优模型（验证损失：0.016782）
Epoch [32/300] | Train Loss: 0.011275 | Val Loss: 0.016553 | Train R²: 0.970506 | Val R²: 0.956647 | IK: 0.0101 | FK: 0.002278 | Cons: 0.000001 | LR: 0.000545 | Time: 128.2s
  >>> 保存最优模型（验证损失：0.016553）
Epoch [33/300] | Train Loss: 0.011043 | Val Loss: 0.016459 | Train R²: 0.971112 | Val R²: 0.956897 | IK: 0.0099 | FK: 0.002230 | Cons: 0.000002 | LR: 0.000523 | Time: 130.9s
  >>> 保存最优模型（验证损失：0.016459）
Epoch [34/300] | Train Loss: 0.010848 | Val Loss: 0.016332 | Train R²: 0.971616 | Val R²: 0.957205 | IK: 0.0098 | FK: 0.002186 | Cons: 0.000001 | LR: 0.000501 | Time: 130.6s
  >>> 保存最优模型（验证损失：0.016332）
Epoch [35/300] | Train Loss: 0.010628 | Val Loss: 0.016118 | Train R²: 0.972186 | Val R²: 0.957789 | IK: 0.0096 | FK: 0.002138 | Cons: 0.000001 | LR: 0.000478 | Time: 122.2s
  >>> 保存最优模型（验证损失：0.016118）
Epoch [36/300] | Train Loss: 0.010436 | Val Loss: 0.015941 | Train R²: 0.972681 | Val R²: 0.958232 | IK: 0.0094 | FK: 0.002095 | Cons: 0.000001 | LR: 0.000456 | Time: 129.1s
  >>> 保存最优模型（验证损失：0.015941）
Epoch [37/300] | Train Loss: 0.010254 | Val Loss: 0.015836 | Train R²: 0.973152 | Val R²: 0.958505 | IK: 0.0092 | FK: 0.002054 | Cons: 0.000001 | LR: 0.000433 | Time: 130.8s
  >>> 保存最优模型（验证损失：0.015836）
Epoch [38/300] | Train Loss: 0.010065 | Val Loss: 0.015513 | Train R²: 0.973639 | Val R²: 0.959360 | IK: 0.0091 | FK: 0.002011 | Cons: 0.000001 | LR: 0.000411 | Time: 129.7s
  >>> 保存最优模型（验证损失：0.015513）
Epoch [39/300] | Train Loss: 0.009892 | Val Loss: 0.015417 | Train R²: 0.974089 | Val R²: 0.959611 | IK: 0.0089 | FK: 0.001974 | Cons: 0.000001 | LR: 0.000389 | Time: 127.7s
  >>> 保存最优模型（验证损失：0.015417）
Epoch [40/300] | Train Loss: 0.009725 | Val Loss: 0.015399 | Train R²: 0.974517 | Val R²: 0.959655 | IK: 0.0088 | FK: 0.001935 | Cons: 0.000001 | LR: 0.000368 | Time: 128.1s
  >>> 保存最优模型（验证损失：0.015399）
Epoch [41/300] | Train Loss: 0.009562 | Val Loss: 0.015158 | Train R²: 0.974940 | Val R²: 0.960298 | IK: 0.0086 | FK: 0.001900 | Cons: 0.000001 | LR: 0.000346 | Time: 129.0s
  >>> 保存最优模型（验证损失：0.015158）
Epoch [42/300] | Train Loss: 0.009401 | Val Loss: 0.015075 | Train R²: 0.975356 | Val R²: 0.960499 | IK: 0.0085 | FK: 0.001864 | Cons: 0.000001 | LR: 0.000325 | Time: 128.6s
  >>> 保存最优模型（验证损失：0.015075）
Epoch [43/300] | Train Loss: 0.009260 | Val Loss: 0.014916 | Train R²: 0.975719 | Val R²: 0.960919 | IK: 0.0083 | FK: 0.001831 | Cons: 0.000001 | LR: 0.000304 | Time: 126.4s
  >>> 保存最优模型（验证损失：0.014916）
Epoch [44/300] | Train Loss: 0.009120 | Val Loss: 0.014797 | Train R²: 0.976079 | Val R²: 0.961219 | IK: 0.0082 | FK: 0.001799 | Cons: 0.000001 | LR: 0.000284 | Time: 127.7s
  >>> 保存最优模型（验证损失：0.014797）
Epoch [45/300] | Train Loss: 0.008977 | Val Loss: 0.014703 | Train R²: 0.976450 | Val R²: 0.961482 | IK: 0.0081 | FK: 0.001768 | Cons: 0.000001 | LR: 0.000264 | Time: 129.5s
  >>> 保存最优模型（验证损失：0.014703）
Epoch [46/300] | Train Loss: 0.008853 | Val Loss: 0.014592 | Train R²: 0.976768 | Val R²: 0.961764 | IK: 0.0080 | FK: 0.001739 | Cons: 0.000001 | LR: 0.000244 | Time: 126.8s
  >>> 保存最优模型（验证损失：0.014592）
Epoch [47/300] | Train Loss: 0.008731 | Val Loss: 0.014411 | Train R²: 0.977084 | Val R²: 0.962242 | IK: 0.0079 | FK: 0.001712 | Cons: 0.000000 | LR: 0.000225 | Time: 127.2s
  >>> 保存最优模型（验证损失：0.014411）
Epoch [48/300] | Train Loss: 0.008614 | Val Loss: 0.014337 | Train R²: 0.977385 | Val R²: 0.962434 | IK: 0.0078 | FK: 0.001684 | Cons: 0.000000 | LR: 0.000207 | Time: 128.2s
  >>> 保存最优模型（验证损失：0.014337）
Epoch [49/300] | Train Loss: 0.008505 | Val Loss: 0.014324 | Train R²: 0.977667 | Val R²: 0.962452 | IK: 0.0077 | FK: 0.001659 | Cons: 0.000000 | LR: 0.000189 | Time: 129.3s
  >>> 保存最优模型（验证损失：0.014324）
Epoch [50/300] | Train Loss: 0.008397 | Val Loss: 0.014206 | Train R²: 0.977944 | Val R²: 0.962768 | IK: 0.0076 | FK: 0.001635 | Cons: 0.000000 | LR: 0.000172 | Time: 128.7s
  >>> 保存最优模型（验证损失：0.014206）
Epoch [51/300] | Train Loss: 0.008301 | Val Loss: 0.014142 | Train R²: 0.978190 | Val R²: 0.962932 | IK: 0.0075 | FK: 0.001612 | Cons: 0.000000 | LR: 0.000155 | Time: 129.0s
  >>> 保存最优模型（验证损失：0.014142）
Epoch [52/300] | Train Loss: 0.008212 | Val Loss: 0.014043 | Train R²: 0.978420 | Val R²: 0.963195 | IK: 0.0074 | FK: 0.001592 | Cons: 0.000000 | LR: 0.000139 | Time: 129.3s
  >>> 保存最优模型（验证损失：0.014043）
Epoch [53/300] | Train Loss: 0.008124 | Val Loss: 0.013972 | Train R²: 0.978646 | Val R²: 0.963383 | IK: 0.0073 | FK: 0.001571 | Cons: 0.000000 | LR: 0.000124 | Time: 128.0s
  >>> 保存最优模型（验证损失：0.013972）
Epoch [54/300] | Train Loss: 0.008046 | Val Loss: 0.013931 | Train R²: 0.978848 | Val R²: 0.963483 | IK: 0.0073 | FK: 0.001553 | Cons: 0.000000 | LR: 0.000110 | Time: 129.6s
  >>> 保存最优模型（验证损失：0.013931）
Epoch [55/300] | Train Loss: 0.007973 | Val Loss: 0.013861 | Train R²: 0.979035 | Val R²: 0.963674 | IK: 0.0072 | FK: 0.001536 | Cons: 0.000000 | LR: 0.000096 | Time: 130.3s
  >>> 保存最优模型（验证损失：0.013861）
Epoch [56/300] | Train Loss: 0.007904 | Val Loss: 0.013819 | Train R²: 0.979211 | Val R²: 0.963777 | IK: 0.0071 | FK: 0.001520 | Cons: 0.000000 | LR: 0.000084 | Time: 127.3s
  >>> 保存最优模型（验证损失：0.013819）
Epoch [57/300] | Train Loss: 0.007844 | Val Loss: 0.013788 | Train R²: 0.979366 | Val R²: 0.963858 | IK: 0.0071 | FK: 0.001506 | Cons: 0.000000 | LR: 0.000072 | Time: 128.0s
  >>> 保存最优模型（验证损失：0.013788）
Epoch [58/300] | Train Loss: 0.007789 | Val Loss: 0.013754 | Train R²: 0.979507 | Val R²: 0.963951 | IK: 0.0070 | FK: 0.001493 | Cons: 0.000000 | LR: 0.000061 | Time: 124.9s
  >>> 保存最优模型（验证损失：0.013754）
Epoch [59/300] | Train Loss: 0.007739 | Val Loss: 0.013727 | Train R²: 0.979636 | Val R²: 0.964013 | IK: 0.0070 | FK: 0.001482 | Cons: 0.000000 | LR: 0.000050 | Time: 128.7s
  >>> 保存最优模型（验证损失：0.013727）
Epoch [60/300] | Train Loss: 0.007694 | Val Loss: 0.013690 | Train R²: 0.979753 | Val R²: 0.964114 | IK: 0.0070 | FK: 0.001471 | Cons: 0.000000 | LR: 0.000041 | Time: 118.2s
  >>> 保存最优模型（验证损失：0.013690）
Epoch [61/300] | Train Loss: 0.007654 | Val Loss: 0.013683 | Train R²: 0.979854 | Val R²: 0.964132 | IK: 0.0069 | FK: 0.001462 | Cons: 0.000000 | LR: 0.000033 | Time: 130.6s
  >>> 保存最优模型（验证损失：0.013683）
Epoch [62/300] | Train Loss: 0.007619 | Val Loss: 0.013650 | Train R²: 0.979943 | Val R²: 0.964219 | IK: 0.0069 | FK: 0.001453 | Cons: 0.000000 | LR: 0.000025 | Time: 128.2s
  >>> 保存最优模型（验证损失：0.013650）
Epoch [63/300] | Train Loss: 0.007589 | Val Loss: 0.013657 | Train R²: 0.980021 | Val R²: 0.964205 | IK: 0.0069 | FK: 0.001446 | Cons: 0.000000 | LR: 0.000019 | Time: 128.9s
Epoch [64/300] | Train Loss: 0.007563 | Val Loss: 0.013638 | Train R²: 0.980088 | Val R²: 0.964253 | IK: 0.0068 | FK: 0.001440 | Cons: 0.000000 | LR: 0.000014 | Time: 130.9s
  >>> 保存最优模型（验证损失：0.013638）
Epoch [65/300] | Train Loss: 0.007541 | Val Loss: 0.013634 | Train R²: 0.980144 | Val R²: 0.964264 | IK: 0.0068 | FK: 0.001435 | Cons: 0.000000 | LR: 0.000009 | Time: 129.2s
  >>> 保存最优模型（验证损失：0.013634）
Epoch [66/300] | Train Loss: 0.007523 | Val Loss: 0.013627 | Train R²: 0.980190 | Val R²: 0.964282 | IK: 0.0068 | FK: 0.001431 | Cons: 0.000000 | LR: 0.000006 | Time: 112.5s
  >>> 保存最优模型（验证损失：0.013627）
Epoch [67/300] | Train Loss: 0.007509 | Val Loss: 0.013624 | Train R²: 0.980226 | Val R²: 0.964289 | IK: 0.0068 | FK: 0.001427 | Cons: 0.000000 | LR: 0.000003 | Time: 130.7s
  >>> 保存最优模型（验证损失：0.013624）
Epoch [68/300] | Train Loss: 0.007499 | Val Loss: 0.013623 | Train R²: 0.980251 | Val R²: 0.964290 | IK: 0.0068 | FK: 0.001425 | Cons: 0.000000 | LR: 0.000002 | Time: 126.7s
  >>> 保存最优模型（验证损失：0.013623）
Epoch [69/300] | Train Loss: 0.007493 | Val Loss: 0.013622 | Train R²: 0.980268 | Val R²: 0.964294 | IK: 0.0068 | FK: 0.001424 | Cons: 0.000000 | LR: 0.001000 | Time: 127.6s
  >>> 保存最优模型（验证损失：0.013622）
Epoch [70/300] | Train Loss: 0.014830 | Val Loss: 0.018305 | Train R²: 0.961417 | Val R²: 0.952135 | IK: 0.0133 | FK: 0.003140 | Cons: 0.000010 | LR: 0.001000 | Time: 127.8s
Epoch [71/300] | Train Loss: 0.012896 | Val Loss: 0.018028 | Train R²: 0.966424 | Val R²: 0.952894 | IK: 0.0115 | FK: 0.002712 | Cons: 0.000005 | LR: 0.000999 | Time: 127.4s
Epoch [72/300] | Train Loss: 0.012708 | Val Loss: 0.017713 | Train R²: 0.966912 | Val R²: 0.953671 | IK: 0.0114 | FK: 0.002672 | Cons: 0.000004 | LR: 0.000999 | Time: 131.7s
Epoch [73/300] | Train Loss: 0.012511 | Val Loss: 0.018024 | Train R²: 0.967410 | Val R²: 0.952890 | IK: 0.0112 | FK: 0.002621 | Cons: 0.000004 | LR: 0.000998 | Time: 127.5s
Epoch [74/300] | Train Loss: 0.012365 | Val Loss: 0.017665 | Train R²: 0.967781 | Val R²: 0.953805 | IK: 0.0111 | FK: 0.002585 | Cons: 0.000003 | LR: 0.000997 | Time: 127.9s
Epoch [75/300] | Train Loss: 0.012214 | Val Loss: 0.017799 | Train R²: 0.968170 | Val R²: 0.953419 | IK: 0.0109 | FK: 0.002550 | Cons: 0.000003 | LR: 0.000995 | Time: 124.5s
Epoch [76/300] | Train Loss: 0.012087 | Val Loss: 0.017343 | Train R²: 0.968497 | Val R²: 0.954599 | IK: 0.0108 | FK: 0.002520 | Cons: 0.000003 | LR: 0.000994 | Time: 130.3s
Epoch [77/300] | Train Loss: 0.011952 | Val Loss: 0.017257 | Train R²: 0.968844 | Val R²: 0.954844 | IK: 0.0107 | FK: 0.002490 | Cons: 0.000003 | LR: 0.000992 | Time: 125.0s
Epoch [78/300] | Train Loss: 0.011820 | Val Loss: 0.017155 | Train R²: 0.969185 | Val R²: 0.955093 | IK: 0.0106 | FK: 0.002460 | Cons: 0.000003 | LR: 0.000990 | Time: 120.4s
Epoch [79/300] | Train Loss: 0.011736 | Val Loss: 0.016894 | Train R²: 0.969395 | Val R²: 0.955801 | IK: 0.0105 | FK: 0.002436 | Cons: 0.000003 | LR: 0.000987 | Time: 129.3s
Epoch [80/300] | Train Loss: 0.011593 | Val Loss: 0.016969 | Train R²: 0.969768 | Val R²: 0.955607 | IK: 0.0104 | FK: 0.002406 | Cons: 0.000003 | LR: 0.000985 | Time: 127.4s
Epoch [81/300] | Train Loss: 0.011514 | Val Loss: 0.016901 | Train R²: 0.969977 | Val R²: 0.955782 | IK: 0.0103 | FK: 0.002392 | Cons: 0.000003 | LR: 0.000982 | Time: 129.8s
Epoch [82/300] | Train Loss: 0.011403 | Val Loss: 0.016823 | Train R²: 0.970255 | Val R²: 0.955958 | IK: 0.0102 | FK: 0.002362 | Cons: 0.000003 | LR: 0.000979 | Time: 130.2s
Epoch [83/300] | Train Loss: 0.011326 | Val Loss: 0.016797 | Train R²: 0.970463 | Val R²: 0.956058 | IK: 0.0102 | FK: 0.002350 | Cons: 0.000003 | LR: 0.000976 | Time: 127.6s
Epoch [84/300] | Train Loss: 0.011185 | Val Loss: 0.016720 | Train R²: 0.970823 | Val R²: 0.956255 | IK: 0.0100 | FK: 0.002315 | Cons: 0.000002 | LR: 0.000972 | Time: 129.6s
Epoch [85/300] | Train Loss: 0.011067 | Val Loss: 0.016496 | Train R²: 0.971132 | Val R²: 0.956863 | IK: 0.0099 | FK: 0.002292 | Cons: 0.000003 | LR: 0.000968 | Time: 128.8s
Epoch [86/300] | Train Loss: 0.010979 | Val Loss: 0.016456 | Train R²: 0.971360 | Val R²: 0.956909 | IK: 0.0098 | FK: 0.002272 | Cons: 0.000002 | LR: 0.000964 | Time: 124.9s
Epoch [87/300] | Train Loss: 0.010866 | Val Loss: 0.016289 | Train R²: 0.971646 | Val R²: 0.957386 | IK: 0.0097 | FK: 0.002244 | Cons: 0.000002 | LR: 0.000960 | Time: 129.7s
Epoch [88/300] | Train Loss: 0.010789 | Val Loss: 0.016157 | Train R²: 0.971846 | Val R²: 0.957708 | IK: 0.0097 | FK: 0.002226 | Cons: 0.000002 | LR: 0.000955 | Time: 128.7s
Epoch [89/300] | Train Loss: 0.010697 | Val Loss: 0.016127 | Train R²: 0.972084 | Val R²: 0.957788 | IK: 0.0096 | FK: 0.002206 | Cons: 0.000002 | LR: 0.000951 | Time: 130.2s
Epoch [90/300] | Train Loss: 0.010597 | Val Loss: 0.015987 | Train R²: 0.972345 | Val R²: 0.958187 | IK: 0.0095 | FK: 0.002186 | Cons: 0.000002 | LR: 0.000946 | Time: 129.3s
Epoch [91/300] | Train Loss: 0.010515 | Val Loss: 0.016044 | Train R²: 0.972558 | Val R²: 0.958022 | IK: 0.0094 | FK: 0.002167 | Cons: 0.000003 | LR: 0.000940 | Time: 126.6s
Epoch [92/300] | Train Loss: 0.010419 | Val Loss: 0.015877 | Train R²: 0.972806 | Val R²: 0.958459 | IK: 0.0093 | FK: 0.002147 | Cons: 0.000002 | LR: 0.000935 | Time: 128.8s
Epoch [93/300] | Train Loss: 0.010346 | Val Loss: 0.015909 | Train R²: 0.972992 | Val R²: 0.958341 | IK: 0.0093 | FK: 0.002128 | Cons: 0.000002 | LR: 0.000929 | Time: 130.3s
Epoch [94/300] | Train Loss: 0.010263 | Val Loss: 0.015725 | Train R²: 0.973206 | Val R²: 0.958852 | IK: 0.0092 | FK: 0.002109 | Cons: 0.000002 | LR: 0.000923 | Time: 128.6s
Epoch [95/300] | Train Loss: 0.010176 | Val Loss: 0.015669 | Train R²: 0.973433 | Val R²: 0.959011 | IK: 0.0091 | FK: 0.002092 | Cons: 0.000002 | LR: 0.000917 | Time: 130.8s
Epoch [96/300] | Train Loss: 0.010110 | Val Loss: 0.015901 | Train R²: 0.973608 | Val R²: 0.958370 | IK: 0.0091 | FK: 0.002079 | Cons: 0.000002 | LR: 0.000911 | Time: 129.3s
Epoch [97/300] | Train Loss: 0.010021 | Val Loss: 0.015533 | Train R²: 0.973831 | Val R²: 0.959376 | IK: 0.0090 | FK: 0.002055 | Cons: 0.000002 | LR: 0.000905 | Time: 131.0s
Epoch [98/300] | Train Loss: 0.009959 | Val Loss: 0.015432 | Train R²: 0.973993 | Val R²: 0.959583 | IK: 0.0089 | FK: 0.002043 | Cons: 0.000002 | LR: 0.000898 | Time: 129.5s
Epoch [99/300] | Train Loss: 0.009858 | Val Loss: 0.015320 | Train R²: 0.974257 | Val R²: 0.959891 | IK: 0.0088 | FK: 0.002022 | Cons: 0.000002 | LR: 0.000891 | Time: 126.8s
Epoch [100/300] | Train Loss: 0.009774 | Val Loss: 0.015162 | Train R²: 0.974470 | Val R²: 0.960339 | IK: 0.0088 | FK: 0.002001 | Cons: 0.000002 | LR: 0.000884 | Time: 129.5s
Epoch [101/300] | Train Loss: 0.009708 | Val Loss: 0.015177 | Train R²: 0.974643 | Val R²: 0.960279 | IK: 0.0087 | FK: 0.001987 | Cons: 0.000002 | LR: 0.000877 | Time: 131.6s
Epoch [102/300] | Train Loss: 0.009638 | Val Loss: 0.015029 | Train R²: 0.974823 | Val R²: 0.960669 | IK: 0.0087 | FK: 0.001972 | Cons: 0.000002 | LR: 0.000869 | Time: 128.0s
Epoch [103/300] | Train Loss: 0.009572 | Val Loss: 0.015192 | Train R²: 0.974993 | Val R²: 0.960265 | IK: 0.0086 | FK: 0.001956 | Cons: 0.000002 | LR: 0.000862 | Time: 125.9s
Epoch [104/300] | Train Loss: 0.009503 | Val Loss: 0.015135 | Train R²: 0.975171 | Val R²: 0.960382 | IK: 0.0085 | FK: 0.001940 | Cons: 0.000002 | LR: 0.000854 | Time: 128.5s
Epoch [105/300] | Train Loss: 0.009433 | Val Loss: 0.014991 | Train R²: 0.975350 | Val R²: 0.960755 | IK: 0.0085 | FK: 0.001924 | Cons: 0.000002 | LR: 0.000846 | Time: 131.9s
Epoch [106/300] | Train Loss: 0.009347 | Val Loss: 0.014978 | Train R²: 0.975574 | Val R²: 0.960804 | IK: 0.0084 | FK: 0.001904 | Cons: 0.000002 | LR: 0.000837 | Time: 127.5s
Epoch [107/300] | Train Loss: 0.009278 | Val Loss: 0.014851 | Train R²: 0.975751 | Val R²: 0.961139 | IK: 0.0083 | FK: 0.001890 | Cons: 0.000002 | LR: 0.000829 | Time: 129.3s
Epoch [108/300] | Train Loss: 0.009229 | Val Loss: 0.014708 | Train R²: 0.975877 | Val R²: 0.961488 | IK: 0.0083 | FK: 0.001878 | Cons: 0.000002 | LR: 0.000821 | Time: 127.8s
Epoch [109/300] | Train Loss: 0.009155 | Val Loss: 0.014605 | Train R²: 0.976069 | Val R²: 0.961767 | IK: 0.0082 | FK: 0.001861 | Cons: 0.000002 | LR: 0.000812 | Time: 129.0s
Epoch [110/300] | Train Loss: 0.009103 | Val Loss: 0.014769 | Train R²: 0.976202 | Val R²: 0.961333 | IK: 0.0082 | FK: 0.001849 | Cons: 0.000002 | LR: 0.000803 | Time: 127.9s
Epoch [111/300] | Train Loss: 0.009002 | Val Loss: 0.014578 | Train R²: 0.976464 | Val R²: 0.961852 | IK: 0.0081 | FK: 0.001828 | Cons: 0.000002 | LR: 0.000794 | Time: 123.7s
Epoch [112/300] | Train Loss: 0.008964 | Val Loss: 0.014502 | Train R²: 0.976564 | Val R²: 0.962043 | IK: 0.0081 | FK: 0.001819 | Cons: 0.000001 | LR: 0.000785 | Time: 123.9s
Epoch [113/300] | Train Loss: 0.008865 | Val Loss: 0.014490 | Train R²: 0.976817 | Val R²: 0.962063 | IK: 0.0080 | FK: 0.001795 | Cons: 0.000002 | LR: 0.000776 | Time: 128.7s
Epoch [114/300] | Train Loss: 0.008823 | Val Loss: 0.014438 | Train R²: 0.976928 | Val R²: 0.962208 | IK: 0.0079 | FK: 0.001787 | Cons: 0.000001 | LR: 0.000766 | Time: 127.1s
Epoch [115/300] | Train Loss: 0.008747 | Val Loss: 0.014432 | Train R²: 0.977122 | Val R²: 0.962223 | IK: 0.0079 | FK: 0.001770 | Cons: 0.000001 | LR: 0.000757 | Time: 128.7s
Epoch [116/300] | Train Loss: 0.008698 | Val Loss: 0.014361 | Train R²: 0.977250 | Val R²: 0.962417 | IK: 0.0078 | FK: 0.001759 | Cons: 0.000002 | LR: 0.000747 | Time: 127.9s
Epoch [117/300] | Train Loss: 0.008615 | Val Loss: 0.014127 | Train R²: 0.977462 | Val R²: 0.963023 | IK: 0.0077 | FK: 0.001739 | Cons: 0.000001 | LR: 0.000737 | Time: 128.2s
Epoch [118/300] | Train Loss: 0.008573 | Val Loss: 0.014171 | Train R²: 0.977574 | Val R²: 0.962887 | IK: 0.0077 | FK: 0.001732 | Cons: 0.000001 | LR: 0.000727 | Time: 129.7s
Epoch [119/300] | Train Loss: 0.008506 | Val Loss: 0.014125 | Train R²: 0.977744 | Val R²: 0.963018 | IK: 0.0076 | FK: 0.001715 | Cons: 0.000001 | LR: 0.000717 | Time: 130.3s
Epoch [120/300] | Train Loss: 0.008432 | Val Loss: 0.014042 | Train R²: 0.977934 | Val R²: 0.963240 | IK: 0.0076 | FK: 0.001698 | Cons: 0.000001 | LR: 0.000707 | Time: 127.4s
Epoch [121/300] | Train Loss: 0.008377 | Val Loss: 0.013936 | Train R²: 0.978079 | Val R²: 0.963505 | IK: 0.0075 | FK: 0.001686 | Cons: 0.000001 | LR: 0.000697 | Time: 128.9s
Epoch [122/300] | Train Loss: 0.008319 | Val Loss: 0.014019 | Train R²: 0.978223 | Val R²: 0.963310 | IK: 0.0075 | FK: 0.001670 | Cons: 0.000001 | LR: 0.000686 | Time: 125.9s
Epoch [123/300] | Train Loss: 0.008280 | Val Loss: 0.013828 | Train R²: 0.978329 | Val R²: 0.963786 | IK: 0.0074 | FK: 0.001664 | Cons: 0.000001 | LR: 0.000676 | Time: 127.1s
Epoch [124/300] | Train Loss: 0.008213 | Val Loss: 0.013834 | Train R²: 0.978498 | Val R²: 0.963770 | IK: 0.0074 | FK: 0.001647 | Cons: 0.000001 | LR: 0.000665 | Time: 125.6s
Epoch [125/300] | Train Loss: 0.008162 | Val Loss: 0.013770 | Train R²: 0.978629 | Val R²: 0.963937 | IK: 0.0073 | FK: 0.001636 | Cons: 0.000001 | LR: 0.000655 | Time: 128.4s
Epoch [126/300] | Train Loss: 0.008079 | Val Loss: 0.013728 | Train R²: 0.978843 | Val R²: 0.964037 | IK: 0.0073 | FK: 0.001616 | Cons: 0.000001 | LR: 0.000644 | Time: 127.4s
Epoch [127/300] | Train Loss: 0.008048 | Val Loss: 0.013621 | Train R²: 0.978924 | Val R²: 0.964329 | IK: 0.0072 | FK: 0.001610 | Cons: 0.000001 | LR: 0.000633 | Time: 131.2s
  >>> 保存最优模型（验证损失：0.013621）
Epoch [128/300] | Train Loss: 0.007978 | Val Loss: 0.013537 | Train R²: 0.979105 | Val R²: 0.964561 | IK: 0.0072 | FK: 0.001594 | Cons: 0.000001 | LR: 0.000623 | Time: 126.0s
  >>> 保存最优模型（验证损失：0.013537）
Epoch [129/300] | Train Loss: 0.007938 | Val Loss: 0.013570 | Train R²: 0.979207 | Val R²: 0.964445 | IK: 0.0071 | FK: 0.001584 | Cons: 0.000001 | LR: 0.000612 | Time: 130.2s
Epoch [130/300] | Train Loss: 0.007872 | Val Loss: 0.013583 | Train R²: 0.979379 | Val R²: 0.964433 | IK: 0.0071 | FK: 0.001571 | Cons: 0.000001 | LR: 0.000601 | Time: 128.8s
Epoch [131/300] | Train Loss: 0.007825 | Val Loss: 0.013510 | Train R²: 0.979498 | Val R²: 0.964616 | IK: 0.0070 | FK: 0.001558 | Cons: 0.000001 | LR: 0.000590 | Time: 126.1s
  >>> 保存最优模型（验证损失：0.013510）
Epoch [132/300] | Train Loss: 0.007772 | Val Loss: 0.013449 | Train R²: 0.979635 | Val R²: 0.964790 | IK: 0.0070 | FK: 0.001547 | Cons: 0.000001 | LR: 0.000579 | Time: 131.3s
  >>> 保存最优模型（验证损失：0.013449）
Epoch [133/300] | Train Loss: 0.007721 | Val Loss: 0.013439 | Train R²: 0.979765 | Val R²: 0.964811 | IK: 0.0070 | FK: 0.001534 | Cons: 0.000001 | LR: 0.000568 | Time: 127.5s
  >>> 保存最优模型（验证损失：0.013439）
Epoch [134/300] | Train Loss: 0.007675 | Val Loss: 0.013366 | Train R²: 0.979885 | Val R²: 0.964998 | IK: 0.0069 | FK: 0.001523 | Cons: 0.000001 | LR: 0.000556 | Time: 125.6s
  >>> 保存最优模型（验证损失：0.013366）
Epoch [135/300] | Train Loss: 0.007617 | Val Loss: 0.013250 | Train R²: 0.980033 | Val R²: 0.965308 | IK: 0.0069 | FK: 0.001510 | Cons: 0.000001 | LR: 0.000545 | Time: 128.1s
  >>> 保存最优模型（验证损失：0.013250）
Epoch [136/300] | Train Loss: 0.007555 | Val Loss: 0.013185 | Train R²: 0.980199 | Val R²: 0.965463 | IK: 0.0068 | FK: 0.001499 | Cons: 0.000001 | LR: 0.000534 | Time: 131.4s
  >>> 保存最优模型（验证损失：0.013185）
Epoch [137/300] | Train Loss: 0.007521 | Val Loss: 0.013197 | Train R²: 0.980283 | Val R²: 0.965443 | IK: 0.0068 | FK: 0.001489 | Cons: 0.000001 | LR: 0.000523 | Time: 130.7s
Epoch [138/300] | Train Loss: 0.007471 | Val Loss: 0.013161 | Train R²: 0.980411 | Val R²: 0.965529 | IK: 0.0067 | FK: 0.001478 | Cons: 0.000001 | LR: 0.000512 | Time: 129.9s
  >>> 保存最优模型（验证损失：0.013161）
Epoch [139/300] | Train Loss: 0.007420 | Val Loss: 0.013162 | Train R²: 0.980542 | Val R²: 0.965526 | IK: 0.0067 | FK: 0.001466 | Cons: 0.000001 | LR: 0.000501 | Time: 126.5s
Epoch [140/300] | Train Loss: 0.007369 | Val Loss: 0.013059 | Train R²: 0.980674 | Val R²: 0.965800 | IK: 0.0066 | FK: 0.001454 | Cons: 0.000001 | LR: 0.000489 | Time: 128.1s
  >>> 保存最优模型（验证损失：0.013059）
Epoch [141/300] | Train Loss: 0.007326 | Val Loss: 0.013009 | Train R²: 0.980784 | Val R²: 0.965927 | IK: 0.0066 | FK: 0.001444 | Cons: 0.000001 | LR: 0.000478 | Time: 128.2s
  >>> 保存最优模型（验证损失：0.013009）
Epoch [142/300] | Train Loss: 0.007278 | Val Loss: 0.013027 | Train R²: 0.980906 | Val R²: 0.965883 | IK: 0.0066 | FK: 0.001433 | Cons: 0.000001 | LR: 0.000467 | Time: 129.6s
Epoch [143/300] | Train Loss: 0.007246 | Val Loss: 0.013000 | Train R²: 0.980989 | Val R²: 0.965952 | IK: 0.0065 | FK: 0.001426 | Cons: 0.000001 | LR: 0.000456 | Time: 127.9s
  >>> 保存最优模型（验证损失：0.013000）
Epoch [144/300] | Train Loss: 0.007195 | Val Loss: 0.012914 | Train R²: 0.981119 | Val R²: 0.966166 | IK: 0.0065 | FK: 0.001412 | Cons: 0.000001 | LR: 0.000445 | Time: 129.4s
  >>> 保存最优模型（验证损失：0.012914）
Epoch [145/300] | Train Loss: 0.007146 | Val Loss: 0.012901 | Train R²: 0.981247 | Val R²: 0.966221 | IK: 0.0064 | FK: 0.001402 | Cons: 0.000001 | LR: 0.000433 | Time: 128.4s
  >>> 保存最优模型（验证损失：0.012901）
Epoch [146/300] | Train Loss: 0.007103 | Val Loss: 0.012825 | Train R²: 0.981357 | Val R²: 0.966402 | IK: 0.0064 | FK: 0.001392 | Cons: 0.000001 | LR: 0.000422 | Time: 128.1s
  >>> 保存最优模型（验证损失：0.012825）
Epoch [147/300] | Train Loss: 0.007053 | Val Loss: 0.012732 | Train R²: 0.981485 | Val R²: 0.966647 | IK: 0.0064 | FK: 0.001380 | Cons: 0.000001 | LR: 0.000411 | Time: 129.4s
  >>> 保存最优模型（验证损失：0.012732）
Epoch [148/300] | Train Loss: 0.007015 | Val Loss: 0.012712 | Train R²: 0.981584 | Val R²: 0.966700 | IK: 0.0063 | FK: 0.001371 | Cons: 0.000001 | LR: 0.000400 | Time: 127.2s
  >>> 保存最优模型（验证损失：0.012712）
Epoch [149/300] | Train Loss: 0.006972 | Val Loss: 0.012744 | Train R²: 0.981695 | Val R²: 0.966627 | IK: 0.0063 | FK: 0.001362 | Cons: 0.000000 | LR: 0.000389 | Time: 130.7s
Epoch [150/300] | Train Loss: 0.006932 | Val Loss: 0.012662 | Train R²: 0.981795 | Val R²: 0.966843 | IK: 0.0063 | FK: 0.001351 | Cons: 0.000000 | LR: 0.000378 | Time: 127.5s
  >>> 保存最优模型（验证损失：0.012662）
Epoch [151/300] | Train Loss: 0.006890 | Val Loss: 0.012618 | Train R²: 0.981904 | Val R²: 0.966929 | IK: 0.0062 | FK: 0.001342 | Cons: 0.000000 | LR: 0.000368 | Time: 130.0s
  >>> 保存最优模型（验证损失：0.012618）
Epoch [152/300] | Train Loss: 0.006846 | Val Loss: 0.012642 | Train R²: 0.982018 | Val R²: 0.966877 | IK: 0.0062 | FK: 0.001332 | Cons: 0.000000 | LR: 0.000357 | Time: 129.0s
Epoch [153/300] | Train Loss: 0.006815 | Val Loss: 0.012562 | Train R²: 0.982096 | Val R²: 0.967083 | IK: 0.0062 | FK: 0.001324 | Cons: 0.000001 | LR: 0.000346 | Time: 124.5s
  >>> 保存最优模型（验证损失：0.012562）
Epoch [154/300] | Train Loss: 0.006773 | Val Loss: 0.012559 | Train R²: 0.982204 | Val R²: 0.967092 | IK: 0.0061 | FK: 0.001315 | Cons: 0.000000 | LR: 0.000336 | Time: 128.6s
  >>> 保存最优模型（验证损失：0.012559）
Epoch [155/300] | Train Loss: 0.006740 | Val Loss: 0.012504 | Train R²: 0.982289 | Val R²: 0.967245 | IK: 0.0061 | FK: 0.001307 | Cons: 0.000000 | LR: 0.000325 | Time: 129.1s
  >>> 保存最优模型（验证损失：0.012504）
Epoch [156/300] | Train Loss: 0.006699 | Val Loss: 0.012476 | Train R²: 0.982396 | Val R²: 0.967321 | IK: 0.0060 | FK: 0.001298 | Cons: 0.000000 | LR: 0.000315 | Time: 130.2s
  >>> 保存最优模型（验证损失：0.012476）
Epoch [157/300] | Train Loss: 0.006666 | Val Loss: 0.012473 | Train R²: 0.982480 | Val R²: 0.967326 | IK: 0.0060 | FK: 0.001290 | Cons: 0.000000 | LR: 0.000304 | Time: 123.4s
  >>> 保存最优模型（验证损失：0.012473）
Epoch [158/300] | Train Loss: 0.006625 | Val Loss: 0.012421 | Train R²: 0.982586 | Val R²: 0.967464 | IK: 0.0060 | FK: 0.001280 | Cons: 0.000000 | LR: 0.000294 | Time: 128.6s
  >>> 保存最优模型（验证损失：0.012421）
Epoch [159/300] | Train Loss: 0.006592 | Val Loss: 0.012387 | Train R²: 0.982671 | Val R²: 0.967546 | IK: 0.0060 | FK: 0.001273 | Cons: 0.000000 | LR: 0.000284 | Time: 127.1s
  >>> 保存最优模型（验证损失：0.012387）
Epoch [160/300] | Train Loss: 0.006560 | Val Loss: 0.012380 | Train R²: 0.982753 | Val R²: 0.967558 | IK: 0.0059 | FK: 0.001265 | Cons: 0.000000 | LR: 0.000274 | Time: 129.5s
  >>> 保存最优模型（验证损失：0.012380）
Epoch [161/300] | Train Loss: 0.006526 | Val Loss: 0.012359 | Train R²: 0.982841 | Val R²: 0.967616 | IK: 0.0059 | FK: 0.001258 | Cons: 0.000000 | LR: 0.000264 | Time: 129.6s
  >>> 保存最优模型（验证损失：0.012359）
Epoch [162/300] | Train Loss: 0.006493 | Val Loss: 0.012333 | Train R²: 0.982924 | Val R²: 0.967688 | IK: 0.0059 | FK: 0.001249 | Cons: 0.000000 | LR: 0.000254 | Time: 128.8s
  >>> 保存最优模型（验证损失：0.012333）
Epoch [163/300] | Train Loss: 0.006459 | Val Loss: 0.012279 | Train R²: 0.983010 | Val R²: 0.967834 | IK: 0.0058 | FK: 0.001241 | Cons: 0.000000 | LR: 0.000244 | Time: 130.3s
  >>> 保存最优模型（验证损失：0.012279）
Epoch [164/300] | Train Loss: 0.006428 | Val Loss: 0.012260 | Train R²: 0.983092 | Val R²: 0.967871 | IK: 0.0058 | FK: 0.001234 | Cons: 0.000000 | LR: 0.000235 | Time: 112.7s
  >>> 保存最优模型（验证损失：0.012260）
Epoch [165/300] | Train Loss: 0.006397 | Val Loss: 0.012230 | Train R²: 0.983171 | Val R²: 0.967959 | IK: 0.0058 | FK: 0.001227 | Cons: 0.000000 | LR: 0.000225 | Time: 131.8s
  >>> 保存最优模型（验证损失：0.012230）
Epoch [166/300] | Train Loss: 0.006369 | Val Loss: 0.012259 | Train R²: 0.983243 | Val R²: 0.967872 | IK: 0.0058 | FK: 0.001220 | Cons: 0.000000 | LR: 0.000216 | Time: 126.3s
Epoch [167/300] | Train Loss: 0.006337 | Val Loss: 0.012248 | Train R²: 0.983324 | Val R²: 0.967909 | IK: 0.0057 | FK: 0.001213 | Cons: 0.000000 | LR: 0.000207 | Time: 128.4s
Epoch [168/300] | Train Loss: 0.006312 | Val Loss: 0.012203 | Train R²: 0.983388 | Val R²: 0.968021 | IK: 0.0057 | FK: 0.001207 | Cons: 0.000000 | LR: 0.000198 | Time: 128.5s
  >>> 保存最优模型（验证损失：0.012203）
Epoch [169/300] | Train Loss: 0.006284 | Val Loss: 0.012200 | Train R²: 0.983461 | Val R²: 0.968027 | IK: 0.0057 | FK: 0.001200 | Cons: 0.000000 | LR: 0.000189 | Time: 126.0s
  >>> 保存最优模型（验证损失：0.012200）
Epoch [170/300] | Train Loss: 0.006258 | Val Loss: 0.012170 | Train R²: 0.983528 | Val R²: 0.968109 | IK: 0.0057 | FK: 0.001194 | Cons: 0.000000 | LR: 0.000180 | Time: 128.8s
  >>> 保存最优模型（验证损失：0.012170）
Epoch [171/300] | Train Loss: 0.006232 | Val Loss: 0.012151 | Train R²: 0.983595 | Val R²: 0.968161 | IK: 0.0056 | FK: 0.001188 | Cons: 0.000000 | LR: 0.000172 | Time: 128.1s
  >>> 保存最优模型（验证损失：0.012151）
Epoch [172/300] | Train Loss: 0.006205 | Val Loss: 0.012111 | Train R²: 0.983665 | Val R²: 0.968264 | IK: 0.0056 | FK: 0.001182 | Cons: 0.000000 | LR: 0.000164 | Time: 127.6s
  >>> 保存最优模型（验证损失：0.012111）
Epoch [173/300] | Train Loss: 0.006182 | Val Loss: 0.012104 | Train R²: 0.983723 | Val R²: 0.968281 | IK: 0.0056 | FK: 0.001176 | Cons: 0.000000 | LR: 0.000155 | Time: 128.9s
  >>> 保存最优模型（验证损失：0.012104）
Epoch [174/300] | Train Loss: 0.006159 | Val Loss: 0.012093 | Train R²: 0.983783 | Val R²: 0.968308 | IK: 0.0056 | FK: 0.001171 | Cons: 0.000000 | LR: 0.000147 | Time: 129.2s
  >>> 保存最优模型（验证损失：0.012093）
Epoch [175/300] | Train Loss: 0.006134 | Val Loss: 0.012084 | Train R²: 0.983845 | Val R²: 0.968329 | IK: 0.0056 | FK: 0.001165 | Cons: 0.000000 | LR: 0.000139 | Time: 127.7s
  >>> 保存最优模型（验证损失：0.012084）
Epoch [176/300] | Train Loss: 0.006114 | Val Loss: 0.012086 | Train R²: 0.983899 | Val R²: 0.968326 | IK: 0.0055 | FK: 0.001160 | Cons: 0.000000 | LR: 0.000132 | Time: 128.9s
Epoch [177/300] | Train Loss: 0.006092 | Val Loss: 0.012066 | Train R²: 0.983954 | Val R²: 0.968376 | IK: 0.0055 | FK: 0.001155 | Cons: 0.000000 | LR: 0.000124 | Time: 129.2s
  >>> 保存最优模型（验证损失：0.012066）
Epoch [178/300] | Train Loss: 0.006073 | Val Loss: 0.012046 | Train R²: 0.984003 | Val R²: 0.968435 | IK: 0.0055 | FK: 0.001151 | Cons: 0.000000 | LR: 0.000117 | Time: 128.0s
  >>> 保存最优模型（验证损失：0.012046）
Epoch [179/300] | Train Loss: 0.006053 | Val Loss: 0.012056 | Train R²: 0.984055 | Val R²: 0.968402 | IK: 0.0055 | FK: 0.001146 | Cons: 0.000000 | LR: 0.000110 | Time: 128.7s
Epoch [180/300] | Train Loss: 0.006035 | Val Loss: 0.012026 | Train R²: 0.984101 | Val R²: 0.968485 | IK: 0.0055 | FK: 0.001142 | Cons: 0.000000 | LR: 0.000103 | Time: 128.0s
  >>> 保存最优模型（验证损失：0.012026）
Epoch [181/300] | Train Loss: 0.006017 | Val Loss: 0.012022 | Train R²: 0.984146 | Val R²: 0.968486 | IK: 0.0054 | FK: 0.001138 | Cons: 0.000000 | LR: 0.000096 | Time: 130.1s
  >>> 保存最优模型（验证损失：0.012022）
Epoch [182/300] | Train Loss: 0.006000 | Val Loss: 0.012001 | Train R²: 0.984191 | Val R²: 0.968548 | IK: 0.0054 | FK: 0.001133 | Cons: 0.000000 | LR: 0.000090 | Time: 128.4s
  >>> 保存最优模型（验证损失：0.012001）
Epoch [183/300] | Train Loss: 0.005983 | Val Loss: 0.012005 | Train R²: 0.984235 | Val R²: 0.968536 | IK: 0.0054 | FK: 0.001129 | Cons: 0.000000 | LR: 0.000084 | Time: 131.2s
Epoch [184/300] | Train Loss: 0.005967 | Val Loss: 0.011987 | Train R²: 0.984274 | Val R²: 0.968581 | IK: 0.0054 | FK: 0.001126 | Cons: 0.000000 | LR: 0.000078 | Time: 131.6s
  >>> 保存最优模型（验证损失：0.011987）
Epoch [185/300] | Train Loss: 0.005952 | Val Loss: 0.011997 | Train R²: 0.984313 | Val R²: 0.968556 | IK: 0.0054 | FK: 0.001122 | Cons: 0.000000 | LR: 0.000072 | Time: 127.9s
Epoch [186/300] | Train Loss: 0.005938 | Val Loss: 0.011985 | Train R²: 0.984350 | Val R²: 0.968587 | IK: 0.0054 | FK: 0.001119 | Cons: 0.000000 | LR: 0.000066 | Time: 127.9s
  >>> 保存最优模型（验证损失：0.011985）
Epoch [187/300] | Train Loss: 0.005925 | Val Loss: 0.011973 | Train R²: 0.984384 | Val R²: 0.968620 | IK: 0.0054 | FK: 0.001116 | Cons: 0.000000 | LR: 0.000061 | Time: 125.4s
  >>> 保存最优模型（验证损失：0.011973）
Epoch [188/300] | Train Loss: 0.005911 | Val Loss: 0.011966 | Train R²: 0.984418 | Val R²: 0.968634 | IK: 0.0054 | FK: 0.001113 | Cons: 0.000000 | LR: 0.000055 | Time: 128.3s
  >>> 保存最优模型（验证损失：0.011966）
Epoch [189/300] | Train Loss: 0.005899 | Val Loss: 0.011969 | Train R²: 0.984450 | Val R²: 0.968630 | IK: 0.0053 | FK: 0.001109 | Cons: 0.000000 | LR: 0.000050 | Time: 128.9s
Epoch [190/300] | Train Loss: 0.005887 | Val Loss: 0.011971 | Train R²: 0.984480 | Val R²: 0.968624 | IK: 0.0053 | FK: 0.001107 | Cons: 0.000000 | LR: 0.000046 | Time: 129.8s
Epoch [191/300] | Train Loss: 0.005876 | Val Loss: 0.011964 | Train R²: 0.984509 | Val R²: 0.968641 | IK: 0.0053 | FK: 0.001104 | Cons: 0.000000 | LR: 0.000041 | Time: 128.3s
  >>> 保存最优模型（验证损失：0.011964）
Epoch [192/300] | Train Loss: 0.005866 | Val Loss: 0.011956 | Train R²: 0.984535 | Val R²: 0.968661 | IK: 0.0053 | FK: 0.001102 | Cons: 0.000000 | LR: 0.000037 | Time: 130.2s
  >>> 保存最优模型（验证损失：0.011956）
Epoch [193/300] | Train Loss: 0.005855 | Val Loss: 0.011952 | Train R²: 0.984562 | Val R²: 0.968673 | IK: 0.0053 | FK: 0.001099 | Cons: 0.000000 | LR: 0.000033 | Time: 125.3s
  >>> 保存最优模型（验证损失：0.011952）
Epoch [194/300] | Train Loss: 0.005846 | Val Loss: 0.011953 | Train R²: 0.984585 | Val R²: 0.968669 | IK: 0.0053 | FK: 0.001097 | Cons: 0.000000 | LR: 0.000029 | Time: 127.9s
Epoch [195/300] | Train Loss: 0.005838 | Val Loss: 0.011944 | Train R²: 0.984607 | Val R²: 0.968695 | IK: 0.0053 | FK: 0.001095 | Cons: 0.000000 | LR: 0.000025 | Time: 129.2s
  >>> 保存最优模型（验证损失：0.011944）
Epoch [196/300] | Train Loss: 0.005830 | Val Loss: 0.011946 | Train R²: 0.984627 | Val R²: 0.968687 | IK: 0.0053 | FK: 0.001093 | Cons: 0.000000 | LR: 0.000022 | Time: 127.6s
Epoch [197/300] | Train Loss: 0.005822 | Val Loss: 0.011946 | Train R²: 0.984647 | Val R²: 0.968688 | IK: 0.0053 | FK: 0.001091 | Cons: 0.000000 | LR: 0.000019 | Time: 128.7s
Epoch [198/300] | Train Loss: 0.005815 | Val Loss: 0.011945 | Train R²: 0.984665 | Val R²: 0.968686 | IK: 0.0053 | FK: 0.001090 | Cons: 0.000000 | LR: 0.000016 | Time: 119.2s
Epoch [199/300] | Train Loss: 0.005809 | Val Loss: 0.011939 | Train R²: 0.984681 | Val R²: 0.968706 | IK: 0.0053 | FK: 0.001088 | Cons: 0.000000 | LR: 0.000014 | Time: 129.3s
  >>> 保存最优模型（验证损失：0.011939）
Epoch [200/300] | Train Loss: 0.005803 | Val Loss: 0.011941 | Train R²: 0.984696 | Val R²: 0.968700 | IK: 0.0053 | FK: 0.001087 | Cons: 0.000000 | LR: 0.000011 | Time: 127.2s
Epoch [201/300] | Train Loss: 0.005798 | Val Loss: 0.011939 | Train R²: 0.984709 | Val R²: 0.968703 | IK: 0.0053 | FK: 0.001086 | Cons: 0.000000 | LR: 0.000009 | Time: 123.2s
Epoch [202/300] | Train Loss: 0.005793 | Val Loss: 0.011938 | Train R²: 0.984722 | Val R²: 0.968707 | IK: 0.0053 | FK: 0.001084 | Cons: 0.000000 | LR: 0.000007 | Time: 129.8s
  >>> 保存最优模型（验证损失：0.011938）
Epoch [203/300] | Train Loss: 0.005789 | Val Loss: 0.011939 | Train R²: 0.984733 | Val R²: 0.968706 | IK: 0.0052 | FK: 0.001083 | Cons: 0.000000 | LR: 0.000006 | Time: 120.7s
Epoch [204/300] | Train Loss: 0.005785 | Val Loss: 0.011938 | Train R²: 0.984742 | Val R²: 0.968708 | IK: 0.0052 | FK: 0.001083 | Cons: 0.000000 | LR: 0.000004 | Time: 119.9s
  >>> 保存最优模型（验证损失：0.011938）
Epoch [205/300] | Train Loss: 0.005782 | Val Loss: 0.011939 | Train R²: 0.984750 | Val R²: 0.968706 | IK: 0.0052 | FK: 0.001082 | Cons: 0.000000 | LR: 0.000003 | Time: 125.8s
Epoch [206/300] | Train Loss: 0.005779 | Val Loss: 0.011939 | Train R²: 0.984757 | Val R²: 0.968706 | IK: 0.0052 | FK: 0.001081 | Cons: 0.000000 | LR: 0.000002 | Time: 128.0s
Epoch [207/300] | Train Loss: 0.005777 | Val Loss: 0.011937 | Train R²: 0.984762 | Val R²: 0.968709 | IK: 0.0052 | FK: 0.001081 | Cons: 0.000000 | LR: 0.000002 | Time: 129.3s
  >>> 保存最优模型（验证损失：0.011937）
Epoch [208/300] | Train Loss: 0.005776 | Val Loss: 0.011938 | Train R²: 0.984766 | Val R²: 0.968708 | IK: 0.0052 | FK: 0.001080 | Cons: 0.000000 | LR: 0.000001 | Time: 130.1s
Epoch [209/300] | Train Loss: 0.005775 | Val Loss: 0.011938 | Train R²: 0.984768 | Val R²: 0.968707 | IK: 0.0052 | FK: 0.001080 | Cons: 0.000000 | LR: 0.001000 | Time: 128.5s
Epoch [210/300] | Train Loss: 0.010698 | Val Loss: 0.015059 | Train R²: 0.972158 | Val R²: 0.960595 | IK: 0.0096 | FK: 0.002259 | Cons: 0.000006 | LR: 0.001000 | Time: 128.7s
Epoch [211/300] | Train Loss: 0.009359 | Val Loss: 0.015060 | Train R²: 0.975614 | Val R²: 0.960635 | IK: 0.0084 | FK: 0.001956 | Cons: 0.000004 | LR: 0.001000 | Time: 128.9s
Epoch [212/300] | Train Loss: 0.009221 | Val Loss: 0.014690 | Train R²: 0.975959 | Val R²: 0.961588 | IK: 0.0083 | FK: 0.001917 | Cons: 0.000003 | LR: 0.001000 | Time: 124.8s
Epoch [213/300] | Train Loss: 0.009068 | Val Loss: 0.014628 | Train R²: 0.976346 | Val R²: 0.961733 | IK: 0.0081 | FK: 0.001878 | Cons: 0.000003 | LR: 0.000999 | Time: 127.1s
Epoch [214/300] | Train Loss: 0.009058 | Val Loss: 0.014713 | Train R²: 0.976368 | Val R²: 0.961548 | IK: 0.0081 | FK: 0.001873 | Cons: 0.000004 | LR: 0.000999 | Time: 128.8s
Epoch [215/300] | Train Loss: 0.008972 | Val Loss: 0.014626 | Train R²: 0.976590 | Val R²: 0.961724 | IK: 0.0080 | FK: 0.001854 | Cons: 0.000003 | LR: 0.000999 | Time: 128.9s
Epoch [216/300] | Train Loss: 0.008934 | Val Loss: 0.014675 | Train R²: 0.976686 | Val R²: 0.961609 | IK: 0.0080 | FK: 0.001844 | Cons: 0.000002 | LR: 0.000998 | Time: 129.8s
Epoch [217/300] | Train Loss: 0.008905 | Val Loss: 0.014305 | Train R²: 0.976758 | Val R²: 0.962563 | IK: 0.0080 | FK: 0.001835 | Cons: 0.000002 | LR: 0.000998 | Time: 129.5s
Epoch [218/300] | Train Loss: 0.008856 | Val Loss: 0.014361 | Train R²: 0.976882 | Val R²: 0.962449 | IK: 0.0079 | FK: 0.001823 | Cons: 0.000002 | LR: 0.000997 | Time: 129.6s
Epoch [219/300] | Train Loss: 0.008842 | Val Loss: 0.014419 | Train R²: 0.976918 | Val R²: 0.962261 | IK: 0.0079 | FK: 0.001819 | Cons: 0.000002 | LR: 0.000997 | Time: 129.3s
Epoch [220/300] | Train Loss: 0.008794 | Val Loss: 0.014425 | Train R²: 0.977043 | Val R²: 0.962268 | IK: 0.0079 | FK: 0.001809 | Cons: 0.000003 | LR: 0.000996 | Time: 129.4s
Epoch [221/300] | Train Loss: 0.008784 | Val Loss: 0.014296 | Train R²: 0.977067 | Val R²: 0.962590 | IK: 0.0079 | FK: 0.001804 | Cons: 0.000002 | LR: 0.000995 | Time: 128.2s
Epoch [222/300] | Train Loss: 0.008711 | Val Loss: 0.014196 | Train R²: 0.977256 | Val R²: 0.962850 | IK: 0.0078 | FK: 0.001789 | Cons: 0.000002 | LR: 0.000995 | Time: 127.4s
Epoch [223/300] | Train Loss: 0.008710 | Val Loss: 0.014267 | Train R²: 0.977257 | Val R²: 0.962654 | IK: 0.0078 | FK: 0.001787 | Cons: 0.000002 | LR: 0.000994 | Time: 127.1s
Epoch [224/300] | Train Loss: 0.008680 | Val Loss: 0.014231 | Train R²: 0.977337 | Val R²: 0.962765 | IK: 0.0078 | FK: 0.001782 | Cons: 0.000002 | LR: 0.000993 | Time: 124.3s
Epoch [225/300] | Train Loss: 0.008654 | Val Loss: 0.014231 | Train R²: 0.977402 | Val R²: 0.962778 | IK: 0.0078 | FK: 0.001775 | Cons: 0.000002 | LR: 0.000992 | Time: 126.0s
Epoch [226/300] | Train Loss: 0.008615 | Val Loss: 0.014240 | Train R²: 0.977497 | Val R²: 0.962732 | IK: 0.0077 | FK: 0.001764 | Cons: 0.000002 | LR: 0.000991 | Time: 129.0s
Epoch [227/300] | Train Loss: 0.008603 | Val Loss: 0.014139 | Train R²: 0.977530 | Val R²: 0.963008 | IK: 0.0077 | FK: 0.001761 | Cons: 0.000002 | LR: 0.000990 | Time: 125.3s
Epoch [228/300] | Train Loss: 0.008589 | Val Loss: 0.014092 | Train R²: 0.977564 | Val R²: 0.963115 | IK: 0.0077 | FK: 0.001757 | Cons: 0.000002 | LR: 0.000989 | Time: 131.2s
Epoch [229/300] | Train Loss: 0.008521 | Val Loss: 0.014187 | Train R²: 0.977742 | Val R²: 0.962868 | IK: 0.0076 | FK: 0.001743 | Cons: 0.000002 | LR: 0.000987 | Time: 130.6s
Epoch [230/300] | Train Loss: 0.008514 | Val Loss: 0.013829 | Train R²: 0.977757 | Val R²: 0.963802 | IK: 0.0076 | FK: 0.001740 | Cons: 0.000002 | LR: 0.000986 | Time: 128.8s
Epoch [231/300] | Train Loss: 0.008505 | Val Loss: 0.014197 | Train R²: 0.977786 | Val R²: 0.962861 | IK: 0.0076 | FK: 0.001742 | Cons: 0.000002 | LR: 0.000985 | Time: 128.7s
Epoch [232/300] | Train Loss: 0.008463 | Val Loss: 0.014109 | Train R²: 0.977890 | Val R²: 0.963081 | IK: 0.0076 | FK: 0.001729 | Cons: 0.000002 | LR: 0.000983 | Time: 129.4s
Epoch [233/300] | Train Loss: 0.008453 | Val Loss: 0.014149 | Train R²: 0.977915 | Val R²: 0.962975 | IK: 0.0076 | FK: 0.001727 | Cons: 0.000002 | LR: 0.000982 | Time: 126.1s
Epoch [234/300] | Train Loss: 0.008403 | Val Loss: 0.013892 | Train R²: 0.978048 | Val R²: 0.963650 | IK: 0.0075 | FK: 0.001718 | Cons: 0.000002 | LR: 0.000980 | Time: 122.8s
Epoch [235/300] | Train Loss: 0.008375 | Val Loss: 0.014000 | Train R²: 0.978117 | Val R²: 0.963341 | IK: 0.0075 | FK: 0.001708 | Cons: 0.000002 | LR: 0.000979 | Time: 126.8s
Epoch [236/300] | Train Loss: 0.008361 | Val Loss: 0.013835 | Train R²: 0.978152 | Val R²: 0.963801 | IK: 0.0075 | FK: 0.001705 | Cons: 0.000002 | LR: 0.000977 | Time: 129.0s
Epoch [237/300] | Train Loss: 0.008334 | Val Loss: 0.013989 | Train R²: 0.978223 | Val R²: 0.963357 | IK: 0.0075 | FK: 0.001700 | Cons: 0.000002 | LR: 0.000976 | Time: 125.9s
Epoch [238/300] | Train Loss: 0.008310 | Val Loss: 0.013921 | Train R²: 0.978283 | Val R²: 0.963548 | IK: 0.0075 | FK: 0.001693 | Cons: 0.000002 | LR: 0.000974 | Time: 127.3s
Epoch [239/300] | Train Loss: 0.008308 | Val Loss: 0.013988 | Train R²: 0.978291 | Val R²: 0.963399 | IK: 0.0075 | FK: 0.001694 | Cons: 0.000002 | LR: 0.000972 | Time: 129.0s
Epoch [240/300] | Train Loss: 0.008288 | Val Loss: 0.013794 | Train R²: 0.978341 | Val R²: 0.963888 | IK: 0.0074 | FK: 0.001689 | Cons: 0.000002 | LR: 0.000970 | Time: 127.0s
Epoch [241/300] | Train Loss: 0.008243 | Val Loss: 0.013811 | Train R²: 0.978460 | Val R²: 0.963872 | IK: 0.0074 | FK: 0.001680 | Cons: 0.000002 | LR: 0.000968 | Time: 127.9s
Epoch [242/300] | Train Loss: 0.008247 | Val Loss: 0.013783 | Train R²: 0.978447 | Val R²: 0.963929 | IK: 0.0074 | FK: 0.001680 | Cons: 0.000002 | LR: 0.000966 | Time: 129.3s
Epoch [243/300] | Train Loss: 0.008191 | Val Loss: 0.013845 | Train R²: 0.978594 | Val R²: 0.963786 | IK: 0.0074 | FK: 0.001669 | Cons: 0.000002 | LR: 0.000964 | Time: 126.3s
Epoch [244/300] | Train Loss: 0.008200 | Val Loss: 0.013669 | Train R²: 0.978568 | Val R²: 0.964240 | IK: 0.0074 | FK: 0.001669 | Cons: 0.000002 | LR: 0.000962 | Time: 126.4s
Epoch [245/300] | Train Loss: 0.008170 | Val Loss: 0.013766 | Train R²: 0.978647 | Val R²: 0.963973 | IK: 0.0073 | FK: 0.001663 | Cons: 0.000002 | LR: 0.000960 | Time: 126.6s
Epoch [246/300] | Train Loss: 0.008127 | Val Loss: 0.013541 | Train R²: 0.978760 | Val R²: 0.964580 | IK: 0.0073 | FK: 0.001655 | Cons: 0.000002 | LR: 0.000958 | Time: 129.0s
Epoch [247/300] | Train Loss: 0.008130 | Val Loss: 0.013759 | Train R²: 0.978745 | Val R²: 0.963992 | IK: 0.0073 | FK: 0.001651 | Cons: 0.000002 | LR: 0.000955 | Time: 129.9s
Epoch [248/300] | Train Loss: 0.008085 | Val Loss: 0.013569 | Train R²: 0.978866 | Val R²: 0.964510 | IK: 0.0073 | FK: 0.001643 | Cons: 0.000002 | LR: 0.000953 | Time: 128.9s
Epoch [249/300] | Train Loss: 0.008047 | Val Loss: 0.013585 | Train R²: 0.978963 | Val R²: 0.964458 | IK: 0.0072 | FK: 0.001634 | Cons: 0.000002 | LR: 0.000951 | Time: 128.9s
Epoch [250/300] | Train Loss: 0.008065 | Val Loss: 0.013541 | Train R²: 0.978915 | Val R²: 0.964564 | IK: 0.0072 | FK: 0.001637 | Cons: 0.000002 | LR: 0.000948 | Time: 128.4s
Epoch [251/300] | Train Loss: 0.008019 | Val Loss: 0.013511 | Train R²: 0.979037 | Val R²: 0.964644 | IK: 0.0072 | FK: 0.001630 | Cons: 0.000002 | LR: 0.000946 | Time: 128.7s
Epoch [252/300] | Train Loss: 0.008023 | Val Loss: 0.013573 | Train R²: 0.979025 | Val R²: 0.964489 | IK: 0.0072 | FK: 0.001628 | Cons: 0.000001 | LR: 0.000943 | Time: 131.2s
======================================================================
训练基于隐式神经场的IK模型（无历史帧版本）
======================================================================
核心特性:
  1. 隐式神经场：位姿 -> 关节角直接映射
  2. 位置编码：多尺度正弦/余弦特征
  3. 无需历史帧信息
  4. 使用条件: False
  5. 使用集成: False

加载数据集...
加载窗口化数据集: /data0/wwb_data/ygx_data/data_ygx_pose+dof/ACCAD_CMU_merged_training_data.npz
  样本数: 3614699
  窗口大小: 10
  输入维度（机器人角度）: 7
  输出维度（人位姿+机器人角度）: 14
加载窗口化数据集: /data0/wwb_data/ygx_data/data_ygx_pose+dof/ACCAD_CMU_merged_training_data.npz
  样本数: 3614699
  窗口大小: 10
  输入维度（机器人角度）: 7
  输出维度（人位姿+机器人角度）: 14
训练集样本数: 3253229
验证集样本数: 361470
训练集数据增强: False
验证集数据增强: False（始终关闭）

计算数据集统计信息...
计算数据集统计信息...
位姿均值: tensor([ 0.1443,  0.3500, -0.1712,  0.3131,  0.1545,  0.0784,  0.7614])
位姿标准差: tensor([0.0997, 0.1220, 0.1809, 0.2354, 0.3402, 0.2291, 0.2618])
关节均值: tensor([ 0.1408, -0.2315,  0.5116, -0.2242,  0.6589, -0.1465, -0.1661])
关节标准差: tensor([0.2230, 0.6789, 0.4473, 0.5723, 0.5913, 0.4032, 0.1694])

创建模型: implicit_ik
模型参数量: 1.72M

加载FK模型（用于FK损失）...
使用SimpleGPU FK（注意：连杆参数可能不够精确，建议使用Pinocchio FK）...
✓ 成功加载GPU FK模型 (SimpleGPUFK)
  左臂关节 ID: [16, 17, 18, 19, 20, 21, 22]
✓ FK模型加载成功，FK权重: 0.5

开始训练（150 epochs）...
Epoch [0/150] | Train Loss: 0.074107 | Val Loss: 0.056815 | Train R²: 0.803118 | Val R²: 0.849477 | IK: 0.0677 | FK: 0.012890 | Cons: 0.000000 | LR: 0.000999 | Time: 68.9s
  >>> 保存最优模型（验证损失：0.056815）
Epoch [1/150] | Train Loss: 0.049304 | Val Loss: 0.044884 | Train R²: 0.869742 | Val R²: 0.881605 | IK: 0.0448 | FK: 0.009078 | Cons: 0.000001 | LR: 0.000998 | Time: 68.9s
  >>> 保存最优模型（验证损失：0.044884）
Epoch [2/150] | Train Loss: 0.038907 | Val Loss: 0.037363 | Train R²: 0.897570 | Val R²: 0.901515 | IK: 0.0352 | FK: 0.007412 | Cons: 0.000002 | LR: 0.000995 | Time: 68.3s
  >>> 保存最优模型（验证损失：0.037363）
Epoch [3/150] | Train Loss: 0.032412 | Val Loss: 0.032676 | Train R²: 0.914911 | Val R²: 0.914065 | IK: 0.0292 | FK: 0.006339 | Cons: 0.000002 | LR: 0.000992 | Time: 66.9s
  >>> 保存最优模型（验证损失：0.032676）
Epoch [4/150] | Train Loss: 0.027898 | Val Loss: 0.029128 | Train R²: 0.926919 | Val R²: 0.923560 | IK: 0.0251 | FK: 0.005565 | Cons: 0.000003 | LR: 0.000987 | Time: 68.7s
  >>> 保存最优模型（验证损失：0.029128）
Epoch [5/150] | Train Loss: 0.024598 | Val Loss: 0.026872 | Train R²: 0.935656 | Val R²: 0.929429 | IK: 0.0221 | FK: 0.004971 | Cons: 0.000003 | LR: 0.000982 | Time: 62.5s
  >>> 保存最优模型（验证损失：0.026872）
Epoch [6/150] | Train Loss: 0.022054 | Val Loss: 0.024993 | Train R²: 0.942380 | Val R²: 0.934440 | IK: 0.0198 | FK: 0.004504 | Cons: 0.000003 | LR: 0.000976 | Time: 56.5s
  >>> 保存最优模型（验证损失：0.024993）
Epoch [7/150] | Train Loss: 0.020096 | Val Loss: 0.023835 | Train R²: 0.947542 | Val R²: 0.937564 | IK: 0.0180 | FK: 0.004136 | Cons: 0.000004 | LR: 0.000968 | Time: 63.4s
  >>> 保存最优模型（验证损失：0.023835）
Epoch [8/150] | Train Loss: 0.018403 | Val Loss: 0.022434 | Train R²: 0.951987 | Val R²: 0.941243 | IK: 0.0165 | FK: 0.003806 | Cons: 0.000003 | LR: 0.000960 | Time: 68.1s
  >>> 保存最优模型（验证损失：0.022434）
Epoch [9/150] | Train Loss: 0.017085 | Val Loss: 0.021272 | Train R²: 0.955442 | Val R²: 0.944360 | IK: 0.0153 | FK: 0.003544 | Cons: 0.000004 | LR: 0.000951 | Time: 67.6s
  >>> 保存最优模型（验证损失：0.021272）
Epoch [10/150] | Train Loss: 0.015924 | Val Loss: 0.020378 | Train R²: 0.958495 | Val R²: 0.946704 | IK: 0.0143 | FK: 0.003319 | Cons: 0.000004 | LR: 0.000940 | Time: 66.0s
  >>> 保存最优模型（验证损失：0.020378）
Epoch [11/150] | Train Loss: 0.014930 | Val Loss: 0.019912 | Train R²: 0.961092 | Val R²: 0.947959 | IK: 0.0134 | FK: 0.003116 | Cons: 0.000003 | LR: 0.000929 | Time: 67.2s
  >>> 保存最优模型（验证损失：0.019912）
Epoch [12/150] | Train Loss: 0.014088 | Val Loss: 0.019155 | Train R²: 0.963298 | Val R²: 0.949921 | IK: 0.0126 | FK: 0.002948 | Cons: 0.000003 | LR: 0.000917 | Time: 66.8s
  >>> 保存最优模型（验证损失：0.019155）
Epoch [13/150] | Train Loss: 0.013295 | Val Loss: 0.018619 | Train R²: 0.965365 | Val R²: 0.951338 | IK: 0.0119 | FK: 0.002782 | Cons: 0.000003 | LR: 0.000905 | Time: 66.7s
  >>> 保存最优模型（验证损失：0.018619）
Epoch [14/150] | Train Loss: 0.012724 | Val Loss: 0.017755 | Train R²: 0.966861 | Val R²: 0.953599 | IK: 0.0114 | FK: 0.002670 | Cons: 0.000003 | LR: 0.000891 | Time: 61.0s
  >>> 保存最优模型（验证损失：0.017755）
Epoch [15/150] | Train Loss: 0.012012 | Val Loss: 0.017553 | Train R²: 0.968715 | Val R²: 0.954098 | IK: 0.0108 | FK: 0.002520 | Cons: 0.000003 | LR: 0.000877 | Time: 68.1s
  >>> 保存最优模型（验证损失：0.017553）
Epoch [16/150] | Train Loss: 0.011537 | Val Loss: 0.016956 | Train R²: 0.969947 | Val R²: 0.955676 | IK: 0.0103 | FK: 0.002417 | Cons: 0.000003 | LR: 0.000862 | Time: 68.9s
  >>> 保存最优模型（验证损失：0.016956）
Epoch [17/150] | Train Loss: 0.011037 | Val Loss: 0.016594 | Train R²: 0.971249 | Val R²: 0.956637 | IK: 0.0099 | FK: 0.002312 | Cons: 0.000003 | LR: 0.000846 | Time: 68.0s
  >>> 保存最优模型（验证损失：0.016594）
Epoch [18/150] | Train Loss: 0.010572 | Val Loss: 0.016072 | Train R²: 0.972459 | Val R²: 0.957990 | IK: 0.0095 | FK: 0.002214 | Cons: 0.000003 | LR: 0.000829 | Time: 66.6s
  >>> 保存最优模型（验证损失：0.016072）
Epoch [19/150] | Train Loss: 0.010158 | Val Loss: 0.015777 | Train R²: 0.973530 | Val R²: 0.958757 | IK: 0.0091 | FK: 0.002122 | Cons: 0.000003 | LR: 0.000812 | Time: 68.3s
  >>> 保存最优模型（验证损失：0.015777）
Epoch [20/150] | Train Loss: 0.009791 | Val Loss: 0.015398 | Train R²: 0.974486 | Val R²: 0.959750 | IK: 0.0088 | FK: 0.002045 | Cons: 0.000002 | LR: 0.000794 | Time: 68.4s
  >>> 保存最优模型（验证损失：0.015398）
Epoch [21/150] | Train Loss: 0.009431 | Val Loss: 0.015051 | Train R²: 0.975417 | Val R²: 0.960673 | IK: 0.0084 | FK: 0.001965 | Cons: 0.000002 | LR: 0.000776 | Time: 67.0s
  >>> 保存最优模型（验证损失：0.015051）
Epoch [22/150] | Train Loss: 0.009039 | Val Loss: 0.014768 | Train R²: 0.976431 | Val R²: 0.961425 | IK: 0.0081 | FK: 0.001877 | Cons: 0.000002 | LR: 0.000757 | Time: 69.3s
  >>> 保存最优模型（验证损失：0.014768）
Epoch [23/150] | Train Loss: 0.008748 | Val Loss: 0.014587 | Train R²: 0.977189 | Val R²: 0.961889 | IK: 0.0078 | FK: 0.001816 | Cons: 0.000002 | LR: 0.000737 | Time: 67.8s
  >>> 保存最优模型（验证损失：0.014587）
Epoch [24/150] | Train Loss: 0.008449 | Val Loss: 0.014073 | Train R²: 0.977959 | Val R²: 0.963250 | IK: 0.0076 | FK: 0.001748 | Cons: 0.000002 | LR: 0.000717 | Time: 67.9s
  >>> 保存最优模型（验证损失：0.014073）
Epoch [25/150] | Train Loss: 0.008204 | Val Loss: 0.014157 | Train R²: 0.978597 | Val R²: 0.963001 | IK: 0.0074 | FK: 0.001696 | Cons: 0.000002 | LR: 0.000697 | Time: 67.4s
Epoch [26/150] | Train Loss: 0.007966 | Val Loss: 0.013850 | Train R²: 0.979210 | Val R²: 0.963823 | IK: 0.0071 | FK: 0.001641 | Cons: 0.000002 | LR: 0.000676 | Time: 67.1s
  >>> 保存最优模型（验证损失：0.013850）
Epoch [27/150] | Train Loss: 0.007660 | Val Loss: 0.013493 | Train R²: 0.980003 | Val R²: 0.964728 | IK: 0.0069 | FK: 0.001574 | Cons: 0.000002 | LR: 0.000655 | Time: 67.8s
  >>> 保存最优模型（验证损失：0.013493）
Epoch [28/150] | Train Loss: 0.007448 | Val Loss: 0.013224 | Train R²: 0.980549 | Val R²: 0.965460 | IK: 0.0067 | FK: 0.001526 | Cons: 0.000002 | LR: 0.000633 | Time: 67.4s
  >>> 保存最优模型（验证损失：0.013224）
Epoch [29/150] | Train Loss: 0.007226 | Val Loss: 0.012979 | Train R²: 0.981123 | Val R²: 0.966112 | IK: 0.0065 | FK: 0.001477 | Cons: 0.000001 | LR: 0.000612 | Time: 67.9s
  >>> 保存最优模型（验证损失：0.012979）
Epoch [30/150] | Train Loss: 0.007022 | Val Loss: 0.012872 | Train R²: 0.981649 | Val R²: 0.966381 | IK: 0.0063 | FK: 0.001431 | Cons: 0.000001 | LR: 0.000590 | Time: 68.2s
  >>> 保存最优模型（验证损失：0.012872）
Epoch [31/150] | Train Loss: 0.006809 | Val Loss: 0.012675 | Train R²: 0.982199 | Val R²: 0.966887 | IK: 0.0061 | FK: 0.001383 | Cons: 0.000001 | LR: 0.000568 | Time: 67.9s
  >>> 保存最优模型（验证损失：0.012675）
Epoch [32/150] | Train Loss: 0.006611 | Val Loss: 0.012520 | Train R²: 0.982714 | Val R²: 0.967301 | IK: 0.0059 | FK: 0.001340 | Cons: 0.000001 | LR: 0.000545 | Time: 68.4s
  >>> 保存最优模型（验证损失：0.012520）
Epoch [33/150] | Train Loss: 0.006439 | Val Loss: 0.012400 | Train R²: 0.983157 | Val R²: 0.967602 | IK: 0.0058 | FK: 0.001301 | Cons: 0.000001 | LR: 0.000523 | Time: 67.9s
  >>> 保存最优模型（验证损失：0.012400）
Epoch [34/150] | Train Loss: 0.006286 | Val Loss: 0.012133 | Train R²: 0.983552 | Val R²: 0.968304 | IK: 0.0057 | FK: 0.001266 | Cons: 0.000001 | LR: 0.000501 | Time: 67.4s
  >>> 保存最优模型（验证损失：0.012133）
Epoch [35/150] | Train Loss: 0.006084 | Val Loss: 0.012092 | Train R²: 0.984071 | Val R²: 0.968411 | IK: 0.0055 | FK: 0.001220 | Cons: 0.000001 | LR: 0.000478 | Time: 68.2s
  >>> 保存最优模型（验证损失：0.012092）
Epoch [36/150] | Train Loss: 0.005936 | Val Loss: 0.011890 | Train R²: 0.984456 | Val R²: 0.968944 | IK: 0.0053 | FK: 0.001187 | Cons: 0.000001 | LR: 0.000456 | Time: 66.5s
  >>> 保存最优模型（验证损失：0.011890）
Epoch [37/150] | Train Loss: 0.005782 | Val Loss: 0.011694 | Train R²: 0.984853 | Val R²: 0.969450 | IK: 0.0052 | FK: 0.001153 | Cons: 0.000001 | LR: 0.000433 | Time: 67.5s
  >>> 保存最优模型（验证损失：0.011694）
Epoch [38/150] | Train Loss: 0.005638 | Val Loss: 0.011539 | Train R²: 0.985224 | Val R²: 0.969849 | IK: 0.0051 | FK: 0.001120 | Cons: 0.000001 | LR: 0.000411 | Time: 67.4s
  >>> 保存最优模型（验证损失：0.011539）
Epoch [39/150] | Train Loss: 0.005491 | Val Loss: 0.011417 | Train R²: 0.985603 | Val R²: 0.970177 | IK: 0.0049 | FK: 0.001086 | Cons: 0.000001 | LR: 0.000389 | Time: 68.1s
  >>> 保存最优模型（验证损失：0.011417）
Epoch [40/150] | Train Loss: 0.005368 | Val Loss: 0.011361 | Train R²: 0.985919 | Val R²: 0.970308 | IK: 0.0048 | FK: 0.001058 | Cons: 0.000000 | LR: 0.000368 | Time: 68.2s
  >>> 保存最优模型（验证损失：0.011361）
Epoch [41/150] | Train Loss: 0.005237 | Val Loss: 0.011215 | Train R²: 0.986256 | Val R²: 0.970697 | IK: 0.0047 | FK: 0.001028 | Cons: 0.000000 | LR: 0.000346 | Time: 68.6s
  >>> 保存最优模型（验证损失：0.011215）
Epoch [42/150] | Train Loss: 0.005106 | Val Loss: 0.011127 | Train R²: 0.986594 | Val R²: 0.970931 | IK: 0.0046 | FK: 0.000999 | Cons: 0.000000 | LR: 0.000325 | Time: 69.8s
  >>> 保存最优模型（验证损失：0.011127）
Epoch [43/150] | Train Loss: 0.005010 | Val Loss: 0.011026 | Train R²: 0.986843 | Val R²: 0.971180 | IK: 0.0045 | FK: 0.000977 | Cons: 0.000000 | LR: 0.000304 | Time: 69.0s
  >>> 保存最优模型（验证损失：0.011026）
Epoch [44/150] | Train Loss: 0.004896 | Val Loss: 0.010889 | Train R²: 0.987138 | Val R²: 0.971544 | IK: 0.0044 | FK: 0.000951 | Cons: 0.000000 | LR: 0.000284 | Time: 69.5s
  >>> 保存最优模型（验证损失：0.010889）
Epoch [45/150] | Train Loss: 0.004794 | Val Loss: 0.010815 | Train R²: 0.987399 | Val R²: 0.971734 | IK: 0.0043 | FK: 0.000927 | Cons: 0.000000 | LR: 0.000264 | Time: 68.7s
  >>> 保存最优模型（验证损失：0.010815）
Epoch [46/150] | Train Loss: 0.004686 | Val Loss: 0.010763 | Train R²: 0.987678 | Val R²: 0.971866 | IK: 0.0042 | FK: 0.000903 | Cons: 0.000000 | LR: 0.000244 | Time: 66.8s
  >>> 保存最优模型（验证损失：0.010763）
Epoch [47/150] | Train Loss: 0.004598 | Val Loss: 0.010669 | Train R²: 0.987905 | Val R²: 0.972113 | IK: 0.0042 | FK: 0.000883 | Cons: 0.000000 | LR: 0.000225 | Time: 67.7s
  >>> 保存最优模型（验证损失：0.010669）
Epoch [48/150] | Train Loss: 0.004507 | Val Loss: 0.010584 | Train R²: 0.988139 | Val R²: 0.972340 | IK: 0.0041 | FK: 0.000862 | Cons: 0.000000 | LR: 0.000207 | Time: 68.8s
  >>> 保存最优模型（验证损失：0.010584）
Epoch [49/150] | Train Loss: 0.004426 | Val Loss: 0.010529 | Train R²: 0.988348 | Val R²: 0.972483 | IK: 0.0040 | FK: 0.000844 | Cons: 0.000000 | LR: 0.000189 | Time: 67.5s
  >>> 保存最优模型（验证损失：0.010529）
Epoch [50/150] | Train Loss: 0.004349 | Val Loss: 0.010473 | Train R²: 0.988547 | Val R²: 0.972628 | IK: 0.0039 | FK: 0.000826 | Cons: 0.000000 | LR: 0.000172 | Time: 69.0s
  >>> 保存最优模型（验证损失：0.010473）
Epoch [51/150] | Train Loss: 0.004276 | Val Loss: 0.010398 | Train R²: 0.988737 | Val R²: 0.972828 | IK: 0.0039 | FK: 0.000810 | Cons: 0.000000 | LR: 0.000155 | Time: 68.6s
  >>> 保存最优模型（验证损失：0.010398）
Epoch [52/150] | Train Loss: 0.004213 | Val Loss: 0.010335 | Train R²: 0.988899 | Val R²: 0.972985 | IK: 0.0038 | FK: 0.000795 | Cons: 0.000000 | LR: 0.000139 | Time: 66.6s
  >>> 保存最优模型（验证损失：0.010335）
Epoch [53/150] | Train Loss: 0.004149 | Val Loss: 0.010291 | Train R²: 0.989064 | Val R²: 0.973105 | IK: 0.0038 | FK: 0.000780 | Cons: 0.000000 | LR: 0.000124 | Time: 66.6s
  >>> 保存最优模型（验证损失：0.010291）
Epoch [54/150] | Train Loss: 0.004092 | Val Loss: 0.010243 | Train R²: 0.989210 | Val R²: 0.973231 | IK: 0.0037 | FK: 0.000768 | Cons: 0.000000 | LR: 0.000110 | Time: 69.3s
  >>> 保存最优模型（验证损失：0.010243）
Epoch [55/150] | Train Loss: 0.004038 | Val Loss: 0.010214 | Train R²: 0.989349 | Val R²: 0.973301 | IK: 0.0037 | FK: 0.000755 | Cons: 0.000000 | LR: 0.000096 | Time: 67.8s
  >>> 保存最优模型（验证损失：0.010214）
Epoch [56/150] | Train Loss: 0.003992 | Val Loss: 0.010181 | Train R²: 0.989469 | Val R²: 0.973390 | IK: 0.0036 | FK: 0.000745 | Cons: 0.000000 | LR: 0.000084 | Time: 68.0s
  >>> 保存最优模型（验证损失：0.010181）
Epoch [57/150] | Train Loss: 0.003947 | Val Loss: 0.010164 | Train R²: 0.989583 | Val R²: 0.973434 | IK: 0.0036 | FK: 0.000734 | Cons: 0.000000 | LR: 0.000072 | Time: 69.4s
  >>> 保存最优模型（验证损失：0.010164）
Epoch [58/150] | Train Loss: 0.003909 | Val Loss: 0.010136 | Train R²: 0.989682 | Val R²: 0.973508 | IK: 0.0035 | FK: 0.000726 | Cons: 0.000000 | LR: 0.000061 | Time: 69.3s
  >>> 保存最优模型（验证损失：0.010136）
Epoch [59/150] | Train Loss: 0.003874 | Val Loss: 0.010110 | Train R²: 0.989772 | Val R²: 0.973573 | IK: 0.0035 | FK: 0.000718 | Cons: 0.000000 | LR: 0.000050 | Time: 68.7s
  >>> 保存最优模型（验证损失：0.010110）
Epoch [60/150] | Train Loss: 0.003842 | Val Loss: 0.010095 | Train R²: 0.989855 | Val R²: 0.973612 | IK: 0.0035 | FK: 0.000711 | Cons: 0.000000 | LR: 0.000041 | Time: 69.2s
  >>> 保存最优模型（验证损失：0.010095）
Epoch [61/150] | Train Loss: 0.003814 | Val Loss: 0.010077 | Train R²: 0.989926 | Val R²: 0.973658 | IK: 0.0035 | FK: 0.000704 | Cons: 0.000000 | LR: 0.000033 | Time: 67.7s
  >>> 保存最优模型（验证损失：0.010077）
Epoch [62/150] | Train Loss: 0.003790 | Val Loss: 0.010070 | Train R²: 0.989989 | Val R²: 0.973678 | IK: 0.0034 | FK: 0.000699 | Cons: 0.000000 | LR: 0.000025 | Time: 69.0s
  >>> 保存最优模型（验证损失：0.010070）
Epoch [63/150] | Train Loss: 0.003769 | Val Loss: 0.010055 | Train R²: 0.990043 | Val R²: 0.973719 | IK: 0.0034 | FK: 0.000694 | Cons: 0.000000 | LR: 0.000019 | Time: 68.6s
  >>> 保存最优模型（验证损失：0.010055）
Epoch [64/150] | Train Loss: 0.003751 | Val Loss: 0.010055 | Train R²: 0.990090 | Val R²: 0.973717 | IK: 0.0034 | FK: 0.000690 | Cons: 0.000000 | LR: 0.000014 | Time: 67.2s
Epoch [65/150] | Train Loss: 0.003736 | Val Loss: 0.010051 | Train R²: 0.990128 | Val R²: 0.973727 | IK: 0.0034 | FK: 0.000686 | Cons: 0.000000 | LR: 0.000009 | Time: 67.8s
  >>> 保存最优模型（验证损失：0.010051）
Epoch [66/150] | Train Loss: 0.003723 | Val Loss: 0.010048 | Train R²: 0.990160 | Val R²: 0.973736 | IK: 0.0034 | FK: 0.000683 | Cons: 0.000000 | LR: 0.000006 | Time: 69.1s
  >>> 保存最优模型（验证损失：0.010048）
Epoch [67/150] | Train Loss: 0.003714 | Val Loss: 0.010046 | Train R²: 0.990185 | Val R²: 0.973740 | IK: 0.0034 | FK: 0.000681 | Cons: 0.000000 | LR: 0.000003 | Time: 67.9s
  >>> 保存最优模型（验证损失：0.010046）
Epoch [68/150] | Train Loss: 0.003707 | Val Loss: 0.010044 | Train R²: 0.990202 | Val R²: 0.973745 | IK: 0.0034 | FK: 0.000679 | Cons: 0.000000 | LR: 0.000002 | Time: 67.2s
  >>> 保存最优模型（验证损失：0.010044）
Epoch [69/150] | Train Loss: 0.003703 | Val Loss: 0.010044 | Train R²: 0.990213 | Val R²: 0.973746 | IK: 0.0034 | FK: 0.000678 | Cons: 0.000000 | LR: 0.001000 | Time: 67.9s
  >>> 保存最优模型（验证损失：0.010044）
Epoch [70/150] | Train Loss: 0.010983 | Val Loss: 0.013968 | Train R²: 0.971534 | Val R²: 0.963561 | IK: 0.0098 | FK: 0.002399 | Cons: 0.000007 | LR: 0.001000 | Time: 70.6s
Epoch [71/150] | Train Loss: 0.007815 | Val Loss: 0.013845 | Train R²: 0.979692 | Val R²: 0.963862 | IK: 0.0070 | FK: 0.001672 | Cons: 0.000004 | LR: 0.000999 | Time: 68.3s
Epoch [72/150] | Train Loss: 0.007671 | Val Loss: 0.013674 | Train R²: 0.980063 | Val R²: 0.964341 | IK: 0.0069 | FK: 0.001638 | Cons: 0.000003 | LR: 0.000999 | Time: 68.2s
Epoch [73/150] | Train Loss: 0.007543 | Val Loss: 0.013344 | Train R²: 0.980383 | Val R²: 0.965179 | IK: 0.0067 | FK: 0.001601 | Cons: 0.000003 | LR: 0.000998 | Time: 67.1s
Epoch [74/150] | Train Loss: 0.007404 | Val Loss: 0.013380 | Train R²: 0.980739 | Val R²: 0.965103 | IK: 0.0066 | FK: 0.001569 | Cons: 0.000003 | LR: 0.000997 | Time: 65.3s
Epoch [75/150] | Train Loss: 0.007265 | Val Loss: 0.013185 | Train R²: 0.981095 | Val R²: 0.965576 | IK: 0.0065 | FK: 0.001535 | Cons: 0.000003 | LR: 0.000995 | Time: 69.9s
Epoch [76/150] | Train Loss: 0.007163 | Val Loss: 0.013085 | Train R²: 0.981354 | Val R²: 0.965861 | IK: 0.0064 | FK: 0.001510 | Cons: 0.000003 | LR: 0.000994 | Time: 69.8s
Epoch [77/150] | Train Loss: 0.007096 | Val Loss: 0.013038 | Train R²: 0.981526 | Val R²: 0.965944 | IK: 0.0063 | FK: 0.001494 | Cons: 0.000002 | LR: 0.000992 | Time: 69.2s
Epoch [78/150] | Train Loss: 0.007006 | Val Loss: 0.012799 | Train R²: 0.981756 | Val R²: 0.966598 | IK: 0.0063 | FK: 0.001472 | Cons: 0.000003 | LR: 0.000990 | Time: 66.1s
Epoch [79/150] | Train Loss: 0.006832 | Val Loss: 0.013100 | Train R²: 0.982204 | Val R²: 0.965799 | IK: 0.0061 | FK: 0.001431 | Cons: 0.000003 | LR: 0.000987 | Time: 68.2s
Epoch [80/150] | Train Loss: 0.006801 | Val Loss: 0.012667 | Train R²: 0.982290 | Val R²: 0.966968 | IK: 0.0061 | FK: 0.001428 | Cons: 0.000002 | LR: 0.000985 | Time: 67.8s
Epoch [81/150] | Train Loss: 0.006620 | Val Loss: 0.012658 | Train R²: 0.982746 | Val R²: 0.966943 | IK: 0.0059 | FK: 0.001381 | Cons: 0.000002 | LR: 0.000982 | Time: 68.8s
Epoch [82/150] | Train Loss: 0.006636 | Val Loss: 0.012615 | Train R²: 0.982704 | Val R²: 0.967062 | IK: 0.0059 | FK: 0.001383 | Cons: 0.000002 | LR: 0.000979 | Time: 67.9s
Epoch [83/150] | Train Loss: 0.006501 | Val Loss: 0.012477 | Train R²: 0.983052 | Val R²: 0.967414 | IK: 0.0058 | FK: 0.001354 | Cons: 0.000002 | LR: 0.000976 | Time: 68.8s
Epoch [84/150] | Train Loss: 0.006426 | Val Loss: 0.012212 | Train R²: 0.983249 | Val R²: 0.968126 | IK: 0.0058 | FK: 0.001339 | Cons: 0.000002 | LR: 0.000972 | Time: 67.8s
Epoch [85/150] | Train Loss: 0.006338 | Val Loss: 0.012305 | Train R²: 0.983478 | Val R²: 0.967887 | IK: 0.0057 | FK: 0.001320 | Cons: 0.000002 | LR: 0.000968 | Time: 68.9s
Epoch [86/150] | Train Loss: 0.006272 | Val Loss: 0.012278 | Train R²: 0.983646 | Val R²: 0.967956 | IK: 0.0056 | FK: 0.001303 | Cons: 0.000002 | LR: 0.000964 | Time: 68.0s
Epoch [87/150] | Train Loss: 0.006153 | Val Loss: 0.011904 | Train R²: 0.983951 | Val R²: 0.968926 | IK: 0.0055 | FK: 0.001275 | Cons: 0.000002 | LR: 0.000960 | Time: 65.6s
Epoch [88/150] | Train Loss: 0.006115 | Val Loss: 0.012165 | Train R²: 0.984052 | Val R²: 0.968248 | IK: 0.0055 | FK: 0.001267 | Cons: 0.000002 | LR: 0.000955 | Time: 67.6s
Epoch [89/150] | Train Loss: 0.006037 | Val Loss: 0.011938 | Train R²: 0.984251 | Val R²: 0.968843 | IK: 0.0054 | FK: 0.001248 | Cons: 0.000002 | LR: 0.000951 | Time: 69.0s
Epoch [90/150] | Train Loss: 0.005970 | Val Loss: 0.012012 | Train R²: 0.984425 | Val R²: 0.968639 | IK: 0.0054 | FK: 0.001235 | Cons: 0.000001 | LR: 0.000946 | Time: 68.5s
Epoch [91/150] | Train Loss: 0.005880 | Val Loss: 0.011825 | Train R²: 0.984659 | Val R²: 0.969104 | IK: 0.0053 | FK: 0.001215 | Cons: 0.000002 | LR: 0.000940 | Time: 68.2s
Epoch [92/150] | Train Loss: 0.005791 | Val Loss: 0.011834 | Train R²: 0.984887 | Val R²: 0.969099 | IK: 0.0052 | FK: 0.001195 | Cons: 0.000002 | LR: 0.000935 | Time: 69.5s
Epoch [93/150] | Train Loss: 0.005817 | Val Loss: 0.011653 | Train R²: 0.984816 | Val R²: 0.969592 | IK: 0.0052 | FK: 0.001197 | Cons: 0.000002 | LR: 0.000929 | Time: 67.1s
Epoch [94/150] | Train Loss: 0.005637 | Val Loss: 0.011636 | Train R²: 0.985283 | Val R²: 0.969620 | IK: 0.0051 | FK: 0.001159 | Cons: 0.000002 | LR: 0.000923 | Time: 64.6s
Epoch [95/150] | Train Loss: 0.005613 | Val Loss: 0.011795 | Train R²: 0.985347 | Val R²: 0.969241 | IK: 0.0050 | FK: 0.001154 | Cons: 0.000002 | LR: 0.000917 | Time: 64.8s
Epoch [96/150] | Train Loss: 0.005569 | Val Loss: 0.011491 | Train R²: 0.985459 | Val R²: 0.970010 | IK: 0.0050 | FK: 0.001144 | Cons: 0.000001 | LR: 0.000911 | Time: 68.9s
Epoch [97/150] | Train Loss: 0.005502 | Val Loss: 0.011474 | Train R²: 0.985633 | Val R²: 0.970053 | IK: 0.0049 | FK: 0.001129 | Cons: 0.000002 | LR: 0.000905 | Time: 68.0s
Epoch [98/150] | Train Loss: 0.005431 | Val Loss: 0.011495 | Train R²: 0.985816 | Val R²: 0.969984 | IK: 0.0049 | FK: 0.001113 | Cons: 0.000002 | LR: 0.000898 | Time: 68.3s
Epoch [99/150] | Train Loss: 0.005352 | Val Loss: 0.011299 | Train R²: 0.986017 | Val R²: 0.970494 | IK: 0.0048 | FK: 0.001093 | Cons: 0.000001 | LR: 0.000891 | Time: 67.8s
Epoch [100/150] | Train Loss: 0.005291 | Val Loss: 0.011278 | Train R²: 0.986179 | Val R²: 0.970552 | IK: 0.0047 | FK: 0.001083 | Cons: 0.000001 | LR: 0.000884 | Time: 68.1s
Epoch [101/150] | Train Loss: 0.005255 | Val Loss: 0.011149 | Train R²: 0.986269 | Val R²: 0.970895 | IK: 0.0047 | FK: 0.001072 | Cons: 0.000001 | LR: 0.000877 | Time: 67.8s
Epoch [102/150] | Train Loss: 0.005188 | Val Loss: 0.011234 | Train R²: 0.986445 | Val R²: 0.970658 | IK: 0.0047 | FK: 0.001058 | Cons: 0.000001 | LR: 0.000869 | Time: 69.8s
Epoch [103/150] | Train Loss: 0.005158 | Val Loss: 0.011101 | Train R²: 0.986523 | Val R²: 0.971037 | IK: 0.0046 | FK: 0.001052 | Cons: 0.000001 | LR: 0.000862 | Time: 68.4s
Epoch [104/150] | Train Loss: 0.005069 | Val Loss: 0.011030 | Train R²: 0.986746 | Val R²: 0.971211 | IK: 0.0046 | FK: 0.001029 | Cons: 0.000001 | LR: 0.000854 | Time: 70.1s
Epoch [105/150] | Train Loss: 0.005021 | Val Loss: 0.010965 | Train R²: 0.986874 | Val R²: 0.971360 | IK: 0.0045 | FK: 0.001020 | Cons: 0.000001 | LR: 0.000846 | Time: 69.4s
Epoch [106/150] | Train Loss: 0.004956 | Val Loss: 0.010966 | Train R²: 0.987041 | Val R²: 0.971364 | IK: 0.0045 | FK: 0.001005 | Cons: 0.000001 | LR: 0.000837 | Time: 68.3s
Epoch [107/150] | Train Loss: 0.004905 | Val Loss: 0.010873 | Train R²: 0.987175 | Val R²: 0.971613 | IK: 0.0044 | FK: 0.000996 | Cons: 0.000001 | LR: 0.000829 | Time: 68.4s
Epoch [108/150] | Train Loss: 0.004881 | Val Loss: 0.010912 | Train R²: 0.987241 | Val R²: 0.971536 | IK: 0.0044 | FK: 0.000991 | Cons: 0.000001 | LR: 0.000821 | Time: 69.2s
Epoch [109/150] | Train Loss: 0.004818 | Val Loss: 0.010994 | Train R²: 0.987400 | Val R²: 0.971318 | IK: 0.0043 | FK: 0.000975 | Cons: 0.000001 | LR: 0.000812 | Time: 68.6s
Epoch [110/150] | Train Loss: 0.004759 | Val Loss: 0.010942 | Train R²: 0.987551 | Val R²: 0.971417 | IK: 0.0043 | FK: 0.000961 | Cons: 0.000001 | LR: 0.000803 | Time: 68.0s
Epoch [111/150] | Train Loss: 0.004717 | Val Loss: 0.010640 | Train R²: 0.987658 | Val R²: 0.972233 | IK: 0.0042 | FK: 0.000952 | Cons: 0.000001 | LR: 0.000794 | Time: 67.6s
Epoch [112/150] | Train Loss: 0.004659 | Val Loss: 0.010757 | Train R²: 0.987810 | Val R²: 0.971928 | IK: 0.0042 | FK: 0.000940 | Cons: 0.000001 | LR: 0.000785 | Time: 68.1s
Epoch [113/150] | Train Loss: 0.004602 | Val Loss: 0.010631 | Train R²: 0.987957 | Val R²: 0.972259 | IK: 0.0041 | FK: 0.000927 | Cons: 0.000001 | LR: 0.000776 | Time: 66.5s
Epoch [114/150] | Train Loss: 0.004568 | Val Loss: 0.010509 | Train R²: 0.988044 | Val R²: 0.972571 | IK: 0.0041 | FK: 0.000919 | Cons: 0.000001 | LR: 0.000766 | Time: 68.6s
Epoch [115/150] | Train Loss: 0.004495 | Val Loss: 0.010488 | Train R²: 0.988231 | Val R²: 0.972629 | IK: 0.0040 | FK: 0.000901 | Cons: 0.000001 | LR: 0.000757 | Time: 67.8s
Epoch [116/150] | Train Loss: 0.004459 | Val Loss: 0.010540 | Train R²: 0.988329 | Val R²: 0.972475 | IK: 0.0040 | FK: 0.000896 | Cons: 0.000001 | LR: 0.000747 | Time: 68.0s
Epoch [117/150] | Train Loss: 0.004415 | Val Loss: 0.010401 | Train R²: 0.988441 | Val R²: 0.972850 | IK: 0.0040 | FK: 0.000885 | Cons: 0.000001 | LR: 0.000737 | Time: 68.0s
======================================================================
训练基于隐式神经场的IK模型（无历史帧版本）
======================================================================
核心特性:
  1. 隐式神经场：位姿 -> 关节角直接映射
  2. 位置编码：多尺度正弦/余弦特征
  3. 无需历史帧信息
  4. 使用条件: False
  5. 使用集成: False

加载数据集...
加载窗口化数据集: /data0/wwb_data/ygx_data/data_ygx_pose+dof/ACCAD_CMU_merged_training_data.npz
  样本数: 3614699
  窗口大小: 10
  输入维度（机器人角度）: 7
  输出维度（人位姿+机器人角度）: 14
加载窗口化数据集: /data0/wwb_data/ygx_data/data_ygx_pose+dof/ACCAD_CMU_merged_training_data.npz
  样本数: 3614699
  窗口大小: 10
  输入维度（机器人角度）: 7
  输出维度（人位姿+机器人角度）: 14
训练集样本数: 3253229
验证集样本数: 361470
训练集数据增强: False
验证集数据增强: False（始终关闭）

计算数据集统计信息...
计算数据集统计信息...
位姿均值: tensor([ 0.1443,  0.3500, -0.1712,  0.3131,  0.1545,  0.0784,  0.7614])
位姿标准差: tensor([0.0997, 0.1220, 0.1809, 0.2354, 0.3402, 0.2291, 0.2618])
关节均值: tensor([ 0.1408, -0.2315,  0.5116, -0.2242,  0.6589, -0.1465, -0.1661])
关节标准差: tensor([0.2230, 0.6789, 0.4473, 0.5723, 0.5913, 0.4032, 0.1694])

创建模型: implicit_ik
模型参数量: 2.72M

加载FK模型（用于FK损失）...
使用SimpleGPU FK（注意：连杆参数可能不够精确，建议使用Pinocchio FK）...
✓ 成功加载GPU FK模型 (SimpleGPUFK)
  左臂关节 ID: [16, 17, 18, 19, 20, 21, 22]
✓ FK模型加载成功，FK权重: 0.5

开始训练（150 epochs）...
Epoch [0/150] | Train Loss: 0.072286 | Val Loss: 0.055819 | Train R²: 0.807992 | Val R²: 0.852331 | IK: 0.0660 | FK: 0.012599 | Cons: 0.000000 | LR: 0.000999 | Time: 68.9s
  >>> 保存最优模型（验证损失：0.055819）
Epoch [1/150] | Train Loss: 0.047416 | Val Loss: 0.042861 | Train R²: 0.874758 | Val R²: 0.886754 | IK: 0.0430 | FK: 0.008750 | Cons: 0.000000 | LR: 0.000998 | Time: 69.0s
  >>> 保存最优模型（验证损失：0.042861）
Epoch [2/150] | Train Loss: 0.036987 | Val Loss: 0.035859 | Train R²: 0.902682 | Val R²: 0.905487 | IK: 0.0334 | FK: 0.007083 | Cons: 0.000002 | LR: 0.000995 | Time: 68.8s
  >>> 保存最优模型（验证损失：0.035859）
Epoch [3/150] | Train Loss: 0.030209 | Val Loss: 0.031379 | Train R²: 0.920759 | Val R²: 0.917504 | IK: 0.0272 | FK: 0.005953 | Cons: 0.000003 | LR: 0.000992 | Time: 68.3s
  >>> 保存最优模型（验证损失：0.031379）
Epoch [4/150] | Train Loss: 0.025652 | Val Loss: 0.028039 | Train R²: 0.932855 | Val R²: 0.926325 | IK: 0.0231 | FK: 0.005153 | Cons: 0.000004 | LR: 0.000987 | Time: 67.6s
  >>> 保存最优模型（验证损失：0.028039）
Epoch [5/150] | Train Loss: 0.022336 | Val Loss: 0.025848 | Train R²: 0.941626 | Val R²: 0.932179 | IK: 0.0201 | FK: 0.004550 | Cons: 0.000004 | LR: 0.000982 | Time: 68.5s
  >>> 保存最优模型（验证损失：0.025848）
Epoch [6/150] | Train Loss: 0.019759 | Val Loss: 0.023765 | Train R²: 0.948411 | Val R²: 0.937731 | IK: 0.0177 | FK: 0.004059 | Cons: 0.000004 | LR: 0.000976 | Time: 68.6s
  >>> 保存最优模型（验证损失：0.023765）
Epoch [7/150] | Train Loss: 0.017817 | Val Loss: 0.022292 | Train R²: 0.953525 | Val R²: 0.941600 | IK: 0.0160 | FK: 0.003689 | Cons: 0.000004 | LR: 0.000968 | Time: 67.8s
  >>> 保存最优模型（验证损失：0.022292）
Epoch [8/150] | Train Loss: 0.016265 | Val Loss: 0.021337 | Train R²: 0.957589 | Val R²: 0.944142 | IK: 0.0146 | FK: 0.003379 | Cons: 0.000003 | LR: 0.000960 | Time: 68.2s
  >>> 保存最优模型（验证损失：0.021337）
Epoch [9/150] | Train Loss: 0.014900 | Val Loss: 0.020167 | Train R²: 0.961162 | Val R²: 0.947224 | IK: 0.0133 | FK: 0.003106 | Cons: 0.000003 | LR: 0.000951 | Time: 68.5s
  >>> 保存最优模型（验证损失：0.020167）
Epoch [10/150] | Train Loss: 0.013815 | Val Loss: 0.019333 | Train R²: 0.964010 | Val R²: 0.949414 | IK: 0.0124 | FK: 0.002893 | Cons: 0.000003 | LR: 0.000940 | Time: 68.4s
  >>> 保存最优模型（验证损失：0.019333）
Epoch [11/150] | Train Loss: 0.012890 | Val Loss: 0.018457 | Train R²: 0.966419 | Val R²: 0.951729 | IK: 0.0115 | FK: 0.002698 | Cons: 0.000003 | LR: 0.000929 | Time: 69.5s
  >>> 保存最优模型（验证损失：0.018457）
Epoch [12/150] | Train Loss: 0.012112 | Val Loss: 0.017879 | Train R²: 0.968457 | Val R²: 0.953240 | IK: 0.0108 | FK: 0.002543 | Cons: 0.000003 | LR: 0.000917 | Time: 71.5s
  >>> 保存最优模型（验证损失：0.017879）
Epoch [13/150] | Train Loss: 0.011311 | Val Loss: 0.017042 | Train R²: 0.970540 | Val R²: 0.955398 | IK: 0.0101 | FK: 0.002373 | Cons: 0.000003 | LR: 0.000905 | Time: 67.9s
  >>> 保存最优模型（验证损失：0.017042）
Epoch [14/150] | Train Loss: 0.010691 | Val Loss: 0.016754 | Train R²: 0.972153 | Val R²: 0.956176 | IK: 0.0096 | FK: 0.002243 | Cons: 0.000003 | LR: 0.000891 | Time: 69.8s
  >>> 保存最优模型（验证损失：0.016754）
Epoch [15/150] | Train Loss: 0.010105 | Val Loss: 0.016489 | Train R²: 0.973684 | Val R²: 0.956844 | IK: 0.0090 | FK: 0.002121 | Cons: 0.000002 | LR: 0.000877 | Time: 65.3s
  >>> 保存最优模型（验证损失：0.016489）
Epoch [16/150] | Train Loss: 0.009602 | Val Loss: 0.016188 | Train R²: 0.974987 | Val R²: 0.957618 | IK: 0.0086 | FK: 0.002012 | Cons: 0.000002 | LR: 0.000862 | Time: 67.0s
  >>> 保存最优模型（验证损失：0.016188）
Epoch [17/150] | Train Loss: 0.009185 | Val Loss: 0.015455 | Train R²: 0.976069 | Val R²: 0.959575 | IK: 0.0082 | FK: 0.001922 | Cons: 0.000002 | LR: 0.000846 | Time: 67.6s
  >>> 保存最优模型（验证损失：0.015455）
Epoch [18/150] | Train Loss: 0.008692 | Val Loss: 0.015294 | Train R²: 0.977353 | Val R²: 0.960026 | IK: 0.0078 | FK: 0.001818 | Cons: 0.000002 | LR: 0.000829 | Time: 67.5s
  >>> 保存最优模型（验证损失：0.015294）
Epoch [19/150] | Train Loss: 0.008321 | Val Loss: 0.014866 | Train R²: 0.978307 | Val R²: 0.961136 | IK: 0.0075 | FK: 0.001732 | Cons: 0.000002 | LR: 0.000812 | Time: 67.7s
  >>> 保存最优模型（验证损失：0.014866）
Epoch [20/150] | Train Loss: 0.007953 | Val Loss: 0.014581 | Train R²: 0.979265 | Val R²: 0.961886 | IK: 0.0071 | FK: 0.001654 | Cons: 0.000002 | LR: 0.000794 | Time: 67.9s
  >>> 保存最优模型（验证损失：0.014581）
Epoch [21/150] | Train Loss: 0.007630 | Val Loss: 0.014084 | Train R²: 0.980103 | Val R²: 0.963169 | IK: 0.0068 | FK: 0.001583 | Cons: 0.000002 | LR: 0.000776 | Time: 67.4s
  >>> 保存最优模型（验证损失：0.014084）
Epoch [22/150] | Train Loss: 0.007293 | Val Loss: 0.013924 | Train R²: 0.980973 | Val R²: 0.963605 | IK: 0.0065 | FK: 0.001509 | Cons: 0.000001 | LR: 0.000757 | Time: 68.7s
  >>> 保存最优模型（验证损失：0.013924）
Epoch [23/150] | Train Loss: 0.007049 | Val Loss: 0.013646 | Train R²: 0.981609 | Val R²: 0.964308 | IK: 0.0063 | FK: 0.001456 | Cons: 0.000002 | LR: 0.000737 | Time: 68.5s
  >>> 保存最优模型（验证损失：0.013646）
Epoch [24/150] | Train Loss: 0.006740 | Val Loss: 0.013418 | Train R²: 0.982409 | Val R²: 0.964907 | IK: 0.0060 | FK: 0.001388 | Cons: 0.000002 | LR: 0.000717 | Time: 71.2s
  >>> 保存最优模型（验证损失：0.013418）
Epoch [25/150] | Train Loss: 0.006477 | Val Loss: 0.013058 | Train R²: 0.983088 | Val R²: 0.965852 | IK: 0.0058 | FK: 0.001331 | Cons: 0.000001 | LR: 0.000697 | Time: 68.0s
  >>> 保存最优模型（验证损失：0.013058）
Epoch [26/150] | Train Loss: 0.006267 | Val Loss: 0.013080 | Train R²: 0.983633 | Val R²: 0.965793 | IK: 0.0056 | FK: 0.001285 | Cons: 0.000001 | LR: 0.000676 | Time: 70.3s
Epoch [27/150] | Train Loss: 0.006001 | Val Loss: 0.012617 | Train R²: 0.984320 | Val R²: 0.966998 | IK: 0.0054 | FK: 0.001225 | Cons: 0.000001 | LR: 0.000655 | Time: 67.8s
  >>> 保存最优模型（验证损失：0.012617）
Epoch [28/150] | Train Loss: 0.005821 | Val Loss: 0.012579 | Train R²: 0.984786 | Val R²: 0.967095 | IK: 0.0052 | FK: 0.001185 | Cons: 0.000001 | LR: 0.000633 | Time: 68.0s
  >>> 保存最优模型（验证损失：0.012579）
Epoch [29/150] | Train Loss: 0.005613 | Val Loss: 0.012076 | Train R²: 0.985326 | Val R²: 0.968425 | IK: 0.0050 | FK: 0.001139 | Cons: 0.000001 | LR: 0.000612 | Time: 66.8s
  >>> 保存最优模型（验证损失：0.012076）
Epoch [30/150] | Train Loss: 0.005399 | Val Loss: 0.012301 | Train R²: 0.985881 | Val R²: 0.967826 | IK: 0.0049 | FK: 0.001092 | Cons: 0.000001 | LR: 0.000590 | Time: 69.2s
Epoch [31/150] | Train Loss: 0.005228 | Val Loss: 0.011965 | Train R²: 0.986325 | Val R²: 0.968701 | IK: 0.0047 | FK: 0.001056 | Cons: 0.000001 | LR: 0.000568 | Time: 67.9s
  >>> 保存最优模型（验证损失：0.011965）
Epoch [32/150] | Train Loss: 0.005071 | Val Loss: 0.011675 | Train R²: 0.986726 | Val R²: 0.969466 | IK: 0.0046 | FK: 0.001019 | Cons: 0.000001 | LR: 0.000545 | Time: 67.9s
  >>> 保存最优模型（验证损失：0.011675）
Epoch [33/150] | Train Loss: 0.004878 | Val Loss: 0.011580 | Train R²: 0.987229 | Val R²: 0.969732 | IK: 0.0044 | FK: 0.000977 | Cons: 0.000001 | LR: 0.000523 | Time: 69.6s
  >>> 保存最优模型（验证损失：0.011580）
Epoch [34/150] | Train Loss: 0.004721 | Val Loss: 0.011257 | Train R²: 0.987633 | Val R²: 0.970571 | IK: 0.0043 | FK: 0.000942 | Cons: 0.000001 | LR: 0.000501 | Time: 68.3s
  >>> 保存最优模型（验证损失：0.011257）
Epoch [35/150] | Train Loss: 0.004566 | Val Loss: 0.011348 | Train R²: 0.988032 | Val R²: 0.970312 | IK: 0.0041 | FK: 0.000906 | Cons: 0.000001 | LR: 0.000478 | Time: 68.3s
Epoch [36/150] | Train Loss: 0.004415 | Val Loss: 0.011057 | Train R²: 0.988425 | Val R²: 0.971074 | IK: 0.0040 | FK: 0.000875 | Cons: 0.000001 | LR: 0.000456 | Time: 67.2s
  >>> 保存最优模型（验证损失：0.011057）
Epoch [37/150] | Train Loss: 0.004273 | Val Loss: 0.010964 | Train R²: 0.988794 | Val R²: 0.971316 | IK: 0.0039 | FK: 0.000843 | Cons: 0.000001 | LR: 0.000433 | Time: 69.0s
  >>> 保存最优模型（验证损失：0.010964）
Epoch [38/150] | Train Loss: 0.004149 | Val Loss: 0.010792 | Train R²: 0.989114 | Val R²: 0.971774 | IK: 0.0037 | FK: 0.000816 | Cons: 0.000000 | LR: 0.000411 | Time: 68.3s
  >>> 保存最优模型（验证损失：0.010792）
Epoch [39/150] | Train Loss: 0.004031 | Val Loss: 0.010711 | Train R²: 0.989419 | Val R²: 0.971993 | IK: 0.0036 | FK: 0.000789 | Cons: 0.000000 | LR: 0.000389 | Time: 67.5s
  >>> 保存最优模型（验证损失：0.010711）
Epoch [40/150] | Train Loss: 0.003891 | Val Loss: 0.010613 | Train R²: 0.989781 | Val R²: 0.972252 | IK: 0.0035 | FK: 0.000758 | Cons: 0.000000 | LR: 0.000368 | Time: 69.1s
  >>> 保存最优模型（验证损失：0.010613）
Epoch [41/150] | Train Loss: 0.003787 | Val Loss: 0.010418 | Train R²: 0.990050 | Val R²: 0.972751 | IK: 0.0034 | FK: 0.000735 | Cons: 0.000000 | LR: 0.000346 | Time: 71.3s
  >>> 保存最优模型（验证损失：0.010418）
Epoch [42/150] | Train Loss: 0.003670 | Val Loss: 0.010336 | Train R²: 0.990352 | Val R²: 0.972964 | IK: 0.0033 | FK: 0.000709 | Cons: 0.000000 | LR: 0.000325 | Time: 69.4s
  >>> 保存最优模型（验证损失：0.010336）
Epoch [43/150] | Train Loss: 0.003572 | Val Loss: 0.010309 | Train R²: 0.990606 | Val R²: 0.973029 | IK: 0.0032 | FK: 0.000688 | Cons: 0.000000 | LR: 0.000304 | Time: 67.9s
  >>> 保存最优模型（验证损失：0.010309）
Epoch [44/150] | Train Loss: 0.003485 | Val Loss: 0.010179 | Train R²: 0.990830 | Val R²: 0.973378 | IK: 0.0032 | FK: 0.000667 | Cons: 0.000000 | LR: 0.000284 | Time: 68.6s
  >>> 保存最优模型（验证损失：0.010179）
Epoch [45/150] | Train Loss: 0.003383 | Val Loss: 0.010020 | Train R²: 0.991096 | Val R²: 0.973801 | IK: 0.0031 | FK: 0.000645 | Cons: 0.000000 | LR: 0.000264 | Time: 68.7s
  >>> 保存最优模型（验证损失：0.010020）
Epoch [46/150] | Train Loss: 0.003293 | Val Loss: 0.009988 | Train R²: 0.991330 | Val R²: 0.973874 | IK: 0.0030 | FK: 0.000626 | Cons: 0.000000 | LR: 0.000244 | Time: 68.8s
  >>> 保存最优模型（验证损失：0.009988）
Epoch [47/150] | Train Loss: 0.003218 | Val Loss: 0.009899 | Train R²: 0.991523 | Val R²: 0.974107 | IK: 0.0029 | FK: 0.000609 | Cons: 0.000000 | LR: 0.000225 | Time: 68.7s
  >>> 保存最优模型（验证损失：0.009899）
Epoch [48/150] | Train Loss: 0.003139 | Val Loss: 0.009828 | Train R²: 0.991725 | Val R²: 0.974299 | IK: 0.0028 | FK: 0.000591 | Cons: 0.000000 | LR: 0.000207 | Time: 68.2s
  >>> 保存最优模型（验证损失：0.009828）
Epoch [49/150] | Train Loss: 0.003069 | Val Loss: 0.009742 | Train R²: 0.991907 | Val R²: 0.974517 | IK: 0.0028 | FK: 0.000575 | Cons: 0.000000 | LR: 0.000189 | Time: 67.1s
  >>> 保存最优模型（验证损失：0.009742）
Epoch [50/150] | Train Loss: 0.003002 | Val Loss: 0.009703 | Train R²: 0.992079 | Val R²: 0.974622 | IK: 0.0027 | FK: 0.000560 | Cons: 0.000000 | LR: 0.000172 | Time: 66.9s
  >>> 保存最优模型（验证损失：0.009703）
Epoch [51/150] | Train Loss: 0.002937 | Val Loss: 0.009635 | Train R²: 0.992248 | Val R²: 0.974800 | IK: 0.0027 | FK: 0.000546 | Cons: 0.000000 | LR: 0.000155 | Time: 69.0s
  >>> 保存最优模型（验证损失：0.009635）
Epoch [52/150] | Train Loss: 0.002881 | Val Loss: 0.009596 | Train R²: 0.992394 | Val R²: 0.974895 | IK: 0.0026 | FK: 0.000534 | Cons: 0.000000 | LR: 0.000139 | Time: 66.1s
  >>> 保存最优模型（验证损失：0.009596）
Epoch [53/150] | Train Loss: 0.002827 | Val Loss: 0.009537 | Train R²: 0.992533 | Val R²: 0.975050 | IK: 0.0026 | FK: 0.000521 | Cons: 0.000000 | LR: 0.000124 | Time: 68.5s
  >>> 保存最优模型（验证损失：0.009537）
Epoch [54/150] | Train Loss: 0.002777 | Val Loss: 0.009517 | Train R²: 0.992662 | Val R²: 0.975106 | IK: 0.0025 | FK: 0.000510 | Cons: 0.000000 | LR: 0.000110 | Time: 61.4s
  >>> 保存最优模型（验证损失：0.009517）
Epoch [55/150] | Train Loss: 0.002733 | Val Loss: 0.009466 | Train R²: 0.992776 | Val R²: 0.975236 | IK: 0.0025 | FK: 0.000500 | Cons: 0.000000 | LR: 0.000096 | Time: 66.1s
  >>> 保存最优模型（验证损失：0.009466）
Epoch [56/150] | Train Loss: 0.002693 | Val Loss: 0.009439 | Train R²: 0.992880 | Val R²: 0.975309 | IK: 0.0024 | FK: 0.000492 | Cons: 0.000000 | LR: 0.000084 | Time: 69.3s
  >>> 保存最优模型（验证损失：0.009439）
Epoch [57/150] | Train Loss: 0.002655 | Val Loss: 0.009421 | Train R²: 0.992977 | Val R²: 0.975355 | IK: 0.0024 | FK: 0.000483 | Cons: 0.000000 | LR: 0.000072 | Time: 67.5s
  >>> 保存最优模型（验证损失：0.009421）
Epoch [58/150] | Train Loss: 0.002623 | Val Loss: 0.009393 | Train R²: 0.993060 | Val R²: 0.975429 | IK: 0.0024 | FK: 0.000476 | Cons: 0.000000 | LR: 0.000061 | Time: 67.0s
  >>> 保存最优模型（验证损失：0.009393）
Epoch [59/150] | Train Loss: 0.002593 | Val Loss: 0.009372 | Train R²: 0.993139 | Val R²: 0.975485 | IK: 0.0024 | FK: 0.000470 | Cons: 0.000000 | LR: 0.000050 | Time: 68.6s
  >>> 保存最优模型（验证损失：0.009372）
Epoch [60/150] | Train Loss: 0.002567 | Val Loss: 0.009354 | Train R²: 0.993206 | Val R²: 0.975529 | IK: 0.0023 | FK: 0.000464 | Cons: 0.000000 | LR: 0.000041 | Time: 68.0s
  >>> 保存最优模型（验证损失：0.009354）
Epoch [61/150] | Train Loss: 0.002544 | Val Loss: 0.009345 | Train R²: 0.993266 | Val R²: 0.975553 | IK: 0.0023 | FK: 0.000459 | Cons: 0.000000 | LR: 0.000033 | Time: 67.8s
  >>> 保存最优模型（验证损失：0.009345）
Epoch [62/150] | Train Loss: 0.002524 | Val Loss: 0.009336 | Train R²: 0.993318 | Val R²: 0.975577 | IK: 0.0023 | FK: 0.000455 | Cons: 0.000000 | LR: 0.000025 | Time: 67.3s
  >>> 保存最优模型（验证损失：0.009336）
Epoch [63/150] | Train Loss: 0.002506 | Val Loss: 0.009329 | Train R²: 0.993364 | Val R²: 0.975595 | IK: 0.0023 | FK: 0.000451 | Cons: 0.000000 | LR: 0.000019 | Time: 68.5s
  >>> 保存最优模型（验证损失：0.009329）
Epoch [64/150] | Train Loss: 0.002491 | Val Loss: 0.009320 | Train R²: 0.993402 | Val R²: 0.975619 | IK: 0.0023 | FK: 0.000447 | Cons: 0.000000 | LR: 0.000014 | Time: 68.1s
  >>> 保存最优模型（验证损失：0.009320）
Epoch [65/150] | Train Loss: 0.002479 | Val Loss: 0.009317 | Train R²: 0.993434 | Val R²: 0.975627 | IK: 0.0023 | FK: 0.000445 | Cons: 0.000000 | LR: 0.000009 | Time: 69.3s
  >>> 保存最优模型（验证损失：0.009317）
Epoch [66/150] | Train Loss: 0.002469 | Val Loss: 0.009315 | Train R²: 0.993460 | Val R²: 0.975630 | IK: 0.0022 | FK: 0.000442 | Cons: 0.000000 | LR: 0.000006 | Time: 70.0s
  >>> 保存最优模型（验证损失：0.009315）
Epoch [67/150] | Train Loss: 0.002461 | Val Loss: 0.009314 | Train R²: 0.993480 | Val R²: 0.975633 | IK: 0.0022 | FK: 0.000441 | Cons: 0.000000 | LR: 0.000003 | Time: 68.8s
  >>> 保存最优模型（验证损失：0.009314）
Epoch [68/150] | Train Loss: 0.002455 | Val Loss: 0.009313 | Train R²: 0.993495 | Val R²: 0.975635 | IK: 0.0022 | FK: 0.000440 | Cons: 0.000000 | LR: 0.000002 | Time: 69.6s
  >>> 保存最优模型（验证损失：0.009313）
Epoch [69/150] | Train Loss: 0.002452 | Val Loss: 0.009313 | Train R²: 0.993503 | Val R²: 0.975637 | IK: 0.0022 | FK: 0.000439 | Cons: 0.000000 | LR: 0.001000 | Time: 70.6s
  >>> 保存最优模型（验证损失：0.009313）
Epoch [70/150] | Train Loss: 0.009545 | Val Loss: 0.012924 | Train R²: 0.975270 | Val R²: 0.966278 | IK: 0.0085 | FK: 0.002090 | Cons: 0.000006 | LR: 0.001000 | Time: 70.7s
Epoch [71/150] | Train Loss: 0.006204 | Val Loss: 0.012975 | Train R²: 0.983886 | Val R²: 0.966067 | IK: 0.0055 | FK: 0.001332 | Cons: 0.000003 | LR: 0.000999 | Time: 69.2s
Epoch [72/150] | Train Loss: 0.006145 | Val Loss: 0.012709 | Train R²: 0.984027 | Val R²: 0.966784 | IK: 0.0055 | FK: 0.001311 | Cons: 0.000002 | LR: 0.000999 | Time: 67.7s
Epoch [73/150] | Train Loss: 0.005976 | Val Loss: 0.012627 | Train R²: 0.984461 | Val R²: 0.967004 | IK: 0.0053 | FK: 0.001271 | Cons: 0.000002 | LR: 0.000998 | Time: 69.2s
Epoch [74/150] | Train Loss: 0.005834 | Val Loss: 0.012537 | Train R²: 0.984830 | Val R²: 0.967244 | IK: 0.0052 | FK: 0.001240 | Cons: 0.000002 | LR: 0.000997 | Time: 68.0s
Epoch [75/150] | Train Loss: 0.005724 | Val Loss: 0.012440 | Train R²: 0.985102 | Val R²: 0.967457 | IK: 0.0051 | FK: 0.001208 | Cons: 0.000002 | LR: 0.000995 | Time: 61.8s
Epoch [76/150] | Train Loss: 0.005641 | Val Loss: 0.012353 | Train R²: 0.985318 | Val R²: 0.967718 | IK: 0.0050 | FK: 0.001191 | Cons: 0.000002 | LR: 0.000994 | Time: 68.7s
Epoch [77/150] | Train Loss: 0.005505 | Val Loss: 0.012208 | Train R²: 0.985672 | Val R²: 0.968075 | IK: 0.0049 | FK: 0.001161 | Cons: 0.000002 | LR: 0.000992 | Time: 67.7s
Epoch [78/150] | Train Loss: 0.005445 | Val Loss: 0.012105 | Train R²: 0.985817 | Val R²: 0.968360 | IK: 0.0049 | FK: 0.001142 | Cons: 0.000002 | LR: 0.000990 | Time: 65.7s
Epoch [79/150] | Train Loss: 0.005341 | Val Loss: 0.012103 | Train R²: 0.986087 | Val R²: 0.968365 | IK: 0.0048 | FK: 0.001119 | Cons: 0.000002 | LR: 0.000987 | Time: 67.9s
Epoch [80/150] | Train Loss: 0.005234 | Val Loss: 0.011851 | Train R²: 0.986368 | Val R²: 0.969036 | IK: 0.0047 | FK: 0.001098 | Cons: 0.000001 | LR: 0.000985 | Time: 70.1s
Epoch [81/150] | Train Loss: 0.005124 | Val Loss: 0.011849 | Train R²: 0.986647 | Val R²: 0.969020 | IK: 0.0046 | FK: 0.001070 | Cons: 0.000002 | LR: 0.000982 | Time: 67.8s
Epoch [82/150] | Train Loss: 0.005112 | Val Loss: 0.011664 | Train R²: 0.986685 | Val R²: 0.969521 | IK: 0.0046 | FK: 0.001071 | Cons: 0.000001 | LR: 0.000979 | Time: 69.3s
Epoch [83/150] | Train Loss: 0.005016 | Val Loss: 0.011682 | Train R²: 0.986928 | Val R²: 0.969464 | IK: 0.0045 | FK: 0.001046 | Cons: 0.000001 | LR: 0.000976 | Time: 66.2s
Epoch [84/150] | Train Loss: 0.004950 | Val Loss: 0.011626 | Train R²: 0.987096 | Val R²: 0.969642 | IK: 0.0044 | FK: 0.001030 | Cons: 0.000001 | LR: 0.000972 | Time: 70.1s
Epoch [85/150] | Train Loss: 0.004832 | Val Loss: 0.011653 | Train R²: 0.987400 | Val R²: 0.969558 | IK: 0.0043 | FK: 0.001003 | Cons: 0.000002 | LR: 0.000968 | Time: 67.2s
Epoch [86/150] | Train Loss: 0.004780 | Val Loss: 0.011531 | Train R²: 0.987540 | Val R²: 0.969863 | IK: 0.0043 | FK: 0.000995 | Cons: 0.000001 | LR: 0.000964 | Time: 68.2s
Epoch [87/150] | Train Loss: 0.004700 | Val Loss: 0.011233 | Train R²: 0.987741 | Val R²: 0.970613 | IK: 0.0042 | FK: 0.000975 | Cons: 0.000002 | LR: 0.000960 | Time: 67.9s
Epoch [88/150] | Train Loss: 0.004611 | Val Loss: 0.011388 | Train R²: 0.987971 | Val R²: 0.970233 | IK: 0.0041 | FK: 0.000953 | Cons: 0.000001 | LR: 0.000955 | Time: 68.6s
Epoch [89/150] | Train Loss: 0.004542 | Val Loss: 0.011116 | Train R²: 0.988154 | Val R²: 0.970944 | IK: 0.0041 | FK: 0.000941 | Cons: 0.000002 | LR: 0.000951 | Time: 68.0s
