======================================================================
训练 Pieper 准则因果IK模型
======================================================================
核心特性:
  1. Attention学习关节对末端位姿的影响权重
  2. 分别对位置和姿态做FiLM调制
  3. GNN学习关节间因果耦合

加载数据集...
加载窗口化数据集: /home/wsy/Desktop/casual/merged_training_data.npz
  样本数: 3541118
  窗口大小: 10
  输入维度（位姿）: 7
  输出维度（角度）: 7
加载窗口化数据集: /home/wsy/Desktop/casual/merged_training_data.npz
======================================================================
训练 Pieper 准则因果IK模型
======================================================================
核心特性:
  1. Attention学习关节对末端位姿的影响权重
  2. 分别对位置和姿态做FiLM调制
  3. GNN学习关节间因果耦合

加载数据集...
加载窗口化数据集: /home/wsy/Desktop/casual/merged_training_data.npz
  样本数: 3541118
  窗口大小: 10
  输入维度（位姿）: 7
  输出维度（角度）: 7
加载窗口化数据集: /home/wsy/Desktop/casual/merged_training_data.npz
  样本数: 3541118
  窗口大小: 10
  输入维度（位姿）: 7
  输出维度（角度）: 7
训练集样本数: 3187006
验证集样本数: 354112
训练集数据增强: False
验证集数据增强: False（始终关闭）

创建模型: pieper_causal_ik
模型参数量: 2.58M

加载GPU FK模型（用于计算末端位姿）...
✓ 成功加载GPU FK模型
  左臂关节 ID: [16, 17, 18, 19, 20, 21, 22]

开始训练（300 epochs）...
======================================================================
训练 Pieper 准则因果IK模型
======================================================================
核心特性:
  1. Attention学习关节对末端位姿的影响权重
  2. 分别对位置和姿态做FiLM调制
  3. GNN学习关节间因果耦合

加载数据集...
加载窗口化数据集: /home/wsy/Desktop/casual/merged_training_data.npz
  样本数: 3541118
  窗口大小: 10
  输入维度（位姿）: 7
  输出维度（角度）: 7
加载窗口化数据集: /home/wsy/Desktop/casual/merged_training_data.npz
  样本数: 3541118
  窗口大小: 10
  输入维度（位姿）: 7
  输出维度（角度）: 7
训练集样本数: 3187006
验证集样本数: 354112
训练集数据增强: False
验证集数据增强: False（始终关闭）

创建模型: pieper_causal_ik
模型参数量: 10.27M

加载GPU FK模型（用于计算末端位姿）...
✓ 成功加载GPU FK模型
  左臂关节 ID: [16, 17, 18, 19, 20, 21, 22]

开始训练（300 epochs）...
Epoch [0/300] | Train Loss: 0.000970 | Val Loss: 0.000047 | Train R²: 0.983363 | Val R²: 0.999480 | IK: 0.0058 | FK: 0.000413 | GAP: 0.0056 | LR: 0.000999 | Time: 63.2s
  >>> 保存最优模型（验证损失：0.000047）
Epoch [1/300] | Train Loss: 0.027524 | Val Loss: 0.000026 | Train R²: 0.232973 | Val R²: 0.999629 | IK: 0.2657 | FK: 0.000965 | GAP: 0.2656 | LR: 0.000998 | Time: 63.9s
  >>> 保存最优模型（验证损失：0.000026）
Epoch [2/300] | Train Loss: 0.000032 | Val Loss: 0.000032 | Train R²: 0.999606 | Val R²: 0.999653 | IK: 0.0001 | FK: 0.000025 | GAP: 0.0001 | LR: 0.000995 | Time: 63.4s
Epoch [3/300] | Train Loss: 0.000986 | Val Loss: 0.000026 | Train R²: 0.979760 | Val R²: 0.999663 | IK: 0.0070 | FK: 0.000293 | GAP: 0.0069 | LR: 0.000992 | Time: 63.6s
  >>> 保存最优模型（验证损失：0.000026）
Epoch [4/300] | Train Loss: 0.000029 | Val Loss: 0.000021 | Train R²: 0.999626 | Val R²: 0.999682 | IK: 0.0001 | FK: 0.000023 | GAP: 0.0001 | LR: 0.000987 | Time: 63.7s
  >>> 保存最优模型（验证损失：0.000021）
Epoch [5/300] | Train Loss: 0.000152 | Val Loss: 0.000022 | Train R²: 0.997812 | Val R²: 0.999699 | IK: 0.0008 | FK: 0.000084 | GAP: 0.0007 | LR: 0.000982 | Time: 63.6s
Epoch [6/300] | Train Loss: 0.000028 | Val Loss: 0.000026 | Train R²: 0.999655 | Val R²: 0.999685 | IK: 0.0001 | FK: 0.000022 | GAP: 0.0001 | LR: 0.000976 | Time: 63.8s
Epoch [7/300] | Train Loss: 0.004104 | Val Loss: 0.000023 | Train R²: 0.890215 | Val R²: 0.999687 | IK: 0.0380 | FK: 0.000308 | GAP: 0.0380 | LR: 0.000968 | Time: 64.1s
Epoch [8/300] | Train Loss: 0.000734 | Val Loss: 0.000023 | Train R²: 0.986144 | Val R²: 0.999698 | IK: 0.0048 | FK: 0.000261 | GAP: 0.0047 | LR: 0.000960 | Time: 65.7s
Epoch [9/300] | Train Loss: 0.000157 | Val Loss: 0.000024 | Train R²: 0.998548 | Val R²: 0.999681 | IK: 0.0005 | FK: 0.000113 | GAP: 0.0004 | LR: 0.000951 | Time: 64.5s
======================================================================
训练 Pieper 准则因果IK模型
======================================================================
核心特性:
  1. Attention学习关节对末端位姿的影响权重
  2. 分别对位置和姿态做FiLM调制
  3. GNN学习关节间因果耦合

加载数据集...
加载窗口化数据集: /home/wsy/Desktop/casual/merged_training_data.npz
  样本数: 3541118
  窗口大小: 10
  输入维度（位姿）: 7
  输出维度（角度）: 7
加载窗口化数据集: /home/wsy/Desktop/casual/merged_training_data.npz
  样本数: 3541118
  窗口大小: 10
  输入维度（位姿）: 7
  输出维度（角度）: 7
训练集样本数: 3187006
验证集样本数: 354112
训练集数据增强: False
验证集数据增强: False（始终关闭）

创建模型: pieper_causal_ik
模型参数量: 10.27M

加载GPU FK模型（用于计算末端位姿）...
✓ 成功加载GPU FK模型
  左臂关节 ID: [16, 17, 18, 19, 20, 21, 22]

开始训练（300 epochs）...
Epoch [0/300] | Train Loss: 0.000970 | Val Loss: 0.000047 | Train R²: 0.983363 | Val R²: 0.999480 | IK: 0.0058 | FK: 0.000413 | GAP: 0.0056 | LR: 0.000999 | Time: 63.8s
======================================================================
训练 Pieper 准则因果IK模型
======================================================================
核心特性:
  1. Attention学习关节对末端位姿的影响权重
  2. 分别对位置和姿态做FiLM调制
  3. GNN学习关节间因果耦合

加载数据集...
加载窗口化数据集: /home/wsy/Desktop/casual/merged_training_data.npz
  样本数: 3541118
  窗口大小: 10
  输入维度（位姿）: 7
  输出维度（角度）: 7
加载窗口化数据集: /home/wsy/Desktop/casual/merged_training_data.npz
  样本数: 3541118
  窗口大小: 10
  输入维度（位姿）: 7
  输出维度（角度）: 7
训练集样本数: 3187006
验证集样本数: 354112
训练集数据增强: False
验证集数据增强: False（始终关闭）

创建模型: pieper_causal_ik
模型参数量: 10.27M

加载GPU FK模型（用于计算末端位姿）...
✓ 成功加载GPU FK模型
  左臂关节 ID: [16, 17, 18, 19, 20, 21, 22]

开始训练（300 epochs）...
Epoch [0/300] | Train Loss: 0.000970 | Val Loss: 0.000047 | Train R²: 0.983363 | Val R²: 0.999480 | IK: 0.0058 | FK: 0.000413 | GAP: 0.0056 | LR: 0.000999 | Time: 62.8s
  >>> 保存最优模型（验证损失：0.000047）
Epoch [1/300] | Train Loss: 0.132484 | Val Loss: 0.000027 | Train R²: -2.781798 | Val R²: 0.999662 | IK: 1.3100 | FK: 0.001495 | GAP: 1.3099 | LR: 0.000998 | Time: 63.9s
  >>> 保存最优模型（验证损失：0.000027）
Epoch [2/300] | Train Loss: 0.000032 | Val Loss: 0.000032 | Train R²: 0.999600 | Val R²: 0.999645 | IK: 0.0001 | FK: 0.000026 | GAP: 0.0001 | LR: 0.000995 | Time: 64.2s
Epoch [3/300] | Train Loss: 0.003592 | Val Loss: 0.000023 | Train R²: 0.917803 | Val R²: 0.999649 | IK: 0.0285 | FK: 0.000752 | GAP: 0.0284 | LR: 0.000992 | Time: 65.6s
  >>> 保存最优模型（验证损失：0.000023）
Epoch [4/300] | Train Loss: 0.000028 | Val Loss: 0.000023 | Train R²: 0.999632 | Val R²: 0.999679 | IK: 0.0001 | FK: 0.000022 | GAP: 0.0001 | LR: 0.000987 | Time: 65.5s
  >>> 保存最优模型（验证损失：0.000023）
Epoch [5/300] | Train Loss: 0.000108 | Val Loss: 0.000021 | Train R²: 0.998852 | Val R²: 0.999683 | IK: 0.0004 | FK: 0.000075 | GAP: 0.0003 | LR: 0.000982 | Time: 65.6s
  >>> 保存最优模型（验证损失：0.000021）
======================================================================
训练 Pieper 准则因果IK模型
======================================================================
核心特性:
  1. Attention学习关节对末端位姿的影响权重
  2. 分别对位置和姿态做FiLM调制
  3. GNN学习关节间因果耦合

加载数据集...
加载窗口化数据集: /home/wsy/Desktop/casual/merged_training_data.npz
Epoch [6/300] | Train Loss: 0.000742 | Val Loss: 0.000036 | Train R²: 0.984960 | Val R²: 0.999620 | IK: 0.0052 | FK: 0.000228 | GAP: 0.0051 | LR: 0.000976 | Time: 65.4s
Epoch [7/300] | Train Loss: 0.000027 | Val Loss: 0.000025 | Train R²: 0.999651 | Val R²: 0.999671 | IK: 0.0001 | FK: 0.000021 | GAP: 0.0001 | LR: 0.000968 | Time: 65.8s
Epoch [8/300] | Train Loss: 0.000248 | Val Loss: 0.000022 | Train R²: 0.997280 | Val R²: 0.999706 | IK: 0.0009 | FK: 0.000160 | GAP: 0.0009 | LR: 0.000960 | Time: 66.6s
Epoch [9/300] | Train Loss: 0.000026 | Val Loss: 0.000032 | Train R²: 0.999667 | Val R²: 0.999624 | IK: 0.0001 | FK: 0.000020 | GAP: 0.0001 | LR: 0.000951 | Time: 64.3s
Epoch [10/300] | Train Loss: 0.000176 | Val Loss: 0.000023 | Train R²: 0.998172 | Val R²: 0.999697 | IK: 0.0006 | FK: 0.000120 | GAP: 0.0006 | LR: 0.000940 | Time: 66.0s
Epoch [11/300] | Train Loss: 0.000042 | Val Loss: 0.000020 | Train R²: 0.999529 | Val R²: 0.999697 | IK: 0.0002 | FK: 0.000033 | GAP: 0.0001 | LR: 0.000929 | Time: 66.1s
  >>> 保存最优模型（验证损失：0.000020）
Epoch [12/300] | Train Loss: 0.000024 | Val Loss: 0.000022 | Train R²: 0.999657 | Val R²: 0.999682 | IK: 0.0001 | FK: 0.000019 | GAP: 0.0001 | LR: 0.000917 | Time: 65.9s
Epoch [13/300] | Train Loss: 0.000033 | Val Loss: 0.000019 | Train R²: 0.999581 | Val R²: 0.999696 | IK: 0.0001 | FK: 0.000025 | GAP: 0.0001 | LR: 0.000905 | Time: 65.7s
  >>> 保存最优模型（验证损失：0.000019）
Epoch [14/300] | Train Loss: 0.000044 | Val Loss: 0.000021 | Train R²: 0.999526 | Val R²: 0.999686 | IK: 0.0002 | FK: 0.000035 | GAP: 0.0001 | LR: 0.000891 | Time: 65.7s
Epoch [15/300] | Train Loss: 0.000023 | Val Loss: 0.000020 | Train R²: 0.999664 | Val R²: 0.999693 | IK: 0.0001 | FK: 0.000019 | GAP: 0.0000 | LR: 0.000877 | Time: 65.8s
Epoch [16/300] | Train Loss: 0.000037 | Val Loss: 0.000022 | Train R²: 0.999557 | Val R²: 0.999691 | IK: 0.0002 | FK: 0.000028 | GAP: 0.0001 | LR: 0.000862 | Time: 66.1s
Epoch [17/300] | Train Loss: 0.000057 | Val Loss: 0.000021 | Train R²: 0.999431 | Val R²: 0.999704 | IK: 0.0002 | FK: 0.000044 | GAP: 0.0001 | LR: 0.000846 | Time: 66.1s
Epoch [18/300] | Train Loss: 0.000023 | Val Loss: 0.000021 | Train R²: 0.999666 | Val R²: 0.999693 | IK: 0.0001 | FK: 0.000018 | GAP: 0.0000 | LR: 0.000829 | Time: 66.3s
Epoch [19/300] | Train Loss: 0.000024 | Val Loss: 0.000021 | Train R²: 0.999658 | Val R²: 0.999685 | IK: 0.0001 | FK: 0.000018 | GAP: 0.0001 | LR: 0.000812 | Time: 63.3s
Epoch [20/300] | Train Loss: 0.000026 | Val Loss: 0.000019 | Train R²: 0.999638 | Val R²: 0.999699 | IK: 0.0001 | FK: 0.000021 | GAP: 0.0001 | LR: 0.000794 | Time: 64.3s
  >>> 保存最优模型（验证损失：0.000019）
Epoch [21/300] | Train Loss: 0.000024 | Val Loss: 0.000019 | Train R²: 0.999648 | Val R²: 0.999699 | IK: 0.0001 | FK: 0.000019 | GAP: 0.0001 | LR: 0.000776 | Time: 72.5s
Epoch [22/300] | Train Loss: 0.000023 | Val Loss: 0.000022 | Train R²: 0.999654 | Val R²: 0.999688 | IK: 0.0001 | FK: 0.000018 | GAP: 0.0000 | LR: 0.000757 | Time: 68.6s
Epoch [23/300] | Train Loss: 0.000024 | Val Loss: 0.000022 | Train R²: 0.999645 | Val R²: 0.999664 | IK: 0.0001 | FK: 0.000019 | GAP: 0.0001 | LR: 0.000737 | Time: 67.9s
Epoch [24/300] | Train Loss: 0.000022 | Val Loss: 0.000020 | Train R²: 0.999653 | Val R²: 0.999687 | IK: 0.0001 | FK: 0.000017 | GAP: 0.0001 | LR: 0.000717 | Time: 65.2s
Epoch [25/300] | Train Loss: 0.000022 | Val Loss: 0.000019 | Train R²: 0.999652 | Val R²: 0.999686 | IK: 0.0001 | FK: 0.000017 | GAP: 0.0001 | LR: 0.000697 | Time: 65.9s
Epoch [26/300] | Train Loss: 0.000022 | Val Loss: 0.000020 | Train R²: 0.999651 | Val R²: 0.999675 | IK: 0.0001 | FK: 0.000017 | GAP: 0.0000 | LR: 0.000676 | Time: 64.6s
Epoch [27/300] | Train Loss: 0.000022 | Val Loss: 0.000018 | Train R²: 0.999650 | Val R²: 0.999694 | IK: 0.0001 | FK: 0.000017 | GAP: 0.0000 | LR: 0.000655 | Time: 63.6s
  >>> 保存最优模型（验证损失：0.000018）
Epoch [28/300] | Train Loss: 0.000021 | Val Loss: 0.000018 | Train R²: 0.999649 | Val R²: 0.999686 | IK: 0.0001 | FK: 0.000016 | GAP: 0.0001 | LR: 0.000633 | Time: 64.7s
Epoch [29/300] | Train Loss: 0.000021 | Val Loss: 0.000021 | Train R²: 0.999648 | Val R²: 0.999673 | IK: 0.0001 | FK: 0.000016 | GAP: 0.0001 | LR: 0.000612 | Time: 66.0s
Epoch [30/300] | Train Loss: 0.000021 | Val Loss: 0.000019 | Train R²: 0.999647 | Val R²: 0.999680 | IK: 0.0001 | FK: 0.000016 | GAP: 0.0001 | LR: 0.000590 | Time: 67.1s
Epoch [31/300] | Train Loss: 0.000021 | Val Loss: 0.000018 | Train R²: 0.999646 | Val R²: 0.999679 | IK: 0.0001 | FK: 0.000016 | GAP: 0.0001 | LR: 0.000568 | Time: 67.0s
Epoch [32/300] | Train Loss: 0.000021 | Val Loss: 0.000018 | Train R²: 0.999644 | Val R²: 0.999686 | IK: 0.0001 | FK: 0.000015 | GAP: 0.0001 | LR: 0.000545 | Time: 65.6s
  >>> 保存最优模型（验证损失：0.000018）
Epoch [33/300] | Train Loss: 0.000020 | Val Loss: 0.000021 | Train R²: 0.999644 | Val R²: 0.999661 | IK: 0.0001 | FK: 0.000015 | GAP: 0.0001 | LR: 0.000523 | Time: 64.0s
Epoch [34/300] | Train Loss: 0.000020 | Val Loss: 0.000021 | Train R²: 0.999644 | Val R²: 0.999666 | IK: 0.0001 | FK: 0.000015 | GAP: 0.0001 | LR: 0.000501 | Time: 66.8s
Epoch [35/300] | Train Loss: 0.000020 | Val Loss: 0.000022 | Train R²: 0.999644 | Val R²: 0.999616 | IK: 0.0001 | FK: 0.000015 | GAP: 0.0001 | LR: 0.000478 | Time: 65.5s
Epoch [36/300] | Train Loss: 0.000020 | Val Loss: 0.000017 | Train R²: 0.999642 | Val R²: 0.999677 | IK: 0.0001 | FK: 0.000014 | GAP: 0.0001 | LR: 0.000456 | Time: 63.6s
  >>> 保存最优模型（验证损失：0.000017）
Epoch [37/300] | Train Loss: 0.000019 | Val Loss: 0.000017 | Train R²: 0.999642 | Val R²: 0.999680 | IK: 0.0001 | FK: 0.000014 | GAP: 0.0001 | LR: 0.000433 | Time: 63.7s
  >>> 保存最优模型（验证损失：0.000017）
Epoch [38/300] | Train Loss: 0.000019 | Val Loss: 0.000017 | Train R²: 0.999641 | Val R²: 0.999670 | IK: 0.0001 | FK: 0.000014 | GAP: 0.0001 | LR: 0.000411 | Time: 63.6s
Epoch [39/300] | Train Loss: 0.000019 | Val Loss: 0.000016 | Train R²: 0.999642 | Val R²: 0.999677 | IK: 0.0001 | FK: 0.000013 | GAP: 0.0001 | LR: 0.000389 | Time: 63.6s
  >>> 保存最优模型（验证损失：0.000016）
Epoch [40/300] | Train Loss: 0.000018 | Val Loss: 0.000017 | Train R²: 0.999640 | Val R²: 0.999668 | IK: 0.0001 | FK: 0.000013 | GAP: 0.0001 | LR: 0.000368 | Time: 63.6s
Epoch [41/300] | Train Loss: 0.000018 | Val Loss: 0.000017 | Train R²: 0.999638 | Val R²: 0.999667 | IK: 0.0001 | FK: 0.000013 | GAP: 0.0001 | LR: 0.000346 | Time: 63.5s
Epoch [42/300] | Train Loss: 0.000018 | Val Loss: 0.000016 | Train R²: 0.999635 | Val R²: 0.999679 | IK: 0.0001 | FK: 0.000012 | GAP: 0.0001 | LR: 0.000325 | Time: 63.6s
  >>> 保存最优模型（验证损失：0.000016）
Epoch [43/300] | Train Loss: 0.000017 | Val Loss: 0.000016 | Train R²: 0.999634 | Val R²: 0.999670 | IK: 0.0001 | FK: 0.000012 | GAP: 0.0001 | LR: 0.000304 | Time: 63.6s
  >>> 保存最优模型（验证损失：0.000016）
Epoch [44/300] | Train Loss: 0.000017 | Val Loss: 0.000016 | Train R²: 0.999634 | Val R²: 0.999675 | IK: 0.0001 | FK: 0.000011 | GAP: 0.0001 | LR: 0.000284 | Time: 63.6s
Epoch [45/300] | Train Loss: 0.000017 | Val Loss: 0.000015 | Train R²: 0.999634 | Val R²: 0.999675 | IK: 0.0001 | FK: 0.000011 | GAP: 0.0001 | LR: 0.000264 | Time: 63.6s
  >>> 保存最优模型（验证损失：0.000015）
Epoch [46/300] | Train Loss: 0.000016 | Val Loss: 0.000015 | Train R²: 0.999634 | Val R²: 0.999673 | IK: 0.0001 | FK: 0.000011 | GAP: 0.0001 | LR: 0.000244 | Time: 63.5s
  >>> 保存最优模型（验证损失：0.000015）
Epoch [47/300] | Train Loss: 0.000016 | Val Loss: 0.000015 | Train R²: 0.999635 | Val R²: 0.999668 | IK: 0.0001 | FK: 0.000010 | GAP: 0.0001 | LR: 0.000225 | Time: 63.6s
Epoch [48/300] | Train Loss: 0.000016 | Val Loss: 0.000014 | Train R²: 0.999636 | Val R²: 0.999675 | IK: 0.0001 | FK: 0.000010 | GAP: 0.0001 | LR: 0.000207 | Time: 63.7s
  >>> 保存最优模型（验证损失：0.000014）
Epoch [49/300] | Train Loss: 0.000015 | Val Loss: 0.000014 | Train R²: 0.999638 | Val R²: 0.999679 | IK: 0.0001 | FK: 0.000009 | GAP: 0.0001 | LR: 0.000189 | Time: 63.5s
  >>> 保存最优模型（验证损失：0.000014）
Epoch [50/300] | Train Loss: 0.000015 | Val Loss: 0.000016 | Train R²: 0.999640 | Val R²: 0.999659 | IK: 0.0001 | FK: 0.000009 | GAP: 0.0001 | LR: 0.000172 | Time: 63.7s
Epoch [51/300] | Train Loss: 0.000015 | Val Loss: 0.000013 | Train R²: 0.999641 | Val R²: 0.999680 | IK: 0.0001 | FK: 0.000009 | GAP: 0.0001 | LR: 0.000155 | Time: 63.6s
  >>> 保存最优模型（验证损失：0.000013）
Epoch [52/300] | Train Loss: 0.000014 | Val Loss: 0.000014 | Train R²: 0.999643 | Val R²: 0.999676 | IK: 0.0001 | FK: 0.000008 | GAP: 0.0001 | LR: 0.000139 | Time: 65.4s
Epoch [53/300] | Train Loss: 0.000014 | Val Loss: 0.000013 | Train R²: 0.999644 | Val R²: 0.999678 | IK: 0.0001 | FK: 0.000008 | GAP: 0.0001 | LR: 0.000124 | Time: 65.2s
Epoch [54/300] | Train Loss: 0.000014 | Val Loss: 0.000013 | Train R²: 0.999646 | Val R²: 0.999675 | IK: 0.0001 | FK: 0.000008 | GAP: 0.0001 | LR: 0.000110 | Time: 67.1s
  >>> 保存最优模型（验证损失：0.000013）
